ARM GAS  C:\Users\JOSANT~1\AppData\Local\Temp\ccRzAonm.s 			page 1


   1              		.syntax unified
   2              		.cpu cortex-m3
   3              		.fpu softvfp
   4              		.eabi_attribute 20, 1
   5              		.eabi_attribute 21, 1
   6              		.eabi_attribute 23, 3
   7              		.eabi_attribute 24, 1
   8              		.eabi_attribute 25, 1
   9              		.eabi_attribute 26, 1
  10              		.eabi_attribute 30, 1
  11              		.eabi_attribute 34, 1
  12              		.eabi_attribute 18, 4
  13              		.thumb
  14              		.file	"main.c"
  15              		.text
  16              	.Ltext0:
  17              		.cfi_sections	.debug_frame
  18              		.section	.text.main,"ax",%progbits
  19              		.align	2
  20              		.global	main
  21              		.thumb
  22              		.thumb_func
  23              		.type	main, %function
  24              	main:
  25              	.LFB63:
  26              		.file 1 "main.c"
   1:main.c        **** /* ========================================
   2:main.c        ****  *
   3:main.c        ****  * Copyright YOUR COMPANY, THE YEAR
   4:main.c        ****  * All Rights Reserved
   5:main.c        ****  * UNPUBLISHED, LICENSED SOFTWARE.
   6:main.c        ****  *
   7:main.c        ****  * CONFIDENTIAL AND PROPRIETARY INFORMATION
   8:main.c        ****  * WHICH IS THE PROPERTY OF your company.
   9:main.c        ****  *
  10:main.c        ****  * ========================================
  11:main.c        **** */
  12:main.c        **** #include "project.h"
  13:main.c        **** 
  14:main.c        **** int main(void)
  15:main.c        **** {
  27              		.loc 1 15 0
  28              		.cfi_startproc
  29              		@ args = 0, pretend = 0, frame = 0
  30              		@ frame_needed = 0, uses_anonymous_args = 0
  31 0000 10B5     		push	{r4, lr}
  32              		.cfi_def_cfa_offset 8
  33              		.cfi_offset 4, -8
  34              		.cfi_offset 14, -4
  16:main.c        ****     CyGlobalIntEnable; /* Enable global interrupts. */
  35              		.loc 1 16 0
  36              	@ 16 "main.c" 1
  37 0002 62B6     		CPSIE   i
  38              	@ 0 "" 2
  17:main.c        ****     int32 voltaje;
  18:main.c        ****     
  19:main.c        ****     pantallaLCD_Start();
ARM GAS  C:\Users\JOSANT~1\AppData\Local\Temp\ccRzAonm.s 			page 2


  39              		.loc 1 19 0
  40              		.thumb
  41 0004 FFF7FEFF 		bl	pantallaLCD_Start
  42              	.LVL0:
  20:main.c        ****     pantallaLCD_Position(0U,0U);
  43              		.loc 1 20 0
  44 0008 0020     		movs	r0, #0
  45 000a 0146     		mov	r1, r0
  46 000c FFF7FEFF 		bl	pantallaLCD_Position
  47              	.LVL1:
  21:main.c        ****     pantallaLCD_ClearDisplay();
  48              		.loc 1 21 0
  49 0010 0120     		movs	r0, #1
  50 0012 FFF7FEFF 		bl	pantallaLCD_WriteControl
  51              	.LVL2:
  22:main.c        ****     pantallaLCD_PrintString("Voltimetro");
  52              		.loc 1 22 0
  53 0016 1248     		ldr	r0, .L4
  54 0018 FFF7FEFF 		bl	pantallaLCD_PrintString
  55              	.LVL3:
  23:main.c        ****     
  24:main.c        ****     convertidorAnalogicoDigital_Start();
  56              		.loc 1 24 0
  57 001c FFF7FEFF 		bl	convertidorAnalogicoDigital_Start
  58              	.LVL4:
  25:main.c        ****     
  26:main.c        ****     // Comenzamos a convertir la senial analogica a digital
  27:main.c        ****     convertidorAnalogicoDigital_StartConvert();
  59              		.loc 1 27 0
  60 0020 FFF7FEFF 		bl	convertidorAnalogicoDigital_StartConvert
  61              	.LVL5:
  62              	.L2:
  28:main.c        ****     
  29:main.c        ****     
  30:main.c        ****     
  31:main.c        **** 
  32:main.c        ****     /* Place your initialization/startup code here (e.g. MyInst_Start()) */
  33:main.c        **** 
  34:main.c        ****     for(;;)
  35:main.c        ****     {
  36:main.c        ****         
  37:main.c        ****         convertidorAnalogicoDigital_IsEndConversion(convertidorAnalogicoDigital_WAIT_FOR_RESULT);
  63              		.loc 1 37 0 discriminator 1
  64 0024 0020     		movs	r0, #0
  65 0026 FFF7FEFF 		bl	convertidorAnalogicoDigital_IsEndConversion
  66              	.LVL6:
  38:main.c        ****         voltaje = convertidorAnalogicoDigital_CountsTo_mVolts(convertidorAnalogicoDigital_GetResult
  67              		.loc 1 38 0 discriminator 1
  68 002a FFF7FEFF 		bl	convertidorAnalogicoDigital_GetResult32
  69              	.LVL7:
  70 002e FFF7FEFF 		bl	convertidorAnalogicoDigital_CountsTo_mVolts
  71              	.LVL8:
  72 0032 0446     		mov	r4, r0
  73              	.LVL9:
  39:main.c        ****         
  40:main.c        ****         pantallaLCD_ClearDisplay();
  74              		.loc 1 40 0 discriminator 1
ARM GAS  C:\Users\JOSANT~1\AppData\Local\Temp\ccRzAonm.s 			page 3


  75 0034 0120     		movs	r0, #1
  76 0036 FFF7FEFF 		bl	pantallaLCD_WriteControl
  77              	.LVL10:
  41:main.c        ****         pantallaLCD_Position(0U,0U);
  78              		.loc 1 41 0 discriminator 1
  79 003a 0020     		movs	r0, #0
  80 003c 0146     		mov	r1, r0
  81 003e FFF7FEFF 		bl	pantallaLCD_Position
  82              	.LVL11:
  42:main.c        ****         pantallaLCD_PrintString("Medicion: ");
  83              		.loc 1 42 0 discriminator 1
  84 0042 0848     		ldr	r0, .L4+4
  85 0044 FFF7FEFF 		bl	pantallaLCD_PrintString
  86              	.LVL12:
  43:main.c        ****         pantallaLCD_Position(1U,0U);
  87              		.loc 1 43 0 discriminator 1
  88 0048 0120     		movs	r0, #1
  89 004a 0021     		movs	r1, #0
  90 004c FFF7FEFF 		bl	pantallaLCD_Position
  91              	.LVL13:
  44:main.c        ****         pantallaLCD_PrintNumber(voltaje);
  92              		.loc 1 44 0 discriminator 1
  93 0050 A0B2     		uxth	r0, r4
  94 0052 FFF7FEFF 		bl	pantallaLCD_PrintU32Number
  95              	.LVL14:
  45:main.c        ****         CyDelay(1000);
  96              		.loc 1 45 0 discriminator 1
  97 0056 4FF47A70 		mov	r0, #1000
  98 005a FFF7FEFF 		bl	CyDelay
  99              	.LVL15:
  46:main.c        ****         
  47:main.c        ****         /* Place your application code here. */
  48:main.c        ****     }
 100              		.loc 1 48 0 discriminator 1
 101 005e E1E7     		b	.L2
 102              	.L5:
 103              		.align	2
 104              	.L4:
 105 0060 00000000 		.word	.LC0
 106 0064 0C000000 		.word	.LC1
 107              		.cfi_endproc
 108              	.LFE63:
 109              		.size	main, .-main
 110              		.section	.rodata.str1.4,"aMS",%progbits,1
 111              		.align	2
 112              	.LC0:
 113 0000 566F6C74 		.ascii	"Voltimetro\000"
 113      696D6574 
 113      726F00
 114 000b 00       		.space	1
 115              	.LC1:
 116 000c 4D656469 		.ascii	"Medicion: \000"
 116      63696F6E 
 116      3A2000
 117 0017 00       		.text
 118              	.Letext0:
 119              		.file 2 "c:\\program files (x86)\\cypress\\psoc creator\\4.0\\psoc creator\\import\\gnu\\arm\\4.9.
ARM GAS  C:\Users\JOSANT~1\AppData\Local\Temp\ccRzAonm.s 			page 4


 120              		.file 3 "c:\\program files (x86)\\cypress\\psoc creator\\4.0\\psoc creator\\import\\gnu\\arm\\4.9.
 121              		.file 4 "Generated_Source\\PSoC5/cytypes.h"
 122              		.file 5 "Generated_Source\\PSoC5/pantallaLCD.h"
 123              		.file 6 "Generated_Source\\PSoC5/convertidorAnalogicoDigital.h"
 124              		.file 7 "Generated_Source\\PSoC5/core_cm3.h"
 125              		.file 8 "Generated_Source\\PSoC5/CyLib.h"
 126              		.section	.debug_info,"",%progbits
 127              	.Ldebug_info0:
 128 0000 D0020000 		.4byte	0x2d0
 129 0004 0400     		.2byte	0x4
 130 0006 00000000 		.4byte	.Ldebug_abbrev0
 131 000a 04       		.byte	0x4
 132 000b 01       		.uleb128 0x1
 133 000c 71010000 		.4byte	.LASF30
 134 0010 01       		.byte	0x1
 135 0011 5B020000 		.4byte	.LASF31
 136 0015 8C020000 		.4byte	.LASF32
 137 0019 00000000 		.4byte	.Ldebug_ranges0+0
 138 001d 00000000 		.4byte	0
 139 0021 00000000 		.4byte	.Ldebug_line0
 140 0025 02       		.uleb128 0x2
 141 0026 01       		.byte	0x1
 142 0027 06       		.byte	0x6
 143 0028 D7020000 		.4byte	.LASF0
 144 002c 02       		.uleb128 0x2
 145 002d 01       		.byte	0x1
 146 002e 08       		.byte	0x8
 147 002f D9000000 		.4byte	.LASF1
 148 0033 02       		.uleb128 0x2
 149 0034 02       		.byte	0x2
 150 0035 05       		.byte	0x5
 151 0036 67020000 		.4byte	.LASF2
 152 003a 02       		.uleb128 0x2
 153 003b 02       		.byte	0x2
 154 003c 07       		.byte	0x7
 155 003d 34000000 		.4byte	.LASF3
 156 0041 03       		.uleb128 0x3
 157 0042 2A000000 		.4byte	.LASF9
 158 0046 02       		.byte	0x2
 159 0047 3F       		.byte	0x3f
 160 0048 4C000000 		.4byte	0x4c
 161 004c 02       		.uleb128 0x2
 162 004d 04       		.byte	0x4
 163 004e 05       		.byte	0x5
 164 004f CE020000 		.4byte	.LASF4
 165 0053 02       		.uleb128 0x2
 166 0054 04       		.byte	0x4
 167 0055 07       		.byte	0x7
 168 0056 B4000000 		.4byte	.LASF5
 169 005a 02       		.uleb128 0x2
 170 005b 08       		.byte	0x8
 171 005c 05       		.byte	0x5
 172 005d 4D020000 		.4byte	.LASF6
 173 0061 02       		.uleb128 0x2
 174 0062 08       		.byte	0x8
 175 0063 07       		.byte	0x7
 176 0064 25020000 		.4byte	.LASF7
ARM GAS  C:\Users\JOSANT~1\AppData\Local\Temp\ccRzAonm.s 			page 5


 177 0068 04       		.uleb128 0x4
 178 0069 04       		.byte	0x4
 179 006a 05       		.byte	0x5
 180 006b 696E7400 		.ascii	"int\000"
 181 006f 02       		.uleb128 0x2
 182 0070 04       		.byte	0x4
 183 0071 07       		.byte	0x7
 184 0072 FF010000 		.4byte	.LASF8
 185 0076 03       		.uleb128 0x3
 186 0077 3C020000 		.4byte	.LASF10
 187 007b 03       		.byte	0x3
 188 007c 2C       		.byte	0x2c
 189 007d 41000000 		.4byte	0x41
 190 0081 05       		.uleb128 0x5
 191 0082 86020000 		.4byte	.LASF11
 192 0086 04       		.byte	0x4
 193 0087 9201     		.2byte	0x192
 194 0089 2C000000 		.4byte	0x2c
 195 008d 05       		.uleb128 0x5
 196 008e 3A010000 		.4byte	.LASF12
 197 0092 04       		.byte	0x4
 198 0093 9301     		.2byte	0x193
 199 0095 3A000000 		.4byte	0x3a
 200 0099 05       		.uleb128 0x5
 201 009a 6A010000 		.4byte	.LASF13
 202 009e 04       		.byte	0x4
 203 009f 9401     		.2byte	0x194
 204 00a1 53000000 		.4byte	0x53
 205 00a5 05       		.uleb128 0x5
 206 00a6 AE000000 		.4byte	.LASF14
 207 00aa 04       		.byte	0x4
 208 00ab 9601     		.2byte	0x196
 209 00ad 33000000 		.4byte	0x33
 210 00b1 05       		.uleb128 0x5
 211 00b2 C6000000 		.4byte	.LASF15
 212 00b6 04       		.byte	0x4
 213 00b7 9701     		.2byte	0x197
 214 00b9 4C000000 		.4byte	0x4c
 215 00bd 02       		.uleb128 0x2
 216 00be 04       		.byte	0x4
 217 00bf 04       		.byte	0x4
 218 00c0 7A000000 		.4byte	.LASF16
 219 00c4 02       		.uleb128 0x2
 220 00c5 08       		.byte	0x8
 221 00c6 04       		.byte	0x4
 222 00c7 47000000 		.4byte	.LASF17
 223 00cb 05       		.uleb128 0x5
 224 00cc A8000000 		.4byte	.LASF18
 225 00d0 04       		.byte	0x4
 226 00d1 A301     		.2byte	0x1a3
 227 00d3 D7000000 		.4byte	0xd7
 228 00d7 02       		.uleb128 0x2
 229 00d8 01       		.byte	0x1
 230 00d9 08       		.byte	0x8
 231 00da 62020000 		.4byte	.LASF19
 232 00de 02       		.uleb128 0x2
 233 00df 04       		.byte	0x4
ARM GAS  C:\Users\JOSANT~1\AppData\Local\Temp\ccRzAonm.s 			page 6


 234 00e0 07       		.byte	0x7
 235 00e1 44020000 		.4byte	.LASF20
 236 00e5 06       		.uleb128 0x6
 237 00e6 35010000 		.4byte	.LASF33
 238 00ea 01       		.byte	0x1
 239 00eb 0E       		.byte	0xe
 240 00ec 68000000 		.4byte	0x68
 241 00f0 00000000 		.4byte	.LFB63
 242 00f4 68000000 		.4byte	.LFE63-.LFB63
 243 00f8 01       		.uleb128 0x1
 244 00f9 9C       		.byte	0x9c
 245 00fa 17020000 		.4byte	0x217
 246 00fe 07       		.uleb128 0x7
 247 00ff EB020000 		.4byte	.LASF34
 248 0103 01       		.byte	0x1
 249 0104 11       		.byte	0x11
 250 0105 B1000000 		.4byte	0xb1
 251 0109 07       		.uleb128 0x7
 252 010a 74       		.byte	0x74
 253 010b 00       		.sleb128 0
 254 010c 40       		.byte	0x40
 255 010d 24       		.byte	0x24
 256 010e 40       		.byte	0x40
 257 010f 26       		.byte	0x26
 258 0110 9F       		.byte	0x9f
 259 0111 08       		.uleb128 0x8
 260 0112 08000000 		.4byte	.LVL0
 261 0116 28020000 		.4byte	0x228
 262 011a 09       		.uleb128 0x9
 263 011b 10000000 		.4byte	.LVL1
 264 011f 2F020000 		.4byte	0x22f
 265 0123 32010000 		.4byte	0x132
 266 0127 0A       		.uleb128 0xa
 267 0128 01       		.uleb128 0x1
 268 0129 51       		.byte	0x51
 269 012a 01       		.uleb128 0x1
 270 012b 30       		.byte	0x30
 271 012c 0A       		.uleb128 0xa
 272 012d 01       		.uleb128 0x1
 273 012e 50       		.byte	0x50
 274 012f 01       		.uleb128 0x1
 275 0130 30       		.byte	0x30
 276 0131 00       		.byte	0
 277 0132 09       		.uleb128 0x9
 278 0133 16000000 		.4byte	.LVL2
 279 0137 45020000 		.4byte	0x245
 280 013b 45010000 		.4byte	0x145
 281 013f 0A       		.uleb128 0xa
 282 0140 01       		.uleb128 0x1
 283 0141 50       		.byte	0x50
 284 0142 01       		.uleb128 0x1
 285 0143 31       		.byte	0x31
 286 0144 00       		.byte	0
 287 0145 09       		.uleb128 0x9
 288 0146 1C000000 		.4byte	.LVL3
 289 014a 56020000 		.4byte	0x256
 290 014e 5C010000 		.4byte	0x15c
ARM GAS  C:\Users\JOSANT~1\AppData\Local\Temp\ccRzAonm.s 			page 7


 291 0152 0A       		.uleb128 0xa
 292 0153 01       		.uleb128 0x1
 293 0154 50       		.byte	0x50
 294 0155 05       		.uleb128 0x5
 295 0156 03       		.byte	0x3
 296 0157 00000000 		.4byte	.LC0
 297 015b 00       		.byte	0
 298 015c 08       		.uleb128 0x8
 299 015d 20000000 		.4byte	.LVL4
 300 0161 72020000 		.4byte	0x272
 301 0165 08       		.uleb128 0x8
 302 0166 24000000 		.4byte	.LVL5
 303 016a 79020000 		.4byte	0x279
 304 016e 09       		.uleb128 0x9
 305 016f 2A000000 		.4byte	.LVL6
 306 0173 80020000 		.4byte	0x280
 307 0177 81010000 		.4byte	0x181
 308 017b 0A       		.uleb128 0xa
 309 017c 01       		.uleb128 0x1
 310 017d 50       		.byte	0x50
 311 017e 01       		.uleb128 0x1
 312 017f 30       		.byte	0x30
 313 0180 00       		.byte	0
 314 0181 08       		.uleb128 0x8
 315 0182 2E000000 		.4byte	.LVL7
 316 0186 95020000 		.4byte	0x295
 317 018a 08       		.uleb128 0x8
 318 018b 32000000 		.4byte	.LVL8
 319 018f A0020000 		.4byte	0x2a0
 320 0193 09       		.uleb128 0x9
 321 0194 3A000000 		.4byte	.LVL10
 322 0198 45020000 		.4byte	0x245
 323 019c A6010000 		.4byte	0x1a6
 324 01a0 0A       		.uleb128 0xa
 325 01a1 01       		.uleb128 0x1
 326 01a2 50       		.byte	0x50
 327 01a3 01       		.uleb128 0x1
 328 01a4 31       		.byte	0x31
 329 01a5 00       		.byte	0
 330 01a6 09       		.uleb128 0x9
 331 01a7 42000000 		.4byte	.LVL11
 332 01ab 2F020000 		.4byte	0x22f
 333 01af BE010000 		.4byte	0x1be
 334 01b3 0A       		.uleb128 0xa
 335 01b4 01       		.uleb128 0x1
 336 01b5 51       		.byte	0x51
 337 01b6 01       		.uleb128 0x1
 338 01b7 30       		.byte	0x30
 339 01b8 0A       		.uleb128 0xa
 340 01b9 01       		.uleb128 0x1
 341 01ba 50       		.byte	0x50
 342 01bb 01       		.uleb128 0x1
 343 01bc 30       		.byte	0x30
 344 01bd 00       		.byte	0
 345 01be 09       		.uleb128 0x9
 346 01bf 48000000 		.4byte	.LVL12
 347 01c3 56020000 		.4byte	0x256
ARM GAS  C:\Users\JOSANT~1\AppData\Local\Temp\ccRzAonm.s 			page 8


 348 01c7 D5010000 		.4byte	0x1d5
 349 01cb 0A       		.uleb128 0xa
 350 01cc 01       		.uleb128 0x1
 351 01cd 50       		.byte	0x50
 352 01ce 05       		.uleb128 0x5
 353 01cf 03       		.byte	0x3
 354 01d0 0C000000 		.4byte	.LC1
 355 01d4 00       		.byte	0
 356 01d5 09       		.uleb128 0x9
 357 01d6 50000000 		.4byte	.LVL13
 358 01da 2F020000 		.4byte	0x22f
 359 01de ED010000 		.4byte	0x1ed
 360 01e2 0A       		.uleb128 0xa
 361 01e3 01       		.uleb128 0x1
 362 01e4 51       		.byte	0x51
 363 01e5 01       		.uleb128 0x1
 364 01e6 30       		.byte	0x30
 365 01e7 0A       		.uleb128 0xa
 366 01e8 01       		.uleb128 0x1
 367 01e9 50       		.byte	0x50
 368 01ea 01       		.uleb128 0x1
 369 01eb 31       		.byte	0x31
 370 01ec 00       		.byte	0
 371 01ed 09       		.uleb128 0x9
 372 01ee 56000000 		.4byte	.LVL14
 373 01f2 B5020000 		.4byte	0x2b5
 374 01f6 05020000 		.4byte	0x205
 375 01fa 0A       		.uleb128 0xa
 376 01fb 01       		.uleb128 0x1
 377 01fc 50       		.byte	0x50
 378 01fd 06       		.uleb128 0x6
 379 01fe 74       		.byte	0x74
 380 01ff 00       		.sleb128 0
 381 0200 0A       		.byte	0xa
 382 0201 FFFF     		.2byte	0xffff
 383 0203 1A       		.byte	0x1a
 384 0204 00       		.byte	0
 385 0205 0B       		.uleb128 0xb
 386 0206 5E000000 		.4byte	.LVL15
 387 020a C6020000 		.4byte	0x2c6
 388 020e 0A       		.uleb128 0xa
 389 020f 01       		.uleb128 0x1
 390 0210 50       		.byte	0x50
 391 0211 03       		.uleb128 0x3
 392 0212 0A       		.byte	0xa
 393 0213 E803     		.2byte	0x3e8
 394 0215 00       		.byte	0
 395 0216 00       		.byte	0
 396 0217 0C       		.uleb128 0xc
 397 0218 CC000000 		.4byte	.LASF35
 398 021c 07       		.byte	0x7
 399 021d 9606     		.2byte	0x696
 400 021f 23020000 		.4byte	0x223
 401 0223 0D       		.uleb128 0xd
 402 0224 76000000 		.4byte	0x76
 403 0228 0E       		.uleb128 0xe
 404 0229 00000000 		.4byte	.LASF24
ARM GAS  C:\Users\JOSANT~1\AppData\Local\Temp\ccRzAonm.s 			page 9


 405 022d 05       		.byte	0x5
 406 022e 38       		.byte	0x38
 407 022f 0F       		.uleb128 0xf
 408 0230 71020000 		.4byte	.LASF21
 409 0234 05       		.byte	0x5
 410 0235 3D       		.byte	0x3d
 411 0236 45020000 		.4byte	0x245
 412 023a 10       		.uleb128 0x10
 413 023b 81000000 		.4byte	0x81
 414 023f 10       		.uleb128 0x10
 415 0240 81000000 		.4byte	0x81
 416 0244 00       		.byte	0
 417 0245 0F       		.uleb128 0xf
 418 0246 0C020000 		.4byte	.LASF22
 419 024a 05       		.byte	0x5
 420 024b 3A       		.byte	0x3a
 421 024c 56020000 		.4byte	0x256
 422 0250 10       		.uleb128 0x10
 423 0251 81000000 		.4byte	0x81
 424 0255 00       		.byte	0
 425 0256 0F       		.uleb128 0xf
 426 0257 12000000 		.4byte	.LASF23
 427 025b 05       		.byte	0x5
 428 025c 3C       		.byte	0x3c
 429 025d 67020000 		.4byte	0x267
 430 0261 10       		.uleb128 0x10
 431 0262 67020000 		.4byte	0x267
 432 0266 00       		.byte	0
 433 0267 11       		.uleb128 0x11
 434 0268 04       		.byte	0x4
 435 0269 6D020000 		.4byte	0x26d
 436 026d 12       		.uleb128 0x12
 437 026e CB000000 		.4byte	0xcb
 438 0272 0E       		.uleb128 0xe
 439 0273 E7000000 		.4byte	.LASF25
 440 0277 06       		.byte	0x6
 441 0278 3A       		.byte	0x3a
 442 0279 0E       		.uleb128 0xe
 443 027a 41010000 		.4byte	.LASF26
 444 027e 06       		.byte	0x6
 445 027f 3D       		.byte	0x3d
 446 0280 13       		.uleb128 0x13
 447 0281 09010000 		.4byte	.LASF27
 448 0285 06       		.byte	0x6
 449 0286 3F       		.byte	0x3f
 450 0287 81000000 		.4byte	0x81
 451 028b 95020000 		.4byte	0x295
 452 028f 10       		.uleb128 0x10
 453 0290 81000000 		.4byte	0x81
 454 0294 00       		.byte	0
 455 0295 14       		.uleb128 0x14
 456 0296 80000000 		.4byte	.LASF36
 457 029a 06       		.byte	0x6
 458 029b 42       		.byte	0x42
 459 029c B1000000 		.4byte	0xb1
 460 02a0 13       		.uleb128 0x13
 461 02a1 4E000000 		.4byte	.LASF28
ARM GAS  C:\Users\JOSANT~1\AppData\Local\Temp\ccRzAonm.s 			page 10


 462 02a5 06       		.byte	0x6
 463 02a6 47       		.byte	0x47
 464 02a7 A5000000 		.4byte	0xa5
 465 02ab B5020000 		.4byte	0x2b5
 466 02af 10       		.uleb128 0x10
 467 02b0 B1000000 		.4byte	0xb1
 468 02b4 00       		.byte	0
 469 02b5 0F       		.uleb128 0xf
 470 02b6 F3020000 		.4byte	.LASF29
 471 02ba 05       		.byte	0x5
 472 02bb 61       		.byte	0x61
 473 02bc C6020000 		.4byte	0x2c6
 474 02c0 10       		.uleb128 0x10
 475 02c1 99000000 		.4byte	0x99
 476 02c5 00       		.byte	0
 477 02c6 15       		.uleb128 0x15
 478 02c7 E3020000 		.4byte	.LASF37
 479 02cb 08       		.byte	0x8
 480 02cc 76       		.byte	0x76
 481 02cd 10       		.uleb128 0x10
 482 02ce 99000000 		.4byte	0x99
 483 02d2 00       		.byte	0
 484 02d3 00       		.byte	0
 485              		.section	.debug_abbrev,"",%progbits
 486              	.Ldebug_abbrev0:
 487 0000 01       		.uleb128 0x1
 488 0001 11       		.uleb128 0x11
 489 0002 01       		.byte	0x1
 490 0003 25       		.uleb128 0x25
 491 0004 0E       		.uleb128 0xe
 492 0005 13       		.uleb128 0x13
 493 0006 0B       		.uleb128 0xb
 494 0007 03       		.uleb128 0x3
 495 0008 0E       		.uleb128 0xe
 496 0009 1B       		.uleb128 0x1b
 497 000a 0E       		.uleb128 0xe
 498 000b 55       		.uleb128 0x55
 499 000c 17       		.uleb128 0x17
 500 000d 11       		.uleb128 0x11
 501 000e 01       		.uleb128 0x1
 502 000f 10       		.uleb128 0x10
 503 0010 17       		.uleb128 0x17
 504 0011 00       		.byte	0
 505 0012 00       		.byte	0
 506 0013 02       		.uleb128 0x2
 507 0014 24       		.uleb128 0x24
 508 0015 00       		.byte	0
 509 0016 0B       		.uleb128 0xb
 510 0017 0B       		.uleb128 0xb
 511 0018 3E       		.uleb128 0x3e
 512 0019 0B       		.uleb128 0xb
 513 001a 03       		.uleb128 0x3
 514 001b 0E       		.uleb128 0xe
 515 001c 00       		.byte	0
 516 001d 00       		.byte	0
 517 001e 03       		.uleb128 0x3
 518 001f 16       		.uleb128 0x16
ARM GAS  C:\Users\JOSANT~1\AppData\Local\Temp\ccRzAonm.s 			page 11


 519 0020 00       		.byte	0
 520 0021 03       		.uleb128 0x3
 521 0022 0E       		.uleb128 0xe
 522 0023 3A       		.uleb128 0x3a
 523 0024 0B       		.uleb128 0xb
 524 0025 3B       		.uleb128 0x3b
 525 0026 0B       		.uleb128 0xb
 526 0027 49       		.uleb128 0x49
 527 0028 13       		.uleb128 0x13
 528 0029 00       		.byte	0
 529 002a 00       		.byte	0
 530 002b 04       		.uleb128 0x4
 531 002c 24       		.uleb128 0x24
 532 002d 00       		.byte	0
 533 002e 0B       		.uleb128 0xb
 534 002f 0B       		.uleb128 0xb
 535 0030 3E       		.uleb128 0x3e
 536 0031 0B       		.uleb128 0xb
 537 0032 03       		.uleb128 0x3
 538 0033 08       		.uleb128 0x8
 539 0034 00       		.byte	0
 540 0035 00       		.byte	0
 541 0036 05       		.uleb128 0x5
 542 0037 16       		.uleb128 0x16
 543 0038 00       		.byte	0
 544 0039 03       		.uleb128 0x3
 545 003a 0E       		.uleb128 0xe
 546 003b 3A       		.uleb128 0x3a
 547 003c 0B       		.uleb128 0xb
 548 003d 3B       		.uleb128 0x3b
 549 003e 05       		.uleb128 0x5
 550 003f 49       		.uleb128 0x49
 551 0040 13       		.uleb128 0x13
 552 0041 00       		.byte	0
 553 0042 00       		.byte	0
 554 0043 06       		.uleb128 0x6
 555 0044 2E       		.uleb128 0x2e
 556 0045 01       		.byte	0x1
 557 0046 3F       		.uleb128 0x3f
 558 0047 19       		.uleb128 0x19
 559 0048 03       		.uleb128 0x3
 560 0049 0E       		.uleb128 0xe
 561 004a 3A       		.uleb128 0x3a
 562 004b 0B       		.uleb128 0xb
 563 004c 3B       		.uleb128 0x3b
 564 004d 0B       		.uleb128 0xb
 565 004e 27       		.uleb128 0x27
 566 004f 19       		.uleb128 0x19
 567 0050 49       		.uleb128 0x49
 568 0051 13       		.uleb128 0x13
 569 0052 11       		.uleb128 0x11
 570 0053 01       		.uleb128 0x1
 571 0054 12       		.uleb128 0x12
 572 0055 06       		.uleb128 0x6
 573 0056 40       		.uleb128 0x40
 574 0057 18       		.uleb128 0x18
 575 0058 9742     		.uleb128 0x2117
ARM GAS  C:\Users\JOSANT~1\AppData\Local\Temp\ccRzAonm.s 			page 12


 576 005a 19       		.uleb128 0x19
 577 005b 01       		.uleb128 0x1
 578 005c 13       		.uleb128 0x13
 579 005d 00       		.byte	0
 580 005e 00       		.byte	0
 581 005f 07       		.uleb128 0x7
 582 0060 34       		.uleb128 0x34
 583 0061 00       		.byte	0
 584 0062 03       		.uleb128 0x3
 585 0063 0E       		.uleb128 0xe
 586 0064 3A       		.uleb128 0x3a
 587 0065 0B       		.uleb128 0xb
 588 0066 3B       		.uleb128 0x3b
 589 0067 0B       		.uleb128 0xb
 590 0068 49       		.uleb128 0x49
 591 0069 13       		.uleb128 0x13
 592 006a 02       		.uleb128 0x2
 593 006b 18       		.uleb128 0x18
 594 006c 00       		.byte	0
 595 006d 00       		.byte	0
 596 006e 08       		.uleb128 0x8
 597 006f 898201   		.uleb128 0x4109
 598 0072 00       		.byte	0
 599 0073 11       		.uleb128 0x11
 600 0074 01       		.uleb128 0x1
 601 0075 31       		.uleb128 0x31
 602 0076 13       		.uleb128 0x13
 603 0077 00       		.byte	0
 604 0078 00       		.byte	0
 605 0079 09       		.uleb128 0x9
 606 007a 898201   		.uleb128 0x4109
 607 007d 01       		.byte	0x1
 608 007e 11       		.uleb128 0x11
 609 007f 01       		.uleb128 0x1
 610 0080 31       		.uleb128 0x31
 611 0081 13       		.uleb128 0x13
 612 0082 01       		.uleb128 0x1
 613 0083 13       		.uleb128 0x13
 614 0084 00       		.byte	0
 615 0085 00       		.byte	0
 616 0086 0A       		.uleb128 0xa
 617 0087 8A8201   		.uleb128 0x410a
 618 008a 00       		.byte	0
 619 008b 02       		.uleb128 0x2
 620 008c 18       		.uleb128 0x18
 621 008d 9142     		.uleb128 0x2111
 622 008f 18       		.uleb128 0x18
 623 0090 00       		.byte	0
 624 0091 00       		.byte	0
 625 0092 0B       		.uleb128 0xb
 626 0093 898201   		.uleb128 0x4109
 627 0096 01       		.byte	0x1
 628 0097 11       		.uleb128 0x11
 629 0098 01       		.uleb128 0x1
 630 0099 31       		.uleb128 0x31
 631 009a 13       		.uleb128 0x13
 632 009b 00       		.byte	0
ARM GAS  C:\Users\JOSANT~1\AppData\Local\Temp\ccRzAonm.s 			page 13


 633 009c 00       		.byte	0
 634 009d 0C       		.uleb128 0xc
 635 009e 34       		.uleb128 0x34
 636 009f 00       		.byte	0
 637 00a0 03       		.uleb128 0x3
 638 00a1 0E       		.uleb128 0xe
 639 00a2 3A       		.uleb128 0x3a
 640 00a3 0B       		.uleb128 0xb
 641 00a4 3B       		.uleb128 0x3b
 642 00a5 05       		.uleb128 0x5
 643 00a6 49       		.uleb128 0x49
 644 00a7 13       		.uleb128 0x13
 645 00a8 3F       		.uleb128 0x3f
 646 00a9 19       		.uleb128 0x19
 647 00aa 3C       		.uleb128 0x3c
 648 00ab 19       		.uleb128 0x19
 649 00ac 00       		.byte	0
 650 00ad 00       		.byte	0
 651 00ae 0D       		.uleb128 0xd
 652 00af 35       		.uleb128 0x35
 653 00b0 00       		.byte	0
 654 00b1 49       		.uleb128 0x49
 655 00b2 13       		.uleb128 0x13
 656 00b3 00       		.byte	0
 657 00b4 00       		.byte	0
 658 00b5 0E       		.uleb128 0xe
 659 00b6 2E       		.uleb128 0x2e
 660 00b7 00       		.byte	0
 661 00b8 3F       		.uleb128 0x3f
 662 00b9 19       		.uleb128 0x19
 663 00ba 03       		.uleb128 0x3
 664 00bb 0E       		.uleb128 0xe
 665 00bc 3A       		.uleb128 0x3a
 666 00bd 0B       		.uleb128 0xb
 667 00be 3B       		.uleb128 0x3b
 668 00bf 0B       		.uleb128 0xb
 669 00c0 27       		.uleb128 0x27
 670 00c1 19       		.uleb128 0x19
 671 00c2 3C       		.uleb128 0x3c
 672 00c3 19       		.uleb128 0x19
 673 00c4 00       		.byte	0
 674 00c5 00       		.byte	0
 675 00c6 0F       		.uleb128 0xf
 676 00c7 2E       		.uleb128 0x2e
 677 00c8 01       		.byte	0x1
 678 00c9 3F       		.uleb128 0x3f
 679 00ca 19       		.uleb128 0x19
 680 00cb 03       		.uleb128 0x3
 681 00cc 0E       		.uleb128 0xe
 682 00cd 3A       		.uleb128 0x3a
 683 00ce 0B       		.uleb128 0xb
 684 00cf 3B       		.uleb128 0x3b
 685 00d0 0B       		.uleb128 0xb
 686 00d1 27       		.uleb128 0x27
 687 00d2 19       		.uleb128 0x19
 688 00d3 3C       		.uleb128 0x3c
 689 00d4 19       		.uleb128 0x19
ARM GAS  C:\Users\JOSANT~1\AppData\Local\Temp\ccRzAonm.s 			page 14


 690 00d5 01       		.uleb128 0x1
 691 00d6 13       		.uleb128 0x13
 692 00d7 00       		.byte	0
 693 00d8 00       		.byte	0
 694 00d9 10       		.uleb128 0x10
 695 00da 05       		.uleb128 0x5
 696 00db 00       		.byte	0
 697 00dc 49       		.uleb128 0x49
 698 00dd 13       		.uleb128 0x13
 699 00de 00       		.byte	0
 700 00df 00       		.byte	0
 701 00e0 11       		.uleb128 0x11
 702 00e1 0F       		.uleb128 0xf
 703 00e2 00       		.byte	0
 704 00e3 0B       		.uleb128 0xb
 705 00e4 0B       		.uleb128 0xb
 706 00e5 49       		.uleb128 0x49
 707 00e6 13       		.uleb128 0x13
 708 00e7 00       		.byte	0
 709 00e8 00       		.byte	0
 710 00e9 12       		.uleb128 0x12
 711 00ea 26       		.uleb128 0x26
 712 00eb 00       		.byte	0
 713 00ec 49       		.uleb128 0x49
 714 00ed 13       		.uleb128 0x13
 715 00ee 00       		.byte	0
 716 00ef 00       		.byte	0
 717 00f0 13       		.uleb128 0x13
 718 00f1 2E       		.uleb128 0x2e
 719 00f2 01       		.byte	0x1
 720 00f3 3F       		.uleb128 0x3f
 721 00f4 19       		.uleb128 0x19
 722 00f5 03       		.uleb128 0x3
 723 00f6 0E       		.uleb128 0xe
 724 00f7 3A       		.uleb128 0x3a
 725 00f8 0B       		.uleb128 0xb
 726 00f9 3B       		.uleb128 0x3b
 727 00fa 0B       		.uleb128 0xb
 728 00fb 27       		.uleb128 0x27
 729 00fc 19       		.uleb128 0x19
 730 00fd 49       		.uleb128 0x49
 731 00fe 13       		.uleb128 0x13
 732 00ff 3C       		.uleb128 0x3c
 733 0100 19       		.uleb128 0x19
 734 0101 01       		.uleb128 0x1
 735 0102 13       		.uleb128 0x13
 736 0103 00       		.byte	0
 737 0104 00       		.byte	0
 738 0105 14       		.uleb128 0x14
 739 0106 2E       		.uleb128 0x2e
 740 0107 00       		.byte	0
 741 0108 3F       		.uleb128 0x3f
 742 0109 19       		.uleb128 0x19
 743 010a 03       		.uleb128 0x3
 744 010b 0E       		.uleb128 0xe
 745 010c 3A       		.uleb128 0x3a
 746 010d 0B       		.uleb128 0xb
ARM GAS  C:\Users\JOSANT~1\AppData\Local\Temp\ccRzAonm.s 			page 15


 747 010e 3B       		.uleb128 0x3b
 748 010f 0B       		.uleb128 0xb
 749 0110 27       		.uleb128 0x27
 750 0111 19       		.uleb128 0x19
 751 0112 49       		.uleb128 0x49
 752 0113 13       		.uleb128 0x13
 753 0114 3C       		.uleb128 0x3c
 754 0115 19       		.uleb128 0x19
 755 0116 00       		.byte	0
 756 0117 00       		.byte	0
 757 0118 15       		.uleb128 0x15
 758 0119 2E       		.uleb128 0x2e
 759 011a 01       		.byte	0x1
 760 011b 3F       		.uleb128 0x3f
 761 011c 19       		.uleb128 0x19
 762 011d 03       		.uleb128 0x3
 763 011e 0E       		.uleb128 0xe
 764 011f 3A       		.uleb128 0x3a
 765 0120 0B       		.uleb128 0xb
 766 0121 3B       		.uleb128 0x3b
 767 0122 0B       		.uleb128 0xb
 768 0123 27       		.uleb128 0x27
 769 0124 19       		.uleb128 0x19
 770 0125 3C       		.uleb128 0x3c
 771 0126 19       		.uleb128 0x19
 772 0127 00       		.byte	0
 773 0128 00       		.byte	0
 774 0129 00       		.byte	0
 775              		.section	.debug_aranges,"",%progbits
 776 0000 1C000000 		.4byte	0x1c
 777 0004 0200     		.2byte	0x2
 778 0006 00000000 		.4byte	.Ldebug_info0
 779 000a 04       		.byte	0x4
 780 000b 00       		.byte	0
 781 000c 0000     		.2byte	0
 782 000e 0000     		.2byte	0
 783 0010 00000000 		.4byte	.LFB63
 784 0014 68000000 		.4byte	.LFE63-.LFB63
 785 0018 00000000 		.4byte	0
 786 001c 00000000 		.4byte	0
 787              		.section	.debug_ranges,"",%progbits
 788              	.Ldebug_ranges0:
 789 0000 00000000 		.4byte	.LFB63
 790 0004 68000000 		.4byte	.LFE63
 791 0008 00000000 		.4byte	0
 792 000c 00000000 		.4byte	0
 793              		.section	.debug_line,"",%progbits
 794              	.Ldebug_line0:
 795 0000 CF010000 		.section	.debug_str,"MS",%progbits,1
 795      02008401 
 795      00000201 
 795      FB0E0D00 
 795      01010101 
 796              	.LASF24:
 797 0000 70616E74 		.ascii	"pantallaLCD_Start\000"
 797      616C6C61 
 797      4C43445F 
ARM GAS  C:\Users\JOSANT~1\AppData\Local\Temp\ccRzAonm.s 			page 16


 797      53746172 
 797      7400
 798              	.LASF23:
 799 0012 70616E74 		.ascii	"pantallaLCD_PrintString\000"
 799      616C6C61 
 799      4C43445F 
 799      5072696E 
 799      74537472 
 800              	.LASF9:
 801 002a 5F5F696E 		.ascii	"__int32_t\000"
 801      7433325F 
 801      7400
 802              	.LASF3:
 803 0034 73686F72 		.ascii	"short unsigned int\000"
 803      7420756E 
 803      7369676E 
 803      65642069 
 803      6E7400
 804              	.LASF17:
 805 0047 646F7562 		.ascii	"double\000"
 805      6C6500
 806              	.LASF28:
 807 004e 636F6E76 		.ascii	"convertidorAnalogicoDigital_CountsTo_mVolts\000"
 807      65727469 
 807      646F7241 
 807      6E616C6F 
 807      6769636F 
 808              	.LASF16:
 809 007a 666C6F61 		.ascii	"float\000"
 809      7400
 810              	.LASF36:
 811 0080 636F6E76 		.ascii	"convertidorAnalogicoDigital_GetResult32\000"
 811      65727469 
 811      646F7241 
 811      6E616C6F 
 811      6769636F 
 812              	.LASF18:
 813 00a8 63686172 		.ascii	"char8\000"
 813      3800
 814              	.LASF14:
 815 00ae 696E7431 		.ascii	"int16\000"
 815      3600
 816              	.LASF5:
 817 00b4 6C6F6E67 		.ascii	"long unsigned int\000"
 817      20756E73 
 817      69676E65 
 817      6420696E 
 817      7400
 818              	.LASF15:
 819 00c6 696E7433 		.ascii	"int32\000"
 819      3200
 820              	.LASF35:
 821 00cc 49544D5F 		.ascii	"ITM_RxBuffer\000"
 821      52784275 
 821      66666572 
 821      00
 822              	.LASF1:
ARM GAS  C:\Users\JOSANT~1\AppData\Local\Temp\ccRzAonm.s 			page 17


 823 00d9 756E7369 		.ascii	"unsigned char\000"
 823      676E6564 
 823      20636861 
 823      7200
 824              	.LASF25:
 825 00e7 636F6E76 		.ascii	"convertidorAnalogicoDigital_Start\000"
 825      65727469 
 825      646F7241 
 825      6E616C6F 
 825      6769636F 
 826              	.LASF27:
 827 0109 636F6E76 		.ascii	"convertidorAnalogicoDigital_IsEndConversion\000"
 827      65727469 
 827      646F7241 
 827      6E616C6F 
 827      6769636F 
 828              	.LASF33:
 829 0135 6D61696E 		.ascii	"main\000"
 829      00
 830              	.LASF12:
 831 013a 75696E74 		.ascii	"uint16\000"
 831      313600
 832              	.LASF26:
 833 0141 636F6E76 		.ascii	"convertidorAnalogicoDigital_StartConvert\000"
 833      65727469 
 833      646F7241 
 833      6E616C6F 
 833      6769636F 
 834              	.LASF13:
 835 016a 75696E74 		.ascii	"uint32\000"
 835      333200
 836              	.LASF30:
 837 0171 474E5520 		.ascii	"GNU C 4.9.3 20150303 (release) [ARM/embedded-4_9-br"
 837      4320342E 
 837      392E3320 
 837      32303135 
 837      30333033 
 838 01a4 616E6368 		.ascii	"anch revision 221220] -mcpu=cortex-m3 -mthumb -g -O"
 838      20726576 
 838      6973696F 
 838      6E203232 
 838      31323230 
 839 01d7 67202D66 		.ascii	"g -ffunction-sections -ffat-lto-objects\000"
 839      66756E63 
 839      74696F6E 
 839      2D736563 
 839      74696F6E 
 840              	.LASF8:
 841 01ff 756E7369 		.ascii	"unsigned int\000"
 841      676E6564 
 841      20696E74 
 841      00
 842              	.LASF22:
 843 020c 70616E74 		.ascii	"pantallaLCD_WriteControl\000"
 843      616C6C61 
 843      4C43445F 
 843      57726974 
ARM GAS  C:\Users\JOSANT~1\AppData\Local\Temp\ccRzAonm.s 			page 18


 843      65436F6E 
 844              	.LASF7:
 845 0225 6C6F6E67 		.ascii	"long long unsigned int\000"
 845      206C6F6E 
 845      6720756E 
 845      7369676E 
 845      65642069 
 846              	.LASF10:
 847 023c 696E7433 		.ascii	"int32_t\000"
 847      325F7400 
 848              	.LASF20:
 849 0244 73697A65 		.ascii	"sizetype\000"
 849      74797065 
 849      00
 850              	.LASF6:
 851 024d 6C6F6E67 		.ascii	"long long int\000"
 851      206C6F6E 
 851      6720696E 
 851      7400
 852              	.LASF31:
 853 025b 6D61696E 		.ascii	"main.c\000"
 853      2E6300
 854              	.LASF19:
 855 0262 63686172 		.ascii	"char\000"
 855      00
 856              	.LASF2:
 857 0267 73686F72 		.ascii	"short int\000"
 857      7420696E 
 857      7400
 858              	.LASF21:
 859 0271 70616E74 		.ascii	"pantallaLCD_Position\000"
 859      616C6C61 
 859      4C43445F 
 859      506F7369 
 859      74696F6E 
 860              	.LASF11:
 861 0286 75696E74 		.ascii	"uint8\000"
 861      3800
 862              	.LASF32:
 863 028c 433A5C50 		.ascii	"C:\\Practicas\\PracticasDSECompleto\\Practica4Parte"
 863      72616374 
 863      69636173 
 863      5C507261 
 863      63746963 
 864 02bc 31566F6C 		.ascii	"1Voltimetro.cydsn\000"
 864      74696D65 
 864      74726F2E 
 864      63796473 
 864      6E00
 865              	.LASF4:
 866 02ce 6C6F6E67 		.ascii	"long int\000"
 866      20696E74 
 866      00
 867              	.LASF0:
 868 02d7 7369676E 		.ascii	"signed char\000"
 868      65642063 
 868      68617200 
ARM GAS  C:\Users\JOSANT~1\AppData\Local\Temp\ccRzAonm.s 			page 19


 869              	.LASF37:
 870 02e3 43794465 		.ascii	"CyDelay\000"
 870      6C617900 
 871              	.LASF34:
 872 02eb 766F6C74 		.ascii	"voltaje\000"
 872      616A6500 
 873              	.LASF29:
 874 02f3 70616E74 		.ascii	"pantallaLCD_PrintU32Number\000"
 874      616C6C61 
 874      4C43445F 
 874      5072696E 
 874      74553332 
 875              		.ident	"GCC: (GNU Tools for ARM Embedded Processors) 4.9.3 20150303 (release) [ARM/embedded-4_9-br
