ARM GAS  C:\Users\JOSANT~1\AppData\Local\Temp\cc2PEs2A.s 			page 1


   1              		.syntax unified
   2              		.cpu cortex-m3
   3              		.fpu softvfp
   4              		.eabi_attribute 20, 1
   5              		.eabi_attribute 21, 1
   6              		.eabi_attribute 23, 3
   7              		.eabi_attribute 24, 1
   8              		.eabi_attribute 25, 1
   9              		.eabi_attribute 26, 1
  10              		.eabi_attribute 30, 1
  11              		.eabi_attribute 34, 1
  12              		.eabi_attribute 18, 4
  13              		.thumb
  14              		.file	"main.c"
  15              		.text
  16              	.Ltext0:
  17              		.cfi_sections	.debug_frame
  18              		.global	__aeabi_i2d
  19              		.global	__aeabi_i2f
  20              		.global	__aeabi_fmul
  21              		.global	__aeabi_f2d
  22              		.global	__aeabi_dmul
  23              		.global	__aeabi_dadd
  24              		.global	__aeabi_d2uiz
  25              		.global	__aeabi_dcmpge
  26              		.global	__aeabi_f2uiz
  27              		.section	.text.main,"ax",%progbits
  28              		.align	2
  29              		.global	main
  30              		.thumb
  31              		.thumb_func
  32              		.type	main, %function
  33              	main:
  34              	.LFB63:
  35              		.file 1 "main.c"
   1:main.c        **** /* ========================================
   2:main.c        ****  *
   3:main.c        ****  * Copyright YOUR COMPANY, THE YEAR
   4:main.c        ****  * All Rights Reserved
   5:main.c        ****  * UNPUBLISHED, LICENSED SOFTWARE.
   6:main.c        ****  *
   7:main.c        ****  * CONFIDENTIAL AND PROPRIETARY INFORMATION
   8:main.c        ****  * WHICH IS THE PROPERTY OF your company.
   9:main.c        ****  *
  10:main.c        ****  * ========================================
  11:main.c        **** */
  12:main.c        **** #include "project.h"
  13:main.c        **** #include <math.h>
  14:main.c        **** 
  15:main.c        **** 
  16:main.c        **** 
  17:main.c        **** #define PI_DOS (3.14159 * 2)
  18:main.c        **** 
  19:main.c        **** #define MUESTRAS 4000
  20:main.c        **** 
  21:main.c        **** #define SENO 0
  22:main.c        **** #define CUADRADA 1
ARM GAS  C:\Users\JOSANT~1\AppData\Local\Temp\cc2PEs2A.s 			page 2


  23:main.c        **** #define SIERRA 2
  24:main.c        **** #define TRIANGULAR 3
  25:main.c        **** 
  26:main.c        **** 
  27:main.c        **** char op;
  28:main.c        **** uint8 signal [MUESTRAS];
  29:main.c        **** uint8 type = SENO;
  30:main.c        **** uint8 amp = 127;
  31:main.c        **** uint16 i = 0;
  32:main.c        **** uint8 j = 0;
  33:main.c        **** 
  34:main.c        **** float incrementarFase = PI_DOS/MUESTRAS;
  35:main.c        **** 
  36:main.c        **** 
  37:main.c        **** int main()
  38:main.c        **** {   
  36              		.loc 1 38 0
  37              		.cfi_startproc
  38              		@ Volatile: function does not return.
  39              		@ args = 0, pretend = 0, frame = 0
  40              		@ frame_needed = 0, uses_anonymous_args = 0
  41 0000 80B5     		push	{r7, lr}
  42              		.cfi_def_cfa_offset 8
  43              		.cfi_offset 7, -8
  44              		.cfi_offset 14, -4
  39:main.c        **** 
  40:main.c        ****     CyGlobalIntEnable; /* Enable global interrupts. */
  45              		.loc 1 40 0
  46              	@ 40 "main.c" 1
  47 0002 62B6     		CPSIE   i
  48              	@ 0 "" 2
  41:main.c        **** 
  42:main.c        ****     generadorOnda_Start();
  49              		.loc 1 42 0
  50              		.thumb
  51 0004 FFF7FEFF 		bl	generadorOnda_Start
  52              	.LVL0:
  43:main.c        ****     USBUART_Start(0, USBUART_5V_OPERATION);
  53              		.loc 1 43 0
  54 0008 0020     		movs	r0, #0
  55 000a 0121     		movs	r1, #1
  56 000c FFF7FEFF 		bl	USBUART_Start
  57              	.LVL1:
  44:main.c        ****     pantallaLCD_Start();
  58              		.loc 1 44 0
  59 0010 FFF7FEFF 		bl	pantallaLCD_Start
  60              	.LVL2:
  61              	.L3:
  45:main.c        **** 
  46:main.c        **** 
  47:main.c        ****     for(;;)
  48:main.c        ****     {
  49:main.c        ****         if (0u != USBUART_IsConfigurationChanged()){
  62              		.loc 1 49 0
  63 0014 FFF7FEFF 		bl	USBUART_IsConfigurationChanged
  64              	.LVL3:
  65 0018 20B1     		cbz	r0, .L2
ARM GAS  C:\Users\JOSANT~1\AppData\Local\Temp\cc2PEs2A.s 			page 3


  50:main.c        ****             if (0u != USBUART_GetConfiguration()){
  66              		.loc 1 50 0
  67 001a FFF7FEFF 		bl	USBUART_GetConfiguration
  68              	.LVL4:
  69 001e 08B1     		cbz	r0, .L2
  51:main.c        ****                 USBUART_CDC_Init();
  70              		.loc 1 51 0
  71 0020 FFF7FEFF 		bl	USBUART_CDC_Init
  72              	.LVL5:
  73              	.L2:
  52:main.c        ****             }
  53:main.c        ****         }
  54:main.c        ****         if (0u != USBUART_GetConfiguration())
  74              		.loc 1 54 0
  75 0024 FFF7FEFF 		bl	USBUART_GetConfiguration
  76              	.LVL6:
  77 0028 0028     		cmp	r0, #0
  78 002a F3D0     		beq	.L3
  55:main.c        ****         {
  56:main.c        ****             if (0u != USBUART_DataIsReady())
  79              		.loc 1 56 0
  80 002c FFF7FEFF 		bl	USBUART_DataIsReady
  81              	.LVL7:
  82 0030 0028     		cmp	r0, #0
  83 0032 EFD0     		beq	.L3
  57:main.c        ****             {
  58:main.c        ****                 op = USBUART_GetChar();
  84              		.loc 1 58 0
  85 0034 FFF7FEFF 		bl	USBUART_GetChar
  86              	.LVL8:
  87 0038 934B     		ldr	r3, .L37
  88 003a 1870     		strb	r0, [r3]
  59:main.c        **** 
  60:main.c        ****                 switch(op)
  89              		.loc 1 60 0
  90 003c A0F14103 		sub	r3, r0, #65
  91 0040 392B     		cmp	r3, #57
  92 0042 00F28C80 		bhi	.L5
  93 0046 DFE803F0 		tbb	[pc, r3]
  94              	.L7:
  95 004a 1D       		.byte	(.L6-.L7)/2
  96 004b 8A       		.byte	(.L5-.L7)/2
  97 004c 8A       		.byte	(.L5-.L7)/2
  98 004d 8A       		.byte	(.L5-.L7)/2
  99 004e 8A       		.byte	(.L5-.L7)/2
 100 004f 8A       		.byte	(.L5-.L7)/2
 101 0050 8A       		.byte	(.L5-.L7)/2
 102 0051 8A       		.byte	(.L5-.L7)/2
 103 0052 8A       		.byte	(.L5-.L7)/2
 104 0053 8A       		.byte	(.L5-.L7)/2
 105 0054 8A       		.byte	(.L5-.L7)/2
 106 0055 8A       		.byte	(.L5-.L7)/2
 107 0056 8A       		.byte	(.L5-.L7)/2
 108 0057 8A       		.byte	(.L5-.L7)/2
 109 0058 8A       		.byte	(.L5-.L7)/2
 110 0059 8A       		.byte	(.L5-.L7)/2
 111 005a 8A       		.byte	(.L5-.L7)/2
ARM GAS  C:\Users\JOSANT~1\AppData\Local\Temp\cc2PEs2A.s 			page 4


 112 005b 8A       		.byte	(.L5-.L7)/2
 113 005c 41       		.byte	(.L8-.L7)/2
 114 005d 75       		.byte	(.L9-.L7)/2
 115 005e 8A       		.byte	(.L5-.L7)/2
 116 005f 8A       		.byte	(.L5-.L7)/2
 117 0060 8A       		.byte	(.L5-.L7)/2
 118 0061 5F       		.byte	(.L10-.L7)/2
 119 0062 8A       		.byte	(.L5-.L7)/2
 120 0063 2F       		.byte	(.L11-.L7)/2
 121 0064 8A       		.byte	(.L5-.L7)/2
 122 0065 8A       		.byte	(.L5-.L7)/2
 123 0066 8A       		.byte	(.L5-.L7)/2
 124 0067 8A       		.byte	(.L5-.L7)/2
 125 0068 8A       		.byte	(.L5-.L7)/2
 126 0069 8A       		.byte	(.L5-.L7)/2
 127 006a 1D       		.byte	(.L6-.L7)/2
 128 006b 8A       		.byte	(.L5-.L7)/2
 129 006c 8A       		.byte	(.L5-.L7)/2
 130 006d 8A       		.byte	(.L5-.L7)/2
 131 006e 8A       		.byte	(.L5-.L7)/2
 132 006f 8A       		.byte	(.L5-.L7)/2
 133 0070 8A       		.byte	(.L5-.L7)/2
 134 0071 8A       		.byte	(.L5-.L7)/2
 135 0072 8A       		.byte	(.L5-.L7)/2
 136 0073 8A       		.byte	(.L5-.L7)/2
 137 0074 8A       		.byte	(.L5-.L7)/2
 138 0075 8A       		.byte	(.L5-.L7)/2
 139 0076 8A       		.byte	(.L5-.L7)/2
 140 0077 8A       		.byte	(.L5-.L7)/2
 141 0078 8A       		.byte	(.L5-.L7)/2
 142 0079 8A       		.byte	(.L5-.L7)/2
 143 007a 8A       		.byte	(.L5-.L7)/2
 144 007b 8A       		.byte	(.L5-.L7)/2
 145 007c 41       		.byte	(.L8-.L7)/2
 146 007d 75       		.byte	(.L9-.L7)/2
 147 007e 8A       		.byte	(.L5-.L7)/2
 148 007f 8A       		.byte	(.L5-.L7)/2
 149 0080 8A       		.byte	(.L5-.L7)/2
 150 0081 5F       		.byte	(.L10-.L7)/2
 151 0082 8A       		.byte	(.L5-.L7)/2
 152 0083 2F       		.byte	(.L11-.L7)/2
 153              		.p2align 1
 154              	.L6:
  61:main.c        ****                 {
  62:main.c        ****                     case 'a':
  63:main.c        ****                     case 'A':
  64:main.c        ****                         amp += 5;
 155              		.loc 1 64 0
 156 0084 814A     		ldr	r2, .L37+4
 157 0086 1378     		ldrb	r3, [r2]	@ zero_extendqisi2
 158 0088 0533     		adds	r3, r3, #5
 159 008a 1370     		strb	r3, [r2]
  65:main.c        ****                         USBUART_PutString("Amplitud aumentada\r\n");
 160              		.loc 1 65 0
 161 008c 8048     		ldr	r0, .L37+8
 162 008e FFF7FEFF 		bl	USBUART_PutString
 163              	.LVL9:
ARM GAS  C:\Users\JOSANT~1\AppData\Local\Temp\cc2PEs2A.s 			page 5


  66:main.c        ****                         pantallaLCD_ClearDisplay();
 164              		.loc 1 66 0
 165 0092 0120     		movs	r0, #1
 166 0094 FFF7FEFF 		bl	pantallaLCD_WriteControl
 167              	.LVL10:
  67:main.c        ****                         pantallaLCD_Position(0u, 0u);                            
 168              		.loc 1 67 0
 169 0098 0020     		movs	r0, #0
 170 009a 0146     		mov	r1, r0
 171 009c FFF7FEFF 		bl	pantallaLCD_Position
 172              	.LVL11:
  68:main.c        ****                         pantallaLCD_PrintString("Amplitud aumentada");
 173              		.loc 1 68 0
 174 00a0 7C48     		ldr	r0, .L37+12
 175 00a2 FFF7FEFF 		bl	pantallaLCD_PrintString
 176              	.LVL12:
  69:main.c        ****                         
  70:main.c        ****                         break;
 177              		.loc 1 70 0
 178 00a6 67E0     		b	.L12
 179              	.L11:
  71:main.c        ****                     case 'z':
  72:main.c        ****                     case 'Z':
  73:main.c        ****                         amp -= 5;
 180              		.loc 1 73 0
 181 00a8 784A     		ldr	r2, .L37+4
 182 00aa 1378     		ldrb	r3, [r2]	@ zero_extendqisi2
 183 00ac 053B     		subs	r3, r3, #5
 184 00ae 1370     		strb	r3, [r2]
  74:main.c        ****                         USBUART_PutString("Amplitud decrementada\r\n");
 185              		.loc 1 74 0
 186 00b0 7948     		ldr	r0, .L37+16
 187 00b2 FFF7FEFF 		bl	USBUART_PutString
 188              	.LVL13:
  75:main.c        ****                         pantallaLCD_ClearDisplay();
 189              		.loc 1 75 0
 190 00b6 0120     		movs	r0, #1
 191 00b8 FFF7FEFF 		bl	pantallaLCD_WriteControl
 192              	.LVL14:
  76:main.c        ****                         pantallaLCD_Position(0u, 0u);                            
 193              		.loc 1 76 0
 194 00bc 0020     		movs	r0, #0
 195 00be 0146     		mov	r1, r0
 196 00c0 FFF7FEFF 		bl	pantallaLCD_Position
 197              	.LVL15:
  77:main.c        ****                         pantallaLCD_PrintString("Amplitud decrementada");                    
 198              		.loc 1 77 0
 199 00c4 7548     		ldr	r0, .L37+20
 200 00c6 FFF7FEFF 		bl	pantallaLCD_PrintString
 201              	.LVL16:
  78:main.c        ****                         break;
 202              		.loc 1 78 0
 203 00ca 55E0     		b	.L12
 204              	.L8:
  79:main.c        ****                     case 's':
  80:main.c        ****                     case 'S':
  81:main.c        ****                         if ( ((Clock_1_GetDividerRegister()+1)/2) >=1 )
ARM GAS  C:\Users\JOSANT~1\AppData\Local\Temp\cc2PEs2A.s 			page 6


 205              		.loc 1 81 0
 206 00cc FFF7FEFF 		bl	Clock_1_GetDividerRegister
 207              	.LVL17:
 208 00d0 0130     		adds	r0, r0, #1
 209 00d2 0128     		cmp	r0, #1
 210 00d4 0ADD     		ble	.L13
  82:main.c        ****                             Clock_1_SetDividerValue((Clock_1_GetDividerRegister()+1)/2);
 211              		.loc 1 82 0
 212 00d6 FFF7FEFF 		bl	Clock_1_GetDividerRegister
 213              	.LVL18:
 214 00da 0130     		adds	r0, r0, #1
 215 00dc 00EBD070 		add	r0, r0, r0, lsr #31
 216 00e0 4010     		asrs	r0, r0, #1
 217 00e2 0138     		subs	r0, r0, #1
 218 00e4 80B2     		uxth	r0, r0
 219 00e6 0121     		movs	r1, #1
 220 00e8 FFF7FEFF 		bl	Clock_1_SetDividerRegister
 221              	.LVL19:
 222              	.L13:
  83:main.c        ****                         USBUART_PutString("Frecuencia aumentada\r\n");
 223              		.loc 1 83 0
 224 00ec 6C48     		ldr	r0, .L37+24
 225 00ee FFF7FEFF 		bl	USBUART_PutString
 226              	.LVL20:
  84:main.c        ****                         pantallaLCD_ClearDisplay();
 227              		.loc 1 84 0
 228 00f2 0120     		movs	r0, #1
 229 00f4 FFF7FEFF 		bl	pantallaLCD_WriteControl
 230              	.LVL21:
  85:main.c        ****                         pantallaLCD_Position(0u, 0u);                            
 231              		.loc 1 85 0
 232 00f8 0020     		movs	r0, #0
 233 00fa 0146     		mov	r1, r0
 234 00fc FFF7FEFF 		bl	pantallaLCD_Position
 235              	.LVL22:
  86:main.c        ****                         pantallaLCD_PrintString("Frecuencia aumentada");
 236              		.loc 1 86 0
 237 0100 6848     		ldr	r0, .L37+28
 238 0102 FFF7FEFF 		bl	pantallaLCD_PrintString
 239              	.LVL23:
  87:main.c        ****                         
  88:main.c        ****                         break;
 240              		.loc 1 88 0
 241 0106 37E0     		b	.L12
 242              	.L10:
  89:main.c        ****                     case 'x':
  90:main.c        ****                     case 'X':                        
  91:main.c        ****                         Clock_1_SetDividerValue((Clock_1_GetDividerRegister()+1)*2);               
 243              		.loc 1 91 0
 244 0108 FFF7FEFF 		bl	Clock_1_GetDividerRegister
 245              	.LVL24:
 246 010c 4000     		lsls	r0, r0, #1
 247 010e 0130     		adds	r0, r0, #1
 248 0110 80B2     		uxth	r0, r0
 249 0112 0121     		movs	r1, #1
 250 0114 FFF7FEFF 		bl	Clock_1_SetDividerRegister
 251              	.LVL25:
ARM GAS  C:\Users\JOSANT~1\AppData\Local\Temp\cc2PEs2A.s 			page 7


  92:main.c        ****                         USBUART_PutString("Frecuencia decrementada\r\n");
 252              		.loc 1 92 0
 253 0118 6348     		ldr	r0, .L37+32
 254 011a FFF7FEFF 		bl	USBUART_PutString
 255              	.LVL26:
  93:main.c        ****                         pantallaLCD_ClearDisplay();
 256              		.loc 1 93 0
 257 011e 0120     		movs	r0, #1
 258 0120 FFF7FEFF 		bl	pantallaLCD_WriteControl
 259              	.LVL27:
  94:main.c        ****                         pantallaLCD_Position(0u, 0u);                            
 260              		.loc 1 94 0
 261 0124 0020     		movs	r0, #0
 262 0126 0146     		mov	r1, r0
 263 0128 FFF7FEFF 		bl	pantallaLCD_Position
 264              	.LVL28:
  95:main.c        ****                         pantallaLCD_PrintString("Frecuencia decrementada");
 265              		.loc 1 95 0
 266 012c 5F48     		ldr	r0, .L37+36
 267 012e FFF7FEFF 		bl	pantallaLCD_PrintString
 268              	.LVL29:
  96:main.c        ****                         
  97:main.c        ****                         break;
 269              		.loc 1 97 0
 270 0132 21E0     		b	.L12
 271              	.L9:
  98:main.c        ****                     case 't':
  99:main.c        ****                     case 'T':
 100:main.c        ****                         type = (type+1)%4;
 272              		.loc 1 100 0
 273 0134 5E4B     		ldr	r3, .L37+40
 274 0136 1B78     		ldrb	r3, [r3]	@ zero_extendqisi2
 275 0138 0133     		adds	r3, r3, #1
 276 013a 03F00303 		and	r3, r3, #3
 277 013e 5C4A     		ldr	r2, .L37+40
 278 0140 1370     		strb	r3, [r2]
 101:main.c        ****                         USBUART_PutString("Tipo de onda cambiado\r\n");
 279              		.loc 1 101 0
 280 0142 5C48     		ldr	r0, .L37+44
 281 0144 FFF7FEFF 		bl	USBUART_PutString
 282              	.LVL30:
 102:main.c        ****                         pantallaLCD_ClearDisplay();
 283              		.loc 1 102 0
 284 0148 0120     		movs	r0, #1
 285 014a FFF7FEFF 		bl	pantallaLCD_WriteControl
 286              	.LVL31:
 103:main.c        ****                         pantallaLCD_Position(0u, 0u);                            
 287              		.loc 1 103 0
 288 014e 0020     		movs	r0, #0
 289 0150 0146     		mov	r1, r0
 290 0152 FFF7FEFF 		bl	pantallaLCD_Position
 291              	.LVL32:
 104:main.c        ****                         pantallaLCD_PrintString("Tipo de onda cambiado");
 292              		.loc 1 104 0
 293 0156 5848     		ldr	r0, .L37+48
 294 0158 FFF7FEFF 		bl	pantallaLCD_PrintString
 295              	.LVL33:
ARM GAS  C:\Users\JOSANT~1\AppData\Local\Temp\cc2PEs2A.s 			page 8


 105:main.c        ****                         break;
 296              		.loc 1 105 0
 297 015c 0CE0     		b	.L12
 298              	.L5:
 106:main.c        ****                     default:
 107:main.c        ****                         USBUART_PutString("Comando desconocido\r\n");
 299              		.loc 1 107 0
 300 015e 5748     		ldr	r0, .L37+52
 301 0160 FFF7FEFF 		bl	USBUART_PutString
 302              	.LVL34:
 108:main.c        ****                         pantallaLCD_ClearDisplay();
 303              		.loc 1 108 0
 304 0164 0120     		movs	r0, #1
 305 0166 FFF7FEFF 		bl	pantallaLCD_WriteControl
 306              	.LVL35:
 109:main.c        ****                         pantallaLCD_Position(0u, 0u);                            
 307              		.loc 1 109 0
 308 016a 0020     		movs	r0, #0
 309 016c 0146     		mov	r1, r0
 310 016e FFF7FEFF 		bl	pantallaLCD_Position
 311              	.LVL36:
 110:main.c        ****                         pantallaLCD_PrintString("Comando desconocido");
 312              		.loc 1 110 0
 313 0172 5348     		ldr	r0, .L37+56
 314 0174 FFF7FEFF 		bl	pantallaLCD_PrintString
 315              	.LVL37:
 316              	.L12:
 111:main.c        ****                         break;
 112:main.c        ****                 } /* end of switch(thisCommand) */
 113:main.c        ****                 switch (type) {
 317              		.loc 1 113 0
 318 0178 4D4B     		ldr	r3, .L37+40
 319 017a 1B78     		ldrb	r3, [r3]	@ zero_extendqisi2
 320 017c 032B     		cmp	r3, #3
 321 017e 00F2BE80 		bhi	.L15
 322 0182 DFE803F0 		tbb	[pc, r3]
 323              	.L17:
 324 0186 02       		.byte	(.L16-.L17)/2
 325 0187 2F       		.byte	(.L18-.L17)/2
 326 0188 5C       		.byte	(.L19-.L17)/2
 327 0189 7D       		.byte	(.L20-.L17)/2
 328              		.p2align 1
 329              	.L16:
 114:main.c        ****                     case SENO:
 115:main.c        ****                         for (i=0; i < MUESTRAS; i++) {
 330              		.loc 1 115 0
 331 018a 0022     		movs	r2, #0
 332 018c 484B     		ldr	r3, .L37+40
 333 018e 5A80     		strh	r2, [r3, #2]	@ movhi
 334 0190 22E0     		b	.L21
 335              	.L22:
 116:main.c        ****                             signal[i] = amp*sin(incrementarFase*i)+amp;
 336              		.loc 1 116 0 discriminator 3
 337 0192 3E4D     		ldr	r5, .L37+4
 338 0194 2878     		ldrb	r0, [r5]	@ zero_extendqisi2
 339 0196 FFF7FEFF 		bl	__aeabi_i2d
 340              	.LVL38:
ARM GAS  C:\Users\JOSANT~1\AppData\Local\Temp\cc2PEs2A.s 			page 9


 341 019a 0646     		mov	r6, r0
 342 019c 0F46     		mov	r7, r1
 343 019e 2046     		mov	r0, r4
 344 01a0 FFF7FEFF 		bl	__aeabi_i2f
 345              	.LVL39:
 346 01a4 6968     		ldr	r1, [r5, #4]	@ float
 347 01a6 FFF7FEFF 		bl	__aeabi_fmul
 348              	.LVL40:
 349 01aa FFF7FEFF 		bl	__aeabi_f2d
 350              	.LVL41:
 351 01ae FFF7FEFF 		bl	sin
 352              	.LVL42:
 353 01b2 0246     		mov	r2, r0
 354 01b4 0B46     		mov	r3, r1
 355 01b6 3046     		mov	r0, r6
 356 01b8 3946     		mov	r1, r7
 357 01ba FFF7FEFF 		bl	__aeabi_dmul
 358              	.LVL43:
 359 01be 0246     		mov	r2, r0
 360 01c0 0B46     		mov	r3, r1
 361 01c2 3046     		mov	r0, r6
 362 01c4 3946     		mov	r1, r7
 363 01c6 FFF7FEFF 		bl	__aeabi_dadd
 364              	.LVL44:
 365 01ca FFF7FEFF 		bl	__aeabi_d2uiz
 366              	.LVL45:
 367 01ce 3D4B     		ldr	r3, .L37+60
 368 01d0 1855     		strb	r0, [r3, r4]
 115:main.c        ****                             signal[i] = amp*sin(incrementarFase*i)+amp;
 369              		.loc 1 115 0 discriminator 3
 370 01d2 0134     		adds	r4, r4, #1
 371 01d4 364B     		ldr	r3, .L37+40
 372 01d6 5C80     		strh	r4, [r3, #2]	@ movhi
 373              	.L21:
 115:main.c        ****                             signal[i] = amp*sin(incrementarFase*i)+amp;
 374              		.loc 1 115 0 is_stmt 0 discriminator 1
 375 01d8 354B     		ldr	r3, .L37+40
 376 01da 5C88     		ldrh	r4, [r3, #2]
 377 01dc B4F57A6F 		cmp	r4, #4000
 378 01e0 D7D3     		bcc	.L22
 379 01e2 8CE0     		b	.L15
 380              	.L18:
 117:main.c        ****                         }
 118:main.c        ****                         break;
 119:main.c        ****                     case CUADRADA:
 120:main.c        ****                         for (i=0; i < MUESTRAS; i++) {
 381              		.loc 1 120 0 is_stmt 1
 382 01e4 0022     		movs	r2, #0
 383 01e6 324B     		ldr	r3, .L37+40
 384 01e8 5A80     		strh	r2, [r3, #2]	@ movhi
 385 01ea 22E0     		b	.L23
 386              	.L26:
 121:main.c        ****                             signal[i] = (amp*sin(incrementarFase*i)>=0)?amp*2:0;
 387              		.loc 1 121 0
 388 01ec 274E     		ldr	r6, .L37+4
 389 01ee 3578     		ldrb	r5, [r6]	@ zero_extendqisi2
 390 01f0 2046     		mov	r0, r4
ARM GAS  C:\Users\JOSANT~1\AppData\Local\Temp\cc2PEs2A.s 			page 10


 391 01f2 FFF7FEFF 		bl	__aeabi_i2f
 392              	.LVL46:
 393 01f6 7168     		ldr	r1, [r6, #4]	@ float
 394 01f8 FFF7FEFF 		bl	__aeabi_fmul
 395              	.LVL47:
 396 01fc FFF7FEFF 		bl	__aeabi_f2d
 397              	.LVL48:
 398 0200 FFF7FEFF 		bl	sin
 399              	.LVL49:
 400 0204 0646     		mov	r6, r0
 401 0206 0F46     		mov	r7, r1
 402 0208 2846     		mov	r0, r5
 403 020a FFF7FEFF 		bl	__aeabi_i2d
 404              	.LVL50:
 405 020e 3246     		mov	r2, r6
 406 0210 3B46     		mov	r3, r7
 407 0212 FFF7FEFF 		bl	__aeabi_dmul
 408              	.LVL51:
 409 0216 0022     		movs	r2, #0
 410 0218 0023     		movs	r3, #0
 411 021a FFF7FEFF 		bl	__aeabi_dcmpge
 412              	.LVL52:
 413 021e 10B1     		cbz	r0, .L35
 414              		.loc 1 121 0 is_stmt 0 discriminator 1
 415 0220 6B00     		lsls	r3, r5, #1
 416 0222 DBB2     		uxtb	r3, r3
 417 0224 00E0     		b	.L24
 418              	.L35:
 419              		.loc 1 121 0
 420 0226 0023     		movs	r3, #0
 421              	.L24:
 422              		.loc 1 121 0 discriminator 4
 423 0228 264A     		ldr	r2, .L37+60
 424 022a 1355     		strb	r3, [r2, r4]
 120:main.c        ****                             signal[i] = (amp*sin(incrementarFase*i)>=0)?amp*2:0;
 425              		.loc 1 120 0 is_stmt 1 discriminator 4
 426 022c 0134     		adds	r4, r4, #1
 427 022e 204B     		ldr	r3, .L37+40
 428 0230 5C80     		strh	r4, [r3, #2]	@ movhi
 429              	.L23:
 120:main.c        ****                             signal[i] = (amp*sin(incrementarFase*i)>=0)?amp*2:0;
 430              		.loc 1 120 0 is_stmt 0 discriminator 2
 431 0232 1F4B     		ldr	r3, .L37+40
 432 0234 5C88     		ldrh	r4, [r3, #2]
 433 0236 B4F57A6F 		cmp	r4, #4000
 434 023a D7D3     		bcc	.L26
 435 023c 5FE0     		b	.L15
 436              	.L19:
 122:main.c        ****                         }
 123:main.c        ****                         break;                        
 124:main.c        ****                     case SIERRA:
 125:main.c        ****                         for (i=0; i < MUESTRAS; i++) {                    
 437              		.loc 1 125 0 is_stmt 1
 438 023e 0022     		movs	r2, #0
 439 0240 1B4B     		ldr	r3, .L37+40
 440 0242 5A80     		strh	r2, [r3, #2]	@ movhi
 441 0244 16E0     		b	.L27
ARM GAS  C:\Users\JOSANT~1\AppData\Local\Temp\cc2PEs2A.s 			page 11


 442              	.L28:
 126:main.c        ****                             signal[i] = 2*amp*(float)(i / MUESTRAS);
 443              		.loc 1 126 0 discriminator 3
 444 0246 114B     		ldr	r3, .L37+4
 445 0248 1D78     		ldrb	r5, [r3]	@ zero_extendqisi2
 446 024a 6D00     		lsls	r5, r5, #1
 447 024c 1E48     		ldr	r0, .L37+64
 448 024e A0FB0430 		umull	r3, r0, r0, r4
 449 0252 000A     		lsrs	r0, r0, #8
 450 0254 FFF7FEFF 		bl	__aeabi_i2f
 451              	.LVL53:
 452 0258 0646     		mov	r6, r0
 453 025a 2846     		mov	r0, r5
 454 025c FFF7FEFF 		bl	__aeabi_i2f
 455              	.LVL54:
 456 0260 3146     		mov	r1, r6
 457 0262 FFF7FEFF 		bl	__aeabi_fmul
 458              	.LVL55:
 459 0266 FFF7FEFF 		bl	__aeabi_f2uiz
 460              	.LVL56:
 461 026a 164B     		ldr	r3, .L37+60
 462 026c 1855     		strb	r0, [r3, r4]
 125:main.c        ****                             signal[i] = 2*amp*(float)(i / MUESTRAS);
 463              		.loc 1 125 0 discriminator 3
 464 026e 0134     		adds	r4, r4, #1
 465 0270 0F4B     		ldr	r3, .L37+40
 466 0272 5C80     		strh	r4, [r3, #2]	@ movhi
 467              	.L27:
 125:main.c        ****                             signal[i] = 2*amp*(float)(i / MUESTRAS);
 468              		.loc 1 125 0 is_stmt 0 discriminator 1
 469 0274 0E4B     		ldr	r3, .L37+40
 470 0276 5C88     		ldrh	r4, [r3, #2]
 471 0278 B4F57A6F 		cmp	r4, #4000
 472 027c E3D3     		bcc	.L28
 473 027e 3EE0     		b	.L15
 474              	.L20:
 127:main.c        ****                         }
 128:main.c        ****                         break;                        
 129:main.c        ****                     case TRIANGULAR:
 130:main.c        ****                         for (i=0; i < MUESTRAS; i++) {
 475              		.loc 1 130 0 is_stmt 1
 476 0280 0022     		movs	r2, #0
 477 0282 0B4B     		ldr	r3, .L37+40
 478 0284 5A80     		strh	r2, [r3, #2]	@ movhi
 479 0286 35E0     		b	.L29
 480              	.L38:
 481              		.align	2
 482              	.L37:
 483 0288 00000000 		.word	op
 484 028c 00000000 		.word	.LANCHOR0
 485 0290 00000000 		.word	.LC0
 486 0294 18000000 		.word	.LC1
 487 0298 2C000000 		.word	.LC2
 488 029c 44000000 		.word	.LC3
 489 02a0 5C000000 		.word	.LC4
 490 02a4 74000000 		.word	.LC5
 491 02a8 8C000000 		.word	.LC6
ARM GAS  C:\Users\JOSANT~1\AppData\Local\Temp\cc2PEs2A.s 			page 12


 492 02ac A8000000 		.word	.LC7
 493 02b0 00000000 		.word	.LANCHOR1
 494 02b4 C0000000 		.word	.LC8
 495 02b8 D8000000 		.word	.LC9
 496 02bc F0000000 		.word	.LC10
 497 02c0 08010000 		.word	.LC11
 498 02c4 00000000 		.word	signal
 499 02c8 D34D6210 		.word	274877907
 500              	.L30:
 501              	.LBB2:
 131:main.c        ****                             signal[i] = 2*amp - abs(i % (2*2*amp) - 2*amp);
 502              		.loc 1 131 0 discriminator 3
 503 02cc 134B     		ldr	r3, .L39
 504 02ce 1978     		ldrb	r1, [r3]	@ zero_extendqisi2
 505 02d0 8800     		lsls	r0, r1, #2
 506 02d2 92FBF0F3 		sdiv	r3, r2, r0
 507 02d6 00FB1320 		mls	r0, r0, r3, r2
 508 02da 4B00     		lsls	r3, r1, #1
 509 02dc 5B42     		negs	r3, r3
 510 02de 0344     		add	r3, r3, r0
 511 02e0 002B     		cmp	r3, #0
 512 02e2 B8BF     		it	lt
 513 02e4 5B42     		rsblt	r3, r3, #0
 514 02e6 C3EB4103 		rsb	r3, r3, r1, lsl #1
 515 02ea 0D49     		ldr	r1, .L39+4
 516 02ec 8B54     		strb	r3, [r1, r2]
 517              	.LBE2:
 130:main.c        ****                             signal[i] = 2*amp - abs(i % (2*2*amp) - 2*amp);
 518              		.loc 1 130 0 discriminator 3
 519 02ee 0132     		adds	r2, r2, #1
 520 02f0 0C4B     		ldr	r3, .L39+8
 521 02f2 5A80     		strh	r2, [r3, #2]	@ movhi
 522              	.L29:
 130:main.c        ****                             signal[i] = 2*amp - abs(i % (2*2*amp) - 2*amp);
 523              		.loc 1 130 0 is_stmt 0 discriminator 1
 524 02f4 0B4B     		ldr	r3, .L39+8
 525 02f6 5A88     		ldrh	r2, [r3, #2]
 526 02f8 B2F57A6F 		cmp	r2, #4000
 527 02fc E6D3     		bcc	.L30
 528              	.L15:
 132:main.c        ****                         }
 133:main.c        ****                         break;                        
 134:main.c        ****                 }
 135:main.c        ****                 generadorOnda_Stop();
 529              		.loc 1 135 0 is_stmt 1
 530 02fe FFF7FEFF 		bl	generadorOnda_Stop
 531              	.LVL57:
 136:main.c        ****                 generadorOnda_Wave1Setup(&signal, 4000);
 532              		.loc 1 136 0
 533 0302 0748     		ldr	r0, .L39+4
 534 0304 4FF47A61 		mov	r1, #4000
 535 0308 FFF7FEFF 		bl	generadorOnda_Wave1Setup
 536              	.LVL58:
 137:main.c        ****                 generadorOnda_Start();
 537              		.loc 1 137 0
 538 030c FFF7FEFF 		bl	generadorOnda_Start
 539              	.LVL59:
ARM GAS  C:\Users\JOSANT~1\AppData\Local\Temp\cc2PEs2A.s 			page 13


 540              	.L31:
 138:main.c        ****                 
 139:main.c        **** 
 140:main.c        ****                 while (0u == USBUART_CDCIsReady());            
 541              		.loc 1 140 0 discriminator 1
 542 0310 FFF7FEFF 		bl	USBUART_CDCIsReady
 543              	.LVL60:
 544 0314 0028     		cmp	r0, #0
 545 0316 FBD0     		beq	.L31
 546 0318 7CE6     		b	.L3
 547              	.L40:
 548 031a 00BF     		.align	2
 549              	.L39:
 550 031c 00000000 		.word	.LANCHOR0
 551 0320 00000000 		.word	signal
 552 0324 00000000 		.word	.LANCHOR1
 553              		.cfi_endproc
 554              	.LFE63:
 555              		.size	main, .-main
 556              		.global	incrementarFase
 557              		.global	j
 558              		.global	i
 559              		.global	amp
 560              		.global	type
 561              		.comm	signal,4000,4
 562              		.comm	op,1,1
 563              		.data
 564              		.align	2
 565              		.set	.LANCHOR0,. + 0
 566              		.type	amp, %object
 567              		.size	amp, 1
 568              	amp:
 569 0000 7F       		.byte	127
 570 0001 000000   		.space	3
 571              		.type	incrementarFase, %object
 572              		.size	incrementarFase, 4
 573              	incrementarFase:
 574 0004 22E3CD3A 		.word	986571554
 575              		.section	.rodata.str1.4,"aMS",%progbits,1
 576              		.align	2
 577              	.LC0:
 578 0000 416D706C 		.ascii	"Amplitud aumentada\015\012\000"
 578      69747564 
 578      2061756D 
 578      656E7461 
 578      64610D0A 
 579 0015 000000   		.space	3
 580              	.LC1:
 581 0018 416D706C 		.ascii	"Amplitud aumentada\000"
 581      69747564 
 581      2061756D 
 581      656E7461 
 581      646100
 582 002b 00       		.space	1
 583              	.LC2:
 584 002c 416D706C 		.ascii	"Amplitud decrementada\015\012\000"
 584      69747564 
ARM GAS  C:\Users\JOSANT~1\AppData\Local\Temp\cc2PEs2A.s 			page 14


 584      20646563 
 584      72656D65 
 584      6E746164 
 585              	.LC3:
 586 0044 416D706C 		.ascii	"Amplitud decrementada\000"
 586      69747564 
 586      20646563 
 586      72656D65 
 586      6E746164 
 587 005a 0000     		.space	2
 588              	.LC4:
 589 005c 46726563 		.ascii	"Frecuencia aumentada\015\012\000"
 589      75656E63 
 589      69612061 
 589      756D656E 
 589      74616461 
 590 0073 00       		.space	1
 591              	.LC5:
 592 0074 46726563 		.ascii	"Frecuencia aumentada\000"
 592      75656E63 
 592      69612061 
 592      756D656E 
 592      74616461 
 593 0089 000000   		.space	3
 594              	.LC6:
 595 008c 46726563 		.ascii	"Frecuencia decrementada\015\012\000"
 595      75656E63 
 595      69612064 
 595      65637265 
 595      6D656E74 
 596 00a6 0000     		.space	2
 597              	.LC7:
 598 00a8 46726563 		.ascii	"Frecuencia decrementada\000"
 598      75656E63 
 598      69612064 
 598      65637265 
 598      6D656E74 
 599              	.LC8:
 600 00c0 5469706F 		.ascii	"Tipo de onda cambiado\015\012\000"
 600      20646520 
 600      6F6E6461 
 600      2063616D 
 600      62696164 
 601              	.LC9:
 602 00d8 5469706F 		.ascii	"Tipo de onda cambiado\000"
 602      20646520 
 602      6F6E6461 
 602      2063616D 
 602      62696164 
 603 00ee 0000     		.space	2
 604              	.LC10:
 605 00f0 436F6D61 		.ascii	"Comando desconocido\015\012\000"
 605      6E646F20 
 605      64657363 
 605      6F6E6F63 
 605      69646F0D 
 606 0106 0000     		.space	2
ARM GAS  C:\Users\JOSANT~1\AppData\Local\Temp\cc2PEs2A.s 			page 15


 607              	.LC11:
 608 0108 436F6D61 		.ascii	"Comando desconocido\000"
 608      6E646F20 
 608      64657363 
 608      6F6E6F63 
 608      69646F00 
 609              		.bss
 610              		.align	1
 611              		.set	.LANCHOR1,. + 0
 612              		.type	type, %object
 613              		.size	type, 1
 614              	type:
 615 0000 00       		.space	1
 616 0001 00       		.space	1
 617              		.type	i, %object
 618              		.size	i, 2
 619              	i:
 620 0002 0000     		.space	2
 621              		.type	j, %object
 622              		.size	j, 1
 623              	j:
 624 0004 00       		.space	1
 625 0005 00       		.text
 626              	.Letext0:
 627              		.file 2 "c:\\program files (x86)\\cypress\\psoc creator\\4.0\\psoc creator\\import\\gnu\\arm\\4.9.
 628              		.file 3 "c:\\program files (x86)\\cypress\\psoc creator\\4.0\\psoc creator\\import\\gnu\\arm\\4.9.
 629              		.file 4 "Generated_Source\\PSoC5/cytypes.h"
 630              		.file 5 "Generated_Source\\PSoC5/core_cm3.h"
 631              		.file 6 "Generated_Source\\PSoC5/generadorOnda.h"
 632              		.file 7 "Generated_Source\\PSoC5/pantallaLCD.h"
 633              		.file 8 "Generated_Source\\PSoC5/USBUART.h"
 634              		.file 9 "Generated_Source\\PSoC5/USBUART_cdc.h"
 635              		.file 10 "Generated_Source\\PSoC5/Clock_1.h"
 636              		.file 11 "<built-in>"
 637              		.file 12 "c:\\program files (x86)\\cypress\\psoc creator\\4.0\\psoc creator\\import\\gnu\\arm\\4.9
 638              		.section	.debug_info,"",%progbits
 639              	.Ldebug_info0:
 640 0000 AB050000 		.4byte	0x5ab
 641 0004 0400     		.2byte	0x4
 642 0006 00000000 		.4byte	.Ldebug_abbrev0
 643 000a 04       		.byte	0x4
 644 000b 01       		.uleb128 0x1
 645 000c 7F010000 		.4byte	.LASF40
 646 0010 01       		.byte	0x1
 647 0011 9F020000 		.4byte	.LASF41
 648 0015 44000000 		.4byte	.LASF42
 649 0019 00000000 		.4byte	.Ldebug_ranges0+0
 650 001d 00000000 		.4byte	0
 651 0021 00000000 		.4byte	.Ldebug_line0
 652 0025 02       		.uleb128 0x2
 653 0026 01       		.byte	0x1
 654 0027 06       		.byte	0x6
 655 0028 14030000 		.4byte	.LASF0
 656 002c 02       		.uleb128 0x2
 657 002d 01       		.byte	0x1
 658 002e 08       		.byte	0x8
 659 002f 04010000 		.4byte	.LASF1
ARM GAS  C:\Users\JOSANT~1\AppData\Local\Temp\cc2PEs2A.s 			page 16


 660 0033 02       		.uleb128 0x2
 661 0034 02       		.byte	0x2
 662 0035 05       		.byte	0x5
 663 0036 D4020000 		.4byte	.LASF2
 664 003a 02       		.uleb128 0x2
 665 003b 02       		.byte	0x2
 666 003c 07       		.byte	0x7
 667 003d 7C000000 		.4byte	.LASF3
 668 0041 03       		.uleb128 0x3
 669 0042 3A000000 		.4byte	.LASF9
 670 0046 02       		.byte	0x2
 671 0047 3F       		.byte	0x3f
 672 0048 4C000000 		.4byte	0x4c
 673 004c 02       		.uleb128 0x2
 674 004d 04       		.byte	0x4
 675 004e 05       		.byte	0x5
 676 004f F9020000 		.4byte	.LASF4
 677 0053 02       		.uleb128 0x2
 678 0054 04       		.byte	0x4
 679 0055 07       		.byte	0x7
 680 0056 18010000 		.4byte	.LASF5
 681 005a 02       		.uleb128 0x2
 682 005b 08       		.byte	0x8
 683 005c 05       		.byte	0x5
 684 005d 91020000 		.4byte	.LASF6
 685 0061 02       		.uleb128 0x2
 686 0062 08       		.byte	0x8
 687 0063 07       		.byte	0x7
 688 0064 39020000 		.4byte	.LASF7
 689 0068 04       		.uleb128 0x4
 690 0069 04       		.byte	0x4
 691 006a 05       		.byte	0x5
 692 006b 696E7400 		.ascii	"int\000"
 693 006f 02       		.uleb128 0x2
 694 0070 04       		.byte	0x4
 695 0071 07       		.byte	0x7
 696 0072 1B020000 		.4byte	.LASF8
 697 0076 03       		.uleb128 0x3
 698 0077 D3000000 		.4byte	.LASF10
 699 007b 03       		.byte	0x3
 700 007c 2C       		.byte	0x2c
 701 007d 41000000 		.4byte	0x41
 702 0081 05       		.uleb128 0x5
 703 0082 F3020000 		.4byte	.LASF11
 704 0086 04       		.byte	0x4
 705 0087 9201     		.2byte	0x192
 706 0089 2C000000 		.4byte	0x2c
 707 008d 05       		.uleb128 0x5
 708 008e 78010000 		.4byte	.LASF12
 709 0092 04       		.byte	0x4
 710 0093 9301     		.2byte	0x193
 711 0095 3A000000 		.4byte	0x3a
 712 0099 02       		.uleb128 0x2
 713 009a 04       		.byte	0x4
 714 009b 04       		.byte	0x4
 715 009c EE000000 		.4byte	.LASF13
 716 00a0 02       		.uleb128 0x2
ARM GAS  C:\Users\JOSANT~1\AppData\Local\Temp\cc2PEs2A.s 			page 17


 717 00a1 08       		.byte	0x8
 718 00a2 04       		.byte	0x4
 719 00a3 52010000 		.4byte	.LASF14
 720 00a7 05       		.uleb128 0x5
 721 00a8 12010000 		.4byte	.LASF15
 722 00ac 04       		.byte	0x4
 723 00ad A301     		.2byte	0x1a3
 724 00af B3000000 		.4byte	0xb3
 725 00b3 02       		.uleb128 0x2
 726 00b4 01       		.byte	0x1
 727 00b5 08       		.byte	0x8
 728 00b6 A6020000 		.4byte	.LASF16
 729 00ba 02       		.uleb128 0x2
 730 00bb 04       		.byte	0x4
 731 00bc 07       		.byte	0x7
 732 00bd 75020000 		.4byte	.LASF17
 733 00c1 02       		.uleb128 0x2
 734 00c2 08       		.byte	0x8
 735 00c3 04       		.byte	0x4
 736 00c4 69020000 		.4byte	.LASF18
 737 00c8 06       		.uleb128 0x6
 738 00c9 64020000 		.4byte	.LASF43
 739 00cd 01       		.byte	0x1
 740 00ce 25       		.byte	0x25
 741 00cf 68000000 		.4byte	0x68
 742 00d3 00000000 		.4byte	.LFB63
 743 00d7 28030000 		.4byte	.LFE63-.LFB63
 744 00db 01       		.uleb128 0x1
 745 00dc 9C       		.byte	0x9c
 746 00dd FF030000 		.4byte	0x3ff
 747 00e1 07       		.uleb128 0x7
 748 00e2 CC020000 		.4byte	.LBB2
 749 00e6 22000000 		.4byte	.LBE2-.LBB2
 750 00ea FC000000 		.4byte	0xfc
 751 00ee 08       		.uleb128 0x8
 752 00ef 61627300 		.ascii	"abs\000"
 753 00f3 0B       		.byte	0xb
 754 00f4 00       		.byte	0
 755 00f5 68000000 		.4byte	0x68
 756 00f9 09       		.uleb128 0x9
 757 00fa 00       		.byte	0
 758 00fb 00       		.byte	0
 759 00fc 0A       		.uleb128 0xa
 760 00fd 08000000 		.4byte	.LVL0
 761 0101 93040000 		.4byte	0x493
 762 0105 0B       		.uleb128 0xb
 763 0106 10000000 		.4byte	.LVL1
 764 010a 9A040000 		.4byte	0x49a
 765 010e 1D010000 		.4byte	0x11d
 766 0112 0C       		.uleb128 0xc
 767 0113 01       		.uleb128 0x1
 768 0114 51       		.byte	0x51
 769 0115 01       		.uleb128 0x1
 770 0116 31       		.byte	0x31
 771 0117 0C       		.uleb128 0xc
 772 0118 01       		.uleb128 0x1
 773 0119 50       		.byte	0x50
ARM GAS  C:\Users\JOSANT~1\AppData\Local\Temp\cc2PEs2A.s 			page 18


 774 011a 01       		.uleb128 0x1
 775 011b 30       		.byte	0x30
 776 011c 00       		.byte	0
 777 011d 0A       		.uleb128 0xa
 778 011e 14000000 		.4byte	.LVL2
 779 0122 B1040000 		.4byte	0x4b1
 780 0126 0A       		.uleb128 0xa
 781 0127 18000000 		.4byte	.LVL3
 782 012b B8040000 		.4byte	0x4b8
 783 012f 0A       		.uleb128 0xa
 784 0130 1E000000 		.4byte	.LVL4
 785 0134 C4040000 		.4byte	0x4c4
 786 0138 0A       		.uleb128 0xa
 787 0139 24000000 		.4byte	.LVL5
 788 013d D0040000 		.4byte	0x4d0
 789 0141 0A       		.uleb128 0xa
 790 0142 28000000 		.4byte	.LVL6
 791 0146 C4040000 		.4byte	0x4c4
 792 014a 0A       		.uleb128 0xa
 793 014b 30000000 		.4byte	.LVL7
 794 014f DB040000 		.4byte	0x4db
 795 0153 0A       		.uleb128 0xa
 796 0154 38000000 		.4byte	.LVL8
 797 0158 E6040000 		.4byte	0x4e6
 798 015c 0B       		.uleb128 0xb
 799 015d 92000000 		.4byte	.LVL9
 800 0161 F1040000 		.4byte	0x4f1
 801 0165 73010000 		.4byte	0x173
 802 0169 0C       		.uleb128 0xc
 803 016a 01       		.uleb128 0x1
 804 016b 50       		.byte	0x50
 805 016c 05       		.uleb128 0x5
 806 016d 03       		.byte	0x3
 807 016e 00000000 		.4byte	.LC0
 808 0172 00       		.byte	0
 809 0173 0B       		.uleb128 0xb
 810 0174 98000000 		.4byte	.LVL10
 811 0178 0D050000 		.4byte	0x50d
 812 017c 86010000 		.4byte	0x186
 813 0180 0C       		.uleb128 0xc
 814 0181 01       		.uleb128 0x1
 815 0182 50       		.byte	0x50
 816 0183 01       		.uleb128 0x1
 817 0184 31       		.byte	0x31
 818 0185 00       		.byte	0
 819 0186 0B       		.uleb128 0xb
 820 0187 A0000000 		.4byte	.LVL11
 821 018b 1E050000 		.4byte	0x51e
 822 018f 9E010000 		.4byte	0x19e
 823 0193 0C       		.uleb128 0xc
 824 0194 01       		.uleb128 0x1
 825 0195 51       		.byte	0x51
 826 0196 01       		.uleb128 0x1
 827 0197 30       		.byte	0x30
 828 0198 0C       		.uleb128 0xc
 829 0199 01       		.uleb128 0x1
 830 019a 50       		.byte	0x50
ARM GAS  C:\Users\JOSANT~1\AppData\Local\Temp\cc2PEs2A.s 			page 19


 831 019b 01       		.uleb128 0x1
 832 019c 30       		.byte	0x30
 833 019d 00       		.byte	0
 834 019e 0B       		.uleb128 0xb
 835 019f A6000000 		.4byte	.LVL12
 836 01a3 34050000 		.4byte	0x534
 837 01a7 B5010000 		.4byte	0x1b5
 838 01ab 0C       		.uleb128 0xc
 839 01ac 01       		.uleb128 0x1
 840 01ad 50       		.byte	0x50
 841 01ae 05       		.uleb128 0x5
 842 01af 03       		.byte	0x3
 843 01b0 18000000 		.4byte	.LC1
 844 01b4 00       		.byte	0
 845 01b5 0B       		.uleb128 0xb
 846 01b6 B6000000 		.4byte	.LVL13
 847 01ba F1040000 		.4byte	0x4f1
 848 01be CC010000 		.4byte	0x1cc
 849 01c2 0C       		.uleb128 0xc
 850 01c3 01       		.uleb128 0x1
 851 01c4 50       		.byte	0x50
 852 01c5 05       		.uleb128 0x5
 853 01c6 03       		.byte	0x3
 854 01c7 2C000000 		.4byte	.LC2
 855 01cb 00       		.byte	0
 856 01cc 0B       		.uleb128 0xb
 857 01cd BC000000 		.4byte	.LVL14
 858 01d1 0D050000 		.4byte	0x50d
 859 01d5 DF010000 		.4byte	0x1df
 860 01d9 0C       		.uleb128 0xc
 861 01da 01       		.uleb128 0x1
 862 01db 50       		.byte	0x50
 863 01dc 01       		.uleb128 0x1
 864 01dd 31       		.byte	0x31
 865 01de 00       		.byte	0
 866 01df 0B       		.uleb128 0xb
 867 01e0 C4000000 		.4byte	.LVL15
 868 01e4 1E050000 		.4byte	0x51e
 869 01e8 F7010000 		.4byte	0x1f7
 870 01ec 0C       		.uleb128 0xc
 871 01ed 01       		.uleb128 0x1
 872 01ee 51       		.byte	0x51
 873 01ef 01       		.uleb128 0x1
 874 01f0 30       		.byte	0x30
 875 01f1 0C       		.uleb128 0xc
 876 01f2 01       		.uleb128 0x1
 877 01f3 50       		.byte	0x50
 878 01f4 01       		.uleb128 0x1
 879 01f5 30       		.byte	0x30
 880 01f6 00       		.byte	0
 881 01f7 0B       		.uleb128 0xb
 882 01f8 CA000000 		.4byte	.LVL16
 883 01fc 34050000 		.4byte	0x534
 884 0200 0E020000 		.4byte	0x20e
 885 0204 0C       		.uleb128 0xc
 886 0205 01       		.uleb128 0x1
 887 0206 50       		.byte	0x50
ARM GAS  C:\Users\JOSANT~1\AppData\Local\Temp\cc2PEs2A.s 			page 20


 888 0207 05       		.uleb128 0x5
 889 0208 03       		.byte	0x3
 890 0209 44000000 		.4byte	.LC3
 891 020d 00       		.byte	0
 892 020e 0A       		.uleb128 0xa
 893 020f D0000000 		.4byte	.LVL17
 894 0213 45050000 		.4byte	0x545
 895 0217 0A       		.uleb128 0xa
 896 0218 DA000000 		.4byte	.LVL18
 897 021c 45050000 		.4byte	0x545
 898 0220 0B       		.uleb128 0xb
 899 0221 EC000000 		.4byte	.LVL19
 900 0225 50050000 		.4byte	0x550
 901 0229 33020000 		.4byte	0x233
 902 022d 0C       		.uleb128 0xc
 903 022e 01       		.uleb128 0x1
 904 022f 51       		.byte	0x51
 905 0230 01       		.uleb128 0x1
 906 0231 31       		.byte	0x31
 907 0232 00       		.byte	0
 908 0233 0B       		.uleb128 0xb
 909 0234 F2000000 		.4byte	.LVL20
 910 0238 F1040000 		.4byte	0x4f1
 911 023c 4A020000 		.4byte	0x24a
 912 0240 0C       		.uleb128 0xc
 913 0241 01       		.uleb128 0x1
 914 0242 50       		.byte	0x50
 915 0243 05       		.uleb128 0x5
 916 0244 03       		.byte	0x3
 917 0245 5C000000 		.4byte	.LC4
 918 0249 00       		.byte	0
 919 024a 0B       		.uleb128 0xb
 920 024b F8000000 		.4byte	.LVL21
 921 024f 0D050000 		.4byte	0x50d
 922 0253 5D020000 		.4byte	0x25d
 923 0257 0C       		.uleb128 0xc
 924 0258 01       		.uleb128 0x1
 925 0259 50       		.byte	0x50
 926 025a 01       		.uleb128 0x1
 927 025b 31       		.byte	0x31
 928 025c 00       		.byte	0
 929 025d 0B       		.uleb128 0xb
 930 025e 00010000 		.4byte	.LVL22
 931 0262 1E050000 		.4byte	0x51e
 932 0266 75020000 		.4byte	0x275
 933 026a 0C       		.uleb128 0xc
 934 026b 01       		.uleb128 0x1
 935 026c 51       		.byte	0x51
 936 026d 01       		.uleb128 0x1
 937 026e 30       		.byte	0x30
 938 026f 0C       		.uleb128 0xc
 939 0270 01       		.uleb128 0x1
 940 0271 50       		.byte	0x50
 941 0272 01       		.uleb128 0x1
 942 0273 30       		.byte	0x30
 943 0274 00       		.byte	0
 944 0275 0B       		.uleb128 0xb
ARM GAS  C:\Users\JOSANT~1\AppData\Local\Temp\cc2PEs2A.s 			page 21


 945 0276 06010000 		.4byte	.LVL23
 946 027a 34050000 		.4byte	0x534
 947 027e 8C020000 		.4byte	0x28c
 948 0282 0C       		.uleb128 0xc
 949 0283 01       		.uleb128 0x1
 950 0284 50       		.byte	0x50
 951 0285 05       		.uleb128 0x5
 952 0286 03       		.byte	0x3
 953 0287 74000000 		.4byte	.LC5
 954 028b 00       		.byte	0
 955 028c 0A       		.uleb128 0xa
 956 028d 0C010000 		.4byte	.LVL24
 957 0291 45050000 		.4byte	0x545
 958 0295 0B       		.uleb128 0xb
 959 0296 18010000 		.4byte	.LVL25
 960 029a 50050000 		.4byte	0x550
 961 029e A8020000 		.4byte	0x2a8
 962 02a2 0C       		.uleb128 0xc
 963 02a3 01       		.uleb128 0x1
 964 02a4 51       		.byte	0x51
 965 02a5 01       		.uleb128 0x1
 966 02a6 31       		.byte	0x31
 967 02a7 00       		.byte	0
 968 02a8 0B       		.uleb128 0xb
 969 02a9 1E010000 		.4byte	.LVL26
 970 02ad F1040000 		.4byte	0x4f1
 971 02b1 BF020000 		.4byte	0x2bf
 972 02b5 0C       		.uleb128 0xc
 973 02b6 01       		.uleb128 0x1
 974 02b7 50       		.byte	0x50
 975 02b8 05       		.uleb128 0x5
 976 02b9 03       		.byte	0x3
 977 02ba 8C000000 		.4byte	.LC6
 978 02be 00       		.byte	0
 979 02bf 0B       		.uleb128 0xb
 980 02c0 24010000 		.4byte	.LVL27
 981 02c4 0D050000 		.4byte	0x50d
 982 02c8 D2020000 		.4byte	0x2d2
 983 02cc 0C       		.uleb128 0xc
 984 02cd 01       		.uleb128 0x1
 985 02ce 50       		.byte	0x50
 986 02cf 01       		.uleb128 0x1
 987 02d0 31       		.byte	0x31
 988 02d1 00       		.byte	0
 989 02d2 0B       		.uleb128 0xb
 990 02d3 2C010000 		.4byte	.LVL28
 991 02d7 1E050000 		.4byte	0x51e
 992 02db EA020000 		.4byte	0x2ea
 993 02df 0C       		.uleb128 0xc
 994 02e0 01       		.uleb128 0x1
 995 02e1 51       		.byte	0x51
 996 02e2 01       		.uleb128 0x1
 997 02e3 30       		.byte	0x30
 998 02e4 0C       		.uleb128 0xc
 999 02e5 01       		.uleb128 0x1
 1000 02e6 50       		.byte	0x50
 1001 02e7 01       		.uleb128 0x1
ARM GAS  C:\Users\JOSANT~1\AppData\Local\Temp\cc2PEs2A.s 			page 22


 1002 02e8 30       		.byte	0x30
 1003 02e9 00       		.byte	0
 1004 02ea 0B       		.uleb128 0xb
 1005 02eb 32010000 		.4byte	.LVL29
 1006 02ef 34050000 		.4byte	0x534
 1007 02f3 01030000 		.4byte	0x301
 1008 02f7 0C       		.uleb128 0xc
 1009 02f8 01       		.uleb128 0x1
 1010 02f9 50       		.byte	0x50
 1011 02fa 05       		.uleb128 0x5
 1012 02fb 03       		.byte	0x3
 1013 02fc A8000000 		.4byte	.LC7
 1014 0300 00       		.byte	0
 1015 0301 0B       		.uleb128 0xb
 1016 0302 48010000 		.4byte	.LVL30
 1017 0306 F1040000 		.4byte	0x4f1
 1018 030a 18030000 		.4byte	0x318
 1019 030e 0C       		.uleb128 0xc
 1020 030f 01       		.uleb128 0x1
 1021 0310 50       		.byte	0x50
 1022 0311 05       		.uleb128 0x5
 1023 0312 03       		.byte	0x3
 1024 0313 C0000000 		.4byte	.LC8
 1025 0317 00       		.byte	0
 1026 0318 0B       		.uleb128 0xb
 1027 0319 4E010000 		.4byte	.LVL31
 1028 031d 0D050000 		.4byte	0x50d
 1029 0321 2B030000 		.4byte	0x32b
 1030 0325 0C       		.uleb128 0xc
 1031 0326 01       		.uleb128 0x1
 1032 0327 50       		.byte	0x50
 1033 0328 01       		.uleb128 0x1
 1034 0329 31       		.byte	0x31
 1035 032a 00       		.byte	0
 1036 032b 0B       		.uleb128 0xb
 1037 032c 56010000 		.4byte	.LVL32
 1038 0330 1E050000 		.4byte	0x51e
 1039 0334 43030000 		.4byte	0x343
 1040 0338 0C       		.uleb128 0xc
 1041 0339 01       		.uleb128 0x1
 1042 033a 51       		.byte	0x51
 1043 033b 01       		.uleb128 0x1
 1044 033c 30       		.byte	0x30
 1045 033d 0C       		.uleb128 0xc
 1046 033e 01       		.uleb128 0x1
 1047 033f 50       		.byte	0x50
 1048 0340 01       		.uleb128 0x1
 1049 0341 30       		.byte	0x30
 1050 0342 00       		.byte	0
 1051 0343 0B       		.uleb128 0xb
 1052 0344 5C010000 		.4byte	.LVL33
 1053 0348 34050000 		.4byte	0x534
 1054 034c 5A030000 		.4byte	0x35a
 1055 0350 0C       		.uleb128 0xc
 1056 0351 01       		.uleb128 0x1
 1057 0352 50       		.byte	0x50
 1058 0353 05       		.uleb128 0x5
ARM GAS  C:\Users\JOSANT~1\AppData\Local\Temp\cc2PEs2A.s 			page 23


 1059 0354 03       		.byte	0x3
 1060 0355 D8000000 		.4byte	.LC9
 1061 0359 00       		.byte	0
 1062 035a 0B       		.uleb128 0xb
 1063 035b 64010000 		.4byte	.LVL34
 1064 035f F1040000 		.4byte	0x4f1
 1065 0363 71030000 		.4byte	0x371
 1066 0367 0C       		.uleb128 0xc
 1067 0368 01       		.uleb128 0x1
 1068 0369 50       		.byte	0x50
 1069 036a 05       		.uleb128 0x5
 1070 036b 03       		.byte	0x3
 1071 036c F0000000 		.4byte	.LC10
 1072 0370 00       		.byte	0
 1073 0371 0B       		.uleb128 0xb
 1074 0372 6A010000 		.4byte	.LVL35
 1075 0376 0D050000 		.4byte	0x50d
 1076 037a 84030000 		.4byte	0x384
 1077 037e 0C       		.uleb128 0xc
 1078 037f 01       		.uleb128 0x1
 1079 0380 50       		.byte	0x50
 1080 0381 01       		.uleb128 0x1
 1081 0382 31       		.byte	0x31
 1082 0383 00       		.byte	0
 1083 0384 0B       		.uleb128 0xb
 1084 0385 72010000 		.4byte	.LVL36
 1085 0389 1E050000 		.4byte	0x51e
 1086 038d 9C030000 		.4byte	0x39c
 1087 0391 0C       		.uleb128 0xc
 1088 0392 01       		.uleb128 0x1
 1089 0393 51       		.byte	0x51
 1090 0394 01       		.uleb128 0x1
 1091 0395 30       		.byte	0x30
 1092 0396 0C       		.uleb128 0xc
 1093 0397 01       		.uleb128 0x1
 1094 0398 50       		.byte	0x50
 1095 0399 01       		.uleb128 0x1
 1096 039a 30       		.byte	0x30
 1097 039b 00       		.byte	0
 1098 039c 0B       		.uleb128 0xb
 1099 039d 78010000 		.4byte	.LVL37
 1100 03a1 34050000 		.4byte	0x534
 1101 03a5 B3030000 		.4byte	0x3b3
 1102 03a9 0C       		.uleb128 0xc
 1103 03aa 01       		.uleb128 0x1
 1104 03ab 50       		.byte	0x50
 1105 03ac 05       		.uleb128 0x5
 1106 03ad 03       		.byte	0x3
 1107 03ae 08010000 		.4byte	.LC11
 1108 03b2 00       		.byte	0
 1109 03b3 0A       		.uleb128 0xa
 1110 03b4 B2010000 		.4byte	.LVL42
 1111 03b8 66050000 		.4byte	0x566
 1112 03bc 0A       		.uleb128 0xa
 1113 03bd 04020000 		.4byte	.LVL49
 1114 03c1 66050000 		.4byte	0x566
 1115 03c5 0A       		.uleb128 0xa
ARM GAS  C:\Users\JOSANT~1\AppData\Local\Temp\cc2PEs2A.s 			page 24


 1116 03c6 02030000 		.4byte	.LVL57
 1117 03ca 7B050000 		.4byte	0x57b
 1118 03ce 0B       		.uleb128 0xb
 1119 03cf 0C030000 		.4byte	.LVL58
 1120 03d3 82050000 		.4byte	0x582
 1121 03d7 EC030000 		.4byte	0x3ec
 1122 03db 0C       		.uleb128 0xc
 1123 03dc 01       		.uleb128 0x1
 1124 03dd 51       		.byte	0x51
 1125 03de 03       		.uleb128 0x3
 1126 03df 0A       		.byte	0xa
 1127 03e0 A00F     		.2byte	0xfa0
 1128 03e2 0C       		.uleb128 0xc
 1129 03e3 01       		.uleb128 0x1
 1130 03e4 50       		.byte	0x50
 1131 03e5 05       		.uleb128 0x5
 1132 03e6 03       		.byte	0x3
 1133 03e7 00000000 		.4byte	signal
 1134 03eb 00       		.byte	0
 1135 03ec 0A       		.uleb128 0xa
 1136 03ed 10030000 		.4byte	.LVL59
 1137 03f1 93040000 		.4byte	0x493
 1138 03f5 0A       		.uleb128 0xa
 1139 03f6 14030000 		.4byte	.LVL60
 1140 03fa A3050000 		.4byte	0x5a3
 1141 03fe 00       		.byte	0
 1142 03ff 0D       		.uleb128 0xd
 1143 0400 45010000 		.4byte	.LASF19
 1144 0404 05       		.byte	0x5
 1145 0405 9606     		.2byte	0x696
 1146 0407 0B040000 		.4byte	0x40b
 1147 040b 0E       		.uleb128 0xe
 1148 040c 76000000 		.4byte	0x76
 1149 0410 0F       		.uleb128 0xf
 1150 0411 6F7000   		.ascii	"op\000"
 1151 0414 01       		.byte	0x1
 1152 0415 1B       		.byte	0x1b
 1153 0416 B3000000 		.4byte	0xb3
 1154 041a 05       		.uleb128 0x5
 1155 041b 03       		.byte	0x3
 1156 041c 00000000 		.4byte	op
 1157 0420 10       		.uleb128 0x10
 1158 0421 81000000 		.4byte	0x81
 1159 0425 31040000 		.4byte	0x431
 1160 0429 11       		.uleb128 0x11
 1161 042a BA000000 		.4byte	0xba
 1162 042e 9F0F     		.2byte	0xf9f
 1163 0430 00       		.byte	0
 1164 0431 12       		.uleb128 0x12
 1165 0432 33000000 		.4byte	.LASF20
 1166 0436 01       		.byte	0x1
 1167 0437 1C       		.byte	0x1c
 1168 0438 20040000 		.4byte	0x420
 1169 043c 05       		.uleb128 0x5
 1170 043d 03       		.byte	0x3
 1171 043e 00000000 		.4byte	signal
 1172 0442 12       		.uleb128 0x12
ARM GAS  C:\Users\JOSANT~1\AppData\Local\Temp\cc2PEs2A.s 			page 25


 1173 0443 CF020000 		.4byte	.LASF21
 1174 0447 01       		.byte	0x1
 1175 0448 1D       		.byte	0x1d
 1176 0449 81000000 		.4byte	0x81
 1177 044d 05       		.uleb128 0x5
 1178 044e 03       		.byte	0x3
 1179 044f 00000000 		.4byte	type
 1180 0453 0F       		.uleb128 0xf
 1181 0454 616D7000 		.ascii	"amp\000"
 1182 0458 01       		.byte	0x1
 1183 0459 1E       		.byte	0x1e
 1184 045a 81000000 		.4byte	0x81
 1185 045e 05       		.uleb128 0x5
 1186 045f 03       		.byte	0x3
 1187 0460 00000000 		.4byte	amp
 1188 0464 0F       		.uleb128 0xf
 1189 0465 6900     		.ascii	"i\000"
 1190 0467 01       		.byte	0x1
 1191 0468 1F       		.byte	0x1f
 1192 0469 8D000000 		.4byte	0x8d
 1193 046d 05       		.uleb128 0x5
 1194 046e 03       		.byte	0x3
 1195 046f 00000000 		.4byte	i
 1196 0473 0F       		.uleb128 0xf
 1197 0474 6A00     		.ascii	"j\000"
 1198 0476 01       		.byte	0x1
 1199 0477 20       		.byte	0x20
 1200 0478 81000000 		.4byte	0x81
 1201 047c 05       		.uleb128 0x5
 1202 047d 03       		.byte	0x3
 1203 047e 00000000 		.4byte	j
 1204 0482 12       		.uleb128 0x12
 1205 0483 F4000000 		.4byte	.LASF22
 1206 0487 01       		.byte	0x1
 1207 0488 22       		.byte	0x22
 1208 0489 99000000 		.4byte	0x99
 1209 048d 05       		.uleb128 0x5
 1210 048e 03       		.byte	0x3
 1211 048f 00000000 		.4byte	incrementarFase
 1212 0493 13       		.uleb128 0x13
 1213 0494 AB020000 		.4byte	.LASF23
 1214 0498 06       		.byte	0x6
 1215 0499 67       		.byte	0x67
 1216 049a 14       		.uleb128 0x14
 1217 049b 0D020000 		.4byte	.LASF30
 1218 049f 08       		.byte	0x8
 1219 04a0 2A01     		.2byte	0x12a
 1220 04a2 B1040000 		.4byte	0x4b1
 1221 04a6 15       		.uleb128 0x15
 1222 04a7 81000000 		.4byte	0x81
 1223 04ab 15       		.uleb128 0x15
 1224 04ac 81000000 		.4byte	0x81
 1225 04b0 00       		.byte	0
 1226 04b1 13       		.uleb128 0x13
 1227 04b2 02030000 		.4byte	.LASF24
 1228 04b6 07       		.byte	0x7
 1229 04b7 38       		.byte	0x38
ARM GAS  C:\Users\JOSANT~1\AppData\Local\Temp\cc2PEs2A.s 			page 26


 1230 04b8 16       		.uleb128 0x16
 1231 04b9 59010000 		.4byte	.LASF25
 1232 04bd 08       		.byte	0x8
 1233 04be 2E01     		.2byte	0x12e
 1234 04c0 81000000 		.4byte	0x81
 1235 04c4 16       		.uleb128 0x16
 1236 04c5 A1000000 		.4byte	.LASF26
 1237 04c9 08       		.byte	0x8
 1238 04ca 2D01     		.2byte	0x12d
 1239 04cc 81000000 		.4byte	0x81
 1240 04d0 17       		.uleb128 0x17
 1241 04d1 28020000 		.4byte	.LASF27
 1242 04d5 09       		.byte	0x9
 1243 04d6 22       		.byte	0x22
 1244 04d7 81000000 		.4byte	0x81
 1245 04db 17       		.uleb128 0x17
 1246 04dc 50020000 		.4byte	.LASF28
 1247 04e0 09       		.byte	0x9
 1248 04e1 29       		.byte	0x29
 1249 04e2 81000000 		.4byte	0x81
 1250 04e6 17       		.uleb128 0x17
 1251 04e7 BF020000 		.4byte	.LASF29
 1252 04eb 09       		.byte	0x9
 1253 04ec 2C       		.byte	0x2c
 1254 04ed 81000000 		.4byte	0x81
 1255 04f1 18       		.uleb128 0x18
 1256 04f2 8F000000 		.4byte	.LASF31
 1257 04f6 09       		.byte	0x9
 1258 04f7 24       		.byte	0x24
 1259 04f8 02050000 		.4byte	0x502
 1260 04fc 15       		.uleb128 0x15
 1261 04fd 02050000 		.4byte	0x502
 1262 0501 00       		.byte	0
 1263 0502 19       		.uleb128 0x19
 1264 0503 04       		.byte	0x4
 1265 0504 08050000 		.4byte	0x508
 1266 0508 1A       		.uleb128 0x1a
 1267 0509 A7000000 		.4byte	0xa7
 1268 050d 18       		.uleb128 0x18
 1269 050e BA000000 		.4byte	.LASF32
 1270 0512 07       		.byte	0x7
 1271 0513 3A       		.byte	0x3a
 1272 0514 1E050000 		.4byte	0x51e
 1273 0518 15       		.uleb128 0x15
 1274 0519 81000000 		.4byte	0x81
 1275 051d 00       		.byte	0
 1276 051e 18       		.uleb128 0x18
 1277 051f DE020000 		.4byte	.LASF33
 1278 0523 07       		.byte	0x7
 1279 0524 3D       		.byte	0x3d
 1280 0525 34050000 		.4byte	0x534
 1281 0529 15       		.uleb128 0x15
 1282 052a 81000000 		.4byte	0x81
 1283 052e 15       		.uleb128 0x15
 1284 052f 81000000 		.4byte	0x81
 1285 0533 00       		.byte	0
 1286 0534 18       		.uleb128 0x18
ARM GAS  C:\Users\JOSANT~1\AppData\Local\Temp\cc2PEs2A.s 			page 27


 1287 0535 1B000000 		.4byte	.LASF34
 1288 0539 07       		.byte	0x7
 1289 053a 3C       		.byte	0x3c
 1290 053b 45050000 		.4byte	0x545
 1291 053f 15       		.uleb128 0x15
 1292 0540 02050000 		.4byte	0x502
 1293 0544 00       		.byte	0
 1294 0545 17       		.uleb128 0x17
 1295 0546 00000000 		.4byte	.LASF35
 1296 054a 0A       		.byte	0xa
 1297 054b 31       		.byte	0x31
 1298 054c 8D000000 		.4byte	0x8d
 1299 0550 18       		.uleb128 0x18
 1300 0551 2A010000 		.4byte	.LASF36
 1301 0555 0A       		.byte	0xa
 1302 0556 2F       		.byte	0x2f
 1303 0557 66050000 		.4byte	0x566
 1304 055b 15       		.uleb128 0x15
 1305 055c 8D000000 		.4byte	0x8d
 1306 0560 15       		.uleb128 0x15
 1307 0561 81000000 		.4byte	0x81
 1308 0565 00       		.byte	0
 1309 0566 1B       		.uleb128 0x1b
 1310 0567 73696E00 		.ascii	"sin\000"
 1311 056b 0C       		.byte	0xc
 1312 056c 6E       		.byte	0x6e
 1313 056d A0000000 		.4byte	0xa0
 1314 0571 7B050000 		.4byte	0x57b
 1315 0575 15       		.uleb128 0x15
 1316 0576 A0000000 		.4byte	0xa0
 1317 057a 00       		.byte	0
 1318 057b 13       		.uleb128 0x13
 1319 057c 7E020000 		.4byte	.LASF37
 1320 0580 06       		.byte	0x6
 1321 0581 6C       		.byte	0x6c
 1322 0582 18       		.uleb128 0x18
 1323 0583 20030000 		.4byte	.LASF38
 1324 0587 06       		.byte	0x6
 1325 0588 6E       		.byte	0x6e
 1326 0589 98050000 		.4byte	0x598
 1327 058d 15       		.uleb128 0x15
 1328 058e 98050000 		.4byte	0x598
 1329 0592 15       		.uleb128 0x15
 1330 0593 8D000000 		.4byte	0x8d
 1331 0597 00       		.byte	0
 1332 0598 19       		.uleb128 0x19
 1333 0599 04       		.byte	0x4
 1334 059a 9E050000 		.4byte	0x59e
 1335 059e 1A       		.uleb128 0x1a
 1336 059f 81000000 		.4byte	0x81
 1337 05a3 17       		.uleb128 0x17
 1338 05a4 DB000000 		.4byte	.LASF39
 1339 05a8 09       		.byte	0x9
 1340 05a9 28       		.byte	0x28
 1341 05aa 81000000 		.4byte	0x81
 1342 05ae 00       		.byte	0
 1343              		.section	.debug_abbrev,"",%progbits
ARM GAS  C:\Users\JOSANT~1\AppData\Local\Temp\cc2PEs2A.s 			page 28


 1344              	.Ldebug_abbrev0:
 1345 0000 01       		.uleb128 0x1
 1346 0001 11       		.uleb128 0x11
 1347 0002 01       		.byte	0x1
 1348 0003 25       		.uleb128 0x25
 1349 0004 0E       		.uleb128 0xe
 1350 0005 13       		.uleb128 0x13
 1351 0006 0B       		.uleb128 0xb
 1352 0007 03       		.uleb128 0x3
 1353 0008 0E       		.uleb128 0xe
 1354 0009 1B       		.uleb128 0x1b
 1355 000a 0E       		.uleb128 0xe
 1356 000b 55       		.uleb128 0x55
 1357 000c 17       		.uleb128 0x17
 1358 000d 11       		.uleb128 0x11
 1359 000e 01       		.uleb128 0x1
 1360 000f 10       		.uleb128 0x10
 1361 0010 17       		.uleb128 0x17
 1362 0011 00       		.byte	0
 1363 0012 00       		.byte	0
 1364 0013 02       		.uleb128 0x2
 1365 0014 24       		.uleb128 0x24
 1366 0015 00       		.byte	0
 1367 0016 0B       		.uleb128 0xb
 1368 0017 0B       		.uleb128 0xb
 1369 0018 3E       		.uleb128 0x3e
 1370 0019 0B       		.uleb128 0xb
 1371 001a 03       		.uleb128 0x3
 1372 001b 0E       		.uleb128 0xe
 1373 001c 00       		.byte	0
 1374 001d 00       		.byte	0
 1375 001e 03       		.uleb128 0x3
 1376 001f 16       		.uleb128 0x16
 1377 0020 00       		.byte	0
 1378 0021 03       		.uleb128 0x3
 1379 0022 0E       		.uleb128 0xe
 1380 0023 3A       		.uleb128 0x3a
 1381 0024 0B       		.uleb128 0xb
 1382 0025 3B       		.uleb128 0x3b
 1383 0026 0B       		.uleb128 0xb
 1384 0027 49       		.uleb128 0x49
 1385 0028 13       		.uleb128 0x13
 1386 0029 00       		.byte	0
 1387 002a 00       		.byte	0
 1388 002b 04       		.uleb128 0x4
 1389 002c 24       		.uleb128 0x24
 1390 002d 00       		.byte	0
 1391 002e 0B       		.uleb128 0xb
 1392 002f 0B       		.uleb128 0xb
 1393 0030 3E       		.uleb128 0x3e
 1394 0031 0B       		.uleb128 0xb
 1395 0032 03       		.uleb128 0x3
 1396 0033 08       		.uleb128 0x8
 1397 0034 00       		.byte	0
 1398 0035 00       		.byte	0
 1399 0036 05       		.uleb128 0x5
 1400 0037 16       		.uleb128 0x16
ARM GAS  C:\Users\JOSANT~1\AppData\Local\Temp\cc2PEs2A.s 			page 29


 1401 0038 00       		.byte	0
 1402 0039 03       		.uleb128 0x3
 1403 003a 0E       		.uleb128 0xe
 1404 003b 3A       		.uleb128 0x3a
 1405 003c 0B       		.uleb128 0xb
 1406 003d 3B       		.uleb128 0x3b
 1407 003e 05       		.uleb128 0x5
 1408 003f 49       		.uleb128 0x49
 1409 0040 13       		.uleb128 0x13
 1410 0041 00       		.byte	0
 1411 0042 00       		.byte	0
 1412 0043 06       		.uleb128 0x6
 1413 0044 2E       		.uleb128 0x2e
 1414 0045 01       		.byte	0x1
 1415 0046 3F       		.uleb128 0x3f
 1416 0047 19       		.uleb128 0x19
 1417 0048 03       		.uleb128 0x3
 1418 0049 0E       		.uleb128 0xe
 1419 004a 3A       		.uleb128 0x3a
 1420 004b 0B       		.uleb128 0xb
 1421 004c 3B       		.uleb128 0x3b
 1422 004d 0B       		.uleb128 0xb
 1423 004e 49       		.uleb128 0x49
 1424 004f 13       		.uleb128 0x13
 1425 0050 11       		.uleb128 0x11
 1426 0051 01       		.uleb128 0x1
 1427 0052 12       		.uleb128 0x12
 1428 0053 06       		.uleb128 0x6
 1429 0054 40       		.uleb128 0x40
 1430 0055 18       		.uleb128 0x18
 1431 0056 9642     		.uleb128 0x2116
 1432 0058 19       		.uleb128 0x19
 1433 0059 01       		.uleb128 0x1
 1434 005a 13       		.uleb128 0x13
 1435 005b 00       		.byte	0
 1436 005c 00       		.byte	0
 1437 005d 07       		.uleb128 0x7
 1438 005e 0B       		.uleb128 0xb
 1439 005f 01       		.byte	0x1
 1440 0060 11       		.uleb128 0x11
 1441 0061 01       		.uleb128 0x1
 1442 0062 12       		.uleb128 0x12
 1443 0063 06       		.uleb128 0x6
 1444 0064 01       		.uleb128 0x1
 1445 0065 13       		.uleb128 0x13
 1446 0066 00       		.byte	0
 1447 0067 00       		.byte	0
 1448 0068 08       		.uleb128 0x8
 1449 0069 2E       		.uleb128 0x2e
 1450 006a 01       		.byte	0x1
 1451 006b 3F       		.uleb128 0x3f
 1452 006c 19       		.uleb128 0x19
 1453 006d 03       		.uleb128 0x3
 1454 006e 08       		.uleb128 0x8
 1455 006f 3A       		.uleb128 0x3a
 1456 0070 0B       		.uleb128 0xb
 1457 0071 3B       		.uleb128 0x3b
ARM GAS  C:\Users\JOSANT~1\AppData\Local\Temp\cc2PEs2A.s 			page 30


 1458 0072 0B       		.uleb128 0xb
 1459 0073 49       		.uleb128 0x49
 1460 0074 13       		.uleb128 0x13
 1461 0075 3C       		.uleb128 0x3c
 1462 0076 19       		.uleb128 0x19
 1463 0077 00       		.byte	0
 1464 0078 00       		.byte	0
 1465 0079 09       		.uleb128 0x9
 1466 007a 18       		.uleb128 0x18
 1467 007b 00       		.byte	0
 1468 007c 00       		.byte	0
 1469 007d 00       		.byte	0
 1470 007e 0A       		.uleb128 0xa
 1471 007f 898201   		.uleb128 0x4109
 1472 0082 00       		.byte	0
 1473 0083 11       		.uleb128 0x11
 1474 0084 01       		.uleb128 0x1
 1475 0085 31       		.uleb128 0x31
 1476 0086 13       		.uleb128 0x13
 1477 0087 00       		.byte	0
 1478 0088 00       		.byte	0
 1479 0089 0B       		.uleb128 0xb
 1480 008a 898201   		.uleb128 0x4109
 1481 008d 01       		.byte	0x1
 1482 008e 11       		.uleb128 0x11
 1483 008f 01       		.uleb128 0x1
 1484 0090 31       		.uleb128 0x31
 1485 0091 13       		.uleb128 0x13
 1486 0092 01       		.uleb128 0x1
 1487 0093 13       		.uleb128 0x13
 1488 0094 00       		.byte	0
 1489 0095 00       		.byte	0
 1490 0096 0C       		.uleb128 0xc
 1491 0097 8A8201   		.uleb128 0x410a
 1492 009a 00       		.byte	0
 1493 009b 02       		.uleb128 0x2
 1494 009c 18       		.uleb128 0x18
 1495 009d 9142     		.uleb128 0x2111
 1496 009f 18       		.uleb128 0x18
 1497 00a0 00       		.byte	0
 1498 00a1 00       		.byte	0
 1499 00a2 0D       		.uleb128 0xd
 1500 00a3 34       		.uleb128 0x34
 1501 00a4 00       		.byte	0
 1502 00a5 03       		.uleb128 0x3
 1503 00a6 0E       		.uleb128 0xe
 1504 00a7 3A       		.uleb128 0x3a
 1505 00a8 0B       		.uleb128 0xb
 1506 00a9 3B       		.uleb128 0x3b
 1507 00aa 05       		.uleb128 0x5
 1508 00ab 49       		.uleb128 0x49
 1509 00ac 13       		.uleb128 0x13
 1510 00ad 3F       		.uleb128 0x3f
 1511 00ae 19       		.uleb128 0x19
 1512 00af 3C       		.uleb128 0x3c
 1513 00b0 19       		.uleb128 0x19
 1514 00b1 00       		.byte	0
ARM GAS  C:\Users\JOSANT~1\AppData\Local\Temp\cc2PEs2A.s 			page 31


 1515 00b2 00       		.byte	0
 1516 00b3 0E       		.uleb128 0xe
 1517 00b4 35       		.uleb128 0x35
 1518 00b5 00       		.byte	0
 1519 00b6 49       		.uleb128 0x49
 1520 00b7 13       		.uleb128 0x13
 1521 00b8 00       		.byte	0
 1522 00b9 00       		.byte	0
 1523 00ba 0F       		.uleb128 0xf
 1524 00bb 34       		.uleb128 0x34
 1525 00bc 00       		.byte	0
 1526 00bd 03       		.uleb128 0x3
 1527 00be 08       		.uleb128 0x8
 1528 00bf 3A       		.uleb128 0x3a
 1529 00c0 0B       		.uleb128 0xb
 1530 00c1 3B       		.uleb128 0x3b
 1531 00c2 0B       		.uleb128 0xb
 1532 00c3 49       		.uleb128 0x49
 1533 00c4 13       		.uleb128 0x13
 1534 00c5 3F       		.uleb128 0x3f
 1535 00c6 19       		.uleb128 0x19
 1536 00c7 02       		.uleb128 0x2
 1537 00c8 18       		.uleb128 0x18
 1538 00c9 00       		.byte	0
 1539 00ca 00       		.byte	0
 1540 00cb 10       		.uleb128 0x10
 1541 00cc 01       		.uleb128 0x1
 1542 00cd 01       		.byte	0x1
 1543 00ce 49       		.uleb128 0x49
 1544 00cf 13       		.uleb128 0x13
 1545 00d0 01       		.uleb128 0x1
 1546 00d1 13       		.uleb128 0x13
 1547 00d2 00       		.byte	0
 1548 00d3 00       		.byte	0
 1549 00d4 11       		.uleb128 0x11
 1550 00d5 21       		.uleb128 0x21
 1551 00d6 00       		.byte	0
 1552 00d7 49       		.uleb128 0x49
 1553 00d8 13       		.uleb128 0x13
 1554 00d9 2F       		.uleb128 0x2f
 1555 00da 05       		.uleb128 0x5
 1556 00db 00       		.byte	0
 1557 00dc 00       		.byte	0
 1558 00dd 12       		.uleb128 0x12
 1559 00de 34       		.uleb128 0x34
 1560 00df 00       		.byte	0
 1561 00e0 03       		.uleb128 0x3
 1562 00e1 0E       		.uleb128 0xe
 1563 00e2 3A       		.uleb128 0x3a
 1564 00e3 0B       		.uleb128 0xb
 1565 00e4 3B       		.uleb128 0x3b
 1566 00e5 0B       		.uleb128 0xb
 1567 00e6 49       		.uleb128 0x49
 1568 00e7 13       		.uleb128 0x13
 1569 00e8 3F       		.uleb128 0x3f
 1570 00e9 19       		.uleb128 0x19
 1571 00ea 02       		.uleb128 0x2
ARM GAS  C:\Users\JOSANT~1\AppData\Local\Temp\cc2PEs2A.s 			page 32


 1572 00eb 18       		.uleb128 0x18
 1573 00ec 00       		.byte	0
 1574 00ed 00       		.byte	0
 1575 00ee 13       		.uleb128 0x13
 1576 00ef 2E       		.uleb128 0x2e
 1577 00f0 00       		.byte	0
 1578 00f1 3F       		.uleb128 0x3f
 1579 00f2 19       		.uleb128 0x19
 1580 00f3 03       		.uleb128 0x3
 1581 00f4 0E       		.uleb128 0xe
 1582 00f5 3A       		.uleb128 0x3a
 1583 00f6 0B       		.uleb128 0xb
 1584 00f7 3B       		.uleb128 0x3b
 1585 00f8 0B       		.uleb128 0xb
 1586 00f9 27       		.uleb128 0x27
 1587 00fa 19       		.uleb128 0x19
 1588 00fb 3C       		.uleb128 0x3c
 1589 00fc 19       		.uleb128 0x19
 1590 00fd 00       		.byte	0
 1591 00fe 00       		.byte	0
 1592 00ff 14       		.uleb128 0x14
 1593 0100 2E       		.uleb128 0x2e
 1594 0101 01       		.byte	0x1
 1595 0102 3F       		.uleb128 0x3f
 1596 0103 19       		.uleb128 0x19
 1597 0104 03       		.uleb128 0x3
 1598 0105 0E       		.uleb128 0xe
 1599 0106 3A       		.uleb128 0x3a
 1600 0107 0B       		.uleb128 0xb
 1601 0108 3B       		.uleb128 0x3b
 1602 0109 05       		.uleb128 0x5
 1603 010a 27       		.uleb128 0x27
 1604 010b 19       		.uleb128 0x19
 1605 010c 3C       		.uleb128 0x3c
 1606 010d 19       		.uleb128 0x19
 1607 010e 01       		.uleb128 0x1
 1608 010f 13       		.uleb128 0x13
 1609 0110 00       		.byte	0
 1610 0111 00       		.byte	0
 1611 0112 15       		.uleb128 0x15
 1612 0113 05       		.uleb128 0x5
 1613 0114 00       		.byte	0
 1614 0115 49       		.uleb128 0x49
 1615 0116 13       		.uleb128 0x13
 1616 0117 00       		.byte	0
 1617 0118 00       		.byte	0
 1618 0119 16       		.uleb128 0x16
 1619 011a 2E       		.uleb128 0x2e
 1620 011b 00       		.byte	0
 1621 011c 3F       		.uleb128 0x3f
 1622 011d 19       		.uleb128 0x19
 1623 011e 03       		.uleb128 0x3
 1624 011f 0E       		.uleb128 0xe
 1625 0120 3A       		.uleb128 0x3a
 1626 0121 0B       		.uleb128 0xb
 1627 0122 3B       		.uleb128 0x3b
 1628 0123 05       		.uleb128 0x5
ARM GAS  C:\Users\JOSANT~1\AppData\Local\Temp\cc2PEs2A.s 			page 33


 1629 0124 27       		.uleb128 0x27
 1630 0125 19       		.uleb128 0x19
 1631 0126 49       		.uleb128 0x49
 1632 0127 13       		.uleb128 0x13
 1633 0128 3C       		.uleb128 0x3c
 1634 0129 19       		.uleb128 0x19
 1635 012a 00       		.byte	0
 1636 012b 00       		.byte	0
 1637 012c 17       		.uleb128 0x17
 1638 012d 2E       		.uleb128 0x2e
 1639 012e 00       		.byte	0
 1640 012f 3F       		.uleb128 0x3f
 1641 0130 19       		.uleb128 0x19
 1642 0131 03       		.uleb128 0x3
 1643 0132 0E       		.uleb128 0xe
 1644 0133 3A       		.uleb128 0x3a
 1645 0134 0B       		.uleb128 0xb
 1646 0135 3B       		.uleb128 0x3b
 1647 0136 0B       		.uleb128 0xb
 1648 0137 27       		.uleb128 0x27
 1649 0138 19       		.uleb128 0x19
 1650 0139 49       		.uleb128 0x49
 1651 013a 13       		.uleb128 0x13
 1652 013b 3C       		.uleb128 0x3c
 1653 013c 19       		.uleb128 0x19
 1654 013d 00       		.byte	0
 1655 013e 00       		.byte	0
 1656 013f 18       		.uleb128 0x18
 1657 0140 2E       		.uleb128 0x2e
 1658 0141 01       		.byte	0x1
 1659 0142 3F       		.uleb128 0x3f
 1660 0143 19       		.uleb128 0x19
 1661 0144 03       		.uleb128 0x3
 1662 0145 0E       		.uleb128 0xe
 1663 0146 3A       		.uleb128 0x3a
 1664 0147 0B       		.uleb128 0xb
 1665 0148 3B       		.uleb128 0x3b
 1666 0149 0B       		.uleb128 0xb
 1667 014a 27       		.uleb128 0x27
 1668 014b 19       		.uleb128 0x19
 1669 014c 3C       		.uleb128 0x3c
 1670 014d 19       		.uleb128 0x19
 1671 014e 01       		.uleb128 0x1
 1672 014f 13       		.uleb128 0x13
 1673 0150 00       		.byte	0
 1674 0151 00       		.byte	0
 1675 0152 19       		.uleb128 0x19
 1676 0153 0F       		.uleb128 0xf
 1677 0154 00       		.byte	0
 1678 0155 0B       		.uleb128 0xb
 1679 0156 0B       		.uleb128 0xb
 1680 0157 49       		.uleb128 0x49
 1681 0158 13       		.uleb128 0x13
 1682 0159 00       		.byte	0
 1683 015a 00       		.byte	0
 1684 015b 1A       		.uleb128 0x1a
 1685 015c 26       		.uleb128 0x26
ARM GAS  C:\Users\JOSANT~1\AppData\Local\Temp\cc2PEs2A.s 			page 34


 1686 015d 00       		.byte	0
 1687 015e 49       		.uleb128 0x49
 1688 015f 13       		.uleb128 0x13
 1689 0160 00       		.byte	0
 1690 0161 00       		.byte	0
 1691 0162 1B       		.uleb128 0x1b
 1692 0163 2E       		.uleb128 0x2e
 1693 0164 01       		.byte	0x1
 1694 0165 3F       		.uleb128 0x3f
 1695 0166 19       		.uleb128 0x19
 1696 0167 03       		.uleb128 0x3
 1697 0168 08       		.uleb128 0x8
 1698 0169 3A       		.uleb128 0x3a
 1699 016a 0B       		.uleb128 0xb
 1700 016b 3B       		.uleb128 0x3b
 1701 016c 0B       		.uleb128 0xb
 1702 016d 27       		.uleb128 0x27
 1703 016e 19       		.uleb128 0x19
 1704 016f 49       		.uleb128 0x49
 1705 0170 13       		.uleb128 0x13
 1706 0171 3C       		.uleb128 0x3c
 1707 0172 19       		.uleb128 0x19
 1708 0173 01       		.uleb128 0x1
 1709 0174 13       		.uleb128 0x13
 1710 0175 00       		.byte	0
 1711 0176 00       		.byte	0
 1712 0177 00       		.byte	0
 1713              		.section	.debug_aranges,"",%progbits
 1714 0000 1C000000 		.4byte	0x1c
 1715 0004 0200     		.2byte	0x2
 1716 0006 00000000 		.4byte	.Ldebug_info0
 1717 000a 04       		.byte	0x4
 1718 000b 00       		.byte	0
 1719 000c 0000     		.2byte	0
 1720 000e 0000     		.2byte	0
 1721 0010 00000000 		.4byte	.LFB63
 1722 0014 28030000 		.4byte	.LFE63-.LFB63
 1723 0018 00000000 		.4byte	0
 1724 001c 00000000 		.4byte	0
 1725              		.section	.debug_ranges,"",%progbits
 1726              	.Ldebug_ranges0:
 1727 0000 00000000 		.4byte	.LFB63
 1728 0004 28030000 		.4byte	.LFE63
 1729 0008 00000000 		.4byte	0
 1730 000c 00000000 		.4byte	0
 1731              		.section	.debug_line,"",%progbits
 1732              	.Ldebug_line0:
 1733 0000 52020000 		.section	.debug_str,"MS",%progbits,1
 1733      0200AE01 
 1733      00000201 
 1733      FB0E0D00 
 1733      01010101 
 1734              	.LASF35:
 1735 0000 436C6F63 		.ascii	"Clock_1_GetDividerRegister\000"
 1735      6B5F315F 
 1735      47657444 
 1735      69766964 
ARM GAS  C:\Users\JOSANT~1\AppData\Local\Temp\cc2PEs2A.s 			page 35


 1735      65725265 
 1736              	.LASF34:
 1737 001b 70616E74 		.ascii	"pantallaLCD_PrintString\000"
 1737      616C6C61 
 1737      4C43445F 
 1737      5072696E 
 1737      74537472 
 1738              	.LASF20:
 1739 0033 7369676E 		.ascii	"signal\000"
 1739      616C00
 1740              	.LASF9:
 1741 003a 5F5F696E 		.ascii	"__int32_t\000"
 1741      7433325F 
 1741      7400
 1742              	.LASF42:
 1743 0044 433A5C50 		.ascii	"C:\\Practicas\\PracticasDSECompleto\\Practica4Parte"
 1743      72616374 
 1743      69636173 
 1743      5C507261 
 1743      63746963 
 1744 0074 322E6379 		.ascii	"2.cydsn\000"
 1744      64736E00 
 1745              	.LASF3:
 1746 007c 73686F72 		.ascii	"short unsigned int\000"
 1746      7420756E 
 1746      7369676E 
 1746      65642069 
 1746      6E7400
 1747              	.LASF31:
 1748 008f 55534255 		.ascii	"USBUART_PutString\000"
 1748      4152545F 
 1748      50757453 
 1748      7472696E 
 1748      6700
 1749              	.LASF26:
 1750 00a1 55534255 		.ascii	"USBUART_GetConfiguration\000"
 1750      4152545F 
 1750      47657443 
 1750      6F6E6669 
 1750      67757261 
 1751              	.LASF32:
 1752 00ba 70616E74 		.ascii	"pantallaLCD_WriteControl\000"
 1752      616C6C61 
 1752      4C43445F 
 1752      57726974 
 1752      65436F6E 
 1753              	.LASF10:
 1754 00d3 696E7433 		.ascii	"int32_t\000"
 1754      325F7400 
 1755              	.LASF39:
 1756 00db 55534255 		.ascii	"USBUART_CDCIsReady\000"
 1756      4152545F 
 1756      43444349 
 1756      73526561 
 1756      647900
 1757              	.LASF13:
 1758 00ee 666C6F61 		.ascii	"float\000"
ARM GAS  C:\Users\JOSANT~1\AppData\Local\Temp\cc2PEs2A.s 			page 36


 1758      7400
 1759              	.LASF22:
 1760 00f4 696E6372 		.ascii	"incrementarFase\000"
 1760      656D656E 
 1760      74617246 
 1760      61736500 
 1761              	.LASF1:
 1762 0104 756E7369 		.ascii	"unsigned char\000"
 1762      676E6564 
 1762      20636861 
 1762      7200
 1763              	.LASF15:
 1764 0112 63686172 		.ascii	"char8\000"
 1764      3800
 1765              	.LASF5:
 1766 0118 6C6F6E67 		.ascii	"long unsigned int\000"
 1766      20756E73 
 1766      69676E65 
 1766      6420696E 
 1766      7400
 1767              	.LASF36:
 1768 012a 436C6F63 		.ascii	"Clock_1_SetDividerRegister\000"
 1768      6B5F315F 
 1768      53657444 
 1768      69766964 
 1768      65725265 
 1769              	.LASF19:
 1770 0145 49544D5F 		.ascii	"ITM_RxBuffer\000"
 1770      52784275 
 1770      66666572 
 1770      00
 1771              	.LASF14:
 1772 0152 646F7562 		.ascii	"double\000"
 1772      6C6500
 1773              	.LASF25:
 1774 0159 55534255 		.ascii	"USBUART_IsConfigurationChanged\000"
 1774      4152545F 
 1774      4973436F 
 1774      6E666967 
 1774      75726174 
 1775              	.LASF12:
 1776 0178 75696E74 		.ascii	"uint16\000"
 1776      313600
 1777              	.LASF40:
 1778 017f 474E5520 		.ascii	"GNU C 4.9.3 20150303 (release) [ARM/embedded-4_9-br"
 1778      4320342E 
 1778      392E3320 
 1778      32303135 
 1778      30333033 
 1779 01b2 616E6368 		.ascii	"anch revision 221220] -mcpu=cortex-m3 -mthumb -g -O"
 1779      20726576 
 1779      6973696F 
 1779      6E203232 
 1779      31323230 
 1780 01e5 67202D66 		.ascii	"g -ffunction-sections -ffat-lto-objects\000"
 1780      66756E63 
 1780      74696F6E 
ARM GAS  C:\Users\JOSANT~1\AppData\Local\Temp\cc2PEs2A.s 			page 37


 1780      2D736563 
 1780      74696F6E 
 1781              	.LASF30:
 1782 020d 55534255 		.ascii	"USBUART_Start\000"
 1782      4152545F 
 1782      53746172 
 1782      7400
 1783              	.LASF8:
 1784 021b 756E7369 		.ascii	"unsigned int\000"
 1784      676E6564 
 1784      20696E74 
 1784      00
 1785              	.LASF27:
 1786 0228 55534255 		.ascii	"USBUART_CDC_Init\000"
 1786      4152545F 
 1786      4344435F 
 1786      496E6974 
 1786      00
 1787              	.LASF7:
 1788 0239 6C6F6E67 		.ascii	"long long unsigned int\000"
 1788      206C6F6E 
 1788      6720756E 
 1788      7369676E 
 1788      65642069 
 1789              	.LASF28:
 1790 0250 55534255 		.ascii	"USBUART_DataIsReady\000"
 1790      4152545F 
 1790      44617461 
 1790      49735265 
 1790      61647900 
 1791              	.LASF43:
 1792 0264 6D61696E 		.ascii	"main\000"
 1792      00
 1793              	.LASF18:
 1794 0269 6C6F6E67 		.ascii	"long double\000"
 1794      20646F75 
 1794      626C6500 
 1795              	.LASF17:
 1796 0275 73697A65 		.ascii	"sizetype\000"
 1796      74797065 
 1796      00
 1797              	.LASF37:
 1798 027e 67656E65 		.ascii	"generadorOnda_Stop\000"
 1798      7261646F 
 1798      724F6E64 
 1798      615F5374 
 1798      6F7000
 1799              	.LASF6:
 1800 0291 6C6F6E67 		.ascii	"long long int\000"
 1800      206C6F6E 
 1800      6720696E 
 1800      7400
 1801              	.LASF41:
 1802 029f 6D61696E 		.ascii	"main.c\000"
 1802      2E6300
 1803              	.LASF16:
 1804 02a6 63686172 		.ascii	"char\000"
ARM GAS  C:\Users\JOSANT~1\AppData\Local\Temp\cc2PEs2A.s 			page 38


 1804      00
 1805              	.LASF23:
 1806 02ab 67656E65 		.ascii	"generadorOnda_Start\000"
 1806      7261646F 
 1806      724F6E64 
 1806      615F5374 
 1806      61727400 
 1807              	.LASF29:
 1808 02bf 55534255 		.ascii	"USBUART_GetChar\000"
 1808      4152545F 
 1808      47657443 
 1808      68617200 
 1809              	.LASF21:
 1810 02cf 74797065 		.ascii	"type\000"
 1810      00
 1811              	.LASF2:
 1812 02d4 73686F72 		.ascii	"short int\000"
 1812      7420696E 
 1812      7400
 1813              	.LASF33:
 1814 02de 70616E74 		.ascii	"pantallaLCD_Position\000"
 1814      616C6C61 
 1814      4C43445F 
 1814      506F7369 
 1814      74696F6E 
 1815              	.LASF11:
 1816 02f3 75696E74 		.ascii	"uint8\000"
 1816      3800
 1817              	.LASF4:
 1818 02f9 6C6F6E67 		.ascii	"long int\000"
 1818      20696E74 
 1818      00
 1819              	.LASF24:
 1820 0302 70616E74 		.ascii	"pantallaLCD_Start\000"
 1820      616C6C61 
 1820      4C43445F 
 1820      53746172 
 1820      7400
 1821              	.LASF0:
 1822 0314 7369676E 		.ascii	"signed char\000"
 1822      65642063 
 1822      68617200 
 1823              	.LASF38:
 1824 0320 67656E65 		.ascii	"generadorOnda_Wave1Setup\000"
 1824      7261646F 
 1824      724F6E64 
 1824      615F5761 
 1824      76653153 
 1825              		.ident	"GCC: (GNU Tools for ARM Embedded Processors) 4.9.3 20150303 (release) [ARM/embedded-4_9-br
