ARM GAS  C:\Users\JOSANT~1\AppData\Local\Temp\ccEevx0b.s 			page 1


   1              		.syntax unified
   2              		.cpu cortex-m3
   3              		.fpu softvfp
   4              		.eabi_attribute 20, 1
   5              		.eabi_attribute 21, 1
   6              		.eabi_attribute 23, 3
   7              		.eabi_attribute 24, 1
   8              		.eabi_attribute 25, 1
   9              		.eabi_attribute 26, 1
  10              		.eabi_attribute 30, 1
  11              		.eabi_attribute 34, 1
  12              		.eabi_attribute 18, 4
  13              		.thumb
  14              		.file	"cymetadata.c"
  15              		.text
  16              	.Ltext0:
  17              		.cfi_sections	.debug_frame
  18              		.global	cy_metadata
  19              		.global	cy_meta_flashprotect
  20              		.global	cy_meta_wonvl
  21              		.global	cy_meta_custnvl
  22              		.global	cy_meta_configecc
  23              		.section	.cyconfigecc,"a",%progbits
  24              		.align	2
  25              		.type	cy_meta_configecc, %object
  26              		.size	cy_meta_configecc, 124
  27              	cy_meta_configecc:
  28 0000 01       		.byte	1
  29 0001 52       		.byte	82
  30 0002 00       		.byte	0
  31 0003 40       		.byte	64
  32 0004 08       		.byte	8
  33 0005 18       		.byte	24
  34 0006 01       		.byte	1
  35 0007 40       		.byte	64
  36 0008 08       		.byte	8
  37 0009 19       		.byte	25
  38 000a 01       		.byte	1
  39 000b 40       		.byte	64
  40 000c 01       		.byte	1
  41 000d 1B       		.byte	27
  42 000e 01       		.byte	1
  43 000f 40       		.byte	64
  44 0010 02       		.byte	2
  45 0011 45       		.byte	69
  46 0012 01       		.byte	1
  47 0013 40       		.byte	64
  48 0014 01       		.byte	1
  49 0015 46       		.byte	70
  50 0016 01       		.byte	1
  51 0017 40       		.byte	64
  52 0018 01       		.byte	1
  53 0019 47       		.byte	71
  54 001a 01       		.byte	1
  55 001b 40       		.byte	64
  56 001c 07       		.byte	7
  57 001d 4C       		.byte	76
ARM GAS  C:\Users\JOSANT~1\AppData\Local\Temp\ccEevx0b.s 			page 2


  58 001e 01       		.byte	1
  59 001f 40       		.byte	64
  60 0020 02       		.byte	2
  61 0021 4D       		.byte	77
  62 0022 01       		.byte	1
  63 0023 40       		.byte	64
  64 0024 10       		.byte	16
  65 0025 80       		.byte	-128
  66 0026 8C       		.byte	-116
  67 0027 02       		.byte	2
  68 0028 8E       		.byte	-114
  69 0029 01       		.byte	1
  70 002a 98       		.byte	-104
  71 002b 01       		.byte	1
  72 002c 9A       		.byte	-102
  73 002d 02       		.byte	2
  74 002e B4       		.byte	-76
  75 002f 03       		.byte	3
  76 0030 BE       		.byte	-66
  77 0031 10       		.byte	16
  78 0032 D8       		.byte	-40
  79 0033 04       		.byte	4
  80 0034 DF       		.byte	-33
  81 0035 01       		.byte	1
  82 0036 02       		.byte	2
  83 0037 02       		.byte	2
  84 0038 0B       		.byte	11
  85 0039 08       		.byte	8
  86 003a 18       		.byte	24
  87 003b 08       		.byte	8
  88 003c 87       		.byte	-121
  89 003d 04       		.byte	4
  90 003e 8A       		.byte	-118
  91 003f 02       		.byte	2
  92 0040 C0       		.byte	-64
  93 0041 01       		.byte	1
  94 0042 C2       		.byte	-62
  95 0043 02       		.byte	2
  96 0044 E6       		.byte	-26
  97 0045 08       		.byte	8
  98 0046 B4       		.byte	-76
  99 0047 04       		.byte	4
 100 0048 5C       		.byte	92
 101 0049 02       		.byte	2
 102 004a D6       		.byte	-42
 103 004b 01       		.byte	1
 104 004c 9C       		.byte	-100
 105 004d 02       		.byte	2
 106 004e 9C       		.byte	-100
 107 004f 02       		.byte	2
 108 0050 0A       		.byte	10
 109 0051 04       		.byte	4
 110 0052 0F       		.byte	15
 111 0053 02       		.byte	2
 112 0054 87       		.byte	-121
 113 0055 01       		.byte	1
 114 0056 8A       		.byte	-118
ARM GAS  C:\Users\JOSANT~1\AppData\Local\Temp\ccEevx0b.s 			page 3


 115 0057 04       		.byte	4
 116 0058 9C       		.byte	-100
 117 0059 02       		.byte	2
 118 005a C2       		.byte	-62
 119 005b 03       		.byte	3
 120 005c E6       		.byte	-26
 121 005d 04       		.byte	4
 122 005e B4       		.byte	-76
 123 005f 02       		.byte	2
 124 0060 E8       		.byte	-24
 125 0061 08       		.byte	8
 126 0062 00       		.byte	0
 127 0063 00       		.byte	0
 128 0064 C0       		.byte	-64
 129 0065 00       		.byte	0
 130 0066 00       		.byte	0
 131 0067 CB       		.byte	-53
 132 0068 0B       		.byte	11
 133 0069 00       		.byte	0
 134 006a 00       		.byte	0
 135 006b 00       		.byte	0
 136 006c 00       		.byte	0
 137 006d 00       		.byte	0
 138 006e 00       		.byte	0
 139 006f 00       		.byte	0
 140 0070 80       		.byte	-128
 141 0071 00       		.byte	0
 142 0072 00       		.byte	0
 143 0073 FF       		.byte	-1
 144 0074 7F       		.byte	127
 145 0075 00       		.byte	0
 146 0076 80       		.byte	-128
 147 0077 00       		.byte	0
 148 0078 00       		.byte	0
 149 0079 00       		.byte	0
 150 007a 00       		.byte	0
 151 007b 00       		.byte	0
 152              		.section	.cywolatch,"a",%progbits
 153              		.align	2
 154              		.type	cy_meta_wonvl, %object
 155              		.size	cy_meta_wonvl, 4
 156              	cy_meta_wonvl:
 157 0000 BC       		.byte	-68
 158 0001 90       		.byte	-112
 159 0002 AC       		.byte	-84
 160 0003 AF       		.byte	-81
 161              		.section	.cycustnvl,"a",%progbits
 162              		.align	2
 163              		.type	cy_meta_custnvl, %object
 164              		.size	cy_meta_custnvl, 4
 165              	cy_meta_custnvl:
 166 0000 00       		.byte	0
 167 0001 00       		.byte	0
 168 0002 40       		.byte	64
 169 0003 05       		.byte	5
 170              		.section	.cymeta,"a",%progbits
 171              		.align	2
ARM GAS  C:\Users\JOSANT~1\AppData\Local\Temp\ccEevx0b.s 			page 4


 172              		.type	cy_metadata, %object
 173              		.size	cy_metadata, 12
 174              	cy_metadata:
 175 0000 00       		.byte	0
 176 0001 01       		.byte	1
 177 0002 2E       		.byte	46
 178 0003 12       		.byte	18
 179 0004 30       		.byte	48
 180 0005 69       		.byte	105
 181 0006 00       		.byte	0
 182 0007 01       		.byte	1
 183 0008 00       		.byte	0
 184 0009 00       		.byte	0
 185 000a 00       		.byte	0
 186 000b 00       		.byte	0
 187              		.section	.cyflashprotect,"a",%progbits
 188              		.align	2
 189              		.type	cy_meta_flashprotect, %object
 190              		.size	cy_meta_flashprotect, 256
 191              	cy_meta_flashprotect:
 192 0000 00000000 		.space	256
 192      00000000 
 192      00000000 
 192      00000000 
 192      00000000 
 193              		.text
 194              	.Letext0:
 195              		.file 1 "Generated_Source\\PSoC5\\cymetadata.c"
 196              		.file 2 "Generated_Source\\PSoC5\\cytypes.h"
 197              		.section	.debug_info,"",%progbits
 198              	.Ldebug_info0:
 199 0000 36010000 		.4byte	0x136
 200 0004 0400     		.2byte	0x4
 201 0006 00000000 		.4byte	.Ldebug_abbrev0
 202 000a 04       		.byte	0x4
 203 000b 01       		.uleb128 0x1
 204 000c 8D000000 		.4byte	.LASF18
 205 0010 01       		.byte	0x1
 206 0011 B5010000 		.4byte	.LASF19
 207 0015 5C000000 		.4byte	.LASF20
 208 0019 00000000 		.4byte	.Ldebug_line0
 209 001d 02       		.uleb128 0x2
 210 001e 01       		.byte	0x1
 211 001f 06       		.byte	0x6
 212 0020 A9010000 		.4byte	.LASF0
 213 0024 02       		.uleb128 0x2
 214 0025 01       		.byte	0x1
 215 0026 08       		.byte	0x8
 216 0027 12000000 		.4byte	.LASF1
 217 002b 02       		.uleb128 0x2
 218 002c 02       		.byte	0x2
 219 002d 05       		.byte	0x5
 220 002e 90010000 		.4byte	.LASF2
 221 0032 02       		.uleb128 0x2
 222 0033 02       		.byte	0x2
 223 0034 07       		.byte	0x7
 224 0035 32000000 		.4byte	.LASF3
ARM GAS  C:\Users\JOSANT~1\AppData\Local\Temp\ccEevx0b.s 			page 5


 225 0039 02       		.uleb128 0x2
 226 003a 04       		.byte	0x4
 227 003b 05       		.byte	0x5
 228 003c A0010000 		.4byte	.LASF4
 229 0040 02       		.uleb128 0x2
 230 0041 04       		.byte	0x4
 231 0042 07       		.byte	0x7
 232 0043 20000000 		.4byte	.LASF5
 233 0047 02       		.uleb128 0x2
 234 0048 08       		.byte	0x8
 235 0049 05       		.byte	0x5
 236 004a 7D010000 		.4byte	.LASF6
 237 004e 02       		.uleb128 0x2
 238 004f 08       		.byte	0x8
 239 0050 07       		.byte	0x7
 240 0051 28010000 		.4byte	.LASF7
 241 0055 03       		.uleb128 0x3
 242 0056 04       		.byte	0x4
 243 0057 05       		.byte	0x5
 244 0058 696E7400 		.ascii	"int\000"
 245 005c 02       		.uleb128 0x2
 246 005d 04       		.byte	0x4
 247 005e 07       		.byte	0x7
 248 005f 1B010000 		.4byte	.LASF8
 249 0063 04       		.uleb128 0x4
 250 0064 9A010000 		.4byte	.LASF21
 251 0068 02       		.byte	0x2
 252 0069 9201     		.2byte	0x192
 253 006b 24000000 		.4byte	0x24
 254 006f 02       		.uleb128 0x2
 255 0070 04       		.byte	0x4
 256 0071 04       		.byte	0x4
 257 0072 0C000000 		.4byte	.LASF9
 258 0076 02       		.uleb128 0x2
 259 0077 08       		.byte	0x8
 260 0078 04       		.byte	0x4
 261 0079 45000000 		.4byte	.LASF10
 262 007d 02       		.uleb128 0x2
 263 007e 01       		.byte	0x1
 264 007f 08       		.byte	0x8
 265 0080 8B010000 		.4byte	.LASF11
 266 0084 05       		.uleb128 0x5
 267 0085 63000000 		.4byte	0x63
 268 0089 94000000 		.4byte	0x94
 269 008d 06       		.uleb128 0x6
 270 008e 94000000 		.4byte	0x94
 271 0092 7B       		.byte	0x7b
 272 0093 00       		.byte	0
 273 0094 02       		.uleb128 0x2
 274 0095 04       		.byte	0x4
 275 0096 07       		.byte	0x7
 276 0097 62010000 		.4byte	.LASF12
 277 009b 07       		.uleb128 0x7
 278 009c 6B010000 		.4byte	.LASF13
 279 00a0 01       		.byte	0x1
 280 00a1 1F       		.byte	0x1f
 281 00a2 AC000000 		.4byte	0xac
ARM GAS  C:\Users\JOSANT~1\AppData\Local\Temp\ccEevx0b.s 			page 6


 282 00a6 05       		.uleb128 0x5
 283 00a7 03       		.byte	0x3
 284 00a8 00000000 		.4byte	cy_meta_configecc
 285 00ac 08       		.uleb128 0x8
 286 00ad 84000000 		.4byte	0x84
 287 00b1 05       		.uleb128 0x5
 288 00b2 63000000 		.4byte	0x63
 289 00b6 C1000000 		.4byte	0xc1
 290 00ba 06       		.uleb128 0x6
 291 00bb 94000000 		.4byte	0x94
 292 00bf 03       		.byte	0x3
 293 00c0 00       		.byte	0
 294 00c1 07       		.uleb128 0x7
 295 00c2 4C000000 		.4byte	.LASF14
 296 00c6 01       		.byte	0x1
 297 00c7 3C       		.byte	0x3c
 298 00c8 D2000000 		.4byte	0xd2
 299 00cc 05       		.uleb128 0x5
 300 00cd 03       		.byte	0x3
 301 00ce 00000000 		.4byte	cy_meta_custnvl
 302 00d2 08       		.uleb128 0x8
 303 00d3 B1000000 		.4byte	0xb1
 304 00d7 07       		.uleb128 0x7
 305 00d8 54010000 		.4byte	.LASF15
 306 00dc 01       		.byte	0x1
 307 00dd 4A       		.byte	0x4a
 308 00de E8000000 		.4byte	0xe8
 309 00e2 05       		.uleb128 0x5
 310 00e3 03       		.byte	0x3
 311 00e4 00000000 		.4byte	cy_meta_wonvl
 312 00e8 08       		.uleb128 0x8
 313 00e9 B1000000 		.4byte	0xb1
 314 00ed 05       		.uleb128 0x5
 315 00ee 63000000 		.4byte	0x63
 316 00f2 FD000000 		.4byte	0xfd
 317 00f6 06       		.uleb128 0x6
 318 00f7 94000000 		.4byte	0x94
 319 00fb FF       		.byte	0xff
 320 00fc 00       		.byte	0
 321 00fd 07       		.uleb128 0x7
 322 00fe 3F010000 		.4byte	.LASF16
 323 0102 01       		.byte	0x1
 324 0103 58       		.byte	0x58
 325 0104 0E010000 		.4byte	0x10e
 326 0108 05       		.uleb128 0x5
 327 0109 03       		.byte	0x3
 328 010a 00000000 		.4byte	cy_meta_flashprotect
 329 010e 08       		.uleb128 0x8
 330 010f ED000000 		.4byte	0xed
 331 0113 05       		.uleb128 0x5
 332 0114 63000000 		.4byte	0x63
 333 0118 23010000 		.4byte	0x123
 334 011c 06       		.uleb128 0x6
 335 011d 94000000 		.4byte	0x94
 336 0121 0B       		.byte	0xb
 337 0122 00       		.byte	0
 338 0123 07       		.uleb128 0x7
ARM GAS  C:\Users\JOSANT~1\AppData\Local\Temp\ccEevx0b.s 			page 7


 339 0124 00000000 		.4byte	.LASF17
 340 0128 01       		.byte	0x1
 341 0129 85       		.byte	0x85
 342 012a 34010000 		.4byte	0x134
 343 012e 05       		.uleb128 0x5
 344 012f 03       		.byte	0x3
 345 0130 00000000 		.4byte	cy_metadata
 346 0134 08       		.uleb128 0x8
 347 0135 13010000 		.4byte	0x113
 348 0139 00       		.byte	0
 349              		.section	.debug_abbrev,"",%progbits
 350              	.Ldebug_abbrev0:
 351 0000 01       		.uleb128 0x1
 352 0001 11       		.uleb128 0x11
 353 0002 01       		.byte	0x1
 354 0003 25       		.uleb128 0x25
 355 0004 0E       		.uleb128 0xe
 356 0005 13       		.uleb128 0x13
 357 0006 0B       		.uleb128 0xb
 358 0007 03       		.uleb128 0x3
 359 0008 0E       		.uleb128 0xe
 360 0009 1B       		.uleb128 0x1b
 361 000a 0E       		.uleb128 0xe
 362 000b 10       		.uleb128 0x10
 363 000c 17       		.uleb128 0x17
 364 000d 00       		.byte	0
 365 000e 00       		.byte	0
 366 000f 02       		.uleb128 0x2
 367 0010 24       		.uleb128 0x24
 368 0011 00       		.byte	0
 369 0012 0B       		.uleb128 0xb
 370 0013 0B       		.uleb128 0xb
 371 0014 3E       		.uleb128 0x3e
 372 0015 0B       		.uleb128 0xb
 373 0016 03       		.uleb128 0x3
 374 0017 0E       		.uleb128 0xe
 375 0018 00       		.byte	0
 376 0019 00       		.byte	0
 377 001a 03       		.uleb128 0x3
 378 001b 24       		.uleb128 0x24
 379 001c 00       		.byte	0
 380 001d 0B       		.uleb128 0xb
 381 001e 0B       		.uleb128 0xb
 382 001f 3E       		.uleb128 0x3e
 383 0020 0B       		.uleb128 0xb
 384 0021 03       		.uleb128 0x3
 385 0022 08       		.uleb128 0x8
 386 0023 00       		.byte	0
 387 0024 00       		.byte	0
 388 0025 04       		.uleb128 0x4
 389 0026 16       		.uleb128 0x16
 390 0027 00       		.byte	0
 391 0028 03       		.uleb128 0x3
 392 0029 0E       		.uleb128 0xe
 393 002a 3A       		.uleb128 0x3a
 394 002b 0B       		.uleb128 0xb
 395 002c 3B       		.uleb128 0x3b
ARM GAS  C:\Users\JOSANT~1\AppData\Local\Temp\ccEevx0b.s 			page 8


 396 002d 05       		.uleb128 0x5
 397 002e 49       		.uleb128 0x49
 398 002f 13       		.uleb128 0x13
 399 0030 00       		.byte	0
 400 0031 00       		.byte	0
 401 0032 05       		.uleb128 0x5
 402 0033 01       		.uleb128 0x1
 403 0034 01       		.byte	0x1
 404 0035 49       		.uleb128 0x49
 405 0036 13       		.uleb128 0x13
 406 0037 01       		.uleb128 0x1
 407 0038 13       		.uleb128 0x13
 408 0039 00       		.byte	0
 409 003a 00       		.byte	0
 410 003b 06       		.uleb128 0x6
 411 003c 21       		.uleb128 0x21
 412 003d 00       		.byte	0
 413 003e 49       		.uleb128 0x49
 414 003f 13       		.uleb128 0x13
 415 0040 2F       		.uleb128 0x2f
 416 0041 0B       		.uleb128 0xb
 417 0042 00       		.byte	0
 418 0043 00       		.byte	0
 419 0044 07       		.uleb128 0x7
 420 0045 34       		.uleb128 0x34
 421 0046 00       		.byte	0
 422 0047 03       		.uleb128 0x3
 423 0048 0E       		.uleb128 0xe
 424 0049 3A       		.uleb128 0x3a
 425 004a 0B       		.uleb128 0xb
 426 004b 3B       		.uleb128 0x3b
 427 004c 0B       		.uleb128 0xb
 428 004d 49       		.uleb128 0x49
 429 004e 13       		.uleb128 0x13
 430 004f 3F       		.uleb128 0x3f
 431 0050 19       		.uleb128 0x19
 432 0051 02       		.uleb128 0x2
 433 0052 18       		.uleb128 0x18
 434 0053 00       		.byte	0
 435 0054 00       		.byte	0
 436 0055 08       		.uleb128 0x8
 437 0056 26       		.uleb128 0x26
 438 0057 00       		.byte	0
 439 0058 49       		.uleb128 0x49
 440 0059 13       		.uleb128 0x13
 441 005a 00       		.byte	0
 442 005b 00       		.byte	0
 443 005c 00       		.byte	0
 444              		.section	.debug_aranges,"",%progbits
 445 0000 14000000 		.4byte	0x14
 446 0004 0200     		.2byte	0x2
 447 0006 00000000 		.4byte	.Ldebug_info0
 448 000a 04       		.byte	0x4
 449 000b 00       		.byte	0
 450 000c 0000     		.2byte	0
 451 000e 0000     		.2byte	0
 452 0010 00000000 		.4byte	0
ARM GAS  C:\Users\JOSANT~1\AppData\Local\Temp\ccEevx0b.s 			page 9


 453 0014 00000000 		.4byte	0
 454              		.section	.debug_line,"",%progbits
 455              	.Ldebug_line0:
 456 0000 4D000000 		.section	.debug_str,"MS",%progbits,1
 456      02004700 
 456      00000201 
 456      FB0E0D00 
 456      01010101 
 457              	.LASF17:
 458 0000 63795F6D 		.ascii	"cy_metadata\000"
 458      65746164 
 458      61746100 
 459              	.LASF9:
 460 000c 666C6F61 		.ascii	"float\000"
 460      7400
 461              	.LASF1:
 462 0012 756E7369 		.ascii	"unsigned char\000"
 462      676E6564 
 462      20636861 
 462      7200
 463              	.LASF5:
 464 0020 6C6F6E67 		.ascii	"long unsigned int\000"
 464      20756E73 
 464      69676E65 
 464      6420696E 
 464      7400
 465              	.LASF3:
 466 0032 73686F72 		.ascii	"short unsigned int\000"
 466      7420756E 
 466      7369676E 
 466      65642069 
 466      6E7400
 467              	.LASF10:
 468 0045 646F7562 		.ascii	"double\000"
 468      6C6500
 469              	.LASF14:
 470 004c 63795F6D 		.ascii	"cy_meta_custnvl\000"
 470      6574615F 
 470      63757374 
 470      6E766C00 
 471              	.LASF20:
 472 005c 433A5C50 		.ascii	"C:\\Practicas\\LedJoselito\\Practica2Parte1y2.cydsn"
 472      72616374 
 472      69636173 
 472      5C4C6564 
 472      4A6F7365 
 473 008c 00       		.ascii	"\000"
 474              	.LASF18:
 475 008d 474E5520 		.ascii	"GNU C 4.9.3 20150303 (release) [ARM/embedded-4_9-br"
 475      4320342E 
 475      392E3320 
 475      32303135 
 475      30333033 
 476 00c0 616E6368 		.ascii	"anch revision 221220] -mcpu=cortex-m3 -mthumb -g -O"
 476      20726576 
 476      6973696F 
 476      6E203232 
ARM GAS  C:\Users\JOSANT~1\AppData\Local\Temp\ccEevx0b.s 			page 10


 476      31323230 
 477 00f3 67202D66 		.ascii	"g -ffunction-sections -ffat-lto-objects\000"
 477      66756E63 
 477      74696F6E 
 477      2D736563 
 477      74696F6E 
 478              	.LASF8:
 479 011b 756E7369 		.ascii	"unsigned int\000"
 479      676E6564 
 479      20696E74 
 479      00
 480              	.LASF7:
 481 0128 6C6F6E67 		.ascii	"long long unsigned int\000"
 481      206C6F6E 
 481      6720756E 
 481      7369676E 
 481      65642069 
 482              	.LASF16:
 483 013f 63795F6D 		.ascii	"cy_meta_flashprotect\000"
 483      6574615F 
 483      666C6173 
 483      6870726F 
 483      74656374 
 484              	.LASF15:
 485 0154 63795F6D 		.ascii	"cy_meta_wonvl\000"
 485      6574615F 
 485      776F6E76 
 485      6C00
 486              	.LASF12:
 487 0162 73697A65 		.ascii	"sizetype\000"
 487      74797065 
 487      00
 488              	.LASF13:
 489 016b 63795F6D 		.ascii	"cy_meta_configecc\000"
 489      6574615F 
 489      636F6E66 
 489      69676563 
 489      6300
 490              	.LASF6:
 491 017d 6C6F6E67 		.ascii	"long long int\000"
 491      206C6F6E 
 491      6720696E 
 491      7400
 492              	.LASF11:
 493 018b 63686172 		.ascii	"char\000"
 493      00
 494              	.LASF2:
 495 0190 73686F72 		.ascii	"short int\000"
 495      7420696E 
 495      7400
 496              	.LASF21:
 497 019a 75696E74 		.ascii	"uint8\000"
 497      3800
 498              	.LASF4:
 499 01a0 6C6F6E67 		.ascii	"long int\000"
 499      20696E74 
 499      00
ARM GAS  C:\Users\JOSANT~1\AppData\Local\Temp\ccEevx0b.s 			page 11


 500              	.LASF0:
 501 01a9 7369676E 		.ascii	"signed char\000"
 501      65642063 
 501      68617200 
 502              	.LASF19:
 503 01b5 47656E65 		.ascii	"Generated_Source\\PSoC5\\cymetadata.c\000"
 503      72617465 
 503      645F536F 
 503      75726365 
 503      5C50536F 
 504              		.ident	"GCC: (GNU Tools for ARM Embedded Processors) 4.9.3 20150303 (release) [ARM/embedded-4_9-br
