ARM GAS  C:\Users\JOSANT~1\AppData\Local\Temp\ccKC5L9x.s 			page 1


   1              		.syntax unified
   2              		.cpu cortex-m3
   3              		.fpu softvfp
   4              		.eabi_attribute 20, 1
   5              		.eabi_attribute 21, 1
   6              		.eabi_attribute 23, 3
   7              		.eabi_attribute 24, 1
   8              		.eabi_attribute 25, 1
   9              		.eabi_attribute 26, 1
  10              		.eabi_attribute 30, 1
  11              		.eabi_attribute 34, 1
  12              		.eabi_attribute 18, 4
  13              		.thumb
  14              		.file	"main.c"
  15              		.text
  16              	.Ltext0:
  17              		.cfi_sections	.debug_frame
  18              		.section	.text.MuestraCadena,"ax",%progbits
  19              		.align	2
  20              		.global	MuestraCadena
  21              		.thumb
  22              		.thumb_func
  23              		.type	MuestraCadena, %function
  24              	MuestraCadena:
  25              	.LFB64:
  26              		.file 1 "main.c"
   1:main.c        **** /* ========================================
   2:main.c        ****  *
   3:main.c        ****  * Copyright YOUR COMPANY, THE YEAR
   4:main.c        ****  * All Rights Reserved
   5:main.c        ****  * UNPUBLISHED, LICENSED SOFTWARE.
   6:main.c        ****  *
   7:main.c        ****  * CONFIDENTIAL AND PROPRIETARY INFORMATION
   8:main.c        ****  * WHICH IS THE PROPERTY OF your company.
   9:main.c        ****  *
  10:main.c        ****  * ========================================
  11:main.c        **** */
  12:main.c        **** #include "project.h"
  13:main.c        **** 
  14:main.c        **** 
  15:main.c        **** void MuestraCadena(char* linea1, char* linea2);
  16:main.c        **** void MuestraMultiLineas(char * mensaje);
  17:main.c        **** 
  18:main.c        **** int main(void)
  19:main.c        **** {
  20:main.c        ****     CyGlobalIntEnable; /* Enable global interrupts. */
  21:main.c        **** 
  22:main.c        ****     /* Place your initialization/startup code here (e.g. MyInst_Start()) */
  23:main.c        ****     pantallaLCD_Start();
  24:main.c        ****     //MuestraCadena("Cervezas: 2 u ","En el congelador");
  25:main.c        ****     char * mensajeAMostrar = "No me gustan laspersonas unga unga. He nacido para exterminar a todos
  26:main.c        ****     MuestraMultiLineas(mensajeAMostrar);
  27:main.c        ****     for(;;)
  28:main.c        ****     {
  29:main.c        ****         MuestraCadena("Larga vida a", "Elisa");
  30:main.c        ****         CyDelay(100);
  31:main.c        ****         /* Place your application code here. */
ARM GAS  C:\Users\JOSANT~1\AppData\Local\Temp\ccKC5L9x.s 			page 2


  32:main.c        ****     }
  33:main.c        **** }
  34:main.c        **** 
  35:main.c        **** /* [] END OF FILE */
  36:main.c        **** 
  37:main.c        **** void MuestraCadena(char* linea1,  char* linea2){
  27              		.loc 1 37 0
  28              		.cfi_startproc
  29              		@ args = 0, pretend = 0, frame = 0
  30              		@ frame_needed = 0, uses_anonymous_args = 0
  31              	.LVL0:
  32 0000 38B5     		push	{r3, r4, r5, lr}
  33              		.cfi_def_cfa_offset 16
  34              		.cfi_offset 3, -16
  35              		.cfi_offset 4, -12
  36              		.cfi_offset 5, -8
  37              		.cfi_offset 14, -4
  38 0002 0546     		mov	r5, r0
  39 0004 0C46     		mov	r4, r1
  38:main.c        ****     pantallaLCD_ClearDisplay();
  40              		.loc 1 38 0
  41 0006 0120     		movs	r0, #1
  42              	.LVL1:
  43 0008 FFF7FEFF 		bl	pantallaLCD_WriteControl
  44              	.LVL2:
  39:main.c        ****     
  40:main.c        ****     pantallaLCD_Position(0U, 0U);
  45              		.loc 1 40 0
  46 000c 0020     		movs	r0, #0
  47 000e 0146     		mov	r1, r0
  48 0010 FFF7FEFF 		bl	pantallaLCD_Position
  49              	.LVL3:
  41:main.c        ****     pantallaLCD_PrintString(linea1);
  50              		.loc 1 41 0
  51 0014 2846     		mov	r0, r5
  52 0016 FFF7FEFF 		bl	pantallaLCD_PrintString
  53              	.LVL4:
  42:main.c        ****     pantallaLCD_Position(1U, 0U);
  54              		.loc 1 42 0
  55 001a 0120     		movs	r0, #1
  56 001c 0021     		movs	r1, #0
  57 001e FFF7FEFF 		bl	pantallaLCD_Position
  58              	.LVL5:
  43:main.c        ****     pantallaLCD_PrintString(linea2);
  59              		.loc 1 43 0
  60 0022 2046     		mov	r0, r4
  61 0024 FFF7FEFF 		bl	pantallaLCD_PrintString
  62              	.LVL6:
  63 0028 38BD     		pop	{r3, r4, r5, pc}
  64              		.cfi_endproc
  65              	.LFE64:
  66              		.size	MuestraCadena, .-MuestraCadena
  67 002a 00BF     		.section	.text.MuestraMultiLineas,"ax",%progbits
  68              		.align	2
  69              		.global	MuestraMultiLineas
  70              		.thumb
  71              		.thumb_func
ARM GAS  C:\Users\JOSANT~1\AppData\Local\Temp\ccKC5L9x.s 			page 3


  72              		.type	MuestraMultiLineas, %function
  73              	MuestraMultiLineas:
  74              	.LFB65:
  44:main.c        ****     // pantallaLCD_PrintString(linea2);
  45:main.c        ****     
  46:main.c        **** }
  47:main.c        **** 
  48:main.c        **** 
  49:main.c        **** void MuestraMultiLineas(char * mensaje){
  75              		.loc 1 49 0
  76              		.cfi_startproc
  77              		@ args = 0, pretend = 0, frame = 40
  78              		@ frame_needed = 0, uses_anonymous_args = 0
  79              	.LVL7:
  80 0000 2DE9F041 		push	{r4, r5, r6, r7, r8, lr}
  81              		.cfi_def_cfa_offset 24
  82              		.cfi_offset 4, -24
  83              		.cfi_offset 5, -20
  84              		.cfi_offset 6, -16
  85              		.cfi_offset 7, -12
  86              		.cfi_offset 8, -8
  87              		.cfi_offset 14, -4
  88 0004 8AB0     		sub	sp, sp, #40
  89              		.cfi_def_cfa_offset 64
  90 0006 0646     		mov	r6, r0
  50:main.c        ****     int longitud = strlen(mensaje);
  91              		.loc 1 50 0
  92 0008 FFF7FEFF 		bl	strlen
  93              	.LVL8:
  94 000c 0746     		mov	r7, r0
  95              	.LVL9:
  51:main.c        ****     char linea1[17];
  52:main.c        ****     char linea2[17];
  53:main.c        ****     
  54:main.c        ****     int i =0;
  55:main.c        ****     for( i = 0; i < longitud; i+=32){
  96              		.loc 1 55 0
  97 000e 0025     		movs	r5, #0
  98 0010 2BE0     		b	.L4
  99              	.LVL10:
 100              	.L5:
  56:main.c        ****         pantallaLCD_ClearDisplay();
 101              		.loc 1 56 0 discriminator 3
 102 0012 0120     		movs	r0, #1
 103 0014 FFF7FEFF 		bl	pantallaLCD_WriteControl
 104              	.LVL11:
  57:main.c        ****         pantallaLCD_Position(0U, 0U);
 105              		.loc 1 57 0 discriminator 3
 106 0018 0020     		movs	r0, #0
 107 001a 0146     		mov	r1, r0
 108 001c FFF7FEFF 		bl	pantallaLCD_Position
 109              	.LVL12:
  58:main.c        ****         memcpy( linea1, &mensaje[0+i], 16 );
 110              		.loc 1 58 0 discriminator 3
 111 0020 7319     		adds	r3, r6, r5
 112 0022 05AC     		add	r4, sp, #20
 113 0024 1868     		ldr	r0, [r3]	@ unaligned
ARM GAS  C:\Users\JOSANT~1\AppData\Local\Temp\ccKC5L9x.s 			page 4


 114 0026 5968     		ldr	r1, [r3, #4]	@ unaligned
 115 0028 9A68     		ldr	r2, [r3, #8]	@ unaligned
 116 002a DB68     		ldr	r3, [r3, #12]	@ unaligned
 117 002c 0FC4     		stmia	r4!, {r0, r1, r2, r3}
  59:main.c        ****         linea1[16] = '\0';
 118              		.loc 1 59 0 discriminator 3
 119 002e 4FF00008 		mov	r8, #0
 120 0032 8DF82480 		strb	r8, [sp, #36]
  60:main.c        ****         memcpy( linea2, &mensaje[16+i], 16 );
 121              		.loc 1 60 0 discriminator 3
 122 0036 05F11003 		add	r3, r5, #16
 123 003a 3344     		add	r3, r3, r6
 124 003c 6C46     		mov	r4, sp
 125 003e 1868     		ldr	r0, [r3]	@ unaligned
 126 0040 5968     		ldr	r1, [r3, #4]	@ unaligned
 127 0042 9A68     		ldr	r2, [r3, #8]	@ unaligned
 128 0044 DB68     		ldr	r3, [r3, #12]	@ unaligned
 129 0046 0FC4     		stmia	r4!, {r0, r1, r2, r3}
  61:main.c        ****         linea2[16] = '\0';
 130              		.loc 1 61 0 discriminator 3
 131 0048 8DF81080 		strb	r8, [sp, #16]
  62:main.c        ****         pantallaLCD_PrintString(linea1);
 132              		.loc 1 62 0 discriminator 3
 133 004c 05A8     		add	r0, sp, #20
 134 004e FFF7FEFF 		bl	pantallaLCD_PrintString
 135              	.LVL13:
  63:main.c        ****         pantallaLCD_Position(1U, 0U);
 136              		.loc 1 63 0 discriminator 3
 137 0052 0120     		movs	r0, #1
 138 0054 4146     		mov	r1, r8
 139 0056 FFF7FEFF 		bl	pantallaLCD_Position
 140              	.LVL14:
  64:main.c        ****         pantallaLCD_PrintString(linea2);
 141              		.loc 1 64 0 discriminator 3
 142 005a 6846     		mov	r0, sp
 143 005c FFF7FEFF 		bl	pantallaLCD_PrintString
 144              	.LVL15:
  65:main.c        ****         CyDelay(2200);
 145              		.loc 1 65 0 discriminator 3
 146 0060 40F69800 		movw	r0, #2200
 147 0064 FFF7FEFF 		bl	CyDelay
 148              	.LVL16:
  55:main.c        ****         pantallaLCD_ClearDisplay();
 149              		.loc 1 55 0 discriminator 3
 150 0068 2035     		adds	r5, r5, #32
 151              	.LVL17:
 152              	.L4:
  55:main.c        ****         pantallaLCD_ClearDisplay();
 153              		.loc 1 55 0 is_stmt 0 discriminator 1
 154 006a BD42     		cmp	r5, r7
 155 006c D1DB     		blt	.L5
  66:main.c        ****     }
  67:main.c        ****     
  68:main.c        ****     pantallaLCD_ClearDisplay();
 156              		.loc 1 68 0 is_stmt 1
 157 006e 0120     		movs	r0, #1
 158 0070 FFF7FEFF 		bl	pantallaLCD_WriteControl
ARM GAS  C:\Users\JOSANT~1\AppData\Local\Temp\ccKC5L9x.s 			page 5


 159              	.LVL18:
  69:main.c        ****     
  70:main.c        ****     
  71:main.c        ****     
  72:main.c        ****     
  73:main.c        **** }...
 160              		.loc 1 73 0
 161 0074 0AB0     		add	sp, sp, #40
 162              		.cfi_def_cfa_offset 24
 163              		@ sp needed
 164 0076 BDE8F081 		pop	{r4, r5, r6, r7, r8, pc}
 165              		.cfi_endproc
 166              	.LFE65:
 167              		.size	MuestraMultiLineas, .-MuestraMultiLineas
 168 007a 00BF     		.section	.text.main,"ax",%progbits
 169              		.align	2
 170              		.global	main
 171              		.thumb
 172              		.thumb_func
 173              		.type	main, %function
 174              	main:
 175              	.LFB63:
  19:main.c        **** {
 176              		.loc 1 19 0
 177              		.cfi_startproc
 178              		@ args = 0, pretend = 0, frame = 0
 179              		@ frame_needed = 0, uses_anonymous_args = 0
 180 0000 08B5     		push	{r3, lr}
 181              		.cfi_def_cfa_offset 8
 182              		.cfi_offset 3, -8
 183              		.cfi_offset 14, -4
  20:main.c        ****     CyGlobalIntEnable; /* Enable global interrupts. */
 184              		.loc 1 20 0
 185              	@ 20 "main.c" 1
 186 0002 62B6     		CPSIE   i
 187              	@ 0 "" 2
  23:main.c        ****     pantallaLCD_Start();
 188              		.loc 1 23 0
 189              		.thumb
 190 0004 FFF7FEFF 		bl	pantallaLCD_Start
 191              	.LVL19:
  26:main.c        ****     MuestraMultiLineas(mensajeAMostrar);
 192              		.loc 1 26 0
 193 0008 0548     		ldr	r0, .L10
 194 000a FFF7FEFF 		bl	MuestraMultiLineas
 195              	.LVL20:
 196              	.L8:
  29:main.c        ****         MuestraCadena("Larga vida a", "Elisa");
 197              		.loc 1 29 0 discriminator 1
 198 000e 0548     		ldr	r0, .L10+4
 199 0010 0549     		ldr	r1, .L10+8
 200 0012 FFF7FEFF 		bl	MuestraCadena
 201              	.LVL21:
  30:main.c        ****         CyDelay(100);
 202              		.loc 1 30 0 discriminator 1
 203 0016 6420     		movs	r0, #100
 204 0018 FFF7FEFF 		bl	CyDelay
ARM GAS  C:\Users\JOSANT~1\AppData\Local\Temp\ccKC5L9x.s 			page 6


 205              	.LVL22:
  32:main.c        ****     }
 206              		.loc 1 32 0 discriminator 1
 207 001c F7E7     		b	.L8
 208              	.L11:
 209 001e 00BF     		.align	2
 210              	.L10:
 211 0020 00000000 		.word	.LC0
 212 0024 74000000 		.word	.LC1
 213 0028 84000000 		.word	.LC2
 214              		.cfi_endproc
 215              	.LFE63:
 216              		.size	main, .-main
 217              		.section	.rodata.str1.4,"aMS",%progbits,1
 218              		.align	2
 219              	.LC0:
 220 0000 4E6F206D 		.ascii	"No me gustan laspersonas unga unga. He nacido para "
 220      65206775 
 220      7374616E 
 220      206C6173 
 220      70657273 
 221 0033 65787465 		.ascii	"exterminar a todos los heteros.Nos vemos en la sal."
 221      726D696E 
 221      61722061 
 221      20746F64 
 221      6F73206C 
 222 0066 20417474 		.ascii	" Atte. PSoC 5\000"
 222      652E2050 
 222      536F4320 
 222      3500
 223              	.LC1:
 224 0074 4C617267 		.ascii	"Larga vida a\000"
 224      61207669 
 224      64612061 
 224      00
 225 0081 000000   		.space	3
 226              	.LC2:
 227 0084 456C6973 		.ascii	"Elisa\000"
 227      6100
 228 008a 0000     		.text
 229              	.Letext0:
 230              		.file 2 "c:\\program files (x86)\\cypress\\psoc creator\\4.0\\psoc creator\\import\\gnu\\arm\\4.9.
 231              		.file 3 "c:\\program files (x86)\\cypress\\psoc creator\\4.0\\psoc creator\\import\\gnu\\arm\\4.9.
 232              		.file 4 "Generated_Source\\PSoC5/cytypes.h"
 233              		.file 5 "c:\\program files (x86)\\cypress\\psoc creator\\4.0\\psoc creator\\import\\gnu\\arm\\4.9.
 234              		.file 6 "Generated_Source\\PSoC5/pantallaLCD.h"
 235              		.file 7 "Generated_Source\\PSoC5/CyLib.h"
 236              		.file 8 "Generated_Source\\PSoC5/core_cm3.h"
 237              		.file 9 "c:\\program files (x86)\\cypress\\psoc creator\\4.0\\psoc creator\\import\\gnu\\arm\\4.9.
 238              		.section	.debug_info,"",%progbits
 239              	.Ldebug_info0:
 240 0000 83030000 		.4byte	0x383
 241 0004 0400     		.2byte	0x4
 242 0006 00000000 		.4byte	.Ldebug_abbrev0
 243 000a 04       		.byte	0x4
 244 000b 01       		.uleb128 0x1
 245 000c BB000000 		.4byte	.LASF30
ARM GAS  C:\Users\JOSANT~1\AppData\Local\Temp\ccKC5L9x.s 			page 7


 246 0010 01       		.byte	0x1
 247 0011 B2010000 		.4byte	.LASF31
 248 0015 BE010000 		.4byte	.LASF32
 249 0019 00000000 		.4byte	.Ldebug_ranges0+0
 250 001d 00000000 		.4byte	0
 251 0021 00000000 		.4byte	.Ldebug_line0
 252 0025 02       		.uleb128 0x2
 253 0026 01       		.byte	0x1
 254 0027 06       		.byte	0x6
 255 0028 4F020000 		.4byte	.LASF0
 256 002c 02       		.uleb128 0x2
 257 002d 01       		.byte	0x1
 258 002e 08       		.byte	0x8
 259 002f 5A000000 		.4byte	.LASF1
 260 0033 02       		.uleb128 0x2
 261 0034 02       		.byte	0x2
 262 0035 05       		.byte	0x5
 263 0036 0F020000 		.4byte	.LASF2
 264 003a 02       		.uleb128 0x2
 265 003b 02       		.byte	0x2
 266 003c 07       		.byte	0x7
 267 003d 88000000 		.4byte	.LASF3
 268 0041 03       		.uleb128 0x3
 269 0042 2F000000 		.4byte	.LASF9
 270 0046 02       		.byte	0x2
 271 0047 3F       		.byte	0x3f
 272 0048 4C000000 		.4byte	0x4c
 273 004c 02       		.uleb128 0x2
 274 004d 04       		.byte	0x4
 275 004e 05       		.byte	0x5
 276 004f 34020000 		.4byte	.LASF4
 277 0053 02       		.uleb128 0x2
 278 0054 04       		.byte	0x4
 279 0055 07       		.byte	0x7
 280 0056 6E000000 		.4byte	.LASF5
 281 005a 02       		.uleb128 0x2
 282 005b 08       		.byte	0x8
 283 005c 05       		.byte	0x5
 284 005d A4010000 		.4byte	.LASF6
 285 0061 02       		.uleb128 0x2
 286 0062 08       		.byte	0x8
 287 0063 07       		.byte	0x7
 288 0064 69010000 		.4byte	.LASF7
 289 0068 04       		.uleb128 0x4
 290 0069 04       		.byte	0x4
 291 006a 05       		.byte	0x5
 292 006b 696E7400 		.ascii	"int\000"
 293 006f 02       		.uleb128 0x2
 294 0070 04       		.byte	0x4
 295 0071 07       		.byte	0x7
 296 0072 39000000 		.4byte	.LASF8
 297 0076 03       		.uleb128 0x3
 298 0077 80010000 		.4byte	.LASF10
 299 007b 03       		.byte	0x3
 300 007c 2C       		.byte	0x2c
 301 007d 41000000 		.4byte	0x41
 302 0081 05       		.uleb128 0x5
ARM GAS  C:\Users\JOSANT~1\AppData\Local\Temp\ccKC5L9x.s 			page 8


 303 0082 2E020000 		.4byte	.LASF11
 304 0086 04       		.byte	0x4
 305 0087 9201     		.2byte	0x192
 306 0089 2C000000 		.4byte	0x2c
 307 008d 05       		.uleb128 0x5
 308 008e B4000000 		.4byte	.LASF12
 309 0092 04       		.byte	0x4
 310 0093 9401     		.2byte	0x194
 311 0095 53000000 		.4byte	0x53
 312 0099 02       		.uleb128 0x2
 313 009a 04       		.byte	0x4
 314 009b 04       		.byte	0x4
 315 009c 46000000 		.4byte	.LASF13
 316 00a0 02       		.uleb128 0x2
 317 00a1 08       		.byte	0x8
 318 00a2 04       		.byte	0x4
 319 00a3 A8000000 		.4byte	.LASF14
 320 00a7 05       		.uleb128 0x5
 321 00a8 68000000 		.4byte	.LASF15
 322 00ac 04       		.byte	0x4
 323 00ad A301     		.2byte	0x1a3
 324 00af B3000000 		.4byte	0xb3
 325 00b3 02       		.uleb128 0x2
 326 00b4 01       		.byte	0x1
 327 00b5 08       		.byte	0x8
 328 00b6 B9010000 		.4byte	.LASF16
 329 00ba 02       		.uleb128 0x2
 330 00bb 04       		.byte	0x4
 331 00bc 07       		.byte	0x7
 332 00bd 9B010000 		.4byte	.LASF17
 333 00c1 03       		.uleb128 0x3
 334 00c2 10000000 		.4byte	.LASF18
 335 00c6 05       		.byte	0x5
 336 00c7 D4       		.byte	0xd4
 337 00c8 6F000000 		.4byte	0x6f
 338 00cc 06       		.uleb128 0x6
 339 00cd 04       		.byte	0x4
 340 00ce B3000000 		.4byte	0xb3
 341 00d2 06       		.uleb128 0x6
 342 00d3 04       		.byte	0x4
 343 00d4 D8000000 		.4byte	0xd8
 344 00d8 07       		.uleb128 0x7
 345 00d9 B3000000 		.4byte	0xb3
 346 00dd 08       		.uleb128 0x8
 347 00de 4C000000 		.4byte	.LASF21
 348 00e2 01       		.byte	0x1
 349 00e3 25       		.byte	0x25
 350 00e4 00000000 		.4byte	.LFB64
 351 00e8 2A000000 		.4byte	.LFE64-.LFB64
 352 00ec 01       		.uleb128 0x1
 353 00ed 9C       		.byte	0x9c
 354 00ee 78010000 		.4byte	0x178
 355 00f2 09       		.uleb128 0x9
 356 00f3 01020000 		.4byte	.LASF19
 357 00f7 01       		.byte	0x1
 358 00f8 25       		.byte	0x25
 359 00f9 CC000000 		.4byte	0xcc
ARM GAS  C:\Users\JOSANT~1\AppData\Local\Temp\ccKC5L9x.s 			page 9


 360 00fd 00000000 		.4byte	.LLST0
 361 0101 09       		.uleb128 0x9
 362 0102 08020000 		.4byte	.LASF20
 363 0106 01       		.byte	0x1
 364 0107 25       		.byte	0x25
 365 0108 CC000000 		.4byte	0xcc
 366 010c 1E000000 		.4byte	.LLST1
 367 0110 0A       		.uleb128 0xa
 368 0111 0C000000 		.4byte	.LVL2
 369 0115 16030000 		.4byte	0x316
 370 0119 23010000 		.4byte	0x123
 371 011d 0B       		.uleb128 0xb
 372 011e 01       		.uleb128 0x1
 373 011f 50       		.byte	0x50
 374 0120 01       		.uleb128 0x1
 375 0121 31       		.byte	0x31
 376 0122 00       		.byte	0
 377 0123 0A       		.uleb128 0xa
 378 0124 14000000 		.4byte	.LVL3
 379 0128 27030000 		.4byte	0x327
 380 012c 3B010000 		.4byte	0x13b
 381 0130 0B       		.uleb128 0xb
 382 0131 01       		.uleb128 0x1
 383 0132 51       		.byte	0x51
 384 0133 01       		.uleb128 0x1
 385 0134 30       		.byte	0x30
 386 0135 0B       		.uleb128 0xb
 387 0136 01       		.uleb128 0x1
 388 0137 50       		.byte	0x50
 389 0138 01       		.uleb128 0x1
 390 0139 30       		.byte	0x30
 391 013a 00       		.byte	0
 392 013b 0A       		.uleb128 0xa
 393 013c 1A000000 		.4byte	.LVL4
 394 0140 3D030000 		.4byte	0x33d
 395 0144 4F010000 		.4byte	0x14f
 396 0148 0B       		.uleb128 0xb
 397 0149 01       		.uleb128 0x1
 398 014a 50       		.byte	0x50
 399 014b 02       		.uleb128 0x2
 400 014c 75       		.byte	0x75
 401 014d 00       		.sleb128 0
 402 014e 00       		.byte	0
 403 014f 0A       		.uleb128 0xa
 404 0150 22000000 		.4byte	.LVL5
 405 0154 27030000 		.4byte	0x327
 406 0158 67010000 		.4byte	0x167
 407 015c 0B       		.uleb128 0xb
 408 015d 01       		.uleb128 0x1
 409 015e 51       		.byte	0x51
 410 015f 01       		.uleb128 0x1
 411 0160 30       		.byte	0x30
 412 0161 0B       		.uleb128 0xb
 413 0162 01       		.uleb128 0x1
 414 0163 50       		.byte	0x50
 415 0164 01       		.uleb128 0x1
 416 0165 31       		.byte	0x31
ARM GAS  C:\Users\JOSANT~1\AppData\Local\Temp\ccKC5L9x.s 			page 10


 417 0166 00       		.byte	0
 418 0167 0C       		.uleb128 0xc
 419 0168 28000000 		.4byte	.LVL6
 420 016c 3D030000 		.4byte	0x33d
 421 0170 0B       		.uleb128 0xb
 422 0171 01       		.uleb128 0x1
 423 0172 50       		.byte	0x50
 424 0173 02       		.uleb128 0x2
 425 0174 74       		.byte	0x74
 426 0175 00       		.sleb128 0
 427 0176 00       		.byte	0
 428 0177 00       		.byte	0
 429 0178 08       		.uleb128 0x8
 430 0179 88010000 		.4byte	.LASF22
 431 017d 01       		.byte	0x1
 432 017e 31       		.byte	0x31
 433 017f 00000000 		.4byte	.LFB65
 434 0183 7A000000 		.4byte	.LFE65-.LFB65
 435 0187 01       		.uleb128 0x1
 436 0188 9C       		.byte	0x9c
 437 0189 79020000 		.4byte	0x279
 438 018d 09       		.uleb128 0x9
 439 018e 80000000 		.4byte	.LASF23
 440 0192 01       		.byte	0x1
 441 0193 31       		.byte	0x31
 442 0194 CC000000 		.4byte	0xcc
 443 0198 3C000000 		.4byte	.LLST2
 444 019c 0D       		.uleb128 0xd
 445 019d F8010000 		.4byte	.LASF24
 446 01a1 01       		.byte	0x1
 447 01a2 32       		.byte	0x32
 448 01a3 68000000 		.4byte	0x68
 449 01a7 5A000000 		.4byte	.LLST3
 450 01ab 0E       		.uleb128 0xe
 451 01ac 01020000 		.4byte	.LASF19
 452 01b0 01       		.byte	0x1
 453 01b1 33       		.byte	0x33
 454 01b2 79020000 		.4byte	0x279
 455 01b6 02       		.uleb128 0x2
 456 01b7 91       		.byte	0x91
 457 01b8 54       		.sleb128 -44
 458 01b9 0E       		.uleb128 0xe
 459 01ba 08020000 		.4byte	.LASF20
 460 01be 01       		.byte	0x1
 461 01bf 34       		.byte	0x34
 462 01c0 79020000 		.4byte	0x279
 463 01c4 02       		.uleb128 0x2
 464 01c5 91       		.byte	0x91
 465 01c6 40       		.sleb128 -64
 466 01c7 0F       		.uleb128 0xf
 467 01c8 6900     		.ascii	"i\000"
 468 01ca 01       		.byte	0x1
 469 01cb 36       		.byte	0x36
 470 01cc 68000000 		.4byte	0x68
 471 01d0 78000000 		.4byte	.LLST4
 472 01d4 0A       		.uleb128 0xa
 473 01d5 0C000000 		.4byte	.LVL8
ARM GAS  C:\Users\JOSANT~1\AppData\Local\Temp\ccKC5L9x.s 			page 11


 474 01d9 59030000 		.4byte	0x359
 475 01dd E8010000 		.4byte	0x1e8
 476 01e1 0B       		.uleb128 0xb
 477 01e2 01       		.uleb128 0x1
 478 01e3 50       		.byte	0x50
 479 01e4 02       		.uleb128 0x2
 480 01e5 76       		.byte	0x76
 481 01e6 00       		.sleb128 0
 482 01e7 00       		.byte	0
 483 01e8 0A       		.uleb128 0xa
 484 01e9 18000000 		.4byte	.LVL11
 485 01ed 16030000 		.4byte	0x316
 486 01f1 FB010000 		.4byte	0x1fb
 487 01f5 0B       		.uleb128 0xb
 488 01f6 01       		.uleb128 0x1
 489 01f7 50       		.byte	0x50
 490 01f8 01       		.uleb128 0x1
 491 01f9 31       		.byte	0x31
 492 01fa 00       		.byte	0
 493 01fb 0A       		.uleb128 0xa
 494 01fc 20000000 		.4byte	.LVL12
 495 0200 27030000 		.4byte	0x327
 496 0204 13020000 		.4byte	0x213
 497 0208 0B       		.uleb128 0xb
 498 0209 01       		.uleb128 0x1
 499 020a 51       		.byte	0x51
 500 020b 01       		.uleb128 0x1
 501 020c 30       		.byte	0x30
 502 020d 0B       		.uleb128 0xb
 503 020e 01       		.uleb128 0x1
 504 020f 50       		.byte	0x50
 505 0210 01       		.uleb128 0x1
 506 0211 30       		.byte	0x30
 507 0212 00       		.byte	0
 508 0213 0A       		.uleb128 0xa
 509 0214 52000000 		.4byte	.LVL13
 510 0218 3D030000 		.4byte	0x33d
 511 021c 27020000 		.4byte	0x227
 512 0220 0B       		.uleb128 0xb
 513 0221 01       		.uleb128 0x1
 514 0222 50       		.byte	0x50
 515 0223 02       		.uleb128 0x2
 516 0224 91       		.byte	0x91
 517 0225 54       		.sleb128 -44
 518 0226 00       		.byte	0
 519 0227 0A       		.uleb128 0xa
 520 0228 5A000000 		.4byte	.LVL14
 521 022c 27030000 		.4byte	0x327
 522 0230 40020000 		.4byte	0x240
 523 0234 0B       		.uleb128 0xb
 524 0235 01       		.uleb128 0x1
 525 0236 51       		.byte	0x51
 526 0237 02       		.uleb128 0x2
 527 0238 78       		.byte	0x78
 528 0239 00       		.sleb128 0
 529 023a 0B       		.uleb128 0xb
 530 023b 01       		.uleb128 0x1
ARM GAS  C:\Users\JOSANT~1\AppData\Local\Temp\ccKC5L9x.s 			page 12


 531 023c 50       		.byte	0x50
 532 023d 01       		.uleb128 0x1
 533 023e 31       		.byte	0x31
 534 023f 00       		.byte	0
 535 0240 0A       		.uleb128 0xa
 536 0241 60000000 		.4byte	.LVL15
 537 0245 3D030000 		.4byte	0x33d
 538 0249 54020000 		.4byte	0x254
 539 024d 0B       		.uleb128 0xb
 540 024e 01       		.uleb128 0x1
 541 024f 50       		.byte	0x50
 542 0250 02       		.uleb128 0x2
 543 0251 7D       		.byte	0x7d
 544 0252 00       		.sleb128 0
 545 0253 00       		.byte	0
 546 0254 0A       		.uleb128 0xa
 547 0255 68000000 		.4byte	.LVL16
 548 0259 6E030000 		.4byte	0x36e
 549 025d 69020000 		.4byte	0x269
 550 0261 0B       		.uleb128 0xb
 551 0262 01       		.uleb128 0x1
 552 0263 50       		.byte	0x50
 553 0264 03       		.uleb128 0x3
 554 0265 0A       		.byte	0xa
 555 0266 9808     		.2byte	0x898
 556 0268 00       		.byte	0
 557 0269 0C       		.uleb128 0xc
 558 026a 74000000 		.4byte	.LVL18
 559 026e 16030000 		.4byte	0x316
 560 0272 0B       		.uleb128 0xb
 561 0273 01       		.uleb128 0x1
 562 0274 50       		.byte	0x50
 563 0275 01       		.uleb128 0x1
 564 0276 31       		.byte	0x31
 565 0277 00       		.byte	0
 566 0278 00       		.byte	0
 567 0279 10       		.uleb128 0x10
 568 027a B3000000 		.4byte	0xb3
 569 027e 89020000 		.4byte	0x289
 570 0282 11       		.uleb128 0x11
 571 0283 BA000000 		.4byte	0xba
 572 0287 10       		.byte	0x10
 573 0288 00       		.byte	0
 574 0289 12       		.uleb128 0x12
 575 028a AF000000 		.4byte	.LASF33
 576 028e 01       		.byte	0x1
 577 028f 12       		.byte	0x12
 578 0290 68000000 		.4byte	0x68
 579 0294 00000000 		.4byte	.LFB63
 580 0298 2C000000 		.4byte	.LFE63-.LFB63
 581 029c 01       		.uleb128 0x1
 582 029d 9C       		.byte	0x9c
 583 029e 05030000 		.4byte	0x305
 584 02a2 0E       		.uleb128 0xe
 585 02a3 00000000 		.4byte	.LASF25
 586 02a7 01       		.byte	0x1
 587 02a8 19       		.byte	0x19
ARM GAS  C:\Users\JOSANT~1\AppData\Local\Temp\ccKC5L9x.s 			page 13


 588 02a9 CC000000 		.4byte	0xcc
 589 02ad 06       		.uleb128 0x6
 590 02ae 03       		.byte	0x3
 591 02af 00000000 		.4byte	.LC0
 592 02b3 9F       		.byte	0x9f
 593 02b4 13       		.uleb128 0x13
 594 02b5 08000000 		.4byte	.LVL19
 595 02b9 7F030000 		.4byte	0x37f
 596 02bd 0A       		.uleb128 0xa
 597 02be 0E000000 		.4byte	.LVL20
 598 02c2 78010000 		.4byte	0x178
 599 02c6 D4020000 		.4byte	0x2d4
 600 02ca 0B       		.uleb128 0xb
 601 02cb 01       		.uleb128 0x1
 602 02cc 50       		.byte	0x50
 603 02cd 05       		.uleb128 0x5
 604 02ce 03       		.byte	0x3
 605 02cf 00000000 		.4byte	.LC0
 606 02d3 00       		.byte	0
 607 02d4 0A       		.uleb128 0xa
 608 02d5 16000000 		.4byte	.LVL21
 609 02d9 DD000000 		.4byte	0xdd
 610 02dd F4020000 		.4byte	0x2f4
 611 02e1 0B       		.uleb128 0xb
 612 02e2 01       		.uleb128 0x1
 613 02e3 51       		.byte	0x51
 614 02e4 05       		.uleb128 0x5
 615 02e5 03       		.byte	0x3
 616 02e6 84000000 		.4byte	.LC2
 617 02ea 0B       		.uleb128 0xb
 618 02eb 01       		.uleb128 0x1
 619 02ec 50       		.byte	0x50
 620 02ed 05       		.uleb128 0x5
 621 02ee 03       		.byte	0x3
 622 02ef 74000000 		.4byte	.LC1
 623 02f3 00       		.byte	0
 624 02f4 0C       		.uleb128 0xc
 625 02f5 1C000000 		.4byte	.LVL22
 626 02f9 6E030000 		.4byte	0x36e
 627 02fd 0B       		.uleb128 0xb
 628 02fe 01       		.uleb128 0x1
 629 02ff 50       		.byte	0x50
 630 0300 02       		.uleb128 0x2
 631 0301 08       		.byte	0x8
 632 0302 64       		.byte	0x64
 633 0303 00       		.byte	0
 634 0304 00       		.byte	0
 635 0305 14       		.uleb128 0x14
 636 0306 9B000000 		.4byte	.LASF34
 637 030a 08       		.byte	0x8
 638 030b 9606     		.2byte	0x696
 639 030d 11030000 		.4byte	0x311
 640 0311 15       		.uleb128 0x15
 641 0312 76000000 		.4byte	0x76
 642 0316 16       		.uleb128 0x16
 643 0317 50010000 		.4byte	.LASF26
 644 031b 06       		.byte	0x6
ARM GAS  C:\Users\JOSANT~1\AppData\Local\Temp\ccKC5L9x.s 			page 14


 645 031c 3A       		.byte	0x3a
 646 031d 27030000 		.4byte	0x327
 647 0321 17       		.uleb128 0x17
 648 0322 81000000 		.4byte	0x81
 649 0326 00       		.byte	0
 650 0327 16       		.uleb128 0x16
 651 0328 19020000 		.4byte	.LASF27
 652 032c 06       		.byte	0x6
 653 032d 3D       		.byte	0x3d
 654 032e 3D030000 		.4byte	0x33d
 655 0332 17       		.uleb128 0x17
 656 0333 81000000 		.4byte	0x81
 657 0337 17       		.uleb128 0x17
 658 0338 81000000 		.4byte	0x81
 659 033c 00       		.byte	0
 660 033d 16       		.uleb128 0x16
 661 033e 17000000 		.4byte	.LASF28
 662 0342 06       		.byte	0x6
 663 0343 3C       		.byte	0x3c
 664 0344 4E030000 		.4byte	0x34e
 665 0348 17       		.uleb128 0x17
 666 0349 4E030000 		.4byte	0x34e
 667 034d 00       		.byte	0
 668 034e 06       		.uleb128 0x6
 669 034f 04       		.byte	0x4
 670 0350 54030000 		.4byte	0x354
 671 0354 07       		.uleb128 0x7
 672 0355 A7000000 		.4byte	0xa7
 673 0359 18       		.uleb128 0x18
 674 035a 49010000 		.4byte	.LASF35
 675 035e 09       		.byte	0x9
 676 035f 21       		.byte	0x21
 677 0360 C1000000 		.4byte	0xc1
 678 0364 6E030000 		.4byte	0x36e
 679 0368 17       		.uleb128 0x17
 680 0369 D2000000 		.4byte	0xd2
 681 036d 00       		.byte	0
 682 036e 16       		.uleb128 0x16
 683 036f 5B020000 		.4byte	.LASF29
 684 0373 07       		.byte	0x7
 685 0374 76       		.byte	0x76
 686 0375 7F030000 		.4byte	0x37f
 687 0379 17       		.uleb128 0x17
 688 037a 8D000000 		.4byte	0x8d
 689 037e 00       		.byte	0
 690 037f 19       		.uleb128 0x19
 691 0380 3D020000 		.4byte	.LASF36
 692 0384 06       		.byte	0x6
 693 0385 38       		.byte	0x38
 694 0386 00       		.byte	0
 695              		.section	.debug_abbrev,"",%progbits
 696              	.Ldebug_abbrev0:
 697 0000 01       		.uleb128 0x1
 698 0001 11       		.uleb128 0x11
 699 0002 01       		.byte	0x1
 700 0003 25       		.uleb128 0x25
 701 0004 0E       		.uleb128 0xe
ARM GAS  C:\Users\JOSANT~1\AppData\Local\Temp\ccKC5L9x.s 			page 15


 702 0005 13       		.uleb128 0x13
 703 0006 0B       		.uleb128 0xb
 704 0007 03       		.uleb128 0x3
 705 0008 0E       		.uleb128 0xe
 706 0009 1B       		.uleb128 0x1b
 707 000a 0E       		.uleb128 0xe
 708 000b 55       		.uleb128 0x55
 709 000c 17       		.uleb128 0x17
 710 000d 11       		.uleb128 0x11
 711 000e 01       		.uleb128 0x1
 712 000f 10       		.uleb128 0x10
 713 0010 17       		.uleb128 0x17
 714 0011 00       		.byte	0
 715 0012 00       		.byte	0
 716 0013 02       		.uleb128 0x2
 717 0014 24       		.uleb128 0x24
 718 0015 00       		.byte	0
 719 0016 0B       		.uleb128 0xb
 720 0017 0B       		.uleb128 0xb
 721 0018 3E       		.uleb128 0x3e
 722 0019 0B       		.uleb128 0xb
 723 001a 03       		.uleb128 0x3
 724 001b 0E       		.uleb128 0xe
 725 001c 00       		.byte	0
 726 001d 00       		.byte	0
 727 001e 03       		.uleb128 0x3
 728 001f 16       		.uleb128 0x16
 729 0020 00       		.byte	0
 730 0021 03       		.uleb128 0x3
 731 0022 0E       		.uleb128 0xe
 732 0023 3A       		.uleb128 0x3a
 733 0024 0B       		.uleb128 0xb
 734 0025 3B       		.uleb128 0x3b
 735 0026 0B       		.uleb128 0xb
 736 0027 49       		.uleb128 0x49
 737 0028 13       		.uleb128 0x13
 738 0029 00       		.byte	0
 739 002a 00       		.byte	0
 740 002b 04       		.uleb128 0x4
 741 002c 24       		.uleb128 0x24
 742 002d 00       		.byte	0
 743 002e 0B       		.uleb128 0xb
 744 002f 0B       		.uleb128 0xb
 745 0030 3E       		.uleb128 0x3e
 746 0031 0B       		.uleb128 0xb
 747 0032 03       		.uleb128 0x3
 748 0033 08       		.uleb128 0x8
 749 0034 00       		.byte	0
 750 0035 00       		.byte	0
 751 0036 05       		.uleb128 0x5
 752 0037 16       		.uleb128 0x16
 753 0038 00       		.byte	0
 754 0039 03       		.uleb128 0x3
 755 003a 0E       		.uleb128 0xe
 756 003b 3A       		.uleb128 0x3a
 757 003c 0B       		.uleb128 0xb
 758 003d 3B       		.uleb128 0x3b
ARM GAS  C:\Users\JOSANT~1\AppData\Local\Temp\ccKC5L9x.s 			page 16


 759 003e 05       		.uleb128 0x5
 760 003f 49       		.uleb128 0x49
 761 0040 13       		.uleb128 0x13
 762 0041 00       		.byte	0
 763 0042 00       		.byte	0
 764 0043 06       		.uleb128 0x6
 765 0044 0F       		.uleb128 0xf
 766 0045 00       		.byte	0
 767 0046 0B       		.uleb128 0xb
 768 0047 0B       		.uleb128 0xb
 769 0048 49       		.uleb128 0x49
 770 0049 13       		.uleb128 0x13
 771 004a 00       		.byte	0
 772 004b 00       		.byte	0
 773 004c 07       		.uleb128 0x7
 774 004d 26       		.uleb128 0x26
 775 004e 00       		.byte	0
 776 004f 49       		.uleb128 0x49
 777 0050 13       		.uleb128 0x13
 778 0051 00       		.byte	0
 779 0052 00       		.byte	0
 780 0053 08       		.uleb128 0x8
 781 0054 2E       		.uleb128 0x2e
 782 0055 01       		.byte	0x1
 783 0056 3F       		.uleb128 0x3f
 784 0057 19       		.uleb128 0x19
 785 0058 03       		.uleb128 0x3
 786 0059 0E       		.uleb128 0xe
 787 005a 3A       		.uleb128 0x3a
 788 005b 0B       		.uleb128 0xb
 789 005c 3B       		.uleb128 0x3b
 790 005d 0B       		.uleb128 0xb
 791 005e 27       		.uleb128 0x27
 792 005f 19       		.uleb128 0x19
 793 0060 11       		.uleb128 0x11
 794 0061 01       		.uleb128 0x1
 795 0062 12       		.uleb128 0x12
 796 0063 06       		.uleb128 0x6
 797 0064 40       		.uleb128 0x40
 798 0065 18       		.uleb128 0x18
 799 0066 9742     		.uleb128 0x2117
 800 0068 19       		.uleb128 0x19
 801 0069 01       		.uleb128 0x1
 802 006a 13       		.uleb128 0x13
 803 006b 00       		.byte	0
 804 006c 00       		.byte	0
 805 006d 09       		.uleb128 0x9
 806 006e 05       		.uleb128 0x5
 807 006f 00       		.byte	0
 808 0070 03       		.uleb128 0x3
 809 0071 0E       		.uleb128 0xe
 810 0072 3A       		.uleb128 0x3a
 811 0073 0B       		.uleb128 0xb
 812 0074 3B       		.uleb128 0x3b
 813 0075 0B       		.uleb128 0xb
 814 0076 49       		.uleb128 0x49
 815 0077 13       		.uleb128 0x13
ARM GAS  C:\Users\JOSANT~1\AppData\Local\Temp\ccKC5L9x.s 			page 17


 816 0078 02       		.uleb128 0x2
 817 0079 17       		.uleb128 0x17
 818 007a 00       		.byte	0
 819 007b 00       		.byte	0
 820 007c 0A       		.uleb128 0xa
 821 007d 898201   		.uleb128 0x4109
 822 0080 01       		.byte	0x1
 823 0081 11       		.uleb128 0x11
 824 0082 01       		.uleb128 0x1
 825 0083 31       		.uleb128 0x31
 826 0084 13       		.uleb128 0x13
 827 0085 01       		.uleb128 0x1
 828 0086 13       		.uleb128 0x13
 829 0087 00       		.byte	0
 830 0088 00       		.byte	0
 831 0089 0B       		.uleb128 0xb
 832 008a 8A8201   		.uleb128 0x410a
 833 008d 00       		.byte	0
 834 008e 02       		.uleb128 0x2
 835 008f 18       		.uleb128 0x18
 836 0090 9142     		.uleb128 0x2111
 837 0092 18       		.uleb128 0x18
 838 0093 00       		.byte	0
 839 0094 00       		.byte	0
 840 0095 0C       		.uleb128 0xc
 841 0096 898201   		.uleb128 0x4109
 842 0099 01       		.byte	0x1
 843 009a 11       		.uleb128 0x11
 844 009b 01       		.uleb128 0x1
 845 009c 31       		.uleb128 0x31
 846 009d 13       		.uleb128 0x13
 847 009e 00       		.byte	0
 848 009f 00       		.byte	0
 849 00a0 0D       		.uleb128 0xd
 850 00a1 34       		.uleb128 0x34
 851 00a2 00       		.byte	0
 852 00a3 03       		.uleb128 0x3
 853 00a4 0E       		.uleb128 0xe
 854 00a5 3A       		.uleb128 0x3a
 855 00a6 0B       		.uleb128 0xb
 856 00a7 3B       		.uleb128 0x3b
 857 00a8 0B       		.uleb128 0xb
 858 00a9 49       		.uleb128 0x49
 859 00aa 13       		.uleb128 0x13
 860 00ab 02       		.uleb128 0x2
 861 00ac 17       		.uleb128 0x17
 862 00ad 00       		.byte	0
 863 00ae 00       		.byte	0
 864 00af 0E       		.uleb128 0xe
 865 00b0 34       		.uleb128 0x34
 866 00b1 00       		.byte	0
 867 00b2 03       		.uleb128 0x3
 868 00b3 0E       		.uleb128 0xe
 869 00b4 3A       		.uleb128 0x3a
 870 00b5 0B       		.uleb128 0xb
 871 00b6 3B       		.uleb128 0x3b
 872 00b7 0B       		.uleb128 0xb
ARM GAS  C:\Users\JOSANT~1\AppData\Local\Temp\ccKC5L9x.s 			page 18


 873 00b8 49       		.uleb128 0x49
 874 00b9 13       		.uleb128 0x13
 875 00ba 02       		.uleb128 0x2
 876 00bb 18       		.uleb128 0x18
 877 00bc 00       		.byte	0
 878 00bd 00       		.byte	0
 879 00be 0F       		.uleb128 0xf
 880 00bf 34       		.uleb128 0x34
 881 00c0 00       		.byte	0
 882 00c1 03       		.uleb128 0x3
 883 00c2 08       		.uleb128 0x8
 884 00c3 3A       		.uleb128 0x3a
 885 00c4 0B       		.uleb128 0xb
 886 00c5 3B       		.uleb128 0x3b
 887 00c6 0B       		.uleb128 0xb
 888 00c7 49       		.uleb128 0x49
 889 00c8 13       		.uleb128 0x13
 890 00c9 02       		.uleb128 0x2
 891 00ca 17       		.uleb128 0x17
 892 00cb 00       		.byte	0
 893 00cc 00       		.byte	0
 894 00cd 10       		.uleb128 0x10
 895 00ce 01       		.uleb128 0x1
 896 00cf 01       		.byte	0x1
 897 00d0 49       		.uleb128 0x49
 898 00d1 13       		.uleb128 0x13
 899 00d2 01       		.uleb128 0x1
 900 00d3 13       		.uleb128 0x13
 901 00d4 00       		.byte	0
 902 00d5 00       		.byte	0
 903 00d6 11       		.uleb128 0x11
 904 00d7 21       		.uleb128 0x21
 905 00d8 00       		.byte	0
 906 00d9 49       		.uleb128 0x49
 907 00da 13       		.uleb128 0x13
 908 00db 2F       		.uleb128 0x2f
 909 00dc 0B       		.uleb128 0xb
 910 00dd 00       		.byte	0
 911 00de 00       		.byte	0
 912 00df 12       		.uleb128 0x12
 913 00e0 2E       		.uleb128 0x2e
 914 00e1 01       		.byte	0x1
 915 00e2 3F       		.uleb128 0x3f
 916 00e3 19       		.uleb128 0x19
 917 00e4 03       		.uleb128 0x3
 918 00e5 0E       		.uleb128 0xe
 919 00e6 3A       		.uleb128 0x3a
 920 00e7 0B       		.uleb128 0xb
 921 00e8 3B       		.uleb128 0x3b
 922 00e9 0B       		.uleb128 0xb
 923 00ea 27       		.uleb128 0x27
 924 00eb 19       		.uleb128 0x19
 925 00ec 49       		.uleb128 0x49
 926 00ed 13       		.uleb128 0x13
 927 00ee 11       		.uleb128 0x11
 928 00ef 01       		.uleb128 0x1
 929 00f0 12       		.uleb128 0x12
ARM GAS  C:\Users\JOSANT~1\AppData\Local\Temp\ccKC5L9x.s 			page 19


 930 00f1 06       		.uleb128 0x6
 931 00f2 40       		.uleb128 0x40
 932 00f3 18       		.uleb128 0x18
 933 00f4 9742     		.uleb128 0x2117
 934 00f6 19       		.uleb128 0x19
 935 00f7 01       		.uleb128 0x1
 936 00f8 13       		.uleb128 0x13
 937 00f9 00       		.byte	0
 938 00fa 00       		.byte	0
 939 00fb 13       		.uleb128 0x13
 940 00fc 898201   		.uleb128 0x4109
 941 00ff 00       		.byte	0
 942 0100 11       		.uleb128 0x11
 943 0101 01       		.uleb128 0x1
 944 0102 31       		.uleb128 0x31
 945 0103 13       		.uleb128 0x13
 946 0104 00       		.byte	0
 947 0105 00       		.byte	0
 948 0106 14       		.uleb128 0x14
 949 0107 34       		.uleb128 0x34
 950 0108 00       		.byte	0
 951 0109 03       		.uleb128 0x3
 952 010a 0E       		.uleb128 0xe
 953 010b 3A       		.uleb128 0x3a
 954 010c 0B       		.uleb128 0xb
 955 010d 3B       		.uleb128 0x3b
 956 010e 05       		.uleb128 0x5
 957 010f 49       		.uleb128 0x49
 958 0110 13       		.uleb128 0x13
 959 0111 3F       		.uleb128 0x3f
 960 0112 19       		.uleb128 0x19
 961 0113 3C       		.uleb128 0x3c
 962 0114 19       		.uleb128 0x19
 963 0115 00       		.byte	0
 964 0116 00       		.byte	0
 965 0117 15       		.uleb128 0x15
 966 0118 35       		.uleb128 0x35
 967 0119 00       		.byte	0
 968 011a 49       		.uleb128 0x49
 969 011b 13       		.uleb128 0x13
 970 011c 00       		.byte	0
 971 011d 00       		.byte	0
 972 011e 16       		.uleb128 0x16
 973 011f 2E       		.uleb128 0x2e
 974 0120 01       		.byte	0x1
 975 0121 3F       		.uleb128 0x3f
 976 0122 19       		.uleb128 0x19
 977 0123 03       		.uleb128 0x3
 978 0124 0E       		.uleb128 0xe
 979 0125 3A       		.uleb128 0x3a
 980 0126 0B       		.uleb128 0xb
 981 0127 3B       		.uleb128 0x3b
 982 0128 0B       		.uleb128 0xb
 983 0129 27       		.uleb128 0x27
 984 012a 19       		.uleb128 0x19
 985 012b 3C       		.uleb128 0x3c
 986 012c 19       		.uleb128 0x19
ARM GAS  C:\Users\JOSANT~1\AppData\Local\Temp\ccKC5L9x.s 			page 20


 987 012d 01       		.uleb128 0x1
 988 012e 13       		.uleb128 0x13
 989 012f 00       		.byte	0
 990 0130 00       		.byte	0
 991 0131 17       		.uleb128 0x17
 992 0132 05       		.uleb128 0x5
 993 0133 00       		.byte	0
 994 0134 49       		.uleb128 0x49
 995 0135 13       		.uleb128 0x13
 996 0136 00       		.byte	0
 997 0137 00       		.byte	0
 998 0138 18       		.uleb128 0x18
 999 0139 2E       		.uleb128 0x2e
 1000 013a 01       		.byte	0x1
 1001 013b 3F       		.uleb128 0x3f
 1002 013c 19       		.uleb128 0x19
 1003 013d 03       		.uleb128 0x3
 1004 013e 0E       		.uleb128 0xe
 1005 013f 3A       		.uleb128 0x3a
 1006 0140 0B       		.uleb128 0xb
 1007 0141 3B       		.uleb128 0x3b
 1008 0142 0B       		.uleb128 0xb
 1009 0143 27       		.uleb128 0x27
 1010 0144 19       		.uleb128 0x19
 1011 0145 49       		.uleb128 0x49
 1012 0146 13       		.uleb128 0x13
 1013 0147 3C       		.uleb128 0x3c
 1014 0148 19       		.uleb128 0x19
 1015 0149 01       		.uleb128 0x1
 1016 014a 13       		.uleb128 0x13
 1017 014b 00       		.byte	0
 1018 014c 00       		.byte	0
 1019 014d 19       		.uleb128 0x19
 1020 014e 2E       		.uleb128 0x2e
 1021 014f 00       		.byte	0
 1022 0150 3F       		.uleb128 0x3f
 1023 0151 19       		.uleb128 0x19
 1024 0152 03       		.uleb128 0x3
 1025 0153 0E       		.uleb128 0xe
 1026 0154 3A       		.uleb128 0x3a
 1027 0155 0B       		.uleb128 0xb
 1028 0156 3B       		.uleb128 0x3b
 1029 0157 0B       		.uleb128 0xb
 1030 0158 27       		.uleb128 0x27
 1031 0159 19       		.uleb128 0x19
 1032 015a 3C       		.uleb128 0x3c
 1033 015b 19       		.uleb128 0x19
 1034 015c 00       		.byte	0
 1035 015d 00       		.byte	0
 1036 015e 00       		.byte	0
 1037              		.section	.debug_loc,"",%progbits
 1038              	.Ldebug_loc0:
 1039              	.LLST0:
 1040 0000 00000000 		.4byte	.LVL0
 1041 0004 08000000 		.4byte	.LVL1
 1042 0008 0100     		.2byte	0x1
 1043 000a 50       		.byte	0x50
ARM GAS  C:\Users\JOSANT~1\AppData\Local\Temp\ccKC5L9x.s 			page 21


 1044 000b 08000000 		.4byte	.LVL1
 1045 000f 2A000000 		.4byte	.LFE64
 1046 0013 0100     		.2byte	0x1
 1047 0015 55       		.byte	0x55
 1048 0016 00000000 		.4byte	0
 1049 001a 00000000 		.4byte	0
 1050              	.LLST1:
 1051 001e 00000000 		.4byte	.LVL0
 1052 0022 0B000000 		.4byte	.LVL2-1
 1053 0026 0100     		.2byte	0x1
 1054 0028 51       		.byte	0x51
 1055 0029 0B000000 		.4byte	.LVL2-1
 1056 002d 2A000000 		.4byte	.LFE64
 1057 0031 0100     		.2byte	0x1
 1058 0033 54       		.byte	0x54
 1059 0034 00000000 		.4byte	0
 1060 0038 00000000 		.4byte	0
 1061              	.LLST2:
 1062 003c 00000000 		.4byte	.LVL7
 1063 0040 0B000000 		.4byte	.LVL8-1
 1064 0044 0100     		.2byte	0x1
 1065 0046 50       		.byte	0x50
 1066 0047 0B000000 		.4byte	.LVL8-1
 1067 004b 7A000000 		.4byte	.LFE65
 1068 004f 0100     		.2byte	0x1
 1069 0051 56       		.byte	0x56
 1070 0052 00000000 		.4byte	0
 1071 0056 00000000 		.4byte	0
 1072              	.LLST3:
 1073 005a 0E000000 		.4byte	.LVL9
 1074 005e 12000000 		.4byte	.LVL10
 1075 0062 0100     		.2byte	0x1
 1076 0064 50       		.byte	0x50
 1077 0065 12000000 		.4byte	.LVL10
 1078 0069 7A000000 		.4byte	.LFE65
 1079 006d 0100     		.2byte	0x1
 1080 006f 57       		.byte	0x57
 1081 0070 00000000 		.4byte	0
 1082 0074 00000000 		.4byte	0
 1083              	.LLST4:
 1084 0078 0E000000 		.4byte	.LVL9
 1085 007c 12000000 		.4byte	.LVL10
 1086 0080 0200     		.2byte	0x2
 1087 0082 30       		.byte	0x30
 1088 0083 9F       		.byte	0x9f
 1089 0084 12000000 		.4byte	.LVL10
 1090 0088 7A000000 		.4byte	.LFE65
 1091 008c 0100     		.2byte	0x1
 1092 008e 55       		.byte	0x55
 1093 008f 00000000 		.4byte	0
 1094 0093 00000000 		.4byte	0
 1095              		.section	.debug_aranges,"",%progbits
 1096 0000 2C000000 		.4byte	0x2c
 1097 0004 0200     		.2byte	0x2
 1098 0006 00000000 		.4byte	.Ldebug_info0
 1099 000a 04       		.byte	0x4
 1100 000b 00       		.byte	0
ARM GAS  C:\Users\JOSANT~1\AppData\Local\Temp\ccKC5L9x.s 			page 22


 1101 000c 0000     		.2byte	0
 1102 000e 0000     		.2byte	0
 1103 0010 00000000 		.4byte	.LFB64
 1104 0014 2A000000 		.4byte	.LFE64-.LFB64
 1105 0018 00000000 		.4byte	.LFB65
 1106 001c 7A000000 		.4byte	.LFE65-.LFB65
 1107 0020 00000000 		.4byte	.LFB63
 1108 0024 2C000000 		.4byte	.LFE63-.LFB63
 1109 0028 00000000 		.4byte	0
 1110 002c 00000000 		.4byte	0
 1111              		.section	.debug_ranges,"",%progbits
 1112              	.Ldebug_ranges0:
 1113 0000 00000000 		.4byte	.LFB64
 1114 0004 2A000000 		.4byte	.LFE64
 1115 0008 00000000 		.4byte	.LFB65
 1116 000c 7A000000 		.4byte	.LFE65
 1117 0010 00000000 		.4byte	.LFB63
 1118 0014 2C000000 		.4byte	.LFE63
 1119 0018 00000000 		.4byte	0
 1120 001c 00000000 		.4byte	0
 1121              		.section	.debug_line,"",%progbits
 1122              	.Ldebug_line0:
 1123 0000 81020000 		.section	.debug_str,"MS",%progbits,1
 1123      0200F101 
 1123      00000201 
 1123      FB0E0D00 
 1123      01010101 
 1124              	.LASF25:
 1125 0000 6D656E73 		.ascii	"mensajeAMostrar\000"
 1125      616A6541 
 1125      4D6F7374 
 1125      72617200 
 1126              	.LASF18:
 1127 0010 73697A65 		.ascii	"size_t\000"
 1127      5F7400
 1128              	.LASF28:
 1129 0017 70616E74 		.ascii	"pantallaLCD_PrintString\000"
 1129      616C6C61 
 1129      4C43445F 
 1129      5072696E 
 1129      74537472 
 1130              	.LASF9:
 1131 002f 5F5F696E 		.ascii	"__int32_t\000"
 1131      7433325F 
 1131      7400
 1132              	.LASF8:
 1133 0039 756E7369 		.ascii	"unsigned int\000"
 1133      676E6564 
 1133      20696E74 
 1133      00
 1134              	.LASF13:
 1135 0046 666C6F61 		.ascii	"float\000"
 1135      7400
 1136              	.LASF21:
 1137 004c 4D756573 		.ascii	"MuestraCadena\000"
 1137      74726143 
 1137      6164656E 
ARM GAS  C:\Users\JOSANT~1\AppData\Local\Temp\ccKC5L9x.s 			page 23


 1137      6100
 1138              	.LASF1:
 1139 005a 756E7369 		.ascii	"unsigned char\000"
 1139      676E6564 
 1139      20636861 
 1139      7200
 1140              	.LASF15:
 1141 0068 63686172 		.ascii	"char8\000"
 1141      3800
 1142              	.LASF5:
 1143 006e 6C6F6E67 		.ascii	"long unsigned int\000"
 1143      20756E73 
 1143      69676E65 
 1143      6420696E 
 1143      7400
 1144              	.LASF23:
 1145 0080 6D656E73 		.ascii	"mensaje\000"
 1145      616A6500 
 1146              	.LASF3:
 1147 0088 73686F72 		.ascii	"short unsigned int\000"
 1147      7420756E 
 1147      7369676E 
 1147      65642069 
 1147      6E7400
 1148              	.LASF34:
 1149 009b 49544D5F 		.ascii	"ITM_RxBuffer\000"
 1149      52784275 
 1149      66666572 
 1149      00
 1150              	.LASF14:
 1151 00a8 646F7562 		.ascii	"double\000"
 1151      6C6500
 1152              	.LASF33:
 1153 00af 6D61696E 		.ascii	"main\000"
 1153      00
 1154              	.LASF12:
 1155 00b4 75696E74 		.ascii	"uint32\000"
 1155      333200
 1156              	.LASF30:
 1157 00bb 474E5520 		.ascii	"GNU C 4.9.3 20150303 (release) [ARM/embedded-4_9-br"
 1157      4320342E 
 1157      392E3320 
 1157      32303135 
 1157      30333033 
 1158 00ee 616E6368 		.ascii	"anch revision 221220] -mcpu=cortex-m3 -mthumb -g -O"
 1158      20726576 
 1158      6973696F 
 1158      6E203232 
 1158      31323230 
 1159 0121 67202D66 		.ascii	"g -ffunction-sections -ffat-lto-objects\000"
 1159      66756E63 
 1159      74696F6E 
 1159      2D736563 
 1159      74696F6E 
 1160              	.LASF35:
 1161 0149 7374726C 		.ascii	"strlen\000"
 1161      656E00
ARM GAS  C:\Users\JOSANT~1\AppData\Local\Temp\ccKC5L9x.s 			page 24


 1162              	.LASF26:
 1163 0150 70616E74 		.ascii	"pantallaLCD_WriteControl\000"
 1163      616C6C61 
 1163      4C43445F 
 1163      57726974 
 1163      65436F6E 
 1164              	.LASF7:
 1165 0169 6C6F6E67 		.ascii	"long long unsigned int\000"
 1165      206C6F6E 
 1165      6720756E 
 1165      7369676E 
 1165      65642069 
 1166              	.LASF10:
 1167 0180 696E7433 		.ascii	"int32_t\000"
 1167      325F7400 
 1168              	.LASF22:
 1169 0188 4D756573 		.ascii	"MuestraMultiLineas\000"
 1169      7472614D 
 1169      756C7469 
 1169      4C696E65 
 1169      617300
 1170              	.LASF17:
 1171 019b 73697A65 		.ascii	"sizetype\000"
 1171      74797065 
 1171      00
 1172              	.LASF6:
 1173 01a4 6C6F6E67 		.ascii	"long long int\000"
 1173      206C6F6E 
 1173      6720696E 
 1173      7400
 1174              	.LASF31:
 1175 01b2 6D61696E 		.ascii	"main.c\000"
 1175      2E6300
 1176              	.LASF16:
 1177 01b9 63686172 		.ascii	"char\000"
 1177      00
 1178              	.LASF32:
 1179 01be 433A5C50 		.ascii	"C:\\Practicas\\PracticasDSECompleto\\Practica2Parte"
 1179      72616374 
 1179      69636173 
 1179      5C507261 
 1179      63746963 
 1180 01ee 3179322E 		.ascii	"1y2.cydsn\000"
 1180      63796473 
 1180      6E00
 1181              	.LASF24:
 1182 01f8 6C6F6E67 		.ascii	"longitud\000"
 1182      69747564 
 1182      00
 1183              	.LASF19:
 1184 0201 6C696E65 		.ascii	"linea1\000"
 1184      613100
 1185              	.LASF20:
 1186 0208 6C696E65 		.ascii	"linea2\000"
 1186      613200
 1187              	.LASF2:
 1188 020f 73686F72 		.ascii	"short int\000"
ARM GAS  C:\Users\JOSANT~1\AppData\Local\Temp\ccKC5L9x.s 			page 25


 1188      7420696E 
 1188      7400
 1189              	.LASF27:
 1190 0219 70616E74 		.ascii	"pantallaLCD_Position\000"
 1190      616C6C61 
 1190      4C43445F 
 1190      506F7369 
 1190      74696F6E 
 1191              	.LASF11:
 1192 022e 75696E74 		.ascii	"uint8\000"
 1192      3800
 1193              	.LASF4:
 1194 0234 6C6F6E67 		.ascii	"long int\000"
 1194      20696E74 
 1194      00
 1195              	.LASF36:
 1196 023d 70616E74 		.ascii	"pantallaLCD_Start\000"
 1196      616C6C61 
 1196      4C43445F 
 1196      53746172 
 1196      7400
 1197              	.LASF0:
 1198 024f 7369676E 		.ascii	"signed char\000"
 1198      65642063 
 1198      68617200 
 1199              	.LASF29:
 1200 025b 43794465 		.ascii	"CyDelay\000"
 1200      6C617900 
 1201              		.ident	"GCC: (GNU Tools for ARM Embedded Processors) 4.9.3 20150303 (release) [ARM/embedded-4_9-br
