ARM GAS  C:\Users\Cristina\AppData\Local\Temp\ccl7lyx1.s 			page 1


   1              		.syntax unified
   2              		.cpu cortex-m3
   3              		.fpu softvfp
   4              		.eabi_attribute 20, 1
   5              		.eabi_attribute 21, 1
   6              		.eabi_attribute 23, 3
   7              		.eabi_attribute 24, 1
   8              		.eabi_attribute 25, 1
   9              		.eabi_attribute 26, 1
  10              		.eabi_attribute 30, 1
  11              		.eabi_attribute 34, 1
  12              		.eabi_attribute 18, 4
  13              		.thumb
  14              		.file	"cymetadata.c"
  15              		.text
  16              	.Ltext0:
  17              		.cfi_sections	.debug_frame
  18              		.global	cy_metadata
  19              		.global	cy_meta_flashprotect
  20              		.global	cy_meta_wonvl
  21              		.global	cy_meta_custnvl
  22              		.global	cy_meta_configecc
  23              		.section	.cyconfigecc,"a",%progbits
  24              		.align	2
  25              		.type	cy_meta_configecc, %object
  26              		.size	cy_meta_configecc, 1344
  27              	cy_meta_configecc:
  28 0000 04       		.byte	4
  29 0001 52       		.byte	82
  30 0002 00       		.byte	0
  31 0003 40       		.byte	64
  32 0004 03       		.byte	3
  33 0005 64       		.byte	100
  34 0006 00       		.byte	0
  35 0007 40       		.byte	64
  36 0008 02       		.byte	2
  37 0009 65       		.byte	101
  38 000a 00       		.byte	0
  39 000b 40       		.byte	64
  40 000c 2B       		.byte	43
  41 000d 02       		.byte	2
  42 000e 01       		.byte	1
  43 000f 40       		.byte	64
  44 0010 1D       		.byte	29
  45 0011 03       		.byte	3
  46 0012 01       		.byte	1
  47 0013 40       		.byte	64
  48 0014 01       		.byte	1
  49 0015 05       		.byte	5
  50 0016 01       		.byte	1
  51 0017 40       		.byte	64
  52 0018 01       		.byte	1
  53 0019 07       		.byte	7
  54 001a 01       		.byte	1
  55 001b 40       		.byte	64
  56 001c 55       		.byte	85
  57 001d 08       		.byte	8
ARM GAS  C:\Users\Cristina\AppData\Local\Temp\ccl7lyx1.s 			page 2


  58 001e 01       		.byte	1
  59 001f 40       		.byte	64
  60 0020 36       		.byte	54
  61 0021 09       		.byte	9
  62 0022 01       		.byte	1
  63 0023 40       		.byte	64
  64 0024 39       		.byte	57
  65 0025 0A       		.byte	10
  66 0026 01       		.byte	1
  67 0027 40       		.byte	64
  68 0028 17       		.byte	23
  69 0029 0B       		.byte	11
  70 002a 01       		.byte	1
  71 002b 40       		.byte	64
  72 002c 05       		.byte	5
  73 002d 18       		.byte	24
  74 002e 01       		.byte	1
  75 002f 40       		.byte	64
  76 0030 3C       		.byte	60
  77 0031 19       		.byte	25
  78 0032 01       		.byte	1
  79 0033 40       		.byte	64
  80 0034 5F       		.byte	95
  81 0035 1A       		.byte	26
  82 0036 01       		.byte	1
  83 0037 40       		.byte	64
  84 0038 3B       		.byte	59
  85 0039 1B       		.byte	27
  86 003a 01       		.byte	1
  87 003b 40       		.byte	64
  88 003c 03       		.byte	3
  89 003d 40       		.byte	64
  90 003e 01       		.byte	1
  91 003f 40       		.byte	64
  92 0040 06       		.byte	6
  93 0041 41       		.byte	65
  94 0042 01       		.byte	1
  95 0043 40       		.byte	64
  96 0044 02       		.byte	2
  97 0045 42       		.byte	66
  98 0046 01       		.byte	1
  99 0047 40       		.byte	64
 100 0048 02       		.byte	2
 101 0049 43       		.byte	67
 102 004a 01       		.byte	1
 103 004b 40       		.byte	64
 104 004c 04       		.byte	4
 105 004d 4C       		.byte	76
 106 004e 01       		.byte	1
 107 004f 40       		.byte	64
 108 0050 03       		.byte	3
 109 0051 4D       		.byte	77
 110 0052 01       		.byte	1
 111 0053 40       		.byte	64
 112 0054 07       		.byte	7
 113 0055 50       		.byte	80
 114 0056 01       		.byte	1
ARM GAS  C:\Users\Cristina\AppData\Local\Temp\ccl7lyx1.s 			page 3


 115 0057 40       		.byte	64
 116 0058 01       		.byte	1
 117 0059 51       		.byte	81
 118 005a 01       		.byte	1
 119 005b 40       		.byte	64
 120 005c 00       		.byte	0
 121 005d 01       		.byte	1
 122 005e 08       		.byte	8
 123 005f 80       		.byte	-128
 124 0060 09       		.byte	9
 125 0061 80       		.byte	-128
 126 0062 0C       		.byte	12
 127 0063 40       		.byte	64
 128 0064 82       		.byte	-126
 129 0065 0D       		.byte	13
 130 0066 88       		.byte	-120
 131 0067 38       		.byte	56
 132 0068 8B       		.byte	-117
 133 0069 0D       		.byte	13
 134 006a 88       		.byte	-120
 135 006b 72       		.byte	114
 136 006c 8A       		.byte	-118
 137 006d 0F       		.byte	15
 138 006e 02       		.byte	2
 139 006f 01       		.byte	1
 140 0070 03       		.byte	3
 141 0071 02       		.byte	2
 142 0072 0E       		.byte	14
 143 0073 06       		.byte	6
 144 0074 16       		.byte	22
 145 0075 01       		.byte	1
 146 0076 1C       		.byte	28
 147 0077 02       		.byte	2
 148 0078 1F       		.byte	31
 149 0079 01       		.byte	1
 150 007a 2F       		.byte	47
 151 007b 01       		.byte	1
 152 007c 30       		.byte	48
 153 007d 02       		.byte	2
 154 007e 31       		.byte	49
 155 007f 02       		.byte	2
 156 0080 34       		.byte	52
 157 0081 01       		.byte	1
 158 0082 35       		.byte	53
 159 0083 01       		.byte	1
 160 0084 36       		.byte	54
 161 0085 04       		.byte	4
 162 0086 3E       		.byte	62
 163 0087 10       		.byte	16
 164 0088 40       		.byte	64
 165 0089 10       		.byte	16
 166 008a 41       		.byte	65
 167 008b 06       		.byte	6
 168 008c 45       		.byte	69
 169 008d D0       		.byte	-48
 170 008e 46       		.byte	70
 171 008f 20       		.byte	32
ARM GAS  C:\Users\Cristina\AppData\Local\Temp\ccl7lyx1.s 			page 4


 172 0090 47       		.byte	71
 173 0091 10       		.byte	16
 174 0092 48       		.byte	72
 175 0093 2A       		.byte	42
 176 0094 49       		.byte	73
 177 0095 FF       		.byte	-1
 178 0096 4A       		.byte	74
 179 0097 FF       		.byte	-1
 180 0098 4B       		.byte	75
 181 0099 FF       		.byte	-1
 182 009a 4D       		.byte	77
 183 009b A0       		.byte	-96
 184 009c 4F       		.byte	79
 185 009d 04       		.byte	4
 186 009e 50       		.byte	80
 187 009f 18       		.byte	24
 188 00a0 52       		.byte	82
 189 00a1 80       		.byte	-128
 190 00a2 54       		.byte	84
 191 00a3 05       		.byte	5
 192 00a4 58       		.byte	88
 193 00a5 04       		.byte	4
 194 00a6 59       		.byte	89
 195 00a7 04       		.byte	4
 196 00a8 5A       		.byte	90
 197 00a9 04       		.byte	4
 198 00aa 5B       		.byte	91
 199 00ab 04       		.byte	4
 200 00ac 5C       		.byte	92
 201 00ad 11       		.byte	17
 202 00ae 5D       		.byte	93
 203 00af 11       		.byte	17
 204 00b0 5F       		.byte	95
 205 00b1 01       		.byte	1
 206 00b2 60       		.byte	96
 207 00b3 40       		.byte	64
 208 00b4 62       		.byte	98
 209 00b5 C0       		.byte	-64
 210 00b6 64       		.byte	100
 211 00b7 40       		.byte	64
 212 00b8 65       		.byte	101
 213 00b9 40       		.byte	64
 214 00ba 66       		.byte	102
 215 00bb C0       		.byte	-64
 216 00bc 68       		.byte	104
 217 00bd C0       		.byte	-64
 218 00be 6A       		.byte	106
 219 00bf C0       		.byte	-64
 220 00c0 6C       		.byte	108
 221 00c1 C0       		.byte	-64
 222 00c2 6E       		.byte	110
 223 00c3 C0       		.byte	-64
 224 00c4 06       		.byte	6
 225 00c5 01       		.byte	1
 226 00c6 07       		.byte	7
 227 00c7 80       		.byte	-128
 228 00c8 0D       		.byte	13
ARM GAS  C:\Users\Cristina\AppData\Local\Temp\ccl7lyx1.s 			page 5


 229 00c9 80       		.byte	-128
 230 00ca 0F       		.byte	15
 231 00cb 20       		.byte	32
 232 00cc 1C       		.byte	28
 233 00cd 40       		.byte	64
 234 00ce 1D       		.byte	29
 235 00cf 80       		.byte	-128
 236 00d0 1E       		.byte	30
 237 00d1 08       		.byte	8
 238 00d2 26       		.byte	38
 239 00d3 10       		.byte	16
 240 00d4 27       		.byte	39
 241 00d5 80       		.byte	-128
 242 00d6 2F       		.byte	47
 243 00d7 02       		.byte	2
 244 00d8 37       		.byte	55
 245 00d9 80       		.byte	-128
 246 00da 3C       		.byte	60
 247 00db 02       		.byte	2
 248 00dc 47       		.byte	71
 249 00dd 80       		.byte	-128
 250 00de 4F       		.byte	79
 251 00df 21       		.byte	33
 252 00e0 56       		.byte	86
 253 00e1 01       		.byte	1
 254 00e2 57       		.byte	87
 255 00e3 12       		.byte	18
 256 00e4 5C       		.byte	92
 257 00e5 40       		.byte	64
 258 00e6 5E       		.byte	94
 259 00e7 08       		.byte	8
 260 00e8 5F       		.byte	95
 261 00e9 01       		.byte	1
 262 00ea 74       		.byte	116
 263 00eb 01       		.byte	1
 264 00ec 86       		.byte	-122
 265 00ed 10       		.byte	16
 266 00ee C0       		.byte	-64
 267 00ef 90       		.byte	-112
 268 00f0 C2       		.byte	-62
 269 00f1 A0       		.byte	-96
 270 00f2 CA       		.byte	-54
 271 00f3 10       		.byte	16
 272 00f4 CC       		.byte	-52
 273 00f5 10       		.byte	16
 274 00f6 CE       		.byte	-50
 275 00f7 80       		.byte	-128
 276 00f8 D0       		.byte	-48
 277 00f9 10       		.byte	16
 278 00fa D2       		.byte	-46
 279 00fb 20       		.byte	32
 280 00fc D6       		.byte	-42
 281 00fd D0       		.byte	-48
 282 00fe EA       		.byte	-22
 283 00ff 80       		.byte	-128
 284 0100 EE       		.byte	-18
 285 0101 08       		.byte	8
ARM GAS  C:\Users\Cristina\AppData\Local\Temp\ccl7lyx1.s 			page 6


 286 0102 01       		.byte	1
 287 0103 04       		.byte	4
 288 0104 02       		.byte	2
 289 0105 01       		.byte	1
 290 0106 04       		.byte	4
 291 0107 04       		.byte	4
 292 0108 05       		.byte	5
 293 0109 06       		.byte	6
 294 010a 07       		.byte	7
 295 010b 01       		.byte	1
 296 010c 08       		.byte	8
 297 010d 04       		.byte	4
 298 010e 09       		.byte	9
 299 010f 02       		.byte	2
 300 0110 0D       		.byte	13
 301 0111 06       		.byte	6
 302 0112 0F       		.byte	15
 303 0113 01       		.byte	1
 304 0114 10       		.byte	16
 305 0115 01       		.byte	1
 306 0116 11       		.byte	17
 307 0117 01       		.byte	1
 308 0118 13       		.byte	19
 309 0119 06       		.byte	6
 310 011a 19       		.byte	25
 311 011b 06       		.byte	6
 312 011c 1A       		.byte	26
 313 011d 01       		.byte	1
 314 011e 1D       		.byte	29
 315 011f 07       		.byte	7
 316 0120 1E       		.byte	30
 317 0121 02       		.byte	2
 318 0122 20       		.byte	32
 319 0123 04       		.byte	4
 320 0124 23       		.byte	35
 321 0125 08       		.byte	8
 322 0126 26       		.byte	38
 323 0127 02       		.byte	2
 324 0128 2B       		.byte	43
 325 0129 01       		.byte	1
 326 012a 2C       		.byte	44
 327 012b 01       		.byte	1
 328 012c 2F       		.byte	47
 329 012d 08       		.byte	8
 330 012e 31       		.byte	49
 331 012f 07       		.byte	7
 332 0130 32       		.byte	50
 333 0131 04       		.byte	4
 334 0132 34       		.byte	52
 335 0133 02       		.byte	2
 336 0134 35       		.byte	53
 337 0135 08       		.byte	8
 338 0136 36       		.byte	54
 339 0137 01       		.byte	1
 340 0138 38       		.byte	56
 341 0139 80       		.byte	-128
 342 013a 3B       		.byte	59
ARM GAS  C:\Users\Cristina\AppData\Local\Temp\ccl7lyx1.s 			page 7


 343 013b 82       		.byte	-126
 344 013c 3E       		.byte	62
 345 013d 10       		.byte	16
 346 013e 3F       		.byte	63
 347 013f 10       		.byte	16
 348 0140 40       		.byte	64
 349 0141 45       		.byte	69
 350 0142 49       		.byte	73
 351 0143 FF       		.byte	-1
 352 0144 4A       		.byte	74
 353 0145 FF       		.byte	-1
 354 0146 4B       		.byte	75
 355 0147 FF       		.byte	-1
 356 0148 4F       		.byte	79
 357 0149 01       		.byte	1
 358 014a 50       		.byte	80
 359 014b 18       		.byte	24
 360 014c 54       		.byte	84
 361 014d 18       		.byte	24
 362 014e 56       		.byte	86
 363 014f 04       		.byte	4
 364 0150 58       		.byte	88
 365 0151 04       		.byte	4
 366 0152 59       		.byte	89
 367 0153 04       		.byte	4
 368 0154 5A       		.byte	90
 369 0155 04       		.byte	4
 370 0156 5B       		.byte	91
 371 0157 04       		.byte	4
 372 0158 5D       		.byte	93
 373 0159 09       		.byte	9
 374 015a 5F       		.byte	95
 375 015b 01       		.byte	1
 376 015c 60       		.byte	96
 377 015d 40       		.byte	64
 378 015e 62       		.byte	98
 379 015f 40       		.byte	64
 380 0160 64       		.byte	100
 381 0161 40       		.byte	64
 382 0162 65       		.byte	101
 383 0163 40       		.byte	64
 384 0164 66       		.byte	102
 385 0165 80       		.byte	-128
 386 0166 68       		.byte	104
 387 0167 80       		.byte	-128
 388 0168 6A       		.byte	106
 389 0169 80       		.byte	-128
 390 016a 6C       		.byte	108
 391 016b 80       		.byte	-128
 392 016c 6E       		.byte	110
 393 016d 80       		.byte	-128
 394 016e 80       		.byte	-128
 395 016f 0A       		.byte	10
 396 0170 82       		.byte	-126
 397 0171 11       		.byte	17
 398 0172 84       		.byte	-124
 399 0173 1F       		.byte	31
ARM GAS  C:\Users\Cristina\AppData\Local\Temp\ccl7lyx1.s 			page 8


 400 0174 8C       		.byte	-116
 401 0175 01       		.byte	1
 402 0176 8E       		.byte	-114
 403 0177 06       		.byte	6
 404 0178 98       		.byte	-104
 405 0179 14       		.byte	20
 406 017a 9A       		.byte	-102
 407 017b 09       		.byte	9
 408 017c A8       		.byte	-88
 409 017d 1F       		.byte	31
 410 017e B0       		.byte	-80
 411 017f 07       		.byte	7
 412 0180 B4       		.byte	-76
 413 0181 18       		.byte	24
 414 0182 C0       		.byte	-64
 415 0183 41       		.byte	65
 416 0184 C9       		.byte	-55
 417 0185 FF       		.byte	-1
 418 0186 CA       		.byte	-54
 419 0187 FF       		.byte	-1
 420 0188 CB       		.byte	-53
 421 0189 FF       		.byte	-1
 422 018a CD       		.byte	-51
 423 018b 83       		.byte	-125
 424 018c CE       		.byte	-50
 425 018d 03       		.byte	3
 426 018e CF       		.byte	-49
 427 018f 01       		.byte	1
 428 0190 D0       		.byte	-48
 429 0191 18       		.byte	24
 430 0192 D8       		.byte	-40
 431 0193 04       		.byte	4
 432 0194 DA       		.byte	-38
 433 0195 04       		.byte	4
 434 0196 DD       		.byte	-35
 435 0197 09       		.byte	9
 436 0198 DF       		.byte	-33
 437 0199 01       		.byte	1
 438 019a E0       		.byte	-32
 439 019b 40       		.byte	64
 440 019c E2       		.byte	-30
 441 019d 40       		.byte	64
 442 019e E4       		.byte	-28
 443 019f 40       		.byte	64
 444 01a0 E5       		.byte	-27
 445 01a1 40       		.byte	64
 446 01a2 E6       		.byte	-26
 447 01a3 80       		.byte	-128
 448 01a4 E8       		.byte	-24
 449 01a5 80       		.byte	-128
 450 01a6 EA       		.byte	-22
 451 01a7 80       		.byte	-128
 452 01a8 EC       		.byte	-20
 453 01a9 80       		.byte	-128
 454 01aa EE       		.byte	-18
 455 01ab 80       		.byte	-128
 456 01ac 00       		.byte	0
ARM GAS  C:\Users\Cristina\AppData\Local\Temp\ccl7lyx1.s 			page 9


 457 01ad 02       		.byte	2
 458 01ae 01       		.byte	1
 459 01af 04       		.byte	4
 460 01b0 03       		.byte	3
 461 01b1 02       		.byte	2
 462 01b2 04       		.byte	4
 463 01b3 28       		.byte	40
 464 01b4 07       		.byte	7
 465 01b5 60       		.byte	96
 466 01b6 0A       		.byte	10
 467 01b7 14       		.byte	20
 468 01b8 0B       		.byte	11
 469 01b9 10       		.byte	16
 470 01ba 0D       		.byte	13
 471 01bb 02       		.byte	2
 472 01bc 0E       		.byte	14
 473 01bd 08       		.byte	8
 474 01be 0F       		.byte	15
 475 01bf 01       		.byte	1
 476 01c0 13       		.byte	19
 477 01c1 20       		.byte	32
 478 01c2 17       		.byte	23
 479 01c3 85       		.byte	-123
 480 01c4 19       		.byte	25
 481 01c5 10       		.byte	16
 482 01c6 1A       		.byte	26
 483 01c7 04       		.byte	4
 484 01c8 1B       		.byte	27
 485 01c9 03       		.byte	3
 486 01ca 1D       		.byte	29
 487 01cb 20       		.byte	32
 488 01cc 1E       		.byte	30
 489 01cd 10       		.byte	16
 490 01ce 1F       		.byte	31
 491 01cf 40       		.byte	64
 492 01d0 24       		.byte	36
 493 01d1 40       		.byte	64
 494 01d2 26       		.byte	38
 495 01d3 40       		.byte	64
 496 01d4 27       		.byte	39
 497 01d5 48       		.byte	72
 498 01d6 2C       		.byte	44
 499 01d7 02       		.byte	2
 500 01d8 2E       		.byte	46
 501 01d9 10       		.byte	16
 502 01da 2F       		.byte	47
 503 01db 40       		.byte	64
 504 01dc 35       		.byte	53
 505 01dd 01       		.byte	1
 506 01de 36       		.byte	54
 507 01df 40       		.byte	64
 508 01e0 37       		.byte	55
 509 01e1 90       		.byte	-112
 510 01e2 3C       		.byte	60
 511 01e3 60       		.byte	96
 512 01e4 3D       		.byte	61
 513 01e5 08       		.byte	8
ARM GAS  C:\Users\Cristina\AppData\Local\Temp\ccl7lyx1.s 			page 10


 514 01e6 3E       		.byte	62
 515 01e7 02       		.byte	2
 516 01e8 41       		.byte	65
 517 01e9 80       		.byte	-128
 518 01ea 42       		.byte	66
 519 01eb 80       		.byte	-128
 520 01ec 46       		.byte	70
 521 01ed 80       		.byte	-128
 522 01ee 4F       		.byte	79
 523 01ef 80       		.byte	-128
 524 01f0 58       		.byte	88
 525 01f1 08       		.byte	8
 526 01f2 5B       		.byte	91
 527 01f3 08       		.byte	8
 528 01f4 5E       		.byte	94
 529 01f5 02       		.byte	2
 530 01f6 64       		.byte	100
 531 01f7 48       		.byte	72
 532 01f8 66       		.byte	102
 533 01f9 40       		.byte	64
 534 01fa 9A       		.byte	-102
 535 01fb 80       		.byte	-128
 536 01fc 9C       		.byte	-100
 537 01fd 40       		.byte	64
 538 01fe A1       		.byte	-95
 539 01ff 80       		.byte	-128
 540 0200 A3       		.byte	-93
 541 0201 40       		.byte	64
 542 0202 AE       		.byte	-82
 543 0203 04       		.byte	4
 544 0204 C0       		.byte	-64
 545 0205 7D       		.byte	125
 546 0206 C2       		.byte	-62
 547 0207 D2       		.byte	-46
 548 0208 C4       		.byte	-60
 549 0209 B2       		.byte	-78
 550 020a CA       		.byte	-54
 551 020b B0       		.byte	-80
 552 020c CC       		.byte	-52
 553 020d B0       		.byte	-80
 554 020e CE       		.byte	-50
 555 020f F0       		.byte	-16
 556 0210 D0       		.byte	-48
 557 0211 89       		.byte	-119
 558 0212 D2       		.byte	-46
 559 0213 10       		.byte	16
 560 0214 D6       		.byte	-42
 561 0215 80       		.byte	-128
 562 0216 D8       		.byte	-40
 563 0217 B0       		.byte	-80
 564 0218 1F       		.byte	31
 565 0219 01       		.byte	1
 566 021a 2F       		.byte	47
 567 021b 01       		.byte	1
 568 021c 33       		.byte	51
 569 021d 01       		.byte	1
 570 021e 40       		.byte	64
ARM GAS  C:\Users\Cristina\AppData\Local\Temp\ccl7lyx1.s 			page 11


 571 021f 41       		.byte	65
 572 0220 49       		.byte	73
 573 0221 FF       		.byte	-1
 574 0222 4A       		.byte	74
 575 0223 FF       		.byte	-1
 576 0224 4B       		.byte	75
 577 0225 FF       		.byte	-1
 578 0226 4D       		.byte	77
 579 0227 83       		.byte	-125
 580 0228 4E       		.byte	78
 581 0229 03       		.byte	3
 582 022a 4F       		.byte	79
 583 022b 01       		.byte	1
 584 022c 50       		.byte	80
 585 022d 18       		.byte	24
 586 022e 52       		.byte	82
 587 022f 80       		.byte	-128
 588 0230 59       		.byte	89
 589 0231 04       		.byte	4
 590 0232 5A       		.byte	90
 591 0233 04       		.byte	4
 592 0234 5B       		.byte	91
 593 0235 04       		.byte	4
 594 0236 5C       		.byte	92
 595 0237 90       		.byte	-112
 596 0238 5D       		.byte	93
 597 0239 99       		.byte	-103
 598 023a 5F       		.byte	95
 599 023b 01       		.byte	1
 600 023c 60       		.byte	96
 601 023d 40       		.byte	64
 602 023e 62       		.byte	98
 603 023f 40       		.byte	64
 604 0240 64       		.byte	100
 605 0241 40       		.byte	64
 606 0242 65       		.byte	101
 607 0243 40       		.byte	64
 608 0244 66       		.byte	102
 609 0245 80       		.byte	-128
 610 0246 68       		.byte	104
 611 0247 80       		.byte	-128
 612 0248 6A       		.byte	106
 613 0249 80       		.byte	-128
 614 024a 6C       		.byte	108
 615 024b 80       		.byte	-128
 616 024c 6E       		.byte	110
 617 024d 80       		.byte	-128
 618 024e 8F       		.byte	-113
 619 024f 01       		.byte	1
 620 0250 AF       		.byte	-81
 621 0251 01       		.byte	1
 622 0252 B1       		.byte	-79
 623 0253 01       		.byte	1
 624 0254 BF       		.byte	-65
 625 0255 01       		.byte	1
 626 0256 C0       		.byte	-64
 627 0257 41       		.byte	65
ARM GAS  C:\Users\Cristina\AppData\Local\Temp\ccl7lyx1.s 			page 12


 628 0258 C5       		.byte	-59
 629 0259 EC       		.byte	-20
 630 025a C6       		.byte	-58
 631 025b 02       		.byte	2
 632 025c C8       		.byte	-56
 633 025d 07       		.byte	7
 634 025e C9       		.byte	-55
 635 025f FF       		.byte	-1
 636 0260 CA       		.byte	-54
 637 0261 FF       		.byte	-1
 638 0262 CB       		.byte	-53
 639 0263 FF       		.byte	-1
 640 0264 CD       		.byte	-51
 641 0265 83       		.byte	-125
 642 0266 CE       		.byte	-50
 643 0267 03       		.byte	3
 644 0268 CF       		.byte	-49
 645 0269 01       		.byte	1
 646 026a D0       		.byte	-48
 647 026b 18       		.byte	24
 648 026c D4       		.byte	-44
 649 026d 01       		.byte	1
 650 026e D9       		.byte	-39
 651 026f 04       		.byte	4
 652 0270 DA       		.byte	-38
 653 0271 04       		.byte	4
 654 0272 DB       		.byte	-37
 655 0273 04       		.byte	4
 656 0274 DD       		.byte	-35
 657 0275 99       		.byte	-103
 658 0276 DF       		.byte	-33
 659 0277 01       		.byte	1
 660 0278 E0       		.byte	-32
 661 0279 40       		.byte	64
 662 027a E2       		.byte	-30
 663 027b 40       		.byte	64
 664 027c E4       		.byte	-28
 665 027d 40       		.byte	64
 666 027e E5       		.byte	-27
 667 027f 40       		.byte	64
 668 0280 E6       		.byte	-26
 669 0281 80       		.byte	-128
 670 0282 E8       		.byte	-24
 671 0283 80       		.byte	-128
 672 0284 EA       		.byte	-22
 673 0285 80       		.byte	-128
 674 0286 EC       		.byte	-20
 675 0287 80       		.byte	-128
 676 0288 EE       		.byte	-18
 677 0289 80       		.byte	-128
 678 028a 22       		.byte	34
 679 028b 04       		.byte	4
 680 028c 27       		.byte	39
 681 028d 80       		.byte	-128
 682 028e 2A       		.byte	42
 683 028f 80       		.byte	-128
 684 0290 2E       		.byte	46
ARM GAS  C:\Users\Cristina\AppData\Local\Temp\ccl7lyx1.s 			page 13


 685 0291 80       		.byte	-128
 686 0292 31       		.byte	49
 687 0293 80       		.byte	-128
 688 0294 3F       		.byte	63
 689 0295 80       		.byte	-128
 690 0296 41       		.byte	65
 691 0297 80       		.byte	-128
 692 0298 42       		.byte	66
 693 0299 80       		.byte	-128
 694 029a 45       		.byte	69
 695 029b 80       		.byte	-128
 696 029c 46       		.byte	70
 697 029d 80       		.byte	-128
 698 029e 4F       		.byte	79
 699 029f 05       		.byte	5
 700 02a0 55       		.byte	85
 701 02a1 80       		.byte	-128
 702 02a2 57       		.byte	87
 703 02a3 40       		.byte	64
 704 02a4 5F       		.byte	95
 705 02a5 85       		.byte	-123
 706 02a6 72       		.byte	114
 707 02a7 80       		.byte	-128
 708 02a8 9C       		.byte	-100
 709 02a9 40       		.byte	64
 710 02aa B0       		.byte	-80
 711 02ab 40       		.byte	64
 712 02ac CA       		.byte	-54
 713 02ad 18       		.byte	24
 714 02ae CC       		.byte	-52
 715 02af 08       		.byte	8
 716 02b0 CE       		.byte	-50
 717 02b1 10       		.byte	16
 718 02b2 D0       		.byte	-48
 719 02b3 99       		.byte	-103
 720 02b4 D6       		.byte	-42
 721 02b5 D0       		.byte	-48
 722 02b6 EA       		.byte	-22
 723 02b7 80       		.byte	-128
 724 02b8 80       		.byte	-128
 725 02b9 01       		.byte	1
 726 02ba B4       		.byte	-76
 727 02bb 01       		.byte	1
 728 02bc BE       		.byte	-66
 729 02bd 10       		.byte	16
 730 02be D8       		.byte	-40
 731 02bf 04       		.byte	4
 732 02c0 DF       		.byte	-33
 733 02c1 01       		.byte	1
 734 02c2 02       		.byte	2
 735 02c3 80       		.byte	-128
 736 02c4 04       		.byte	4
 737 02c5 40       		.byte	64
 738 02c6 05       		.byte	5
 739 02c7 19       		.byte	25
 740 02c8 0C       		.byte	12
 741 02c9 40       		.byte	64
ARM GAS  C:\Users\Cristina\AppData\Local\Temp\ccl7lyx1.s 			page 14


 742 02ca 0E       		.byte	14
 743 02cb D8       		.byte	-40
 744 02cc 0F       		.byte	15
 745 02cd 82       		.byte	-126
 746 02ce 16       		.byte	22
 747 02cf 02       		.byte	2
 748 02d0 17       		.byte	23
 749 02d1 18       		.byte	24
 750 02d2 1B       		.byte	27
 751 02d3 20       		.byte	32
 752 02d4 1C       		.byte	28
 753 02d5 10       		.byte	16
 754 02d6 1D       		.byte	29
 755 02d7 23       		.byte	35
 756 02d8 1F       		.byte	31
 757 02d9 40       		.byte	64
 758 02da 25       		.byte	37
 759 02db 04       		.byte	4
 760 02dc 26       		.byte	38
 761 02dd 05       		.byte	5
 762 02de 27       		.byte	39
 763 02df 04       		.byte	4
 764 02e0 2D       		.byte	45
 765 02e1 08       		.byte	8
 766 02e2 2E       		.byte	46
 767 02e3 50       		.byte	80
 768 02e4 2F       		.byte	47
 769 02e5 40       		.byte	64
 770 02e6 34       		.byte	52
 771 02e7 40       		.byte	64
 772 02e8 35       		.byte	53
 773 02e9 11       		.byte	17
 774 02ea 36       		.byte	54
 775 02eb 04       		.byte	4
 776 02ec 3C       		.byte	60
 777 02ed 40       		.byte	64
 778 02ee 3E       		.byte	62
 779 02ef 2A       		.byte	42
 780 02f0 45       		.byte	69
 781 02f1 22       		.byte	34
 782 02f2 47       		.byte	71
 783 02f3 04       		.byte	4
 784 02f4 4F       		.byte	79
 785 02f5 91       		.byte	-111
 786 02f6 54       		.byte	84
 787 02f7 02       		.byte	2
 788 02f8 5C       		.byte	92
 789 02f9 10       		.byte	16
 790 02fa 6C       		.byte	108
 791 02fb 14       		.byte	20
 792 02fc 6D       		.byte	109
 793 02fd 04       		.byte	4
 794 02fe 6F       		.byte	111
 795 02ff 01       		.byte	1
 796 0300 74       		.byte	116
 797 0301 10       		.byte	16
 798 0302 76       		.byte	118
ARM GAS  C:\Users\Cristina\AppData\Local\Temp\ccl7lyx1.s 			page 15


 799 0303 2A       		.byte	42
 800 0304 77       		.byte	119
 801 0305 18       		.byte	24
 802 0306 90       		.byte	-112
 803 0307 40       		.byte	64
 804 0308 92       		.byte	-110
 805 0309 10       		.byte	16
 806 030a 93       		.byte	-109
 807 030b 10       		.byte	16
 808 030c 94       		.byte	-108
 809 030d 28       		.byte	40
 810 030e 95       		.byte	-107
 811 030f 04       		.byte	4
 812 0310 97       		.byte	-105
 813 0311 01       		.byte	1
 814 0312 99       		.byte	-103
 815 0313 10       		.byte	16
 816 0314 9D       		.byte	-99
 817 0315 01       		.byte	1
 818 0316 9E       		.byte	-98
 819 0317 02       		.byte	2
 820 0318 9F       		.byte	-97
 821 0319 15       		.byte	21
 822 031a A2       		.byte	-94
 823 031b 40       		.byte	64
 824 031c A3       		.byte	-93
 825 031d 01       		.byte	1
 826 031e A4       		.byte	-92
 827 031f 13       		.byte	19
 828 0320 A5       		.byte	-91
 829 0321 06       		.byte	6
 830 0322 A6       		.byte	-90
 831 0323 05       		.byte	5
 832 0324 B1       		.byte	-79
 833 0325 20       		.byte	32
 834 0326 B2       		.byte	-78
 835 0327 40       		.byte	64
 836 0328 C0       		.byte	-64
 837 0329 F8       		.byte	-8
 838 032a C2       		.byte	-62
 839 032b F0       		.byte	-16
 840 032c C4       		.byte	-60
 841 032d E0       		.byte	-32
 842 032e CA       		.byte	-54
 843 032f F0       		.byte	-16
 844 0330 CC       		.byte	-52
 845 0331 F0       		.byte	-16
 846 0332 CE       		.byte	-50
 847 0333 F0       		.byte	-16
 848 0334 D0       		.byte	-48
 849 0335 E0       		.byte	-32
 850 0336 D2       		.byte	-46
 851 0337 30       		.byte	48
 852 0338 D6       		.byte	-42
 853 0339 20       		.byte	32
 854 033a 00       		.byte	0
 855 033b 06       		.byte	6
ARM GAS  C:\Users\Cristina\AppData\Local\Temp\ccl7lyx1.s 			page 16


 856 033c 02       		.byte	2
 857 033d 09       		.byte	9
 858 033e 04       		.byte	4
 859 033f 14       		.byte	20
 860 0340 05       		.byte	5
 861 0341 48       		.byte	72
 862 0342 06       		.byte	6
 863 0343 09       		.byte	9
 864 0344 07       		.byte	7
 865 0345 80       		.byte	-128
 866 0346 0F       		.byte	15
 867 0347 18       		.byte	24
 868 0348 10       		.byte	16
 869 0349 07       		.byte	7
 870 034a 11       		.byte	17
 871 034b 80       		.byte	-128
 872 034c 12       		.byte	18
 873 034d 18       		.byte	24
 874 034e 15       		.byte	21
 875 034f 62       		.byte	98
 876 0350 16       		.byte	22
 877 0351 10       		.byte	16
 878 0352 17       		.byte	23
 879 0353 88       		.byte	-120
 880 0354 19       		.byte	25
 881 0355 A0       		.byte	-96
 882 0356 1D       		.byte	29
 883 0357 82       		.byte	-126
 884 0358 1E       		.byte	30
 885 0359 0B       		.byte	11
 886 035a 1F       		.byte	31
 887 035b 60       		.byte	96
 888 035c 21       		.byte	33
 889 035d 01       		.byte	1
 890 035e 24       		.byte	36
 891 035f 07       		.byte	7
 892 0360 25       		.byte	37
 893 0361 E0       		.byte	-32
 894 0362 26       		.byte	38
 895 0363 08       		.byte	8
 896 0364 27       		.byte	39
 897 0365 12       		.byte	18
 898 0366 2D       		.byte	45
 899 0367 04       		.byte	4
 900 0368 30       		.byte	48
 901 0369 1E       		.byte	30
 902 036a 33       		.byte	51
 903 036b 01       		.byte	1
 904 036c 35       		.byte	53
 905 036d 06       		.byte	6
 906 036e 36       		.byte	54
 907 036f 01       		.byte	1
 908 0370 37       		.byte	55
 909 0371 F8       		.byte	-8
 910 0372 39       		.byte	57
 911 0373 20       		.byte	32
 912 0374 3A       		.byte	58
ARM GAS  C:\Users\Cristina\AppData\Local\Temp\ccl7lyx1.s 			page 17


 913 0375 02       		.byte	2
 914 0376 3E       		.byte	62
 915 0377 40       		.byte	64
 916 0378 3F       		.byte	63
 917 0379 04       		.byte	4
 918 037a 40       		.byte	64
 919 037b 51       		.byte	81
 920 037c 41       		.byte	65
 921 037d 03       		.byte	3
 922 037e 45       		.byte	69
 923 037f C0       		.byte	-64
 924 0380 46       		.byte	70
 925 0381 BE       		.byte	-66
 926 0382 48       		.byte	72
 927 0383 0E       		.byte	14
 928 0384 49       		.byte	73
 929 0385 FF       		.byte	-1
 930 0386 4A       		.byte	74
 931 0387 FF       		.byte	-1
 932 0388 4B       		.byte	75
 933 0389 FF       		.byte	-1
 934 038a 4E       		.byte	78
 935 038b F0       		.byte	-16
 936 038c 4F       		.byte	79
 937 038d 44       		.byte	68
 938 038e 50       		.byte	80
 939 038f 0C       		.byte	12
 940 0390 54       		.byte	84
 941 0391 01       		.byte	1
 942 0392 58       		.byte	88
 943 0393 04       		.byte	4
 944 0394 59       		.byte	89
 945 0395 04       		.byte	4
 946 0396 5A       		.byte	90
 947 0397 04       		.byte	4
 948 0398 5B       		.byte	91
 949 0399 04       		.byte	4
 950 039a 5F       		.byte	95
 951 039b 01       		.byte	1
 952 039c 66       		.byte	102
 953 039d C0       		.byte	-64
 954 039e 6A       		.byte	106
 955 039f 40       		.byte	64
 956 03a0 6B       		.byte	107
 957 03a1 02       		.byte	2
 958 03a2 83       		.byte	-125
 959 03a3 05       		.byte	5
 960 03a4 84       		.byte	-124
 961 03a5 0C       		.byte	12
 962 03a6 86       		.byte	-122
 963 03a7 03       		.byte	3
 964 03a8 87       		.byte	-121
 965 03a9 18       		.byte	24
 966 03aa 88       		.byte	-120
 967 03ab 01       		.byte	1
 968 03ac 8A       		.byte	-118
 969 03ad 0E       		.byte	14
ARM GAS  C:\Users\Cristina\AppData\Local\Temp\ccl7lyx1.s 			page 18


 970 03ae 8C       		.byte	-116
 971 03af 01       		.byte	1
 972 03b0 8E       		.byte	-114
 973 03b1 06       		.byte	6
 974 03b2 92       		.byte	-110
 975 03b3 08       		.byte	8
 976 03b4 95       		.byte	-107
 977 03b5 03       		.byte	3
 978 03b6 97       		.byte	-105
 979 03b7 0C       		.byte	12
 980 03b8 9E       		.byte	-98
 981 03b9 03       		.byte	3
 982 03ba A3       		.byte	-93
 983 03bb 08       		.byte	8
 984 03bc A5       		.byte	-91
 985 03bd 1A       		.byte	26
 986 03be A7       		.byte	-89
 987 03bf 04       		.byte	4
 988 03c0 AA       		.byte	-86
 989 03c1 0C       		.byte	12
 990 03c2 AD       		.byte	-83
 991 03c3 03       		.byte	3
 992 03c4 AF       		.byte	-81
 993 03c5 14       		.byte	20
 994 03c6 B3       		.byte	-77
 995 03c7 03       		.byte	3
 996 03c8 B4       		.byte	-76
 997 03c9 0F       		.byte	15
 998 03ca B5       		.byte	-75
 999 03cb 1C       		.byte	28
 1000 03cc B9       		.byte	-71
 1001 03cd 08       		.byte	8
 1002 03ce BA       		.byte	-70
 1003 03cf 20       		.byte	32
 1004 03d0 BB       		.byte	-69
 1005 03d1 20       		.byte	32
 1006 03d2 BF       		.byte	-65
 1007 03d3 04       		.byte	4
 1008 03d4 C0       		.byte	-64
 1009 03d5 02       		.byte	2
 1010 03d6 C7       		.byte	-57
 1011 03d7 40       		.byte	64
 1012 03d8 C9       		.byte	-55
 1013 03d9 FF       		.byte	-1
 1014 03da CA       		.byte	-54
 1015 03db 07       		.byte	7
 1016 03dc CB       		.byte	-53
 1017 03dd FF       		.byte	-1
 1018 03de CC       		.byte	-52
 1019 03df 40       		.byte	64
 1020 03e0 CD       		.byte	-51
 1021 03e1 20       		.byte	32
 1022 03e2 CE       		.byte	-50
 1023 03e3 F0       		.byte	-16
 1024 03e4 CF       		.byte	-49
 1025 03e5 05       		.byte	5
 1026 03e6 D0       		.byte	-48
ARM GAS  C:\Users\Cristina\AppData\Local\Temp\ccl7lyx1.s 			page 19


 1027 03e7 08       		.byte	8
 1028 03e8 D8       		.byte	-40
 1029 03e9 04       		.byte	4
 1030 03ea D9       		.byte	-39
 1031 03eb 04       		.byte	4
 1032 03ec DA       		.byte	-38
 1033 03ed 04       		.byte	4
 1034 03ee DF       		.byte	-33
 1035 03ef 01       		.byte	1
 1036 03f0 E0       		.byte	-32
 1037 03f1 40       		.byte	64
 1038 03f2 E1       		.byte	-31
 1039 03f3 A8       		.byte	-88
 1040 03f4 E2       		.byte	-30
 1041 03f5 40       		.byte	64
 1042 03f6 E3       		.byte	-29
 1043 03f7 20       		.byte	32
 1044 03f8 01       		.byte	1
 1045 03f9 02       		.byte	2
 1046 03fa 03       		.byte	3
 1047 03fb 20       		.byte	32
 1048 03fc 04       		.byte	4
 1049 03fd 04       		.byte	4
 1050 03fe 05       		.byte	5
 1051 03ff 80       		.byte	-128
 1052 0400 07       		.byte	7
 1053 0401 04       		.byte	4
 1054 0402 0A       		.byte	10
 1055 0403 61       		.byte	97
 1056 0404 0C       		.byte	12
 1057 0405 02       		.byte	2
 1058 0406 0F       		.byte	15
 1059 0407 02       		.byte	2
 1060 0408 13       		.byte	19
 1061 0409 08       		.byte	8
 1062 040a 15       		.byte	21
 1063 040b 20       		.byte	32
 1064 040c 19       		.byte	25
 1065 040d 40       		.byte	64
 1066 040e 1A       		.byte	26
 1067 040f C0       		.byte	-64
 1068 0410 1C       		.byte	28
 1069 0411 04       		.byte	4
 1070 0412 1F       		.byte	31
 1071 0413 20       		.byte	32
 1072 0414 20       		.byte	32
 1073 0415 08       		.byte	8
 1074 0416 21       		.byte	33
 1075 0417 50       		.byte	80
 1076 0418 22       		.byte	34
 1077 0419 94       		.byte	-108
 1078 041a 23       		.byte	35
 1079 041b 04       		.byte	4
 1080 041c 27       		.byte	39
 1081 041d 1C       		.byte	28
 1082 041e 29       		.byte	41
 1083 041f 01       		.byte	1
ARM GAS  C:\Users\Cristina\AppData\Local\Temp\ccl7lyx1.s 			page 20


 1084 0420 2B       		.byte	43
 1085 0421 A1       		.byte	-95
 1086 0422 2D       		.byte	45
 1087 0423 80       		.byte	-128
 1088 0424 2E       		.byte	46
 1089 0425 42       		.byte	66
 1090 0426 2F       		.byte	47
 1091 0427 20       		.byte	32
 1092 0428 30       		.byte	48
 1093 0429 22       		.byte	34
 1094 042a 32       		.byte	50
 1095 042b 40       		.byte	64
 1096 042c 33       		.byte	51
 1097 042d 04       		.byte	4
 1098 042e 37       		.byte	55
 1099 042f 08       		.byte	8
 1100 0430 39       		.byte	57
 1101 0431 80       		.byte	-128
 1102 0432 3B       		.byte	59
 1103 0433 04       		.byte	4
 1104 0434 3C       		.byte	60
 1105 0435 08       		.byte	8
 1106 0436 3E       		.byte	62
 1107 0437 01       		.byte	1
 1108 0438 3F       		.byte	63
 1109 0439 02       		.byte	2
 1110 043a 42       		.byte	66
 1111 043b 01       		.byte	1
 1112 043c 43       		.byte	67
 1113 043d 04       		.byte	4
 1114 043e 47       		.byte	71
 1115 043f 10       		.byte	16
 1116 0440 49       		.byte	73
 1117 0441 82       		.byte	-126
 1118 0442 4F       		.byte	79
 1119 0443 02       		.byte	2
 1120 0444 50       		.byte	80
 1121 0445 20       		.byte	32
 1122 0446 53       		.byte	83
 1123 0447 80       		.byte	-128
 1124 0448 54       		.byte	84
 1125 0449 02       		.byte	2
 1126 044a 56       		.byte	86
 1127 044b 02       		.byte	2
 1128 044c 59       		.byte	89
 1129 044d 51       		.byte	81
 1130 044e 5A       		.byte	90
 1131 044f 08       		.byte	8
 1132 0450 81       		.byte	-127
 1133 0451 12       		.byte	18
 1134 0452 A6       		.byte	-90
 1135 0453 80       		.byte	-128
 1136 0454 AF       		.byte	-81
 1137 0455 20       		.byte	32
 1138 0456 B0       		.byte	-80
 1139 0457 01       		.byte	1
 1140 0458 B1       		.byte	-79
ARM GAS  C:\Users\Cristina\AppData\Local\Temp\ccl7lyx1.s 			page 21


 1141 0459 08       		.byte	8
 1142 045a C0       		.byte	-64
 1143 045b EC       		.byte	-20
 1144 045c C2       		.byte	-62
 1145 045d 9D       		.byte	-99
 1146 045e C4       		.byte	-60
 1147 045f 44       		.byte	68
 1148 0460 CA       		.byte	-54
 1149 0461 DB       		.byte	-37
 1150 0462 CC       		.byte	-52
 1151 0463 4F       		.byte	79
 1152 0464 CE       		.byte	-50
 1153 0465 CA       		.byte	-54
 1154 0466 D0       		.byte	-48
 1155 0467 2A       		.byte	42
 1156 0468 D2       		.byte	-46
 1157 0469 08       		.byte	8
 1158 046a D6       		.byte	-42
 1159 046b 0F       		.byte	15
 1160 046c EC       		.byte	-20
 1161 046d 08       		.byte	8
 1162 046e 30       		.byte	48
 1163 046f 40       		.byte	64
 1164 0470 36       		.byte	54
 1165 0471 80       		.byte	-128
 1166 0472 CC       		.byte	-52
 1167 0473 30       		.byte	48
 1168 0474 57       		.byte	87
 1169 0475 20       		.byte	32
 1170 0476 87       		.byte	-121
 1171 0477 20       		.byte	32
 1172 0478 9C       		.byte	-100
 1173 0479 40       		.byte	64
 1174 047a A6       		.byte	-90
 1175 047b 80       		.byte	-128
 1176 047c D4       		.byte	-44
 1177 047d 40       		.byte	64
 1178 047e E6       		.byte	-26
 1179 047f 10       		.byte	16
 1180 0480 A6       		.byte	-90
 1181 0481 80       		.byte	-128
 1182 0482 B0       		.byte	-80
 1183 0483 40       		.byte	64
 1184 0484 AE       		.byte	-82
 1185 0485 80       		.byte	-128
 1186 0486 EE       		.byte	-18
 1187 0487 10       		.byte	16
 1188 0488 08       		.byte	8
 1189 0489 40       		.byte	64
 1190 048a 67       		.byte	103
 1191 048b 08       		.byte	8
 1192 048c C2       		.byte	-62
 1193 048d 02       		.byte	2
 1194 048e D8       		.byte	-40
 1195 048f 01       		.byte	1
 1196 0490 AF       		.byte	-81
 1197 0491 04       		.byte	4
ARM GAS  C:\Users\Cristina\AppData\Local\Temp\ccl7lyx1.s 			page 22


 1198 0492 B0       		.byte	-80
 1199 0493 40       		.byte	64
 1200 0494 EA       		.byte	-22
 1201 0495 01       		.byte	1
 1202 0496 00       		.byte	0
 1203 0497 03       		.byte	3
 1204 0498 01       		.byte	1
 1205 0499 01       		.byte	1
 1206 049a 08       		.byte	8
 1207 049b 02       		.byte	2
 1208 049c 0C       		.byte	12
 1209 049d 01       		.byte	1
 1210 049e 0D       		.byte	13
 1211 049f 01       		.byte	1
 1212 04a0 10       		.byte	16
 1213 04a1 01       		.byte	1
 1214 04a2 1C       		.byte	28
 1215 04a3 01       		.byte	1
 1216 04a4 00       		.byte	0
 1217 04a5 0F       		.byte	15
 1218 04a6 00       		.byte	0
 1219 04a7 00       		.byte	0
 1220 04a8 13       		.byte	19
 1221 04a9 10       		.byte	16
 1222 04aa 0C       		.byte	12
 1223 04ab 00       		.byte	0
 1224 04ac 01       		.byte	1
 1225 04ad 08       		.byte	8
 1226 04ae A0       		.byte	-96
 1227 04af 00       		.byte	0
 1228 04b0 02       		.byte	2
 1229 04b1 18       		.byte	24
 1230 04b2 80       		.byte	-128
 1231 04b3 00       		.byte	0
 1232 04b4 1F       		.byte	31
 1233 04b5 1C       		.byte	28
 1234 04b6 00       		.byte	0
 1235 04b7 E1       		.byte	-31
 1236 04b8 1F       		.byte	31
 1237 04b9 E7       		.byte	-25
 1238 04ba 00       		.byte	0
 1239 04bb 18       		.byte	24
 1240 04bc 00       		.byte	0
 1241 04bd 9C       		.byte	-100
 1242 04be 03       		.byte	3
 1243 04bf 62       		.byte	98
 1244 04c0 1C       		.byte	28
 1245 04c1 40       		.byte	64
 1246 04c2 03       		.byte	3
 1247 04c3 00       		.byte	0
 1248 04c4 03       		.byte	3
 1249 04c5 60       		.byte	96
 1250 04c6 40       		.byte	64
 1251 04c7 00       		.byte	0
 1252 04c8 00       		.byte	0
 1253 04c9 00       		.byte	0
 1254 04ca 00       		.byte	0
ARM GAS  C:\Users\Cristina\AppData\Local\Temp\ccl7lyx1.s 			page 23


 1255 04cb 04       		.byte	4
 1256 04cc 04       		.byte	4
 1257 04cd 24       		.byte	36
 1258 04ce 00       		.byte	0
 1259 04cf 00       		.byte	0
 1260 04d0 0C       		.byte	12
 1261 04d1 00       		.byte	0
 1262 04d2 00       		.byte	0
 1263 04d3 E3       		.byte	-29
 1264 04d4 08       		.byte	8
 1265 04d5 FF       		.byte	-1
 1266 04d6 00       		.byte	0
 1267 04d7 00       		.byte	0
 1268 04d8 0F       		.byte	15
 1269 04d9 60       		.byte	96
 1270 04da 10       		.byte	16
 1271 04db 1F       		.byte	31
 1272 04dc C0       		.byte	-64
 1273 04dd 98       		.byte	-104
 1274 04de 20       		.byte	32
 1275 04df 00       		.byte	0
 1276 04e0 00       		.byte	0
 1277 04e1 00       		.byte	0
 1278 04e2 02       		.byte	2
 1279 04e3 08       		.byte	8
 1280 04e4 00       		.byte	0
 1281 04e5 00       		.byte	0
 1282 04e6 14       		.byte	20
 1283 04e7 00       		.byte	0
 1284 04e8 46       		.byte	70
 1285 04e9 05       		.byte	5
 1286 04ea 03       		.byte	3
 1287 04eb 00       		.byte	0
 1288 04ec 02       		.byte	2
 1289 04ed C0       		.byte	-64
 1290 04ee 00       		.byte	0
 1291 04ef E0       		.byte	-32
 1292 04f0 22       		.byte	34
 1293 04f1 FF       		.byte	-1
 1294 04f2 FF       		.byte	-1
 1295 04f3 FF       		.byte	-1
 1296 04f4 62       		.byte	98
 1297 04f5 A0       		.byte	-96
 1298 04f6 F0       		.byte	-16
 1299 04f7 41       		.byte	65
 1300 04f8 0C       		.byte	12
 1301 04f9 00       		.byte	0
 1302 04fa 00       		.byte	0
 1303 04fb 00       		.byte	0
 1304 04fc 00       		.byte	0
 1305 04fd 00       		.byte	0
 1306 04fe 02       		.byte	2
 1307 04ff 11       		.byte	17
 1308 0500 04       		.byte	4
 1309 0501 04       		.byte	4
 1310 0502 04       		.byte	4
 1311 0503 04       		.byte	4
ARM GAS  C:\Users\Cristina\AppData\Local\Temp\ccl7lyx1.s 			page 24


 1312 0504 00       		.byte	0
 1313 0505 00       		.byte	0
 1314 0506 00       		.byte	0
 1315 0507 01       		.byte	1
 1316 0508 00       		.byte	0
 1317 0509 00       		.byte	0
 1318 050a 00       		.byte	0
 1319 050b 00       		.byte	0
 1320 050c 00       		.byte	0
 1321 050d 00       		.byte	0
 1322 050e 40       		.byte	64
 1323 050f 02       		.byte	2
 1324 0510 00       		.byte	0
 1325 0511 10       		.byte	16
 1326 0512 30       		.byte	48
 1327 0513 10       		.byte	16
 1328 0514 00       		.byte	0
 1329 0515 10       		.byte	16
 1330 0516 10       		.byte	16
 1331 0517 12       		.byte	18
 1332 0518 00       		.byte	0
 1333 0519 00       		.byte	0
 1334 051a 00       		.byte	0
 1335 051b 00       		.byte	0
 1336 051c 00       		.byte	0
 1337 051d 00       		.byte	0
 1338 051e 00       		.byte	0
 1339 051f 00       		.byte	0
 1340 0520 00       		.byte	0
 1341 0521 00       		.byte	0
 1342 0522 00       		.byte	0
 1343 0523 00       		.byte	0
 1344 0524 00       		.byte	0
 1345 0525 00       		.byte	0
 1346 0526 00       		.byte	0
 1347 0527 00       		.byte	0
 1348 0528 00       		.byte	0
 1349 0529 03       		.byte	3
 1350 052a 03       		.byte	3
 1351 052b 00       		.byte	0
 1352 052c 01       		.byte	1
 1353 052d 00       		.byte	0
 1354 052e 00       		.byte	0
 1355 052f 00       		.byte	0
 1356 0530 40       		.byte	64
 1357 0531 8B       		.byte	-117
 1358 0532 8B       		.byte	-117
 1359 0533 00       		.byte	0
 1360 0534 80       		.byte	-128
 1361 0535 00       		.byte	0
 1362 0536 00       		.byte	0
 1363 0537 00       		.byte	0
 1364 0538 00       		.byte	0
 1365 0539 7F       		.byte	127
 1366 053a 7F       		.byte	127
 1367 053b 00       		.byte	0
 1368 053c 00       		.byte	0
ARM GAS  C:\Users\Cristina\AppData\Local\Temp\ccl7lyx1.s 			page 25


 1369 053d 00       		.byte	0
 1370 053e 00       		.byte	0
 1371 053f 00       		.byte	0
 1372              		.section	.cywolatch,"a",%progbits
 1373              		.align	2
 1374              		.type	cy_meta_wonvl, %object
 1375              		.size	cy_meta_wonvl, 4
 1376              	cy_meta_wonvl:
 1377 0000 BC       		.byte	-68
 1378 0001 90       		.byte	-112
 1379 0002 AC       		.byte	-84
 1380 0003 AF       		.byte	-81
 1381              		.section	.cycustnvl,"a",%progbits
 1382              		.align	2
 1383              		.type	cy_meta_custnvl, %object
 1384              		.size	cy_meta_custnvl, 4
 1385              	cy_meta_custnvl:
 1386 0000 00       		.byte	0
 1387 0001 00       		.byte	0
 1388 0002 40       		.byte	64
 1389 0003 05       		.byte	5
 1390              		.section	.cymeta,"a",%progbits
 1391              		.align	2
 1392              		.type	cy_metadata, %object
 1393              		.size	cy_metadata, 12
 1394              	cy_metadata:
 1395 0000 00       		.byte	0
 1396 0001 01       		.byte	1
 1397 0002 2E       		.byte	46
 1398 0003 12       		.byte	18
 1399 0004 30       		.byte	48
 1400 0005 69       		.byte	105
 1401 0006 00       		.byte	0
 1402 0007 01       		.byte	1
 1403 0008 00       		.byte	0
 1404 0009 00       		.byte	0
 1405 000a 00       		.byte	0
 1406 000b 00       		.byte	0
 1407              		.section	.cyflashprotect,"a",%progbits
 1408              		.align	2
 1409              		.type	cy_meta_flashprotect, %object
 1410              		.size	cy_meta_flashprotect, 256
 1411              	cy_meta_flashprotect:
 1412 0000 00000000 		.space	256
 1412      00000000 
 1412      00000000 
 1412      00000000 
 1412      00000000 
 1413              		.text
 1414              	.Letext0:
 1415              		.file 1 "Generated_Source\\PSoC5\\cymetadata.c"
 1416              		.file 2 "Generated_Source\\PSoC5\\cytypes.h"
 1417              		.section	.debug_info,"",%progbits
 1418              	.Ldebug_info0:
 1419 0000 38010000 		.4byte	0x138
 1420 0004 0400     		.2byte	0x4
 1421 0006 00000000 		.4byte	.Ldebug_abbrev0
ARM GAS  C:\Users\Cristina\AppData\Local\Temp\ccl7lyx1.s 			page 26


 1422 000a 04       		.byte	0x4
 1423 000b 01       		.uleb128 0x1
 1424 000c 6E000000 		.4byte	.LASF18
 1425 0010 01       		.byte	0x1
 1426 0011 E1010000 		.4byte	.LASF19
 1427 0015 84010000 		.4byte	.LASF20
 1428 0019 00000000 		.4byte	.Ldebug_line0
 1429 001d 02       		.uleb128 0x2
 1430 001e 01       		.byte	0x1
 1431 001f 06       		.byte	0x6
 1432 0020 78010000 		.4byte	.LASF0
 1433 0024 02       		.uleb128 0x2
 1434 0025 01       		.byte	0x1
 1435 0026 08       		.byte	0x8
 1436 0027 12000000 		.4byte	.LASF1
 1437 002b 02       		.uleb128 0x2
 1438 002c 02       		.byte	0x2
 1439 002d 05       		.byte	0x5
 1440 002e 5F010000 		.4byte	.LASF2
 1441 0032 02       		.uleb128 0x2
 1442 0033 02       		.byte	0x2
 1443 0034 07       		.byte	0x7
 1444 0035 32000000 		.4byte	.LASF3
 1445 0039 02       		.uleb128 0x2
 1446 003a 04       		.byte	0x4
 1447 003b 05       		.byte	0x5
 1448 003c 6F010000 		.4byte	.LASF4
 1449 0040 02       		.uleb128 0x2
 1450 0041 04       		.byte	0x4
 1451 0042 07       		.byte	0x7
 1452 0043 20000000 		.4byte	.LASF5
 1453 0047 02       		.uleb128 0x2
 1454 0048 08       		.byte	0x8
 1455 0049 05       		.byte	0x5
 1456 004a 4C010000 		.4byte	.LASF6
 1457 004e 02       		.uleb128 0x2
 1458 004f 08       		.byte	0x8
 1459 0050 07       		.byte	0x7
 1460 0051 09010000 		.4byte	.LASF7
 1461 0055 03       		.uleb128 0x3
 1462 0056 04       		.byte	0x4
 1463 0057 05       		.byte	0x5
 1464 0058 696E7400 		.ascii	"int\000"
 1465 005c 02       		.uleb128 0x2
 1466 005d 04       		.byte	0x4
 1467 005e 07       		.byte	0x7
 1468 005f FC000000 		.4byte	.LASF8
 1469 0063 04       		.uleb128 0x4
 1470 0064 69010000 		.4byte	.LASF21
 1471 0068 02       		.byte	0x2
 1472 0069 9201     		.2byte	0x192
 1473 006b 24000000 		.4byte	0x24
 1474 006f 02       		.uleb128 0x2
 1475 0070 04       		.byte	0x4
 1476 0071 04       		.byte	0x4
 1477 0072 0C000000 		.4byte	.LASF9
 1478 0076 02       		.uleb128 0x2
ARM GAS  C:\Users\Cristina\AppData\Local\Temp\ccl7lyx1.s 			page 27


 1479 0077 08       		.byte	0x8
 1480 0078 04       		.byte	0x4
 1481 0079 45000000 		.4byte	.LASF10
 1482 007d 02       		.uleb128 0x2
 1483 007e 01       		.byte	0x1
 1484 007f 08       		.byte	0x8
 1485 0080 5A010000 		.4byte	.LASF11
 1486 0084 05       		.uleb128 0x5
 1487 0085 63000000 		.4byte	0x63
 1488 0089 95000000 		.4byte	0x95
 1489 008d 06       		.uleb128 0x6
 1490 008e 95000000 		.4byte	0x95
 1491 0092 3F05     		.2byte	0x53f
 1492 0094 00       		.byte	0
 1493 0095 02       		.uleb128 0x2
 1494 0096 04       		.byte	0x4
 1495 0097 07       		.byte	0x7
 1496 0098 43010000 		.4byte	.LASF12
 1497 009c 07       		.uleb128 0x7
 1498 009d 5C000000 		.4byte	.LASF13
 1499 00a1 01       		.byte	0x1
 1500 00a2 1F       		.byte	0x1f
 1501 00a3 AD000000 		.4byte	0xad
 1502 00a7 05       		.uleb128 0x5
 1503 00a8 03       		.byte	0x3
 1504 00a9 00000000 		.4byte	cy_meta_configecc
 1505 00ad 08       		.uleb128 0x8
 1506 00ae 84000000 		.4byte	0x84
 1507 00b2 05       		.uleb128 0x5
 1508 00b3 63000000 		.4byte	0x63
 1509 00b7 C2000000 		.4byte	0xc2
 1510 00bb 09       		.uleb128 0x9
 1511 00bc 95000000 		.4byte	0x95
 1512 00c0 03       		.byte	0x3
 1513 00c1 00       		.byte	0
 1514 00c2 07       		.uleb128 0x7
 1515 00c3 4C000000 		.4byte	.LASF14
 1516 00c7 01       		.byte	0x1
 1517 00c8 D4       		.byte	0xd4
 1518 00c9 D3000000 		.4byte	0xd3
 1519 00cd 05       		.uleb128 0x5
 1520 00ce 03       		.byte	0x3
 1521 00cf 00000000 		.4byte	cy_meta_custnvl
 1522 00d3 08       		.uleb128 0x8
 1523 00d4 B2000000 		.4byte	0xb2
 1524 00d8 07       		.uleb128 0x7
 1525 00d9 35010000 		.4byte	.LASF15
 1526 00dd 01       		.byte	0x1
 1527 00de E2       		.byte	0xe2
 1528 00df E9000000 		.4byte	0xe9
 1529 00e3 05       		.uleb128 0x5
 1530 00e4 03       		.byte	0x3
 1531 00e5 00000000 		.4byte	cy_meta_wonvl
 1532 00e9 08       		.uleb128 0x8
 1533 00ea B2000000 		.4byte	0xb2
 1534 00ee 05       		.uleb128 0x5
 1535 00ef 63000000 		.4byte	0x63
ARM GAS  C:\Users\Cristina\AppData\Local\Temp\ccl7lyx1.s 			page 28


 1536 00f3 FE000000 		.4byte	0xfe
 1537 00f7 09       		.uleb128 0x9
 1538 00f8 95000000 		.4byte	0x95
 1539 00fc FF       		.byte	0xff
 1540 00fd 00       		.byte	0
 1541 00fe 07       		.uleb128 0x7
 1542 00ff 20010000 		.4byte	.LASF16
 1543 0103 01       		.byte	0x1
 1544 0104 F0       		.byte	0xf0
 1545 0105 0F010000 		.4byte	0x10f
 1546 0109 05       		.uleb128 0x5
 1547 010a 03       		.byte	0x3
 1548 010b 00000000 		.4byte	cy_meta_flashprotect
 1549 010f 08       		.uleb128 0x8
 1550 0110 EE000000 		.4byte	0xee
 1551 0114 05       		.uleb128 0x5
 1552 0115 63000000 		.4byte	0x63
 1553 0119 24010000 		.4byte	0x124
 1554 011d 09       		.uleb128 0x9
 1555 011e 95000000 		.4byte	0x95
 1556 0122 0B       		.byte	0xb
 1557 0123 00       		.byte	0
 1558 0124 0A       		.uleb128 0xa
 1559 0125 00000000 		.4byte	.LASF17
 1560 0129 01       		.byte	0x1
 1561 012a 1D01     		.2byte	0x11d
 1562 012c 36010000 		.4byte	0x136
 1563 0130 05       		.uleb128 0x5
 1564 0131 03       		.byte	0x3
 1565 0132 00000000 		.4byte	cy_metadata
 1566 0136 08       		.uleb128 0x8
 1567 0137 14010000 		.4byte	0x114
 1568 013b 00       		.byte	0
 1569              		.section	.debug_abbrev,"",%progbits
 1570              	.Ldebug_abbrev0:
 1571 0000 01       		.uleb128 0x1
 1572 0001 11       		.uleb128 0x11
 1573 0002 01       		.byte	0x1
 1574 0003 25       		.uleb128 0x25
 1575 0004 0E       		.uleb128 0xe
 1576 0005 13       		.uleb128 0x13
 1577 0006 0B       		.uleb128 0xb
 1578 0007 03       		.uleb128 0x3
 1579 0008 0E       		.uleb128 0xe
 1580 0009 1B       		.uleb128 0x1b
 1581 000a 0E       		.uleb128 0xe
 1582 000b 10       		.uleb128 0x10
 1583 000c 17       		.uleb128 0x17
 1584 000d 00       		.byte	0
 1585 000e 00       		.byte	0
 1586 000f 02       		.uleb128 0x2
 1587 0010 24       		.uleb128 0x24
 1588 0011 00       		.byte	0
 1589 0012 0B       		.uleb128 0xb
 1590 0013 0B       		.uleb128 0xb
 1591 0014 3E       		.uleb128 0x3e
 1592 0015 0B       		.uleb128 0xb
ARM GAS  C:\Users\Cristina\AppData\Local\Temp\ccl7lyx1.s 			page 29


 1593 0016 03       		.uleb128 0x3
 1594 0017 0E       		.uleb128 0xe
 1595 0018 00       		.byte	0
 1596 0019 00       		.byte	0
 1597 001a 03       		.uleb128 0x3
 1598 001b 24       		.uleb128 0x24
 1599 001c 00       		.byte	0
 1600 001d 0B       		.uleb128 0xb
 1601 001e 0B       		.uleb128 0xb
 1602 001f 3E       		.uleb128 0x3e
 1603 0020 0B       		.uleb128 0xb
 1604 0021 03       		.uleb128 0x3
 1605 0022 08       		.uleb128 0x8
 1606 0023 00       		.byte	0
 1607 0024 00       		.byte	0
 1608 0025 04       		.uleb128 0x4
 1609 0026 16       		.uleb128 0x16
 1610 0027 00       		.byte	0
 1611 0028 03       		.uleb128 0x3
 1612 0029 0E       		.uleb128 0xe
 1613 002a 3A       		.uleb128 0x3a
 1614 002b 0B       		.uleb128 0xb
 1615 002c 3B       		.uleb128 0x3b
 1616 002d 05       		.uleb128 0x5
 1617 002e 49       		.uleb128 0x49
 1618 002f 13       		.uleb128 0x13
 1619 0030 00       		.byte	0
 1620 0031 00       		.byte	0
 1621 0032 05       		.uleb128 0x5
 1622 0033 01       		.uleb128 0x1
 1623 0034 01       		.byte	0x1
 1624 0035 49       		.uleb128 0x49
 1625 0036 13       		.uleb128 0x13
 1626 0037 01       		.uleb128 0x1
 1627 0038 13       		.uleb128 0x13
 1628 0039 00       		.byte	0
 1629 003a 00       		.byte	0
 1630 003b 06       		.uleb128 0x6
 1631 003c 21       		.uleb128 0x21
 1632 003d 00       		.byte	0
 1633 003e 49       		.uleb128 0x49
 1634 003f 13       		.uleb128 0x13
 1635 0040 2F       		.uleb128 0x2f
 1636 0041 05       		.uleb128 0x5
 1637 0042 00       		.byte	0
 1638 0043 00       		.byte	0
 1639 0044 07       		.uleb128 0x7
 1640 0045 34       		.uleb128 0x34
 1641 0046 00       		.byte	0
 1642 0047 03       		.uleb128 0x3
 1643 0048 0E       		.uleb128 0xe
 1644 0049 3A       		.uleb128 0x3a
 1645 004a 0B       		.uleb128 0xb
 1646 004b 3B       		.uleb128 0x3b
 1647 004c 0B       		.uleb128 0xb
 1648 004d 49       		.uleb128 0x49
 1649 004e 13       		.uleb128 0x13
ARM GAS  C:\Users\Cristina\AppData\Local\Temp\ccl7lyx1.s 			page 30


 1650 004f 3F       		.uleb128 0x3f
 1651 0050 19       		.uleb128 0x19
 1652 0051 02       		.uleb128 0x2
 1653 0052 18       		.uleb128 0x18
 1654 0053 00       		.byte	0
 1655 0054 00       		.byte	0
 1656 0055 08       		.uleb128 0x8
 1657 0056 26       		.uleb128 0x26
 1658 0057 00       		.byte	0
 1659 0058 49       		.uleb128 0x49
 1660 0059 13       		.uleb128 0x13
 1661 005a 00       		.byte	0
 1662 005b 00       		.byte	0
 1663 005c 09       		.uleb128 0x9
 1664 005d 21       		.uleb128 0x21
 1665 005e 00       		.byte	0
 1666 005f 49       		.uleb128 0x49
 1667 0060 13       		.uleb128 0x13
 1668 0061 2F       		.uleb128 0x2f
 1669 0062 0B       		.uleb128 0xb
 1670 0063 00       		.byte	0
 1671 0064 00       		.byte	0
 1672 0065 0A       		.uleb128 0xa
 1673 0066 34       		.uleb128 0x34
 1674 0067 00       		.byte	0
 1675 0068 03       		.uleb128 0x3
 1676 0069 0E       		.uleb128 0xe
 1677 006a 3A       		.uleb128 0x3a
 1678 006b 0B       		.uleb128 0xb
 1679 006c 3B       		.uleb128 0x3b
 1680 006d 05       		.uleb128 0x5
 1681 006e 49       		.uleb128 0x49
 1682 006f 13       		.uleb128 0x13
 1683 0070 3F       		.uleb128 0x3f
 1684 0071 19       		.uleb128 0x19
 1685 0072 02       		.uleb128 0x2
 1686 0073 18       		.uleb128 0x18
 1687 0074 00       		.byte	0
 1688 0075 00       		.byte	0
 1689 0076 00       		.byte	0
 1690              		.section	.debug_aranges,"",%progbits
 1691 0000 14000000 		.4byte	0x14
 1692 0004 0200     		.2byte	0x2
 1693 0006 00000000 		.4byte	.Ldebug_info0
 1694 000a 04       		.byte	0x4
 1695 000b 00       		.byte	0
 1696 000c 0000     		.2byte	0
 1697 000e 0000     		.2byte	0
 1698 0010 00000000 		.4byte	0
 1699 0014 00000000 		.4byte	0
 1700              		.section	.debug_line,"",%progbits
 1701              	.Ldebug_line0:
 1702 0000 4D000000 		.section	.debug_str,"MS",%progbits,1
 1702      02004700 
 1702      00000201 
 1702      FB0E0D00 
 1702      01010101 
ARM GAS  C:\Users\Cristina\AppData\Local\Temp\ccl7lyx1.s 			page 31


 1703              	.LASF17:
 1704 0000 63795F6D 		.ascii	"cy_metadata\000"
 1704      65746164 
 1704      61746100 
 1705              	.LASF9:
 1706 000c 666C6F61 		.ascii	"float\000"
 1706      7400
 1707              	.LASF1:
 1708 0012 756E7369 		.ascii	"unsigned char\000"
 1708      676E6564 
 1708      20636861 
 1708      7200
 1709              	.LASF5:
 1710 0020 6C6F6E67 		.ascii	"long unsigned int\000"
 1710      20756E73 
 1710      69676E65 
 1710      6420696E 
 1710      7400
 1711              	.LASF3:
 1712 0032 73686F72 		.ascii	"short unsigned int\000"
 1712      7420756E 
 1712      7369676E 
 1712      65642069 
 1712      6E7400
 1713              	.LASF10:
 1714 0045 646F7562 		.ascii	"double\000"
 1714      6C6500
 1715              	.LASF14:
 1716 004c 63795F6D 		.ascii	"cy_meta_custnvl\000"
 1716      6574615F 
 1716      63757374 
 1716      6E766C00 
 1717              	.LASF13:
 1718 005c 63795F6D 		.ascii	"cy_meta_configecc\000"
 1718      6574615F 
 1718      636F6E66 
 1718      69676563 
 1718      6300
 1719              	.LASF18:
 1720 006e 474E5520 		.ascii	"GNU C 4.9.3 20150303 (release) [ARM/embedded-4_9-br"
 1720      4320342E 
 1720      392E3320 
 1720      32303135 
 1720      30333033 
 1721 00a1 616E6368 		.ascii	"anch revision 221220] -mcpu=cortex-m3 -mthumb -g -O"
 1721      20726576 
 1721      6973696F 
 1721      6E203232 
 1721      31323230 
 1722 00d4 67202D66 		.ascii	"g -ffunction-sections -ffat-lto-objects\000"
 1722      66756E63 
 1722      74696F6E 
 1722      2D736563 
 1722      74696F6E 
 1723              	.LASF8:
 1724 00fc 756E7369 		.ascii	"unsigned int\000"
 1724      676E6564 
ARM GAS  C:\Users\Cristina\AppData\Local\Temp\ccl7lyx1.s 			page 32


 1724      20696E74 
 1724      00
 1725              	.LASF7:
 1726 0109 6C6F6E67 		.ascii	"long long unsigned int\000"
 1726      206C6F6E 
 1726      6720756E 
 1726      7369676E 
 1726      65642069 
 1727              	.LASF16:
 1728 0120 63795F6D 		.ascii	"cy_meta_flashprotect\000"
 1728      6574615F 
 1728      666C6173 
 1728      6870726F 
 1728      74656374 
 1729              	.LASF15:
 1730 0135 63795F6D 		.ascii	"cy_meta_wonvl\000"
 1730      6574615F 
 1730      776F6E76 
 1730      6C00
 1731              	.LASF12:
 1732 0143 73697A65 		.ascii	"sizetype\000"
 1732      74797065 
 1732      00
 1733              	.LASF6:
 1734 014c 6C6F6E67 		.ascii	"long long int\000"
 1734      206C6F6E 
 1734      6720696E 
 1734      7400
 1735              	.LASF11:
 1736 015a 63686172 		.ascii	"char\000"
 1736      00
 1737              	.LASF2:
 1738 015f 73686F72 		.ascii	"short int\000"
 1738      7420696E 
 1738      7400
 1739              	.LASF21:
 1740 0169 75696E74 		.ascii	"uint8\000"
 1740      3800
 1741              	.LASF4:
 1742 016f 6C6F6E67 		.ascii	"long int\000"
 1742      20696E74 
 1742      00
 1743              	.LASF0:
 1744 0178 7369676E 		.ascii	"signed char\000"
 1744      65642063 
 1744      68617200 
 1745              	.LASF20:
 1746 0184 433A5C55 		.ascii	"C:\\Users\\Cristina\\Desktop\\Electro_PSOC_DSE-mast"
 1746      73657273 
 1746      5C437269 
 1746      7374696E 
 1746      615C4465 
 1747 01b3 65725C50 		.ascii	"er\\PracticasDSECompleto\\Practica1Parte3.cydsn\000"
 1747      72616374 
 1747      69636173 
 1747      44534543 
 1747      6F6D706C 
ARM GAS  C:\Users\Cristina\AppData\Local\Temp\ccl7lyx1.s 			page 33


 1748              	.LASF19:
 1749 01e1 47656E65 		.ascii	"Generated_Source\\PSoC5\\cymetadata.c\000"
 1749      72617465 
 1749      645F536F 
 1749      75726365 
 1749      5C50536F 
 1750              		.ident	"GCC: (GNU Tools for ARM Embedded Processors) 4.9.3 20150303 (release) [ARM/embedded-4_9-br
