ARM GAS  C:\Users\Cristina\AppData\Local\Temp\ccIl30V7.s 			page 1


   1              		.syntax unified
   2              		.cpu cortex-m3
   3              		.fpu softvfp
   4              		.eabi_attribute 20, 1
   5              		.eabi_attribute 21, 1
   6              		.eabi_attribute 23, 3
   7              		.eabi_attribute 24, 1
   8              		.eabi_attribute 25, 1
   9              		.eabi_attribute 26, 1
  10              		.eabi_attribute 30, 1
  11              		.eabi_attribute 34, 1
  12              		.eabi_attribute 18, 4
  13              		.thumb
  14              		.file	"main.c"
  15              		.text
  16              	.Ltext0:
  17              		.cfi_sections	.debug_frame
  18              		.section	.text.GPIOIsrHandler,"ax",%progbits
  19              		.align	2
  20              		.global	GPIOIsrHandler
  21              		.thumb
  22              		.thumb_func
  23              		.type	GPIOIsrHandler, %function
  24              	GPIOIsrHandler:
  25              	.LFB64:
  26              		.file 1 "main.c"
   1:main.c        **** /* ========================================
   2:main.c        ****  *
   3:main.c        ****  * Copyright YOUR COMPANY, THE YEAR
   4:main.c        ****  * All Rights Reserved
   5:main.c        ****  * UNPUBLISHED, LICENSED SOFTWARE.
   6:main.c        ****  *
   7:main.c        ****  * CONFIDENTIAL AND PROPRIETARY INFORMATION
   8:main.c        ****  * WHICH IS THE PROPERTY OF your company.
   9:main.c        ****  *
  10:main.c        ****  * ========================================
  11:main.c        **** */
  12:main.c        **** #include "project.h"
  13:main.c        **** 
  14:main.c        **** 
  15:main.c        **** 
  16:main.c        **** int flagInterrupcionPWM = 0;
  17:main.c        **** 
  18:main.c        **** CY_ISR_PROTO(GPIOIsrHandler);
  19:main.c        **** 
  20:main.c        **** CY_ISR_PROTO(UARTHandler);
  21:main.c        **** 
  22:main.c        **** int main(void)
  23:main.c        **** {
  24:main.c        ****     
  25:main.c        ****     //interrupcionDelPWM_Start();
  26:main.c        ****     //interrupcionDelPWM_SetVector(&interrupcionDelPWM_Interrupt);
  27:main.c        ****     
  28:main.c        ****     UART_isr_StartEx(UARTHandler);
  29:main.c        ****     UART_isr_SetPriority(0);
  30:main.c        ****     
  31:main.c        ****     isr_GPIO_StartEx(GPIOIsrHandler);
ARM GAS  C:\Users\Cristina\AppData\Local\Temp\ccIl30V7.s 			page 2


  32:main.c        ****     isr_GPIO_SetPriority(0);
  33:main.c        ****     
  34:main.c        ****     generadorPulsosPWM_Start();
  35:main.c        ****     Timer_1_Start();
  36:main.c        ****     
  37:main.c        ****     CyGlobalIntEnable; /* Enable global interrupts. */
  38:main.c        ****     
  39:main.c        ****     Pantalla_Start();
  40:main.c        ****     UART_Start();
  41:main.c        ****     Pantalla_ClearDisplay();
  42:main.c        ****     Pantalla_PrintString("Bienvenido");
  43:main.c        ****     
  44:main.c        ****     
  45:main.c        ****     generadorPulsosPWM_WriteCompare(90);
  46:main.c        ****     
  47:main.c        ****     ledSoftwareInterrupcionPWM_Write(1);
  48:main.c        ****     /* Place your initialization/startup code here (e.g. MyInst_Start()) */
  49:main.c        ****     for(;;)
  50:main.c        ****     {
  51:main.c        ****     }
  52:main.c        **** }
  53:main.c        **** 
  54:main.c        **** 
  55:main.c        **** 
  56:main.c        **** CY_ISR(GPIOIsrHandler)
  57:main.c        **** {
  27              		.loc 1 57 0
  28              		.cfi_startproc
  29              		@ args = 0, pretend = 0, frame = 0
  30              		@ frame_needed = 0, uses_anonymous_args = 0
  31 0000 08B5     		push	{r3, lr}
  32              		.cfi_def_cfa_offset 8
  33              		.cfi_offset 3, -8
  34              		.cfi_offset 14, -4
  58:main.c        ****     /* Clear pending Interrupt */
  59:main.c        ****     //isr_GPIO_ClearPending();
  60:main.c        ****    
  61:main.c        ****     /* Cause nested software interrupt after 1000 ms */
  62:main.c        ****     //CyDelay(1000u);
  63:main.c        ****     ledSoftwareInterrupcionPWM_Write(~ledSoftwareInterrupcionPWM_Read());
  35              		.loc 1 63 0
  36 0002 FFF7FEFF 		bl	ledSoftwareInterrupcionPWM_Read
  37              	.LVL0:
  38 0006 C043     		mvns	r0, r0
  39 0008 C0B2     		uxtb	r0, r0
  40 000a FFF7FEFF 		bl	ledSoftwareInterrupcionPWM_Write
  41              	.LVL1:
  42 000e 08BD     		pop	{r3, pc}
  43              		.cfi_endproc
  44              	.LFE64:
  45              		.size	GPIOIsrHandler, .-GPIOIsrHandler
  46              		.section	.text.UARTHandler,"ax",%progbits
  47              		.align	2
  48              		.global	UARTHandler
  49              		.thumb
  50              		.thumb_func
  51              		.type	UARTHandler, %function
ARM GAS  C:\Users\Cristina\AppData\Local\Temp\ccIl30V7.s 			page 3


  52              	UARTHandler:
  53              	.LFB65:
  64:main.c        **** }
  65:main.c        **** 
  66:main.c        **** CY_ISR(UARTHandler){
  54              		.loc 1 66 0
  55              		.cfi_startproc
  56              		@ args = 0, pretend = 0, frame = 0
  57              		@ frame_needed = 0, uses_anonymous_args = 0
  58 0000 10B5     		push	{r4, lr}
  59              		.cfi_def_cfa_offset 8
  60              		.cfi_offset 4, -8
  61              		.cfi_offset 14, -4
  67:main.c        ****     Pantalla_ClearDisplay();
  62              		.loc 1 67 0
  63 0002 0120     		movs	r0, #1
  64 0004 FFF7FEFF 		bl	Pantalla_WriteControl
  65              	.LVL2:
  68:main.c        ****     Pantalla_PrintString("Int");
  66              		.loc 1 68 0
  67 0008 1448     		ldr	r0, .L9
  68 000a FFF7FEFF 		bl	Pantalla_PrintString
  69              	.LVL3:
  69:main.c        ****     char pepito = UART_GetByte();
  70              		.loc 1 69 0
  71 000e FFF7FEFF 		bl	UART_GetByte
  72              	.LVL4:
  73 0012 C4B2     		uxtb	r4, r0
  74              	.LVL5:
  70:main.c        ****     if(pepito == 'd'){
  75              		.loc 1 70 0
  76 0014 642C     		cmp	r4, #100
  77 0016 06D1     		bne	.L4
  71:main.c        ****        UART_PutString("Divisor a 10");
  78              		.loc 1 71 0
  79 0018 1148     		ldr	r0, .L9+4
  80 001a FFF7FEFF 		bl	UART_PutString
  81              	.LVL6:
  72:main.c        ****         Clock_1_SetSource(CYCLK_SRC_SEL_IMO);
  82              		.loc 1 72 0
  83 001e 0120     		movs	r0, #1
  84 0020 FFF7FEFF 		bl	Clock_1_SetSourceRegister
  85              	.LVL7:
  86 0024 13E0     		b	.L5
  87              	.L4:
  73:main.c        ****     }else if(pepito == 'u'){
  88              		.loc 1 73 0
  89 0026 752C     		cmp	r4, #117
  90 0028 03D1     		bne	.L6
  74:main.c        ****         Clock_1_SetSource(CYCLK_SRC_SEL_PLL);
  91              		.loc 1 74 0
  92 002a 0420     		movs	r0, #4
  93 002c FFF7FEFF 		bl	Clock_1_SetSourceRegister
  94              	.LVL8:
  95 0030 0DE0     		b	.L5
  96              	.L6:
  75:main.c        ****     }else if(pepito == 'p'){
ARM GAS  C:\Users\Cristina\AppData\Local\Temp\ccIl30V7.s 			page 4


  97              		.loc 1 75 0
  98 0032 702C     		cmp	r4, #112
  99 0034 07D1     		bne	.L7
  76:main.c        ****         generadorPulsosPWM_Stop();
 100              		.loc 1 76 0
 101 0036 FFF7FEFF 		bl	generadorPulsosPWM_Stop
 102              	.LVL9:
  77:main.c        ****         generadorPulsosPWM_Sleep();
 103              		.loc 1 77 0
 104 003a FFF7FEFF 		bl	generadorPulsosPWM_Sleep
 105              	.LVL10:
  78:main.c        ****         UART_PutString("Vamos a parar el led");
 106              		.loc 1 78 0
 107 003e 0948     		ldr	r0, .L9+8
 108 0040 FFF7FEFF 		bl	UART_PutString
 109              	.LVL11:
 110 0044 03E0     		b	.L5
 111              	.L7:
  79:main.c        ****         
  80:main.c        ****         
  81:main.c        ****     }else if(pepito == 'a'){
 112              		.loc 1 81 0
 113 0046 612C     		cmp	r4, #97
 114 0048 01D1     		bne	.L5
  82:main.c        ****         generadorPulsosPWM_Start();   
 115              		.loc 1 82 0
 116 004a FFF7FEFF 		bl	generadorPulsosPWM_Start
 117              	.LVL12:
 118              	.L5:
  83:main.c        ****     }
  84:main.c        ****    
  85:main.c        ****     UART_PutChar(pepito);
 119              		.loc 1 85 0
 120 004e 2046     		mov	r0, r4
 121 0050 FFF7FEFF 		bl	UART_PutChar
 122              	.LVL13:
  86:main.c        ****     Pantalla_PrintString(pepito);
 123              		.loc 1 86 0
 124 0054 2046     		mov	r0, r4
 125 0056 FFF7FEFF 		bl	Pantalla_PrintString
 126              	.LVL14:
 127 005a 10BD     		pop	{r4, pc}
 128              	.LVL15:
 129              	.L10:
 130              		.align	2
 131              	.L9:
 132 005c 00000000 		.word	.LC0
 133 0060 04000000 		.word	.LC1
 134 0064 14000000 		.word	.LC2
 135              		.cfi_endproc
 136              	.LFE65:
 137              		.size	UARTHandler, .-UARTHandler
 138              		.section	.text.main,"ax",%progbits
 139              		.align	2
 140              		.global	main
 141              		.thumb
 142              		.thumb_func
ARM GAS  C:\Users\Cristina\AppData\Local\Temp\ccIl30V7.s 			page 5


 143              		.type	main, %function
 144              	main:
 145              	.LFB63:
  23:main.c        ****     
 146              		.loc 1 23 0
 147              		.cfi_startproc
 148              		@ Volatile: function does not return.
 149              		@ args = 0, pretend = 0, frame = 0
 150              		@ frame_needed = 0, uses_anonymous_args = 0
 151 0000 08B5     		push	{r3, lr}
 152              		.cfi_def_cfa_offset 8
 153              		.cfi_offset 3, -8
 154              		.cfi_offset 14, -4
  28:main.c        ****     UART_isr_SetPriority(0);
 155              		.loc 1 28 0
 156 0002 1148     		ldr	r0, .L14
 157 0004 FFF7FEFF 		bl	UART_isr_StartEx
 158              	.LVL16:
  29:main.c        ****     
 159              		.loc 1 29 0
 160 0008 0020     		movs	r0, #0
 161 000a FFF7FEFF 		bl	UART_isr_SetPriority
 162              	.LVL17:
  31:main.c        ****     isr_GPIO_SetPriority(0);
 163              		.loc 1 31 0
 164 000e 0F48     		ldr	r0, .L14+4
 165 0010 FFF7FEFF 		bl	isr_GPIO_StartEx
 166              	.LVL18:
  32:main.c        ****     
 167              		.loc 1 32 0
 168 0014 0020     		movs	r0, #0
 169 0016 FFF7FEFF 		bl	isr_GPIO_SetPriority
 170              	.LVL19:
  34:main.c        ****     Timer_1_Start();
 171              		.loc 1 34 0
 172 001a FFF7FEFF 		bl	generadorPulsosPWM_Start
 173              	.LVL20:
  35:main.c        ****     
 174              		.loc 1 35 0
 175 001e FFF7FEFF 		bl	Timer_1_Start
 176              	.LVL21:
  37:main.c        ****     
 177              		.loc 1 37 0
 178              	@ 37 "main.c" 1
 179 0022 62B6     		CPSIE   i
 180              	@ 0 "" 2
  39:main.c        ****     UART_Start();
 181              		.loc 1 39 0
 182              		.thumb
 183 0024 FFF7FEFF 		bl	Pantalla_Start
 184              	.LVL22:
  40:main.c        ****     Pantalla_ClearDisplay();
 185              		.loc 1 40 0
 186 0028 FFF7FEFF 		bl	UART_Start
 187              	.LVL23:
  41:main.c        ****     Pantalla_PrintString("Bienvenido");
 188              		.loc 1 41 0
ARM GAS  C:\Users\Cristina\AppData\Local\Temp\ccIl30V7.s 			page 6


 189 002c 0120     		movs	r0, #1
 190 002e FFF7FEFF 		bl	Pantalla_WriteControl
 191              	.LVL24:
  42:main.c        ****     
 192              		.loc 1 42 0
 193 0032 0748     		ldr	r0, .L14+8
 194 0034 FFF7FEFF 		bl	Pantalla_PrintString
 195              	.LVL25:
  45:main.c        ****     
 196              		.loc 1 45 0
 197 0038 5A20     		movs	r0, #90
 198 003a FFF7FEFF 		bl	generadorPulsosPWM_WriteCompare
 199              	.LVL26:
  47:main.c        ****     /* Place your initialization/startup code here (e.g. MyInst_Start()) */
 200              		.loc 1 47 0
 201 003e 0120     		movs	r0, #1
 202 0040 FFF7FEFF 		bl	ledSoftwareInterrupcionPWM_Write
 203              	.LVL27:
 204              	.L12:
  51:main.c        **** }
 205              		.loc 1 51 0 discriminator 1
 206 0044 FEE7     		b	.L12
 207              	.L15:
 208 0046 00BF     		.align	2
 209              	.L14:
 210 0048 00000000 		.word	UARTHandler
 211 004c 00000000 		.word	GPIOIsrHandler
 212 0050 2C000000 		.word	.LC3
 213              		.cfi_endproc
 214              	.LFE63:
 215              		.size	main, .-main
 216              		.global	flagInterrupcionPWM
 217              		.section	.rodata.str1.4,"aMS",%progbits,1
 218              		.align	2
 219              	.LC0:
 220 0000 496E7400 		.ascii	"Int\000"
 221              	.LC1:
 222 0004 44697669 		.ascii	"Divisor a 10\000"
 222      736F7220 
 222      61203130 
 222      00
 223 0011 000000   		.space	3
 224              	.LC2:
 225 0014 56616D6F 		.ascii	"Vamos a parar el led\000"
 225      73206120 
 225      70617261 
 225      7220656C 
 225      206C6564 
 226 0029 000000   		.space	3
 227              	.LC3:
 228 002c 4269656E 		.ascii	"Bienvenido\000"
 228      76656E69 
 228      646F00
 229 0037 00       		.bss
 230              		.align	2
 231              		.type	flagInterrupcionPWM, %object
 232              		.size	flagInterrupcionPWM, 4
ARM GAS  C:\Users\Cristina\AppData\Local\Temp\ccIl30V7.s 			page 7


 233              	flagInterrupcionPWM:
 234 0000 00000000 		.space	4
 235              		.text
 236              	.Letext0:
 237              		.file 2 "c:\\program files (x86)\\cypress\\psoc creator\\4.0\\psoc creator\\import\\gnu\\arm\\4.9.
 238              		.file 3 "c:\\program files (x86)\\cypress\\psoc creator\\4.0\\psoc creator\\import\\gnu\\arm\\4.9.
 239              		.file 4 "Generated_Source\\PSoC5/cytypes.h"
 240              		.file 5 "Generated_Source\\PSoC5/core_cm3.h"
 241              		.file 6 "Generated_Source\\PSoC5/ledSoftwareInterrupcionPWM.h"
 242              		.file 7 "Generated_Source\\PSoC5/Pantalla.h"
 243              		.file 8 "Generated_Source\\PSoC5/UART.h"
 244              		.file 9 "Generated_Source\\PSoC5/Clock_1.h"
 245              		.file 10 "Generated_Source\\PSoC5/generadorPulsosPWM.h"
 246              		.file 11 "Generated_Source\\PSoC5/UART_isr.h"
 247              		.file 12 "Generated_Source\\PSoC5/isr_GPIO.h"
 248              		.file 13 "Generated_Source\\PSoC5/Timer_1.h"
 249              		.section	.debug_info,"",%progbits
 250              	.Ldebug_info0:
 251 0000 E7030000 		.4byte	0x3e7
 252 0004 0400     		.2byte	0x4
 253 0006 00000000 		.4byte	.Ldebug_abbrev0
 254 000a 04       		.byte	0x4
 255 000b 01       		.uleb128 0x1
 256 000c BC010000 		.4byte	.LASF41
 257 0010 01       		.byte	0x1
 258 0011 94020000 		.4byte	.LASF42
 259 0015 07030000 		.4byte	.LASF43
 260 0019 00000000 		.4byte	.Ldebug_ranges0+0
 261 001d 00000000 		.4byte	0
 262 0021 00000000 		.4byte	.Ldebug_line0
 263 0025 02       		.uleb128 0x2
 264 0026 01       		.byte	0x1
 265 0027 06       		.byte	0x6
 266 0028 FB020000 		.4byte	.LASF0
 267 002c 02       		.uleb128 0x2
 268 002d 01       		.byte	0x1
 269 002e 08       		.byte	0x8
 270 002f B9000000 		.4byte	.LASF1
 271 0033 02       		.uleb128 0x2
 272 0034 02       		.byte	0x2
 273 0035 05       		.byte	0x5
 274 0036 CE020000 		.4byte	.LASF2
 275 003a 02       		.uleb128 0x2
 276 003b 02       		.byte	0x2
 277 003c 07       		.byte	0x7
 278 003d 05010000 		.4byte	.LASF3
 279 0041 03       		.uleb128 0x3
 280 0042 48000000 		.4byte	.LASF9
 281 0046 02       		.byte	0x2
 282 0047 3F       		.byte	0x3f
 283 0048 4C000000 		.4byte	0x4c
 284 004c 02       		.uleb128 0x2
 285 004d 04       		.byte	0x4
 286 004e 05       		.byte	0x5
 287 004f F2020000 		.4byte	.LASF4
 288 0053 02       		.uleb128 0x2
 289 0054 04       		.byte	0x4
ARM GAS  C:\Users\Cristina\AppData\Local\Temp\ccIl30V7.s 			page 8


 290 0055 07       		.byte	0x7
 291 0056 F3000000 		.4byte	.LASF5
 292 005a 02       		.uleb128 0x2
 293 005b 08       		.byte	0x8
 294 005c 05       		.byte	0x5
 295 005d 86020000 		.4byte	.LASF6
 296 0061 02       		.uleb128 0x2
 297 0062 08       		.byte	0x8
 298 0063 07       		.byte	0x7
 299 0064 A5010000 		.4byte	.LASF7
 300 0068 04       		.uleb128 0x4
 301 0069 04       		.byte	0x4
 302 006a 05       		.byte	0x5
 303 006b 696E7400 		.ascii	"int\000"
 304 006f 02       		.uleb128 0x2
 305 0070 04       		.byte	0x4
 306 0071 07       		.byte	0x7
 307 0072 98010000 		.4byte	.LASF8
 308 0076 03       		.uleb128 0x3
 309 0077 68020000 		.4byte	.LASF10
 310 007b 03       		.byte	0x3
 311 007c 2C       		.byte	0x2c
 312 007d 41000000 		.4byte	0x41
 313 0081 05       		.uleb128 0x5
 314 0082 C8020000 		.4byte	.LASF11
 315 0086 04       		.byte	0x4
 316 0087 9201     		.2byte	0x192
 317 0089 2C000000 		.4byte	0x2c
 318 008d 05       		.uleb128 0x5
 319 008e 64010000 		.4byte	.LASF12
 320 0092 04       		.byte	0x4
 321 0093 9301     		.2byte	0x193
 322 0095 3A000000 		.4byte	0x3a
 323 0099 02       		.uleb128 0x2
 324 009a 04       		.byte	0x4
 325 009b 04       		.byte	0x4
 326 009c 9F000000 		.4byte	.LASF13
 327 00a0 02       		.uleb128 0x2
 328 00a1 08       		.byte	0x8
 329 00a2 04       		.byte	0x4
 330 00a3 4C010000 		.4byte	.LASF14
 331 00a7 05       		.uleb128 0x5
 332 00a8 C7000000 		.4byte	.LASF15
 333 00ac 04       		.byte	0x4
 334 00ad A301     		.2byte	0x1a3
 335 00af B3000000 		.4byte	0xb3
 336 00b3 02       		.uleb128 0x2
 337 00b4 01       		.byte	0x1
 338 00b5 08       		.byte	0x8
 339 00b6 9B020000 		.4byte	.LASF16
 340 00ba 05       		.uleb128 0x5
 341 00bb 4A020000 		.4byte	.LASF17
 342 00bf 04       		.byte	0x4
 343 00c0 4E02     		.2byte	0x24e
 344 00c2 C6000000 		.4byte	0xc6
 345 00c6 06       		.uleb128 0x6
 346 00c7 04       		.byte	0x4
ARM GAS  C:\Users\Cristina\AppData\Local\Temp\ccIl30V7.s 			page 9


 347 00c8 CC000000 		.4byte	0xcc
 348 00cc 07       		.uleb128 0x7
 349 00cd 02       		.uleb128 0x2
 350 00ce 04       		.byte	0x4
 351 00cf 07       		.byte	0x7
 352 00d0 7D020000 		.4byte	.LASF18
 353 00d4 08       		.uleb128 0x8
 354 00d5 A0020000 		.4byte	.LASF19
 355 00d9 01       		.byte	0x1
 356 00da 38       		.byte	0x38
 357 00db 00000000 		.4byte	.LFB64
 358 00df 10000000 		.4byte	.LFE64-.LFB64
 359 00e3 01       		.uleb128 0x1
 360 00e4 9C       		.byte	0x9c
 361 00e5 FC000000 		.4byte	0xfc
 362 00e9 09       		.uleb128 0x9
 363 00ea 06000000 		.4byte	.LVL0
 364 00ee E8020000 		.4byte	0x2e8
 365 00f2 09       		.uleb128 0x9
 366 00f3 0E000000 		.4byte	.LVL1
 367 00f7 F3020000 		.4byte	0x2f3
 368 00fb 00       		.byte	0
 369 00fc 08       		.uleb128 0x8
 370 00fd 5C020000 		.4byte	.LASF20
 371 0101 01       		.byte	0x1
 372 0102 42       		.byte	0x42
 373 0103 00000000 		.4byte	.LFB65
 374 0107 68000000 		.4byte	.LFE65-.LFB65
 375 010b 01       		.uleb128 0x1
 376 010c 9C       		.byte	0x9c
 377 010d E7010000 		.4byte	0x1e7
 378 0111 0A       		.uleb128 0xa
 379 0112 45010000 		.4byte	.LASF44
 380 0116 01       		.byte	0x1
 381 0117 45       		.byte	0x45
 382 0118 B3000000 		.4byte	0xb3
 383 011c 00000000 		.4byte	.LLST0
 384 0120 0B       		.uleb128 0xb
 385 0121 08000000 		.4byte	.LVL2
 386 0125 04030000 		.4byte	0x304
 387 0129 33010000 		.4byte	0x133
 388 012d 0C       		.uleb128 0xc
 389 012e 01       		.uleb128 0x1
 390 012f 50       		.byte	0x50
 391 0130 01       		.uleb128 0x1
 392 0131 31       		.byte	0x31
 393 0132 00       		.byte	0
 394 0133 0B       		.uleb128 0xb
 395 0134 0E000000 		.4byte	.LVL3
 396 0138 15030000 		.4byte	0x315
 397 013c 4A010000 		.4byte	0x14a
 398 0140 0C       		.uleb128 0xc
 399 0141 01       		.uleb128 0x1
 400 0142 50       		.byte	0x50
 401 0143 05       		.uleb128 0x5
 402 0144 03       		.byte	0x3
 403 0145 00000000 		.4byte	.LC0
ARM GAS  C:\Users\Cristina\AppData\Local\Temp\ccIl30V7.s 			page 10


 404 0149 00       		.byte	0
 405 014a 09       		.uleb128 0x9
 406 014b 12000000 		.4byte	.LVL4
 407 014f 31030000 		.4byte	0x331
 408 0153 0B       		.uleb128 0xb
 409 0154 1E000000 		.4byte	.LVL6
 410 0158 3C030000 		.4byte	0x33c
 411 015c 6A010000 		.4byte	0x16a
 412 0160 0C       		.uleb128 0xc
 413 0161 01       		.uleb128 0x1
 414 0162 50       		.byte	0x50
 415 0163 05       		.uleb128 0x5
 416 0164 03       		.byte	0x3
 417 0165 04000000 		.4byte	.LC1
 418 0169 00       		.byte	0
 419 016a 0B       		.uleb128 0xb
 420 016b 24000000 		.4byte	.LVL7
 421 016f 4D030000 		.4byte	0x34d
 422 0173 7D010000 		.4byte	0x17d
 423 0177 0C       		.uleb128 0xc
 424 0178 01       		.uleb128 0x1
 425 0179 50       		.byte	0x50
 426 017a 01       		.uleb128 0x1
 427 017b 31       		.byte	0x31
 428 017c 00       		.byte	0
 429 017d 0B       		.uleb128 0xb
 430 017e 30000000 		.4byte	.LVL8
 431 0182 4D030000 		.4byte	0x34d
 432 0186 90010000 		.4byte	0x190
 433 018a 0C       		.uleb128 0xc
 434 018b 01       		.uleb128 0x1
 435 018c 50       		.byte	0x50
 436 018d 01       		.uleb128 0x1
 437 018e 34       		.byte	0x34
 438 018f 00       		.byte	0
 439 0190 09       		.uleb128 0x9
 440 0191 3A000000 		.4byte	.LVL9
 441 0195 5E030000 		.4byte	0x35e
 442 0199 09       		.uleb128 0x9
 443 019a 3E000000 		.4byte	.LVL10
 444 019e 65030000 		.4byte	0x365
 445 01a2 0B       		.uleb128 0xb
 446 01a3 44000000 		.4byte	.LVL11
 447 01a7 3C030000 		.4byte	0x33c
 448 01ab B9010000 		.4byte	0x1b9
 449 01af 0C       		.uleb128 0xc
 450 01b0 01       		.uleb128 0x1
 451 01b1 50       		.byte	0x50
 452 01b2 05       		.uleb128 0x5
 453 01b3 03       		.byte	0x3
 454 01b4 14000000 		.4byte	.LC2
 455 01b8 00       		.byte	0
 456 01b9 09       		.uleb128 0x9
 457 01ba 4E000000 		.4byte	.LVL12
 458 01be 6C030000 		.4byte	0x36c
 459 01c2 0B       		.uleb128 0xb
 460 01c3 54000000 		.4byte	.LVL13
ARM GAS  C:\Users\Cristina\AppData\Local\Temp\ccIl30V7.s 			page 11


 461 01c7 73030000 		.4byte	0x373
 462 01cb D6010000 		.4byte	0x1d6
 463 01cf 0C       		.uleb128 0xc
 464 01d0 01       		.uleb128 0x1
 465 01d1 50       		.byte	0x50
 466 01d2 02       		.uleb128 0x2
 467 01d3 74       		.byte	0x74
 468 01d4 00       		.sleb128 0
 469 01d5 00       		.byte	0
 470 01d6 0D       		.uleb128 0xd
 471 01d7 5A000000 		.4byte	.LVL14
 472 01db 15030000 		.4byte	0x315
 473 01df 0C       		.uleb128 0xc
 474 01e0 01       		.uleb128 0x1
 475 01e1 50       		.byte	0x50
 476 01e2 02       		.uleb128 0x2
 477 01e3 74       		.byte	0x74
 478 01e4 00       		.sleb128 0
 479 01e5 00       		.byte	0
 480 01e6 00       		.byte	0
 481 01e7 0E       		.uleb128 0xe
 482 01e8 57020000 		.4byte	.LASF45
 483 01ec 01       		.byte	0x1
 484 01ed 16       		.byte	0x16
 485 01ee 68000000 		.4byte	0x68
 486 01f2 00000000 		.4byte	.LFB63
 487 01f6 54000000 		.4byte	.LFE63-.LFB63
 488 01fa 01       		.uleb128 0x1
 489 01fb 9C       		.byte	0x9c
 490 01fc C6020000 		.4byte	0x2c6
 491 0200 0B       		.uleb128 0xb
 492 0201 08000000 		.4byte	.LVL16
 493 0205 84030000 		.4byte	0x384
 494 0209 17020000 		.4byte	0x217
 495 020d 0C       		.uleb128 0xc
 496 020e 01       		.uleb128 0x1
 497 020f 50       		.byte	0x50
 498 0210 05       		.uleb128 0x5
 499 0211 03       		.byte	0x3
 500 0212 00000000 		.4byte	UARTHandler
 501 0216 00       		.byte	0
 502 0217 0B       		.uleb128 0xb
 503 0218 0E000000 		.4byte	.LVL17
 504 021c 95030000 		.4byte	0x395
 505 0220 2A020000 		.4byte	0x22a
 506 0224 0C       		.uleb128 0xc
 507 0225 01       		.uleb128 0x1
 508 0226 50       		.byte	0x50
 509 0227 01       		.uleb128 0x1
 510 0228 30       		.byte	0x30
 511 0229 00       		.byte	0
 512 022a 0B       		.uleb128 0xb
 513 022b 14000000 		.4byte	.LVL18
 514 022f A6030000 		.4byte	0x3a6
 515 0233 41020000 		.4byte	0x241
 516 0237 0C       		.uleb128 0xc
 517 0238 01       		.uleb128 0x1
ARM GAS  C:\Users\Cristina\AppData\Local\Temp\ccIl30V7.s 			page 12


 518 0239 50       		.byte	0x50
 519 023a 05       		.uleb128 0x5
 520 023b 03       		.byte	0x3
 521 023c 00000000 		.4byte	GPIOIsrHandler
 522 0240 00       		.byte	0
 523 0241 0B       		.uleb128 0xb
 524 0242 1A000000 		.4byte	.LVL19
 525 0246 B7030000 		.4byte	0x3b7
 526 024a 54020000 		.4byte	0x254
 527 024e 0C       		.uleb128 0xc
 528 024f 01       		.uleb128 0x1
 529 0250 50       		.byte	0x50
 530 0251 01       		.uleb128 0x1
 531 0252 30       		.byte	0x30
 532 0253 00       		.byte	0
 533 0254 09       		.uleb128 0x9
 534 0255 1E000000 		.4byte	.LVL20
 535 0259 6C030000 		.4byte	0x36c
 536 025d 09       		.uleb128 0x9
 537 025e 22000000 		.4byte	.LVL21
 538 0262 C8030000 		.4byte	0x3c8
 539 0266 09       		.uleb128 0x9
 540 0267 28000000 		.4byte	.LVL22
 541 026b CF030000 		.4byte	0x3cf
 542 026f 09       		.uleb128 0x9
 543 0270 2C000000 		.4byte	.LVL23
 544 0274 D6030000 		.4byte	0x3d6
 545 0278 0B       		.uleb128 0xb
 546 0279 32000000 		.4byte	.LVL24
 547 027d 04030000 		.4byte	0x304
 548 0281 8B020000 		.4byte	0x28b
 549 0285 0C       		.uleb128 0xc
 550 0286 01       		.uleb128 0x1
 551 0287 50       		.byte	0x50
 552 0288 01       		.uleb128 0x1
 553 0289 31       		.byte	0x31
 554 028a 00       		.byte	0
 555 028b 0B       		.uleb128 0xb
 556 028c 38000000 		.4byte	.LVL25
 557 0290 15030000 		.4byte	0x315
 558 0294 A2020000 		.4byte	0x2a2
 559 0298 0C       		.uleb128 0xc
 560 0299 01       		.uleb128 0x1
 561 029a 50       		.byte	0x50
 562 029b 05       		.uleb128 0x5
 563 029c 03       		.byte	0x3
 564 029d 2C000000 		.4byte	.LC3
 565 02a1 00       		.byte	0
 566 02a2 0B       		.uleb128 0xb
 567 02a3 3E000000 		.4byte	.LVL26
 568 02a7 DD030000 		.4byte	0x3dd
 569 02ab B6020000 		.4byte	0x2b6
 570 02af 0C       		.uleb128 0xc
 571 02b0 01       		.uleb128 0x1
 572 02b1 50       		.byte	0x50
 573 02b2 02       		.uleb128 0x2
 574 02b3 08       		.byte	0x8
ARM GAS  C:\Users\Cristina\AppData\Local\Temp\ccIl30V7.s 			page 13


 575 02b4 5A       		.byte	0x5a
 576 02b5 00       		.byte	0
 577 02b6 0D       		.uleb128 0xd
 578 02b7 44000000 		.4byte	.LVL27
 579 02bb F3020000 		.4byte	0x2f3
 580 02bf 0C       		.uleb128 0xc
 581 02c0 01       		.uleb128 0x1
 582 02c1 50       		.byte	0x50
 583 02c2 01       		.uleb128 0x1
 584 02c3 31       		.byte	0x31
 585 02c4 00       		.byte	0
 586 02c5 00       		.byte	0
 587 02c6 0F       		.uleb128 0xf
 588 02c7 38010000 		.4byte	.LASF21
 589 02cb 05       		.byte	0x5
 590 02cc 9606     		.2byte	0x696
 591 02ce D2020000 		.4byte	0x2d2
 592 02d2 10       		.uleb128 0x10
 593 02d3 76000000 		.4byte	0x76
 594 02d7 11       		.uleb128 0x11
 595 02d8 A5000000 		.4byte	.LASF22
 596 02dc 01       		.byte	0x1
 597 02dd 10       		.byte	0x10
 598 02de 68000000 		.4byte	0x68
 599 02e2 05       		.uleb128 0x5
 600 02e3 03       		.byte	0x3
 601 02e4 00000000 		.4byte	flagInterrupcionPWM
 602 02e8 12       		.uleb128 0x12
 603 02e9 6A000000 		.4byte	.LASF26
 604 02ed 06       		.byte	0x6
 605 02ee 29       		.byte	0x29
 606 02ef 81000000 		.4byte	0x81
 607 02f3 13       		.uleb128 0x13
 608 02f4 27000000 		.4byte	.LASF23
 609 02f8 06       		.byte	0x6
 610 02f9 26       		.byte	0x26
 611 02fa 04030000 		.4byte	0x304
 612 02fe 14       		.uleb128 0x14
 613 02ff 81000000 		.4byte	0x81
 614 0303 00       		.byte	0
 615 0304 13       		.uleb128 0x13
 616 0305 64030000 		.4byte	.LASF24
 617 0309 07       		.byte	0x7
 618 030a 3A       		.byte	0x3a
 619 030b 15030000 		.4byte	0x315
 620 030f 14       		.uleb128 0x14
 621 0310 81000000 		.4byte	0x81
 622 0314 00       		.byte	0
 623 0315 13       		.uleb128 0x13
 624 0316 23010000 		.4byte	.LASF25
 625 031a 07       		.byte	0x7
 626 031b 3C       		.byte	0x3c
 627 031c 26030000 		.4byte	0x326
 628 0320 14       		.uleb128 0x14
 629 0321 26030000 		.4byte	0x326
 630 0325 00       		.byte	0
 631 0326 06       		.uleb128 0x6
ARM GAS  C:\Users\Cristina\AppData\Local\Temp\ccIl30V7.s 			page 14


 632 0327 04       		.byte	0x4
 633 0328 2C030000 		.4byte	0x32c
 634 032c 15       		.uleb128 0x15
 635 032d A7000000 		.4byte	0xa7
 636 0331 12       		.uleb128 0x12
 637 0332 6B010000 		.4byte	.LASF27
 638 0336 08       		.byte	0x8
 639 0337 72       		.byte	0x72
 640 0338 8D000000 		.4byte	0x8d
 641 033c 13       		.uleb128 0x13
 642 033d 7A030000 		.4byte	.LASF28
 643 0341 08       		.byte	0x8
 644 0342 8B       		.byte	0x8b
 645 0343 4D030000 		.4byte	0x34d
 646 0347 14       		.uleb128 0x14
 647 0348 26030000 		.4byte	0x326
 648 034c 00       		.byte	0
 649 034d 13       		.uleb128 0x13
 650 034e D8020000 		.4byte	.LASF29
 651 0352 09       		.byte	0x9
 652 0353 35       		.byte	0x35
 653 0354 5E030000 		.4byte	0x35e
 654 0358 14       		.uleb128 0x14
 655 0359 81000000 		.4byte	0x81
 656 035d 00       		.byte	0
 657 035e 16       		.uleb128 0x16
 658 035f 52000000 		.4byte	.LASF30
 659 0363 0A       		.byte	0xa
 660 0364 93       		.byte	0x93
 661 0365 16       		.uleb128 0x16
 662 0366 AF020000 		.4byte	.LASF31
 663 036a 0A       		.byte	0xa
 664 036b DC       		.byte	0xdc
 665 036c 16       		.uleb128 0x16
 666 036d 00000000 		.4byte	.LASF32
 667 0371 0A       		.byte	0xa
 668 0372 92       		.byte	0x92
 669 0373 13       		.uleb128 0x13
 670 0374 70020000 		.4byte	.LASF33
 671 0378 08       		.byte	0x8
 672 0379 8A       		.byte	0x8a
 673 037a 84030000 		.4byte	0x384
 674 037e 14       		.uleb128 0x14
 675 037f 81000000 		.4byte	0x81
 676 0383 00       		.byte	0
 677 0384 13       		.uleb128 0x13
 678 0385 53010000 		.4byte	.LASF34
 679 0389 0B       		.byte	0xb
 680 038a 18       		.byte	0x18
 681 038b 95030000 		.4byte	0x395
 682 038f 14       		.uleb128 0x14
 683 0390 BA000000 		.4byte	0xba
 684 0394 00       		.byte	0
 685 0395 13       		.uleb128 0x13
 686 0396 8A000000 		.4byte	.LASF35
 687 039a 0B       		.byte	0xb
 688 039b 20       		.byte	0x20
ARM GAS  C:\Users\Cristina\AppData\Local\Temp\ccIl30V7.s 			page 15


 689 039c A6030000 		.4byte	0x3a6
 690 03a0 14       		.uleb128 0x14
 691 03a1 81000000 		.4byte	0x81
 692 03a5 00       		.byte	0
 693 03a6 13       		.uleb128 0x13
 694 03a7 E2000000 		.4byte	.LASF36
 695 03ab 0C       		.byte	0xc
 696 03ac 18       		.byte	0x18
 697 03ad B7030000 		.4byte	0x3b7
 698 03b1 14       		.uleb128 0x14
 699 03b2 BA000000 		.4byte	0xba
 700 03b6 00       		.byte	0
 701 03b7 13       		.uleb128 0x13
 702 03b8 CD000000 		.4byte	.LASF37
 703 03bc 0C       		.byte	0xc
 704 03bd 20       		.byte	0x20
 705 03be C8030000 		.4byte	0x3c8
 706 03c2 14       		.uleb128 0x14
 707 03c3 81000000 		.4byte	0x81
 708 03c7 00       		.byte	0
 709 03c8 16       		.uleb128 0x16
 710 03c9 19000000 		.4byte	.LASF38
 711 03cd 0D       		.byte	0xd
 712 03ce 5A       		.byte	0x5a
 713 03cf 16       		.uleb128 0x16
 714 03d0 89030000 		.4byte	.LASF39
 715 03d4 07       		.byte	0x7
 716 03d5 38       		.byte	0x38
 717 03d6 16       		.uleb128 0x16
 718 03d7 18010000 		.4byte	.LASF40
 719 03db 08       		.byte	0x8
 720 03dc 54       		.byte	0x54
 721 03dd 17       		.uleb128 0x17
 722 03de 78010000 		.4byte	.LASF46
 723 03e2 0A       		.byte	0xa
 724 03e3 C3       		.byte	0xc3
 725 03e4 14       		.uleb128 0x14
 726 03e5 81000000 		.4byte	0x81
 727 03e9 00       		.byte	0
 728 03ea 00       		.byte	0
 729              		.section	.debug_abbrev,"",%progbits
 730              	.Ldebug_abbrev0:
 731 0000 01       		.uleb128 0x1
 732 0001 11       		.uleb128 0x11
 733 0002 01       		.byte	0x1
 734 0003 25       		.uleb128 0x25
 735 0004 0E       		.uleb128 0xe
 736 0005 13       		.uleb128 0x13
 737 0006 0B       		.uleb128 0xb
 738 0007 03       		.uleb128 0x3
 739 0008 0E       		.uleb128 0xe
 740 0009 1B       		.uleb128 0x1b
 741 000a 0E       		.uleb128 0xe
 742 000b 55       		.uleb128 0x55
 743 000c 17       		.uleb128 0x17
 744 000d 11       		.uleb128 0x11
 745 000e 01       		.uleb128 0x1
ARM GAS  C:\Users\Cristina\AppData\Local\Temp\ccIl30V7.s 			page 16


 746 000f 10       		.uleb128 0x10
 747 0010 17       		.uleb128 0x17
 748 0011 00       		.byte	0
 749 0012 00       		.byte	0
 750 0013 02       		.uleb128 0x2
 751 0014 24       		.uleb128 0x24
 752 0015 00       		.byte	0
 753 0016 0B       		.uleb128 0xb
 754 0017 0B       		.uleb128 0xb
 755 0018 3E       		.uleb128 0x3e
 756 0019 0B       		.uleb128 0xb
 757 001a 03       		.uleb128 0x3
 758 001b 0E       		.uleb128 0xe
 759 001c 00       		.byte	0
 760 001d 00       		.byte	0
 761 001e 03       		.uleb128 0x3
 762 001f 16       		.uleb128 0x16
 763 0020 00       		.byte	0
 764 0021 03       		.uleb128 0x3
 765 0022 0E       		.uleb128 0xe
 766 0023 3A       		.uleb128 0x3a
 767 0024 0B       		.uleb128 0xb
 768 0025 3B       		.uleb128 0x3b
 769 0026 0B       		.uleb128 0xb
 770 0027 49       		.uleb128 0x49
 771 0028 13       		.uleb128 0x13
 772 0029 00       		.byte	0
 773 002a 00       		.byte	0
 774 002b 04       		.uleb128 0x4
 775 002c 24       		.uleb128 0x24
 776 002d 00       		.byte	0
 777 002e 0B       		.uleb128 0xb
 778 002f 0B       		.uleb128 0xb
 779 0030 3E       		.uleb128 0x3e
 780 0031 0B       		.uleb128 0xb
 781 0032 03       		.uleb128 0x3
 782 0033 08       		.uleb128 0x8
 783 0034 00       		.byte	0
 784 0035 00       		.byte	0
 785 0036 05       		.uleb128 0x5
 786 0037 16       		.uleb128 0x16
 787 0038 00       		.byte	0
 788 0039 03       		.uleb128 0x3
 789 003a 0E       		.uleb128 0xe
 790 003b 3A       		.uleb128 0x3a
 791 003c 0B       		.uleb128 0xb
 792 003d 3B       		.uleb128 0x3b
 793 003e 05       		.uleb128 0x5
 794 003f 49       		.uleb128 0x49
 795 0040 13       		.uleb128 0x13
 796 0041 00       		.byte	0
 797 0042 00       		.byte	0
 798 0043 06       		.uleb128 0x6
 799 0044 0F       		.uleb128 0xf
 800 0045 00       		.byte	0
 801 0046 0B       		.uleb128 0xb
 802 0047 0B       		.uleb128 0xb
ARM GAS  C:\Users\Cristina\AppData\Local\Temp\ccIl30V7.s 			page 17


 803 0048 49       		.uleb128 0x49
 804 0049 13       		.uleb128 0x13
 805 004a 00       		.byte	0
 806 004b 00       		.byte	0
 807 004c 07       		.uleb128 0x7
 808 004d 15       		.uleb128 0x15
 809 004e 00       		.byte	0
 810 004f 27       		.uleb128 0x27
 811 0050 19       		.uleb128 0x19
 812 0051 00       		.byte	0
 813 0052 00       		.byte	0
 814 0053 08       		.uleb128 0x8
 815 0054 2E       		.uleb128 0x2e
 816 0055 01       		.byte	0x1
 817 0056 3F       		.uleb128 0x3f
 818 0057 19       		.uleb128 0x19
 819 0058 03       		.uleb128 0x3
 820 0059 0E       		.uleb128 0xe
 821 005a 3A       		.uleb128 0x3a
 822 005b 0B       		.uleb128 0xb
 823 005c 3B       		.uleb128 0x3b
 824 005d 0B       		.uleb128 0xb
 825 005e 27       		.uleb128 0x27
 826 005f 19       		.uleb128 0x19
 827 0060 11       		.uleb128 0x11
 828 0061 01       		.uleb128 0x1
 829 0062 12       		.uleb128 0x12
 830 0063 06       		.uleb128 0x6
 831 0064 40       		.uleb128 0x40
 832 0065 18       		.uleb128 0x18
 833 0066 9742     		.uleb128 0x2117
 834 0068 19       		.uleb128 0x19
 835 0069 01       		.uleb128 0x1
 836 006a 13       		.uleb128 0x13
 837 006b 00       		.byte	0
 838 006c 00       		.byte	0
 839 006d 09       		.uleb128 0x9
 840 006e 898201   		.uleb128 0x4109
 841 0071 00       		.byte	0
 842 0072 11       		.uleb128 0x11
 843 0073 01       		.uleb128 0x1
 844 0074 31       		.uleb128 0x31
 845 0075 13       		.uleb128 0x13
 846 0076 00       		.byte	0
 847 0077 00       		.byte	0
 848 0078 0A       		.uleb128 0xa
 849 0079 34       		.uleb128 0x34
 850 007a 00       		.byte	0
 851 007b 03       		.uleb128 0x3
 852 007c 0E       		.uleb128 0xe
 853 007d 3A       		.uleb128 0x3a
 854 007e 0B       		.uleb128 0xb
 855 007f 3B       		.uleb128 0x3b
 856 0080 0B       		.uleb128 0xb
 857 0081 49       		.uleb128 0x49
 858 0082 13       		.uleb128 0x13
 859 0083 02       		.uleb128 0x2
ARM GAS  C:\Users\Cristina\AppData\Local\Temp\ccIl30V7.s 			page 18


 860 0084 17       		.uleb128 0x17
 861 0085 00       		.byte	0
 862 0086 00       		.byte	0
 863 0087 0B       		.uleb128 0xb
 864 0088 898201   		.uleb128 0x4109
 865 008b 01       		.byte	0x1
 866 008c 11       		.uleb128 0x11
 867 008d 01       		.uleb128 0x1
 868 008e 31       		.uleb128 0x31
 869 008f 13       		.uleb128 0x13
 870 0090 01       		.uleb128 0x1
 871 0091 13       		.uleb128 0x13
 872 0092 00       		.byte	0
 873 0093 00       		.byte	0
 874 0094 0C       		.uleb128 0xc
 875 0095 8A8201   		.uleb128 0x410a
 876 0098 00       		.byte	0
 877 0099 02       		.uleb128 0x2
 878 009a 18       		.uleb128 0x18
 879 009b 9142     		.uleb128 0x2111
 880 009d 18       		.uleb128 0x18
 881 009e 00       		.byte	0
 882 009f 00       		.byte	0
 883 00a0 0D       		.uleb128 0xd
 884 00a1 898201   		.uleb128 0x4109
 885 00a4 01       		.byte	0x1
 886 00a5 11       		.uleb128 0x11
 887 00a6 01       		.uleb128 0x1
 888 00a7 31       		.uleb128 0x31
 889 00a8 13       		.uleb128 0x13
 890 00a9 00       		.byte	0
 891 00aa 00       		.byte	0
 892 00ab 0E       		.uleb128 0xe
 893 00ac 2E       		.uleb128 0x2e
 894 00ad 01       		.byte	0x1
 895 00ae 3F       		.uleb128 0x3f
 896 00af 19       		.uleb128 0x19
 897 00b0 03       		.uleb128 0x3
 898 00b1 0E       		.uleb128 0xe
 899 00b2 3A       		.uleb128 0x3a
 900 00b3 0B       		.uleb128 0xb
 901 00b4 3B       		.uleb128 0x3b
 902 00b5 0B       		.uleb128 0xb
 903 00b6 27       		.uleb128 0x27
 904 00b7 19       		.uleb128 0x19
 905 00b8 49       		.uleb128 0x49
 906 00b9 13       		.uleb128 0x13
 907 00ba 11       		.uleb128 0x11
 908 00bb 01       		.uleb128 0x1
 909 00bc 12       		.uleb128 0x12
 910 00bd 06       		.uleb128 0x6
 911 00be 40       		.uleb128 0x40
 912 00bf 18       		.uleb128 0x18
 913 00c0 9742     		.uleb128 0x2117
 914 00c2 19       		.uleb128 0x19
 915 00c3 01       		.uleb128 0x1
 916 00c4 13       		.uleb128 0x13
ARM GAS  C:\Users\Cristina\AppData\Local\Temp\ccIl30V7.s 			page 19


 917 00c5 00       		.byte	0
 918 00c6 00       		.byte	0
 919 00c7 0F       		.uleb128 0xf
 920 00c8 34       		.uleb128 0x34
 921 00c9 00       		.byte	0
 922 00ca 03       		.uleb128 0x3
 923 00cb 0E       		.uleb128 0xe
 924 00cc 3A       		.uleb128 0x3a
 925 00cd 0B       		.uleb128 0xb
 926 00ce 3B       		.uleb128 0x3b
 927 00cf 05       		.uleb128 0x5
 928 00d0 49       		.uleb128 0x49
 929 00d1 13       		.uleb128 0x13
 930 00d2 3F       		.uleb128 0x3f
 931 00d3 19       		.uleb128 0x19
 932 00d4 3C       		.uleb128 0x3c
 933 00d5 19       		.uleb128 0x19
 934 00d6 00       		.byte	0
 935 00d7 00       		.byte	0
 936 00d8 10       		.uleb128 0x10
 937 00d9 35       		.uleb128 0x35
 938 00da 00       		.byte	0
 939 00db 49       		.uleb128 0x49
 940 00dc 13       		.uleb128 0x13
 941 00dd 00       		.byte	0
 942 00de 00       		.byte	0
 943 00df 11       		.uleb128 0x11
 944 00e0 34       		.uleb128 0x34
 945 00e1 00       		.byte	0
 946 00e2 03       		.uleb128 0x3
 947 00e3 0E       		.uleb128 0xe
 948 00e4 3A       		.uleb128 0x3a
 949 00e5 0B       		.uleb128 0xb
 950 00e6 3B       		.uleb128 0x3b
 951 00e7 0B       		.uleb128 0xb
 952 00e8 49       		.uleb128 0x49
 953 00e9 13       		.uleb128 0x13
 954 00ea 3F       		.uleb128 0x3f
 955 00eb 19       		.uleb128 0x19
 956 00ec 02       		.uleb128 0x2
 957 00ed 18       		.uleb128 0x18
 958 00ee 00       		.byte	0
 959 00ef 00       		.byte	0
 960 00f0 12       		.uleb128 0x12
 961 00f1 2E       		.uleb128 0x2e
 962 00f2 00       		.byte	0
 963 00f3 3F       		.uleb128 0x3f
 964 00f4 19       		.uleb128 0x19
 965 00f5 03       		.uleb128 0x3
 966 00f6 0E       		.uleb128 0xe
 967 00f7 3A       		.uleb128 0x3a
 968 00f8 0B       		.uleb128 0xb
 969 00f9 3B       		.uleb128 0x3b
 970 00fa 0B       		.uleb128 0xb
 971 00fb 27       		.uleb128 0x27
 972 00fc 19       		.uleb128 0x19
 973 00fd 49       		.uleb128 0x49
ARM GAS  C:\Users\Cristina\AppData\Local\Temp\ccIl30V7.s 			page 20


 974 00fe 13       		.uleb128 0x13
 975 00ff 3C       		.uleb128 0x3c
 976 0100 19       		.uleb128 0x19
 977 0101 00       		.byte	0
 978 0102 00       		.byte	0
 979 0103 13       		.uleb128 0x13
 980 0104 2E       		.uleb128 0x2e
 981 0105 01       		.byte	0x1
 982 0106 3F       		.uleb128 0x3f
 983 0107 19       		.uleb128 0x19
 984 0108 03       		.uleb128 0x3
 985 0109 0E       		.uleb128 0xe
 986 010a 3A       		.uleb128 0x3a
 987 010b 0B       		.uleb128 0xb
 988 010c 3B       		.uleb128 0x3b
 989 010d 0B       		.uleb128 0xb
 990 010e 27       		.uleb128 0x27
 991 010f 19       		.uleb128 0x19
 992 0110 3C       		.uleb128 0x3c
 993 0111 19       		.uleb128 0x19
 994 0112 01       		.uleb128 0x1
 995 0113 13       		.uleb128 0x13
 996 0114 00       		.byte	0
 997 0115 00       		.byte	0
 998 0116 14       		.uleb128 0x14
 999 0117 05       		.uleb128 0x5
 1000 0118 00       		.byte	0
 1001 0119 49       		.uleb128 0x49
 1002 011a 13       		.uleb128 0x13
 1003 011b 00       		.byte	0
 1004 011c 00       		.byte	0
 1005 011d 15       		.uleb128 0x15
 1006 011e 26       		.uleb128 0x26
 1007 011f 00       		.byte	0
 1008 0120 49       		.uleb128 0x49
 1009 0121 13       		.uleb128 0x13
 1010 0122 00       		.byte	0
 1011 0123 00       		.byte	0
 1012 0124 16       		.uleb128 0x16
 1013 0125 2E       		.uleb128 0x2e
 1014 0126 00       		.byte	0
 1015 0127 3F       		.uleb128 0x3f
 1016 0128 19       		.uleb128 0x19
 1017 0129 03       		.uleb128 0x3
 1018 012a 0E       		.uleb128 0xe
 1019 012b 3A       		.uleb128 0x3a
 1020 012c 0B       		.uleb128 0xb
 1021 012d 3B       		.uleb128 0x3b
 1022 012e 0B       		.uleb128 0xb
 1023 012f 27       		.uleb128 0x27
 1024 0130 19       		.uleb128 0x19
 1025 0131 3C       		.uleb128 0x3c
 1026 0132 19       		.uleb128 0x19
 1027 0133 00       		.byte	0
 1028 0134 00       		.byte	0
 1029 0135 17       		.uleb128 0x17
 1030 0136 2E       		.uleb128 0x2e
ARM GAS  C:\Users\Cristina\AppData\Local\Temp\ccIl30V7.s 			page 21


 1031 0137 01       		.byte	0x1
 1032 0138 3F       		.uleb128 0x3f
 1033 0139 19       		.uleb128 0x19
 1034 013a 03       		.uleb128 0x3
 1035 013b 0E       		.uleb128 0xe
 1036 013c 3A       		.uleb128 0x3a
 1037 013d 0B       		.uleb128 0xb
 1038 013e 3B       		.uleb128 0x3b
 1039 013f 0B       		.uleb128 0xb
 1040 0140 27       		.uleb128 0x27
 1041 0141 19       		.uleb128 0x19
 1042 0142 3C       		.uleb128 0x3c
 1043 0143 19       		.uleb128 0x19
 1044 0144 00       		.byte	0
 1045 0145 00       		.byte	0
 1046 0146 00       		.byte	0
 1047              		.section	.debug_loc,"",%progbits
 1048              	.Ldebug_loc0:
 1049              	.LLST0:
 1050 0000 14000000 		.4byte	.LVL5
 1051 0004 5C000000 		.4byte	.LVL15
 1052 0008 0100     		.2byte	0x1
 1053 000a 54       		.byte	0x54
 1054 000b 00000000 		.4byte	0
 1055 000f 00000000 		.4byte	0
 1056              		.section	.debug_aranges,"",%progbits
 1057 0000 2C000000 		.4byte	0x2c
 1058 0004 0200     		.2byte	0x2
 1059 0006 00000000 		.4byte	.Ldebug_info0
 1060 000a 04       		.byte	0x4
 1061 000b 00       		.byte	0
 1062 000c 0000     		.2byte	0
 1063 000e 0000     		.2byte	0
 1064 0010 00000000 		.4byte	.LFB64
 1065 0014 10000000 		.4byte	.LFE64-.LFB64
 1066 0018 00000000 		.4byte	.LFB65
 1067 001c 68000000 		.4byte	.LFE65-.LFB65
 1068 0020 00000000 		.4byte	.LFB63
 1069 0024 54000000 		.4byte	.LFE63-.LFB63
 1070 0028 00000000 		.4byte	0
 1071 002c 00000000 		.4byte	0
 1072              		.section	.debug_ranges,"",%progbits
 1073              	.Ldebug_ranges0:
 1074 0000 00000000 		.4byte	.LFB64
 1075 0004 10000000 		.4byte	.LFE64
 1076 0008 00000000 		.4byte	.LFB65
 1077 000c 68000000 		.4byte	.LFE65
 1078 0010 00000000 		.4byte	.LFB63
 1079 0014 54000000 		.4byte	.LFE63
 1080 0018 00000000 		.4byte	0
 1081 001c 00000000 		.4byte	0
 1082              		.section	.debug_line,"",%progbits
 1083              	.Ldebug_line0:
 1084 0000 24020000 		.section	.debug_str,"MS",%progbits,1
 1084      0200CD01 
 1084      00000201 
 1084      FB0E0D00 
ARM GAS  C:\Users\Cristina\AppData\Local\Temp\ccIl30V7.s 			page 22


 1084      01010101 
 1085              	.LASF32:
 1086 0000 67656E65 		.ascii	"generadorPulsosPWM_Start\000"
 1086      7261646F 
 1086      7250756C 
 1086      736F7350 
 1086      574D5F53 
 1087              	.LASF38:
 1088 0019 54696D65 		.ascii	"Timer_1_Start\000"
 1088      725F315F 
 1088      53746172 
 1088      7400
 1089              	.LASF23:
 1090 0027 6C656453 		.ascii	"ledSoftwareInterrupcionPWM_Write\000"
 1090      6F667477 
 1090      61726549 
 1090      6E746572 
 1090      72757063 
 1091              	.LASF9:
 1092 0048 5F5F696E 		.ascii	"__int32_t\000"
 1092      7433325F 
 1092      7400
 1093              	.LASF30:
 1094 0052 67656E65 		.ascii	"generadorPulsosPWM_Stop\000"
 1094      7261646F 
 1094      7250756C 
 1094      736F7350 
 1094      574D5F53 
 1095              	.LASF26:
 1096 006a 6C656453 		.ascii	"ledSoftwareInterrupcionPWM_Read\000"
 1096      6F667477 
 1096      61726549 
 1096      6E746572 
 1096      72757063 
 1097              	.LASF35:
 1098 008a 55415254 		.ascii	"UART_isr_SetPriority\000"
 1098      5F697372 
 1098      5F536574 
 1098      5072696F 
 1098      72697479 
 1099              	.LASF13:
 1100 009f 666C6F61 		.ascii	"float\000"
 1100      7400
 1101              	.LASF22:
 1102 00a5 666C6167 		.ascii	"flagInterrupcionPWM\000"
 1102      496E7465 
 1102      72727570 
 1102      63696F6E 
 1102      50574D00 
 1103              	.LASF1:
 1104 00b9 756E7369 		.ascii	"unsigned char\000"
 1104      676E6564 
 1104      20636861 
 1104      7200
 1105              	.LASF15:
 1106 00c7 63686172 		.ascii	"char8\000"
 1106      3800
ARM GAS  C:\Users\Cristina\AppData\Local\Temp\ccIl30V7.s 			page 23


 1107              	.LASF37:
 1108 00cd 6973725F 		.ascii	"isr_GPIO_SetPriority\000"
 1108      4750494F 
 1108      5F536574 
 1108      5072696F 
 1108      72697479 
 1109              	.LASF36:
 1110 00e2 6973725F 		.ascii	"isr_GPIO_StartEx\000"
 1110      4750494F 
 1110      5F537461 
 1110      72744578 
 1110      00
 1111              	.LASF5:
 1112 00f3 6C6F6E67 		.ascii	"long unsigned int\000"
 1112      20756E73 
 1112      69676E65 
 1112      6420696E 
 1112      7400
 1113              	.LASF3:
 1114 0105 73686F72 		.ascii	"short unsigned int\000"
 1114      7420756E 
 1114      7369676E 
 1114      65642069 
 1114      6E7400
 1115              	.LASF40:
 1116 0118 55415254 		.ascii	"UART_Start\000"
 1116      5F537461 
 1116      727400
 1117              	.LASF25:
 1118 0123 50616E74 		.ascii	"Pantalla_PrintString\000"
 1118      616C6C61 
 1118      5F507269 
 1118      6E745374 
 1118      72696E67 
 1119              	.LASF21:
 1120 0138 49544D5F 		.ascii	"ITM_RxBuffer\000"
 1120      52784275 
 1120      66666572 
 1120      00
 1121              	.LASF44:
 1122 0145 70657069 		.ascii	"pepito\000"
 1122      746F00
 1123              	.LASF14:
 1124 014c 646F7562 		.ascii	"double\000"
 1124      6C6500
 1125              	.LASF34:
 1126 0153 55415254 		.ascii	"UART_isr_StartEx\000"
 1126      5F697372 
 1126      5F537461 
 1126      72744578 
 1126      00
 1127              	.LASF12:
 1128 0164 75696E74 		.ascii	"uint16\000"
 1128      313600
 1129              	.LASF27:
 1130 016b 55415254 		.ascii	"UART_GetByte\000"
 1130      5F476574 
ARM GAS  C:\Users\Cristina\AppData\Local\Temp\ccIl30V7.s 			page 24


 1130      42797465 
 1130      00
 1131              	.LASF46:
 1132 0178 67656E65 		.ascii	"generadorPulsosPWM_WriteCompare\000"
 1132      7261646F 
 1132      7250756C 
 1132      736F7350 
 1132      574D5F57 
 1133              	.LASF8:
 1134 0198 756E7369 		.ascii	"unsigned int\000"
 1134      676E6564 
 1134      20696E74 
 1134      00
 1135              	.LASF7:
 1136 01a5 6C6F6E67 		.ascii	"long long unsigned int\000"
 1136      206C6F6E 
 1136      6720756E 
 1136      7369676E 
 1136      65642069 
 1137              	.LASF41:
 1138 01bc 474E5520 		.ascii	"GNU C 4.9.3 20150303 (release) [ARM/embedded-4_9-br"
 1138      4320342E 
 1138      392E3320 
 1138      32303135 
 1138      30333033 
 1139 01ef 616E6368 		.ascii	"anch revision 221220] -mcpu=cortex-m3 -mthumb -g -O"
 1139      20726576 
 1139      6973696F 
 1139      6E203232 
 1139      31323230 
 1140 0222 67202D66 		.ascii	"g -ffunction-sections -ffat-lto-objects\000"
 1140      66756E63 
 1140      74696F6E 
 1140      2D736563 
 1140      74696F6E 
 1141              	.LASF17:
 1142 024a 63796973 		.ascii	"cyisraddress\000"
 1142      72616464 
 1142      72657373 
 1142      00
 1143              	.LASF45:
 1144 0257 6D61696E 		.ascii	"main\000"
 1144      00
 1145              	.LASF20:
 1146 025c 55415254 		.ascii	"UARTHandler\000"
 1146      48616E64 
 1146      6C657200 
 1147              	.LASF10:
 1148 0268 696E7433 		.ascii	"int32_t\000"
 1148      325F7400 
 1149              	.LASF33:
 1150 0270 55415254 		.ascii	"UART_PutChar\000"
 1150      5F507574 
 1150      43686172 
 1150      00
 1151              	.LASF18:
 1152 027d 73697A65 		.ascii	"sizetype\000"
ARM GAS  C:\Users\Cristina\AppData\Local\Temp\ccIl30V7.s 			page 25


 1152      74797065 
 1152      00
 1153              	.LASF6:
 1154 0286 6C6F6E67 		.ascii	"long long int\000"
 1154      206C6F6E 
 1154      6720696E 
 1154      7400
 1155              	.LASF42:
 1156 0294 6D61696E 		.ascii	"main.c\000"
 1156      2E6300
 1157              	.LASF16:
 1158 029b 63686172 		.ascii	"char\000"
 1158      00
 1159              	.LASF19:
 1160 02a0 4750494F 		.ascii	"GPIOIsrHandler\000"
 1160      49737248 
 1160      616E646C 
 1160      657200
 1161              	.LASF31:
 1162 02af 67656E65 		.ascii	"generadorPulsosPWM_Sleep\000"
 1162      7261646F 
 1162      7250756C 
 1162      736F7350 
 1162      574D5F53 
 1163              	.LASF11:
 1164 02c8 75696E74 		.ascii	"uint8\000"
 1164      3800
 1165              	.LASF2:
 1166 02ce 73686F72 		.ascii	"short int\000"
 1166      7420696E 
 1166      7400
 1167              	.LASF29:
 1168 02d8 436C6F63 		.ascii	"Clock_1_SetSourceRegister\000"
 1168      6B5F315F 
 1168      53657453 
 1168      6F757263 
 1168      65526567 
 1169              	.LASF4:
 1170 02f2 6C6F6E67 		.ascii	"long int\000"
 1170      20696E74 
 1170      00
 1171              	.LASF0:
 1172 02fb 7369676E 		.ascii	"signed char\000"
 1172      65642063 
 1172      68617200 
 1173              	.LASF43:
 1174 0307 433A5C55 		.ascii	"C:\\Users\\Cristina\\Desktop\\Electro_PSOC_DSE-mast"
 1174      73657273 
 1174      5C437269 
 1174      7374696E 
 1174      615C4465 
 1175 0336 65725C50 		.ascii	"er\\PracticasDSECompleto\\Practica1Parte3.cydsn\000"
 1175      72616374 
 1175      69636173 
 1175      44534543 
 1175      6F6D706C 
 1176              	.LASF24:
ARM GAS  C:\Users\Cristina\AppData\Local\Temp\ccIl30V7.s 			page 26


 1177 0364 50616E74 		.ascii	"Pantalla_WriteControl\000"
 1177      616C6C61 
 1177      5F577269 
 1177      7465436F 
 1177      6E74726F 
 1178              	.LASF28:
 1179 037a 55415254 		.ascii	"UART_PutString\000"
 1179      5F507574 
 1179      53747269 
 1179      6E6700
 1180              	.LASF39:
 1181 0389 50616E74 		.ascii	"Pantalla_Start\000"
 1181      616C6C61 
 1181      5F537461 
 1181      727400
 1182              		.ident	"GCC: (GNU Tools for ARM Embedded Processors) 4.9.3 20150303 (release) [ARM/embedded-4_9-br
