ARM GAS  C:\Users\JOSANT~1\AppData\Local\Temp\cctsenqE.s 			page 1


   1              		.syntax unified
   2              		.cpu cortex-m3
   3              		.fpu softvfp
   4              		.eabi_attribute 20, 1
   5              		.eabi_attribute 21, 1
   6              		.eabi_attribute 23, 3
   7              		.eabi_attribute 24, 1
   8              		.eabi_attribute 25, 1
   9              		.eabi_attribute 26, 1
  10              		.eabi_attribute 30, 1
  11              		.eabi_attribute 34, 1
  12              		.eabi_attribute 18, 4
  13              		.thumb
  14              		.file	"cymetadata.c"
  15              		.text
  16              	.Ltext0:
  17              		.cfi_sections	.debug_frame
  18              		.global	cy_metadata
  19              		.global	cy_meta_flashprotect
  20              		.global	cy_meta_wonvl
  21              		.global	cy_meta_custnvl
  22              		.global	cy_meta_configecc
  23              		.section	.cyconfigecc,"a",%progbits
  24              		.align	2
  25              		.type	cy_meta_configecc, %object
  26              		.size	cy_meta_configecc, 260
  27              	cy_meta_configecc:
  28 0000 01       		.byte	1
  29 0001 0B       		.byte	11
  30 0002 01       		.byte	1
  31 0003 40       		.byte	64
  32 0004 3F       		.byte	63
  33 0005 0C       		.byte	12
  34 0006 01       		.byte	1
  35 0007 40       		.byte	64
  36 0008 25       		.byte	37
  37 0009 0D       		.byte	13
  38 000a 01       		.byte	1
  39 000b 40       		.byte	64
  40 000c 02       		.byte	2
  41 000d 45       		.byte	69
  42 000e 01       		.byte	1
  43 000f 40       		.byte	64
  44 0010 02       		.byte	2
  45 0011 46       		.byte	70
  46 0012 01       		.byte	1
  47 0013 40       		.byte	64
  48 0014 02       		.byte	2
  49 0015 50       		.byte	80
  50 0016 01       		.byte	1
  51 0017 40       		.byte	64
  52 0018 B0       		.byte	-80
  53 0019 20       		.byte	32
  54 001a 02       		.byte	2
  55 001b 29       		.byte	41
  56 001c 03       		.byte	3
  57 001d 55       		.byte	85
ARM GAS  C:\Users\JOSANT~1\AppData\Local\Temp\cctsenqE.s 			page 2


  58 001e 06       		.byte	6
  59 001f 4D       		.byte	77
  60 0020 0C       		.byte	12
  61 0021 29       		.byte	41
  62 0022 0E       		.byte	14
  63 0023 52       		.byte	82
  64 0024 0F       		.byte	15
  65 0025 55       		.byte	85
  66 0026 10       		.byte	16
  67 0027 04       		.byte	4
  68 0028 12       		.byte	18
  69 0029 02       		.byte	2
  70 002a 13       		.byte	19
  71 002b 02       		.byte	2
  72 002c 16       		.byte	22
  73 002d 2D       		.byte	45
  74 002e 17       		.byte	23
  75 002f 25       		.byte	37
  76 0030 1A       		.byte	26
  77 0031 15       		.byte	21
  78 0032 1B       		.byte	27
  79 0033 95       		.byte	-107
  80 0034 1C       		.byte	28
  81 0035 04       		.byte	4
  82 0036 1E       		.byte	30
  83 0037 29       		.byte	41
  84 0038 1F       		.byte	31
  85 0039 09       		.byte	9
  86 003a 20       		.byte	32
  87 003b 04       		.byte	4
  88 003c 21       		.byte	33
  89 003d 55       		.byte	85
  90 003e 22       		.byte	34
  91 003f 29       		.byte	41
  92 0040 23       		.byte	35
  93 0041 AA       		.byte	-86
  94 0042 28       		.byte	40
  95 0043 04       		.byte	4
  96 0044 2A       		.byte	42
  97 0045 29       		.byte	41
  98 0046 2C       		.byte	44
  99 0047 04       		.byte	4
 100 0048 2E       		.byte	46
 101 0049 29       		.byte	41
 102 004a 30       		.byte	48
 103 004b 03       		.byte	3
 104 004c 31       		.byte	49
 105 004d 0C       		.byte	12
 106 004e 32       		.byte	50
 107 004f 60       		.byte	96
 108 0050 33       		.byte	51
 109 0051 C0       		.byte	-64
 110 0052 34       		.byte	52
 111 0053 18       		.byte	24
 112 0054 35       		.byte	53
 113 0055 30       		.byte	48
 114 0056 36       		.byte	54
ARM GAS  C:\Users\JOSANT~1\AppData\Local\Temp\cctsenqE.s 			page 3


 115 0057 04       		.byte	4
 116 0058 37       		.byte	55
 117 0059 03       		.byte	3
 118 005a 3A       		.byte	58
 119 005b 2A       		.byte	42
 120 005c 3B       		.byte	59
 121 005d AA       		.byte	-86
 122 005e 3E       		.byte	62
 123 005f 40       		.byte	64
 124 0060 58       		.byte	88
 125 0061 04       		.byte	4
 126 0062 59       		.byte	89
 127 0063 04       		.byte	4
 128 0064 5B       		.byte	91
 129 0065 04       		.byte	4
 130 0066 5C       		.byte	92
 131 0067 99       		.byte	-103
 132 0068 5F       		.byte	95
 133 0069 01       		.byte	1
 134 006a 80       		.byte	-128
 135 006b 02       		.byte	2
 136 006c 82       		.byte	-126
 137 006d 01       		.byte	1
 138 006e 84       		.byte	-124
 139 006f 04       		.byte	4
 140 0070 86       		.byte	-122
 141 0071 08       		.byte	8
 142 0072 8E       		.byte	-114
 143 0073 10       		.byte	16
 144 0074 8F       		.byte	-113
 145 0075 01       		.byte	1
 146 0076 90       		.byte	-112
 147 0077 01       		.byte	1
 148 0078 92       		.byte	-110
 149 0079 02       		.byte	2
 150 007a 96       		.byte	-106
 151 007b 04       		.byte	4
 152 007c 9B       		.byte	-101
 153 007d 02       		.byte	2
 154 007e 9C       		.byte	-100
 155 007f 03       		.byte	3
 156 0080 A8       		.byte	-88
 157 0081 10       		.byte	16
 158 0082 B0       		.byte	-80
 159 0083 04       		.byte	4
 160 0084 B1       		.byte	-79
 161 0085 02       		.byte	2
 162 0086 B2       		.byte	-78
 163 0087 08       		.byte	8
 164 0088 B3       		.byte	-77
 165 0089 01       		.byte	1
 166 008a B4       		.byte	-76
 167 008b 10       		.byte	16
 168 008c B6       		.byte	-74
 169 008d 03       		.byte	3
 170 008e BE       		.byte	-66
 171 008f 01       		.byte	1
ARM GAS  C:\Users\JOSANT~1\AppData\Local\Temp\cctsenqE.s 			page 4


 172 0090 D8       		.byte	-40
 173 0091 04       		.byte	4
 174 0092 D9       		.byte	-39
 175 0093 04       		.byte	4
 176 0094 DC       		.byte	-36
 177 0095 99       		.byte	-103
 178 0096 DF       		.byte	-33
 179 0097 01       		.byte	1
 180 0098 00       		.byte	0
 181 0099 45       		.byte	69
 182 009a 05       		.byte	5
 183 009b 46       		.byte	70
 184 009c 09       		.byte	9
 185 009d 80       		.byte	-128
 186 009e 0A       		.byte	10
 187 009f 50       		.byte	80
 188 00a0 0E       		.byte	14
 189 00a1 A9       		.byte	-87
 190 00a2 12       		.byte	18
 191 00a3 08       		.byte	8
 192 00a4 16       		.byte	22
 193 00a5 40       		.byte	64
 194 00a6 17       		.byte	23
 195 00a7 62       		.byte	98
 196 00a8 18       		.byte	24
 197 00a9 05       		.byte	5
 198 00aa 19       		.byte	25
 199 00ab 82       		.byte	-126
 200 00ac 1A       		.byte	26
 201 00ad 51       		.byte	81
 202 00ae 1D       		.byte	29
 203 00af C5       		.byte	-59
 204 00b0 1E       		.byte	30
 205 00b1 88       		.byte	-120
 206 00b2 1F       		.byte	31
 207 00b3 94       		.byte	-108
 208 00b4 20       		.byte	32
 209 00b5 40       		.byte	64
 210 00b6 22       		.byte	34
 211 00b7 08       		.byte	8
 212 00b8 26       		.byte	38
 213 00b9 11       		.byte	17
 214 00ba 27       		.byte	39
 215 00bb 6A       		.byte	106
 216 00bc 2F       		.byte	47
 217 00bd 80       		.byte	-128
 218 00be 30       		.byte	48
 219 00bf 20       		.byte	32
 220 00c0 37       		.byte	55
 221 00c1 6A       		.byte	106
 222 00c2 38       		.byte	56
 223 00c3 40       		.byte	64
 224 00c4 3E       		.byte	62
 225 00c5 41       		.byte	65
 226 00c6 5D       		.byte	93
 227 00c7 80       		.byte	-128
 228 00c8 5E       		.byte	94
ARM GAS  C:\Users\JOSANT~1\AppData\Local\Temp\cctsenqE.s 			page 5


 229 00c9 02       		.byte	2
 230 00ca 5F       		.byte	95
 231 00cb 28       		.byte	40
 232 00cc 65       		.byte	101
 233 00cd 01       		.byte	1
 234 00ce 66       		.byte	102
 235 00cf 40       		.byte	64
 236 00d0 67       		.byte	103
 237 00d1 28       		.byte	40
 238 00d2 C0       		.byte	-64
 239 00d3 BD       		.byte	-67
 240 00d4 C2       		.byte	-62
 241 00d5 FD       		.byte	-3
 242 00d6 C4       		.byte	-60
 243 00d7 D2       		.byte	-46
 244 00d8 CA       		.byte	-54
 245 00d9 80       		.byte	-128
 246 00da CC       		.byte	-52
 247 00db F4       		.byte	-12
 248 00dc CE       		.byte	-50
 249 00dd 98       		.byte	-104
 250 00de D6       		.byte	-42
 251 00df F0       		.byte	-16
 252 00e0 D8       		.byte	-40
 253 00e1 F0       		.byte	-16
 254 00e2 0D       		.byte	13
 255 00e3 10       		.byte	16
 256 00e4 C2       		.byte	-62
 257 00e5 01       		.byte	1
 258 00e6 B1       		.byte	-79
 259 00e7 10       		.byte	16
 260 00e8 EE       		.byte	-18
 261 00e9 04       		.byte	4
 262 00ea 01       		.byte	1
 263 00eb 01       		.byte	1
 264 00ec 0F       		.byte	15
 265 00ed 01       		.byte	1
 266 00ee 00       		.byte	0
 267 00ef 00       		.byte	0
 268 00f0 00       		.byte	0
 269 00f1 0B       		.byte	11
 270 00f2 0B       		.byte	11
 271 00f3 00       		.byte	0
 272 00f4 00       		.byte	0
 273 00f5 00       		.byte	0
 274 00f6 00       		.byte	0
 275 00f7 00       		.byte	0
 276 00f8 80       		.byte	-128
 277 00f9 00       		.byte	0
 278 00fa 00       		.byte	0
 279 00fb FF       		.byte	-1
 280 00fc 7F       		.byte	127
 281 00fd 00       		.byte	0
 282 00fe 00       		.byte	0
 283 00ff 00       		.byte	0
 284 0100 00       		.byte	0
 285 0101 00       		.byte	0
ARM GAS  C:\Users\JOSANT~1\AppData\Local\Temp\cctsenqE.s 			page 6


 286 0102 00       		.byte	0
 287 0103 00       		.byte	0
 288              		.section	.cywolatch,"a",%progbits
 289              		.align	2
 290              		.type	cy_meta_wonvl, %object
 291              		.size	cy_meta_wonvl, 4
 292              	cy_meta_wonvl:
 293 0000 BC       		.byte	-68
 294 0001 90       		.byte	-112
 295 0002 AC       		.byte	-84
 296 0003 AF       		.byte	-81
 297              		.section	.cycustnvl,"a",%progbits
 298              		.align	2
 299              		.type	cy_meta_custnvl, %object
 300              		.size	cy_meta_custnvl, 4
 301              	cy_meta_custnvl:
 302 0000 00       		.byte	0
 303 0001 00       		.byte	0
 304 0002 40       		.byte	64
 305 0003 05       		.byte	5
 306              		.section	.cymeta,"a",%progbits
 307              		.align	2
 308              		.type	cy_metadata, %object
 309              		.size	cy_metadata, 12
 310              	cy_metadata:
 311 0000 00       		.byte	0
 312 0001 01       		.byte	1
 313 0002 2E       		.byte	46
 314 0003 12       		.byte	18
 315 0004 30       		.byte	48
 316 0005 69       		.byte	105
 317 0006 00       		.byte	0
 318 0007 01       		.byte	1
 319 0008 00       		.byte	0
 320 0009 00       		.byte	0
 321 000a 00       		.byte	0
 322 000b 00       		.byte	0
 323              		.section	.cyflashprotect,"a",%progbits
 324              		.align	2
 325              		.type	cy_meta_flashprotect, %object
 326              		.size	cy_meta_flashprotect, 256
 327              	cy_meta_flashprotect:
 328 0000 00000000 		.space	256
 328      00000000 
 328      00000000 
 328      00000000 
 328      00000000 
 329              		.text
 330              	.Letext0:
 331              		.file 1 "Generated_Source\\PSoC5\\cymetadata.c"
 332              		.file 2 "Generated_Source\\PSoC5\\cytypes.h"
 333              		.section	.debug_info,"",%progbits
 334              	.Ldebug_info0:
 335 0000 37010000 		.4byte	0x137
 336 0004 0400     		.2byte	0x4
 337 0006 00000000 		.4byte	.Ldebug_abbrev0
 338 000a 04       		.byte	0x4
ARM GAS  C:\Users\JOSANT~1\AppData\Local\Temp\cctsenqE.s 			page 7


 339 000b 01       		.uleb128 0x1
 340 000c 9D000000 		.4byte	.LASF18
 341 0010 01       		.byte	0x1
 342 0011 B3010000 		.4byte	.LASF19
 343 0015 20000000 		.4byte	.LASF20
 344 0019 00000000 		.4byte	.Ldebug_line0
 345 001d 02       		.uleb128 0x2
 346 001e 01       		.byte	0x1
 347 001f 06       		.byte	0x6
 348 0020 A7010000 		.4byte	.LASF0
 349 0024 02       		.uleb128 0x2
 350 0025 01       		.byte	0x1
 351 0026 08       		.byte	0x8
 352 0027 12000000 		.4byte	.LASF1
 353 002b 02       		.uleb128 0x2
 354 002c 02       		.byte	0x2
 355 002d 05       		.byte	0x5
 356 002e 8E010000 		.4byte	.LASF2
 357 0032 02       		.uleb128 0x2
 358 0033 02       		.byte	0x2
 359 0034 07       		.byte	0x7
 360 0035 61000000 		.4byte	.LASF3
 361 0039 02       		.uleb128 0x2
 362 003a 04       		.byte	0x4
 363 003b 05       		.byte	0x5
 364 003c 9E010000 		.4byte	.LASF4
 365 0040 02       		.uleb128 0x2
 366 0041 04       		.byte	0x4
 367 0042 07       		.byte	0x7
 368 0043 4F000000 		.4byte	.LASF5
 369 0047 02       		.uleb128 0x2
 370 0048 08       		.byte	0x8
 371 0049 05       		.byte	0x5
 372 004a 7B010000 		.4byte	.LASF6
 373 004e 02       		.uleb128 0x2
 374 004f 08       		.byte	0x8
 375 0050 07       		.byte	0x7
 376 0051 38010000 		.4byte	.LASF7
 377 0055 03       		.uleb128 0x3
 378 0056 04       		.byte	0x4
 379 0057 05       		.byte	0x5
 380 0058 696E7400 		.ascii	"int\000"
 381 005c 02       		.uleb128 0x2
 382 005d 04       		.byte	0x4
 383 005e 07       		.byte	0x7
 384 005f 2B010000 		.4byte	.LASF8
 385 0063 04       		.uleb128 0x4
 386 0064 98010000 		.4byte	.LASF21
 387 0068 02       		.byte	0x2
 388 0069 9201     		.2byte	0x192
 389 006b 24000000 		.4byte	0x24
 390 006f 02       		.uleb128 0x2
 391 0070 04       		.byte	0x4
 392 0071 04       		.byte	0x4
 393 0072 0C000000 		.4byte	.LASF9
 394 0076 02       		.uleb128 0x2
 395 0077 08       		.byte	0x8
ARM GAS  C:\Users\JOSANT~1\AppData\Local\Temp\cctsenqE.s 			page 8


 396 0078 04       		.byte	0x4
 397 0079 74000000 		.4byte	.LASF10
 398 007d 02       		.uleb128 0x2
 399 007e 01       		.byte	0x1
 400 007f 08       		.byte	0x8
 401 0080 89010000 		.4byte	.LASF11
 402 0084 05       		.uleb128 0x5
 403 0085 63000000 		.4byte	0x63
 404 0089 95000000 		.4byte	0x95
 405 008d 06       		.uleb128 0x6
 406 008e 95000000 		.4byte	0x95
 407 0092 0301     		.2byte	0x103
 408 0094 00       		.byte	0
 409 0095 02       		.uleb128 0x2
 410 0096 04       		.byte	0x4
 411 0097 07       		.byte	0x7
 412 0098 72010000 		.4byte	.LASF12
 413 009c 07       		.uleb128 0x7
 414 009d 8B000000 		.4byte	.LASF13
 415 00a1 01       		.byte	0x1
 416 00a2 1F       		.byte	0x1f
 417 00a3 AD000000 		.4byte	0xad
 418 00a7 05       		.uleb128 0x5
 419 00a8 03       		.byte	0x3
 420 00a9 00000000 		.4byte	cy_meta_configecc
 421 00ad 08       		.uleb128 0x8
 422 00ae 84000000 		.4byte	0x84
 423 00b2 05       		.uleb128 0x5
 424 00b3 63000000 		.4byte	0x63
 425 00b7 C2000000 		.4byte	0xc2
 426 00bb 09       		.uleb128 0x9
 427 00bc 95000000 		.4byte	0x95
 428 00c0 03       		.byte	0x3
 429 00c1 00       		.byte	0
 430 00c2 07       		.uleb128 0x7
 431 00c3 7B000000 		.4byte	.LASF14
 432 00c7 01       		.byte	0x1
 433 00c8 4D       		.byte	0x4d
 434 00c9 D3000000 		.4byte	0xd3
 435 00cd 05       		.uleb128 0x5
 436 00ce 03       		.byte	0x3
 437 00cf 00000000 		.4byte	cy_meta_custnvl
 438 00d3 08       		.uleb128 0x8
 439 00d4 B2000000 		.4byte	0xb2
 440 00d8 07       		.uleb128 0x7
 441 00d9 64010000 		.4byte	.LASF15
 442 00dd 01       		.byte	0x1
 443 00de 5B       		.byte	0x5b
 444 00df E9000000 		.4byte	0xe9
 445 00e3 05       		.uleb128 0x5
 446 00e4 03       		.byte	0x3
 447 00e5 00000000 		.4byte	cy_meta_wonvl
 448 00e9 08       		.uleb128 0x8
 449 00ea B2000000 		.4byte	0xb2
 450 00ee 05       		.uleb128 0x5
 451 00ef 63000000 		.4byte	0x63
 452 00f3 FE000000 		.4byte	0xfe
ARM GAS  C:\Users\JOSANT~1\AppData\Local\Temp\cctsenqE.s 			page 9


 453 00f7 09       		.uleb128 0x9
 454 00f8 95000000 		.4byte	0x95
 455 00fc FF       		.byte	0xff
 456 00fd 00       		.byte	0
 457 00fe 07       		.uleb128 0x7
 458 00ff 4F010000 		.4byte	.LASF16
 459 0103 01       		.byte	0x1
 460 0104 69       		.byte	0x69
 461 0105 0F010000 		.4byte	0x10f
 462 0109 05       		.uleb128 0x5
 463 010a 03       		.byte	0x3
 464 010b 00000000 		.4byte	cy_meta_flashprotect
 465 010f 08       		.uleb128 0x8
 466 0110 EE000000 		.4byte	0xee
 467 0114 05       		.uleb128 0x5
 468 0115 63000000 		.4byte	0x63
 469 0119 24010000 		.4byte	0x124
 470 011d 09       		.uleb128 0x9
 471 011e 95000000 		.4byte	0x95
 472 0122 0B       		.byte	0xb
 473 0123 00       		.byte	0
 474 0124 07       		.uleb128 0x7
 475 0125 00000000 		.4byte	.LASF17
 476 0129 01       		.byte	0x1
 477 012a 96       		.byte	0x96
 478 012b 35010000 		.4byte	0x135
 479 012f 05       		.uleb128 0x5
 480 0130 03       		.byte	0x3
 481 0131 00000000 		.4byte	cy_metadata
 482 0135 08       		.uleb128 0x8
 483 0136 14010000 		.4byte	0x114
 484 013a 00       		.byte	0
 485              		.section	.debug_abbrev,"",%progbits
 486              	.Ldebug_abbrev0:
 487 0000 01       		.uleb128 0x1
 488 0001 11       		.uleb128 0x11
 489 0002 01       		.byte	0x1
 490 0003 25       		.uleb128 0x25
 491 0004 0E       		.uleb128 0xe
 492 0005 13       		.uleb128 0x13
 493 0006 0B       		.uleb128 0xb
 494 0007 03       		.uleb128 0x3
 495 0008 0E       		.uleb128 0xe
 496 0009 1B       		.uleb128 0x1b
 497 000a 0E       		.uleb128 0xe
 498 000b 10       		.uleb128 0x10
 499 000c 17       		.uleb128 0x17
 500 000d 00       		.byte	0
 501 000e 00       		.byte	0
 502 000f 02       		.uleb128 0x2
 503 0010 24       		.uleb128 0x24
 504 0011 00       		.byte	0
 505 0012 0B       		.uleb128 0xb
 506 0013 0B       		.uleb128 0xb
 507 0014 3E       		.uleb128 0x3e
 508 0015 0B       		.uleb128 0xb
 509 0016 03       		.uleb128 0x3
ARM GAS  C:\Users\JOSANT~1\AppData\Local\Temp\cctsenqE.s 			page 10


 510 0017 0E       		.uleb128 0xe
 511 0018 00       		.byte	0
 512 0019 00       		.byte	0
 513 001a 03       		.uleb128 0x3
 514 001b 24       		.uleb128 0x24
 515 001c 00       		.byte	0
 516 001d 0B       		.uleb128 0xb
 517 001e 0B       		.uleb128 0xb
 518 001f 3E       		.uleb128 0x3e
 519 0020 0B       		.uleb128 0xb
 520 0021 03       		.uleb128 0x3
 521 0022 08       		.uleb128 0x8
 522 0023 00       		.byte	0
 523 0024 00       		.byte	0
 524 0025 04       		.uleb128 0x4
 525 0026 16       		.uleb128 0x16
 526 0027 00       		.byte	0
 527 0028 03       		.uleb128 0x3
 528 0029 0E       		.uleb128 0xe
 529 002a 3A       		.uleb128 0x3a
 530 002b 0B       		.uleb128 0xb
 531 002c 3B       		.uleb128 0x3b
 532 002d 05       		.uleb128 0x5
 533 002e 49       		.uleb128 0x49
 534 002f 13       		.uleb128 0x13
 535 0030 00       		.byte	0
 536 0031 00       		.byte	0
 537 0032 05       		.uleb128 0x5
 538 0033 01       		.uleb128 0x1
 539 0034 01       		.byte	0x1
 540 0035 49       		.uleb128 0x49
 541 0036 13       		.uleb128 0x13
 542 0037 01       		.uleb128 0x1
 543 0038 13       		.uleb128 0x13
 544 0039 00       		.byte	0
 545 003a 00       		.byte	0
 546 003b 06       		.uleb128 0x6
 547 003c 21       		.uleb128 0x21
 548 003d 00       		.byte	0
 549 003e 49       		.uleb128 0x49
 550 003f 13       		.uleb128 0x13
 551 0040 2F       		.uleb128 0x2f
 552 0041 05       		.uleb128 0x5
 553 0042 00       		.byte	0
 554 0043 00       		.byte	0
 555 0044 07       		.uleb128 0x7
 556 0045 34       		.uleb128 0x34
 557 0046 00       		.byte	0
 558 0047 03       		.uleb128 0x3
 559 0048 0E       		.uleb128 0xe
 560 0049 3A       		.uleb128 0x3a
 561 004a 0B       		.uleb128 0xb
 562 004b 3B       		.uleb128 0x3b
 563 004c 0B       		.uleb128 0xb
 564 004d 49       		.uleb128 0x49
 565 004e 13       		.uleb128 0x13
 566 004f 3F       		.uleb128 0x3f
ARM GAS  C:\Users\JOSANT~1\AppData\Local\Temp\cctsenqE.s 			page 11


 567 0050 19       		.uleb128 0x19
 568 0051 02       		.uleb128 0x2
 569 0052 18       		.uleb128 0x18
 570 0053 00       		.byte	0
 571 0054 00       		.byte	0
 572 0055 08       		.uleb128 0x8
 573 0056 26       		.uleb128 0x26
 574 0057 00       		.byte	0
 575 0058 49       		.uleb128 0x49
 576 0059 13       		.uleb128 0x13
 577 005a 00       		.byte	0
 578 005b 00       		.byte	0
 579 005c 09       		.uleb128 0x9
 580 005d 21       		.uleb128 0x21
 581 005e 00       		.byte	0
 582 005f 49       		.uleb128 0x49
 583 0060 13       		.uleb128 0x13
 584 0061 2F       		.uleb128 0x2f
 585 0062 0B       		.uleb128 0xb
 586 0063 00       		.byte	0
 587 0064 00       		.byte	0
 588 0065 00       		.byte	0
 589              		.section	.debug_aranges,"",%progbits
 590 0000 14000000 		.4byte	0x14
 591 0004 0200     		.2byte	0x2
 592 0006 00000000 		.4byte	.Ldebug_info0
 593 000a 04       		.byte	0x4
 594 000b 00       		.byte	0
 595 000c 0000     		.2byte	0
 596 000e 0000     		.2byte	0
 597 0010 00000000 		.4byte	0
 598 0014 00000000 		.4byte	0
 599              		.section	.debug_line,"",%progbits
 600              	.Ldebug_line0:
 601 0000 4D000000 		.section	.debug_str,"MS",%progbits,1
 601      02004700 
 601      00000201 
 601      FB0E0D00 
 601      01010101 
 602              	.LASF17:
 603 0000 63795F6D 		.ascii	"cy_metadata\000"
 603      65746164 
 603      61746100 
 604              	.LASF9:
 605 000c 666C6F61 		.ascii	"float\000"
 605      7400
 606              	.LASF1:
 607 0012 756E7369 		.ascii	"unsigned char\000"
 607      676E6564 
 607      20636861 
 607      7200
 608              	.LASF20:
 609 0020 433A5C50 		.ascii	"C:\\Practicas\\LedJoselito\\Practica2Parte3.cydsn\000"
 609      72616374 
 609      69636173 
 609      5C4C6564 
 609      4A6F7365 
ARM GAS  C:\Users\JOSANT~1\AppData\Local\Temp\cctsenqE.s 			page 12


 610              	.LASF5:
 611 004f 6C6F6E67 		.ascii	"long unsigned int\000"
 611      20756E73 
 611      69676E65 
 611      6420696E 
 611      7400
 612              	.LASF3:
 613 0061 73686F72 		.ascii	"short unsigned int\000"
 613      7420756E 
 613      7369676E 
 613      65642069 
 613      6E7400
 614              	.LASF10:
 615 0074 646F7562 		.ascii	"double\000"
 615      6C6500
 616              	.LASF14:
 617 007b 63795F6D 		.ascii	"cy_meta_custnvl\000"
 617      6574615F 
 617      63757374 
 617      6E766C00 
 618              	.LASF13:
 619 008b 63795F6D 		.ascii	"cy_meta_configecc\000"
 619      6574615F 
 619      636F6E66 
 619      69676563 
 619      6300
 620              	.LASF18:
 621 009d 474E5520 		.ascii	"GNU C 4.9.3 20150303 (release) [ARM/embedded-4_9-br"
 621      4320342E 
 621      392E3320 
 621      32303135 
 621      30333033 
 622 00d0 616E6368 		.ascii	"anch revision 221220] -mcpu=cortex-m3 -mthumb -g -O"
 622      20726576 
 622      6973696F 
 622      6E203232 
 622      31323230 
 623 0103 67202D66 		.ascii	"g -ffunction-sections -ffat-lto-objects\000"
 623      66756E63 
 623      74696F6E 
 623      2D736563 
 623      74696F6E 
 624              	.LASF8:
 625 012b 756E7369 		.ascii	"unsigned int\000"
 625      676E6564 
 625      20696E74 
 625      00
 626              	.LASF7:
 627 0138 6C6F6E67 		.ascii	"long long unsigned int\000"
 627      206C6F6E 
 627      6720756E 
 627      7369676E 
 627      65642069 
 628              	.LASF16:
 629 014f 63795F6D 		.ascii	"cy_meta_flashprotect\000"
 629      6574615F 
 629      666C6173 
ARM GAS  C:\Users\JOSANT~1\AppData\Local\Temp\cctsenqE.s 			page 13


 629      6870726F 
 629      74656374 
 630              	.LASF15:
 631 0164 63795F6D 		.ascii	"cy_meta_wonvl\000"
 631      6574615F 
 631      776F6E76 
 631      6C00
 632              	.LASF12:
 633 0172 73697A65 		.ascii	"sizetype\000"
 633      74797065 
 633      00
 634              	.LASF6:
 635 017b 6C6F6E67 		.ascii	"long long int\000"
 635      206C6F6E 
 635      6720696E 
 635      7400
 636              	.LASF11:
 637 0189 63686172 		.ascii	"char\000"
 637      00
 638              	.LASF2:
 639 018e 73686F72 		.ascii	"short int\000"
 639      7420696E 
 639      7400
 640              	.LASF21:
 641 0198 75696E74 		.ascii	"uint8\000"
 641      3800
 642              	.LASF4:
 643 019e 6C6F6E67 		.ascii	"long int\000"
 643      20696E74 
 643      00
 644              	.LASF0:
 645 01a7 7369676E 		.ascii	"signed char\000"
 645      65642063 
 645      68617200 
 646              	.LASF19:
 647 01b3 47656E65 		.ascii	"Generated_Source\\PSoC5\\cymetadata.c\000"
 647      72617465 
 647      645F536F 
 647      75726365 
 647      5C50536F 
 648              		.ident	"GCC: (GNU Tools for ARM Embedded Processors) 4.9.3 20150303 (release) [ARM/embedded-4_9-br
