ARM GAS  C:\Users\JOSANT~1\AppData\Local\Temp\ccICZ6Jc.s 			page 1


   1              		.syntax unified
   2              		.cpu cortex-m3
   3              		.fpu softvfp
   4              		.eabi_attribute 20, 1
   5              		.eabi_attribute 21, 1
   6              		.eabi_attribute 23, 3
   7              		.eabi_attribute 24, 1
   8              		.eabi_attribute 25, 1
   9              		.eabi_attribute 26, 1
  10              		.eabi_attribute 30, 1
  11              		.eabi_attribute 34, 1
  12              		.eabi_attribute 18, 4
  13              		.thumb
  14              		.file	"main.c"
  15              		.text
  16              	.Ltext0:
  17              		.cfi_sections	.debug_frame
  18              		.section	.text.MuestraCadena,"ax",%progbits
  19              		.align	2
  20              		.global	MuestraCadena
  21              		.thumb
  22              		.thumb_func
  23              		.type	MuestraCadena, %function
  24              	MuestraCadena:
  25              	.LFB63:
  26              		.file 1 "main.c"
   1:main.c        **** /* ========================================
   2:main.c        ****  *
   3:main.c        ****  * Copyright YOUR COMPANY, THE YEAR
   4:main.c        ****  * All Rights Reserved
   5:main.c        ****  * UNPUBLISHED, LICENSED SOFTWARE.
   6:main.c        ****  *
   7:main.c        ****  * CONFIDENTIAL AND PROPRIETARY INFORMATION
   8:main.c        ****  * WHICH IS THE PROPERTY OF your company.
   9:main.c        ****  *
  10:main.c        ****  * ========================================
  11:main.c        **** */
  12:main.c        **** #include "project.h"
  13:main.c        **** 
  14:main.c        **** void MuestraCadena(char* linea1,  char* linea2){
  27              		.loc 1 14 0
  28              		.cfi_startproc
  29              		@ args = 0, pretend = 0, frame = 0
  30              		@ frame_needed = 0, uses_anonymous_args = 0
  31              	.LVL0:
  32 0000 38B5     		push	{r3, r4, r5, lr}
  33              		.cfi_def_cfa_offset 16
  34              		.cfi_offset 3, -16
  35              		.cfi_offset 4, -12
  36              		.cfi_offset 5, -8
  37              		.cfi_offset 14, -4
  38 0002 0546     		mov	r5, r0
  39 0004 0C46     		mov	r4, r1
  15:main.c        ****     pantallaLCD_ClearDisplay();
  40              		.loc 1 15 0
  41 0006 0120     		movs	r0, #1
  42              	.LVL1:
ARM GAS  C:\Users\JOSANT~1\AppData\Local\Temp\ccICZ6Jc.s 			page 2


  43 0008 FFF7FEFF 		bl	pantallaLCD_WriteControl
  44              	.LVL2:
  16:main.c        ****     pantallaLCD_Position(0U, 0U);
  45              		.loc 1 16 0
  46 000c 0020     		movs	r0, #0
  47 000e 0146     		mov	r1, r0
  48 0010 FFF7FEFF 		bl	pantallaLCD_Position
  49              	.LVL3:
  17:main.c        ****     pantallaLCD_PrintString(linea1);
  50              		.loc 1 17 0
  51 0014 2846     		mov	r0, r5
  52 0016 FFF7FEFF 		bl	pantallaLCD_PrintString
  53              	.LVL4:
  18:main.c        ****     pantallaLCD_Position(1U, 0U);
  54              		.loc 1 18 0
  55 001a 0120     		movs	r0, #1
  56 001c 0021     		movs	r1, #0
  57 001e FFF7FEFF 		bl	pantallaLCD_Position
  58              	.LVL5:
  19:main.c        ****     pantallaLCD_PrintString(linea2);
  59              		.loc 1 19 0
  60 0022 2046     		mov	r0, r4
  61 0024 FFF7FEFF 		bl	pantallaLCD_PrintString
  62              	.LVL6:
  63 0028 38BD     		pop	{r3, r4, r5, pc}
  64              		.cfi_endproc
  65              	.LFE63:
  66              		.size	MuestraCadena, .-MuestraCadena
  67 002a 00BF     		.section	.text.main,"ax",%progbits
  68              		.align	2
  69              		.global	main
  70              		.thumb
  71              		.thumb_func
  72              		.type	main, %function
  73              	main:
  74              	.LFB64:
  20:main.c        ****     // pantalla_PrintString(linea2);
  21:main.c        ****     
  22:main.c        **** }
  23:main.c        **** 
  24:main.c        **** int main(void)
  25:main.c        **** {
  75              		.loc 1 25 0
  76              		.cfi_startproc
  77              		@ Volatile: function does not return.
  78              		@ args = 0, pretend = 0, frame = 0
  79              		@ frame_needed = 0, uses_anonymous_args = 0
  80 0000 08B5     		push	{r3, lr}
  81              		.cfi_def_cfa_offset 8
  82              		.cfi_offset 3, -8
  83              		.cfi_offset 14, -4
  26:main.c        ****     CyGlobalIntEnable; /* Enable global interrupts. */
  84              		.loc 1 26 0
  85              	@ 26 "main.c" 1
  86 0002 62B6     		CPSIE   i
  87              	@ 0 "" 2
  27:main.c        **** 
ARM GAS  C:\Users\JOSANT~1\AppData\Local\Temp\ccICZ6Jc.s 			page 3


  28:main.c        ****     pantallaLCD_Start();
  88              		.loc 1 28 0
  89              		.thumb
  90 0004 FFF7FEFF 		bl	pantallaLCD_Start
  91              	.LVL7:
  29:main.c        ****     pantallaLCD_PrintNumber(registro_Read());
  92              		.loc 1 29 0
  93 0008 FFF7FEFF 		bl	registro_Read
  94              	.LVL8:
  95 000c FFF7FEFF 		bl	pantallaLCD_PrintU32Number
  96              	.LVL9:
  97              	.L4:
  30:main.c        ****     
  31:main.c        **** 
  32:main.c        ****     /* Place your initialization/startup code here (e.g. MyInst_Start()) */
  33:main.c        **** 
  34:main.c        ****     for(;;)
  35:main.c        ****     {
  36:main.c        ****         pantallaLCD_ClearDisplay();
  98              		.loc 1 36 0 discriminator 1
  99 0010 0120     		movs	r0, #1
 100 0012 FFF7FEFF 		bl	pantallaLCD_WriteControl
 101              	.LVL10:
  37:main.c        ****         pantallaLCD_PrintNumber(registro_Read());
 102              		.loc 1 37 0 discriminator 1
 103 0016 FFF7FEFF 		bl	registro_Read
 104              	.LVL11:
 105 001a FFF7FEFF 		bl	pantallaLCD_PrintU32Number
 106              	.LVL12:
  38:main.c        ****         CyDelay(600);
 107              		.loc 1 38 0 discriminator 1
 108 001e 4FF41670 		mov	r0, #600
 109 0022 FFF7FEFF 		bl	CyDelay
 110              	.LVL13:
  39:main.c        **** 
  40:main.c        ****     }
 111              		.loc 1 40 0 discriminator 1
 112 0026 F3E7     		b	.L4
 113              		.cfi_endproc
 114              	.LFE64:
 115              		.size	main, .-main
 116              		.text
 117              	.Letext0:
 118              		.file 2 "c:\\program files (x86)\\cypress\\psoc creator\\4.0\\psoc creator\\import\\gnu\\arm\\4.9.
 119              		.file 3 "c:\\program files (x86)\\cypress\\psoc creator\\4.0\\psoc creator\\import\\gnu\\arm\\4.9.
 120              		.file 4 "Generated_Source\\PSoC5/cytypes.h"
 121              		.file 5 "Generated_Source\\PSoC5/pantallaLCD.h"
 122              		.file 6 "Generated_Source\\PSoC5/core_cm3.h"
 123              		.file 7 "Generated_Source\\PSoC5/registro.h"
 124              		.file 8 "Generated_Source\\PSoC5/CyLib.h"
 125              		.section	.debug_info,"",%progbits
 126              	.Ldebug_info0:
 127 0000 5A020000 		.4byte	0x25a
 128 0004 0400     		.2byte	0x4
 129 0006 00000000 		.4byte	.Ldebug_abbrev0
 130 000a 04       		.byte	0x4
 131 000b 01       		.uleb128 0x1
ARM GAS  C:\Users\JOSANT~1\AppData\Local\Temp\ccICZ6Jc.s 			page 4


 132 000c F3000000 		.4byte	.LASF25
 133 0010 01       		.byte	0x1
 134 0011 AC010000 		.4byte	.LASF26
 135 0015 F4010000 		.4byte	.LASF27
 136 0019 00000000 		.4byte	.Ldebug_ranges0+0
 137 001d 00000000 		.4byte	0
 138 0021 00000000 		.4byte	.Ldebug_line0
 139 0025 02       		.uleb128 0x2
 140 0026 01       		.byte	0x1
 141 0027 06       		.byte	0x6
 142 0028 81010000 		.4byte	.LASF0
 143 002c 02       		.uleb128 0x2
 144 002d 01       		.byte	0x1
 145 002e 08       		.byte	0x8
 146 002f 48000000 		.4byte	.LASF1
 147 0033 02       		.uleb128 0x2
 148 0034 02       		.byte	0x2
 149 0035 05       		.byte	0x5
 150 0036 C6010000 		.4byte	.LASF2
 151 003a 02       		.uleb128 0x2
 152 003b 02       		.byte	0x2
 153 003c 07       		.byte	0x7
 154 003d 6E000000 		.4byte	.LASF3
 155 0041 03       		.uleb128 0x3
 156 0042 2A000000 		.4byte	.LASF9
 157 0046 02       		.byte	0x2
 158 0047 3F       		.byte	0x3f
 159 0048 4C000000 		.4byte	0x4c
 160 004c 02       		.uleb128 0x2
 161 004d 04       		.byte	0x4
 162 004e 05       		.byte	0x5
 163 004f EB010000 		.4byte	.LASF4
 164 0053 02       		.uleb128 0x2
 165 0054 04       		.byte	0x4
 166 0055 07       		.byte	0x7
 167 0056 5C000000 		.4byte	.LASF5
 168 005a 02       		.uleb128 0x2
 169 005b 08       		.byte	0x8
 170 005c 05       		.byte	0x5
 171 005d 9E010000 		.4byte	.LASF6
 172 0061 02       		.uleb128 0x2
 173 0062 08       		.byte	0x8
 174 0063 07       		.byte	0x7
 175 0064 DC000000 		.4byte	.LASF7
 176 0068 04       		.uleb128 0x4
 177 0069 04       		.byte	0x4
 178 006a 05       		.byte	0x5
 179 006b 696E7400 		.ascii	"int\000"
 180 006f 02       		.uleb128 0x2
 181 0070 04       		.byte	0x4
 182 0071 07       		.byte	0x7
 183 0072 B6000000 		.4byte	.LASF8
 184 0076 03       		.uleb128 0x3
 185 0077 8D010000 		.4byte	.LASF10
 186 007b 03       		.byte	0x3
 187 007c 2C       		.byte	0x2c
 188 007d 41000000 		.4byte	0x41
ARM GAS  C:\Users\JOSANT~1\AppData\Local\Temp\ccICZ6Jc.s 			page 5


 189 0081 05       		.uleb128 0x5
 190 0082 E5010000 		.4byte	.LASF11
 191 0086 04       		.byte	0x4
 192 0087 9201     		.2byte	0x192
 193 0089 2C000000 		.4byte	0x2c
 194 008d 05       		.uleb128 0x5
 195 008e 9A000000 		.4byte	.LASF12
 196 0092 04       		.byte	0x4
 197 0093 9301     		.2byte	0x193
 198 0095 3A000000 		.4byte	0x3a
 199 0099 05       		.uleb128 0x5
 200 009a A1000000 		.4byte	.LASF13
 201 009e 04       		.byte	0x4
 202 009f 9401     		.2byte	0x194
 203 00a1 53000000 		.4byte	0x53
 204 00a5 02       		.uleb128 0x2
 205 00a6 04       		.byte	0x4
 206 00a7 04       		.byte	0x4
 207 00a8 34000000 		.4byte	.LASF14
 208 00ac 02       		.uleb128 0x2
 209 00ad 08       		.byte	0x8
 210 00ae 04       		.byte	0x4
 211 00af 8E000000 		.4byte	.LASF15
 212 00b3 05       		.uleb128 0x5
 213 00b4 56000000 		.4byte	.LASF16
 214 00b8 04       		.byte	0x4
 215 00b9 A301     		.2byte	0x1a3
 216 00bb BF000000 		.4byte	0xbf
 217 00bf 02       		.uleb128 0x2
 218 00c0 01       		.byte	0x1
 219 00c1 08       		.byte	0x8
 220 00c2 B3010000 		.4byte	.LASF17
 221 00c6 02       		.uleb128 0x2
 222 00c7 04       		.byte	0x4
 223 00c8 07       		.byte	0x7
 224 00c9 95010000 		.4byte	.LASF18
 225 00cd 06       		.uleb128 0x6
 226 00ce 04       		.byte	0x4
 227 00cf BF000000 		.4byte	0xbf
 228 00d3 07       		.uleb128 0x7
 229 00d4 3A000000 		.4byte	.LASF28
 230 00d8 01       		.byte	0x1
 231 00d9 0E       		.byte	0xe
 232 00da 00000000 		.4byte	.LFB63
 233 00de 2A000000 		.4byte	.LFE63-.LFB63
 234 00e2 01       		.uleb128 0x1
 235 00e3 9C       		.byte	0x9c
 236 00e4 6E010000 		.4byte	0x16e
 237 00e8 08       		.uleb128 0x8
 238 00e9 B8010000 		.4byte	.LASF19
 239 00ed 01       		.byte	0x1
 240 00ee 0E       		.byte	0xe
 241 00ef CD000000 		.4byte	0xcd
 242 00f3 00000000 		.4byte	.LLST0
 243 00f7 08       		.uleb128 0x8
 244 00f8 BF010000 		.4byte	.LASF20
 245 00fc 01       		.byte	0x1
ARM GAS  C:\Users\JOSANT~1\AppData\Local\Temp\ccICZ6Jc.s 			page 6


 246 00fd 0E       		.byte	0xe
 247 00fe CD000000 		.4byte	0xcd
 248 0102 1E000000 		.4byte	.LLST1
 249 0106 09       		.uleb128 0x9
 250 0107 0C000000 		.4byte	.LVL2
 251 010b EA010000 		.4byte	0x1ea
 252 010f 19010000 		.4byte	0x119
 253 0113 0A       		.uleb128 0xa
 254 0114 01       		.uleb128 0x1
 255 0115 50       		.byte	0x50
 256 0116 01       		.uleb128 0x1
 257 0117 31       		.byte	0x31
 258 0118 00       		.byte	0
 259 0119 09       		.uleb128 0x9
 260 011a 14000000 		.4byte	.LVL3
 261 011e FB010000 		.4byte	0x1fb
 262 0122 31010000 		.4byte	0x131
 263 0126 0A       		.uleb128 0xa
 264 0127 01       		.uleb128 0x1
 265 0128 51       		.byte	0x51
 266 0129 01       		.uleb128 0x1
 267 012a 30       		.byte	0x30
 268 012b 0A       		.uleb128 0xa
 269 012c 01       		.uleb128 0x1
 270 012d 50       		.byte	0x50
 271 012e 01       		.uleb128 0x1
 272 012f 30       		.byte	0x30
 273 0130 00       		.byte	0
 274 0131 09       		.uleb128 0x9
 275 0132 1A000000 		.4byte	.LVL4
 276 0136 11020000 		.4byte	0x211
 277 013a 45010000 		.4byte	0x145
 278 013e 0A       		.uleb128 0xa
 279 013f 01       		.uleb128 0x1
 280 0140 50       		.byte	0x50
 281 0141 02       		.uleb128 0x2
 282 0142 75       		.byte	0x75
 283 0143 00       		.sleb128 0
 284 0144 00       		.byte	0
 285 0145 09       		.uleb128 0x9
 286 0146 22000000 		.4byte	.LVL5
 287 014a FB010000 		.4byte	0x1fb
 288 014e 5D010000 		.4byte	0x15d
 289 0152 0A       		.uleb128 0xa
 290 0153 01       		.uleb128 0x1
 291 0154 51       		.byte	0x51
 292 0155 01       		.uleb128 0x1
 293 0156 30       		.byte	0x30
 294 0157 0A       		.uleb128 0xa
 295 0158 01       		.uleb128 0x1
 296 0159 50       		.byte	0x50
 297 015a 01       		.uleb128 0x1
 298 015b 31       		.byte	0x31
 299 015c 00       		.byte	0
 300 015d 0B       		.uleb128 0xb
 301 015e 28000000 		.4byte	.LVL6
 302 0162 11020000 		.4byte	0x211
ARM GAS  C:\Users\JOSANT~1\AppData\Local\Temp\ccICZ6Jc.s 			page 7


 303 0166 0A       		.uleb128 0xa
 304 0167 01       		.uleb128 0x1
 305 0168 50       		.byte	0x50
 306 0169 02       		.uleb128 0x2
 307 016a 74       		.byte	0x74
 308 016b 00       		.sleb128 0
 309 016c 00       		.byte	0
 310 016d 00       		.byte	0
 311 016e 0C       		.uleb128 0xc
 312 016f 95000000 		.4byte	.LASF29
 313 0173 01       		.byte	0x1
 314 0174 18       		.byte	0x18
 315 0175 68000000 		.4byte	0x68
 316 0179 00000000 		.4byte	.LFB64
 317 017d 28000000 		.4byte	.LFE64-.LFB64
 318 0181 01       		.uleb128 0x1
 319 0182 9C       		.byte	0x9c
 320 0183 D9010000 		.4byte	0x1d9
 321 0187 0D       		.uleb128 0xd
 322 0188 08000000 		.4byte	.LVL7
 323 018c 2D020000 		.4byte	0x22d
 324 0190 0D       		.uleb128 0xd
 325 0191 0C000000 		.4byte	.LVL8
 326 0195 34020000 		.4byte	0x234
 327 0199 0D       		.uleb128 0xd
 328 019a 10000000 		.4byte	.LVL9
 329 019e 3F020000 		.4byte	0x23f
 330 01a2 09       		.uleb128 0x9
 331 01a3 16000000 		.4byte	.LVL10
 332 01a7 EA010000 		.4byte	0x1ea
 333 01ab B5010000 		.4byte	0x1b5
 334 01af 0A       		.uleb128 0xa
 335 01b0 01       		.uleb128 0x1
 336 01b1 50       		.byte	0x50
 337 01b2 01       		.uleb128 0x1
 338 01b3 31       		.byte	0x31
 339 01b4 00       		.byte	0
 340 01b5 0D       		.uleb128 0xd
 341 01b6 1A000000 		.4byte	.LVL11
 342 01ba 34020000 		.4byte	0x234
 343 01be 0D       		.uleb128 0xd
 344 01bf 1E000000 		.4byte	.LVL12
 345 01c3 3F020000 		.4byte	0x23f
 346 01c7 0B       		.uleb128 0xb
 347 01c8 26000000 		.4byte	.LVL13
 348 01cc 50020000 		.4byte	0x250
 349 01d0 0A       		.uleb128 0xa
 350 01d1 01       		.uleb128 0x1
 351 01d2 50       		.byte	0x50
 352 01d3 03       		.uleb128 0x3
 353 01d4 0A       		.byte	0xa
 354 01d5 5802     		.2byte	0x258
 355 01d7 00       		.byte	0
 356 01d8 00       		.byte	0
 357 01d9 0E       		.uleb128 0xe
 358 01da 81000000 		.4byte	.LASF30
 359 01de 06       		.byte	0x6
ARM GAS  C:\Users\JOSANT~1\AppData\Local\Temp\ccICZ6Jc.s 			page 8


 360 01df 9606     		.2byte	0x696
 361 01e1 E5010000 		.4byte	0x1e5
 362 01e5 0F       		.uleb128 0xf
 363 01e6 76000000 		.4byte	0x76
 364 01ea 10       		.uleb128 0x10
 365 01eb C3000000 		.4byte	.LASF21
 366 01ef 05       		.byte	0x5
 367 01f0 3A       		.byte	0x3a
 368 01f1 FB010000 		.4byte	0x1fb
 369 01f5 11       		.uleb128 0x11
 370 01f6 81000000 		.4byte	0x81
 371 01fa 00       		.byte	0
 372 01fb 10       		.uleb128 0x10
 373 01fc D0010000 		.4byte	.LASF22
 374 0200 05       		.byte	0x5
 375 0201 3D       		.byte	0x3d
 376 0202 11020000 		.4byte	0x211
 377 0206 11       		.uleb128 0x11
 378 0207 81000000 		.4byte	0x81
 379 020b 11       		.uleb128 0x11
 380 020c 81000000 		.4byte	0x81
 381 0210 00       		.byte	0
 382 0211 10       		.uleb128 0x10
 383 0212 12000000 		.4byte	.LASF23
 384 0216 05       		.byte	0x5
 385 0217 3C       		.byte	0x3c
 386 0218 22020000 		.4byte	0x222
 387 021c 11       		.uleb128 0x11
 388 021d 22020000 		.4byte	0x222
 389 0221 00       		.byte	0
 390 0222 06       		.uleb128 0x6
 391 0223 04       		.byte	0x4
 392 0224 28020000 		.4byte	0x228
 393 0228 12       		.uleb128 0x12
 394 0229 B3000000 		.4byte	0xb3
 395 022d 13       		.uleb128 0x13
 396 022e 00000000 		.4byte	.LASF31
 397 0232 05       		.byte	0x5
 398 0233 38       		.byte	0x38
 399 0234 14       		.uleb128 0x14
 400 0235 A8000000 		.4byte	.LASF32
 401 0239 07       		.byte	0x7
 402 023a 28       		.byte	0x28
 403 023b 81000000 		.4byte	0x81
 404 023f 10       		.uleb128 0x10
 405 0240 34020000 		.4byte	.LASF24
 406 0244 05       		.byte	0x5
 407 0245 61       		.byte	0x61
 408 0246 50020000 		.4byte	0x250
 409 024a 11       		.uleb128 0x11
 410 024b 99000000 		.4byte	0x99
 411 024f 00       		.byte	0
 412 0250 15       		.uleb128 0x15
 413 0251 2C020000 		.4byte	.LASF33
 414 0255 08       		.byte	0x8
 415 0256 76       		.byte	0x76
 416 0257 11       		.uleb128 0x11
ARM GAS  C:\Users\JOSANT~1\AppData\Local\Temp\ccICZ6Jc.s 			page 9


 417 0258 99000000 		.4byte	0x99
 418 025c 00       		.byte	0
 419 025d 00       		.byte	0
 420              		.section	.debug_abbrev,"",%progbits
 421              	.Ldebug_abbrev0:
 422 0000 01       		.uleb128 0x1
 423 0001 11       		.uleb128 0x11
 424 0002 01       		.byte	0x1
 425 0003 25       		.uleb128 0x25
 426 0004 0E       		.uleb128 0xe
 427 0005 13       		.uleb128 0x13
 428 0006 0B       		.uleb128 0xb
 429 0007 03       		.uleb128 0x3
 430 0008 0E       		.uleb128 0xe
 431 0009 1B       		.uleb128 0x1b
 432 000a 0E       		.uleb128 0xe
 433 000b 55       		.uleb128 0x55
 434 000c 17       		.uleb128 0x17
 435 000d 11       		.uleb128 0x11
 436 000e 01       		.uleb128 0x1
 437 000f 10       		.uleb128 0x10
 438 0010 17       		.uleb128 0x17
 439 0011 00       		.byte	0
 440 0012 00       		.byte	0
 441 0013 02       		.uleb128 0x2
 442 0014 24       		.uleb128 0x24
 443 0015 00       		.byte	0
 444 0016 0B       		.uleb128 0xb
 445 0017 0B       		.uleb128 0xb
 446 0018 3E       		.uleb128 0x3e
 447 0019 0B       		.uleb128 0xb
 448 001a 03       		.uleb128 0x3
 449 001b 0E       		.uleb128 0xe
 450 001c 00       		.byte	0
 451 001d 00       		.byte	0
 452 001e 03       		.uleb128 0x3
 453 001f 16       		.uleb128 0x16
 454 0020 00       		.byte	0
 455 0021 03       		.uleb128 0x3
 456 0022 0E       		.uleb128 0xe
 457 0023 3A       		.uleb128 0x3a
 458 0024 0B       		.uleb128 0xb
 459 0025 3B       		.uleb128 0x3b
 460 0026 0B       		.uleb128 0xb
 461 0027 49       		.uleb128 0x49
 462 0028 13       		.uleb128 0x13
 463 0029 00       		.byte	0
 464 002a 00       		.byte	0
 465 002b 04       		.uleb128 0x4
 466 002c 24       		.uleb128 0x24
 467 002d 00       		.byte	0
 468 002e 0B       		.uleb128 0xb
 469 002f 0B       		.uleb128 0xb
 470 0030 3E       		.uleb128 0x3e
 471 0031 0B       		.uleb128 0xb
 472 0032 03       		.uleb128 0x3
 473 0033 08       		.uleb128 0x8
ARM GAS  C:\Users\JOSANT~1\AppData\Local\Temp\ccICZ6Jc.s 			page 10


 474 0034 00       		.byte	0
 475 0035 00       		.byte	0
 476 0036 05       		.uleb128 0x5
 477 0037 16       		.uleb128 0x16
 478 0038 00       		.byte	0
 479 0039 03       		.uleb128 0x3
 480 003a 0E       		.uleb128 0xe
 481 003b 3A       		.uleb128 0x3a
 482 003c 0B       		.uleb128 0xb
 483 003d 3B       		.uleb128 0x3b
 484 003e 05       		.uleb128 0x5
 485 003f 49       		.uleb128 0x49
 486 0040 13       		.uleb128 0x13
 487 0041 00       		.byte	0
 488 0042 00       		.byte	0
 489 0043 06       		.uleb128 0x6
 490 0044 0F       		.uleb128 0xf
 491 0045 00       		.byte	0
 492 0046 0B       		.uleb128 0xb
 493 0047 0B       		.uleb128 0xb
 494 0048 49       		.uleb128 0x49
 495 0049 13       		.uleb128 0x13
 496 004a 00       		.byte	0
 497 004b 00       		.byte	0
 498 004c 07       		.uleb128 0x7
 499 004d 2E       		.uleb128 0x2e
 500 004e 01       		.byte	0x1
 501 004f 3F       		.uleb128 0x3f
 502 0050 19       		.uleb128 0x19
 503 0051 03       		.uleb128 0x3
 504 0052 0E       		.uleb128 0xe
 505 0053 3A       		.uleb128 0x3a
 506 0054 0B       		.uleb128 0xb
 507 0055 3B       		.uleb128 0x3b
 508 0056 0B       		.uleb128 0xb
 509 0057 27       		.uleb128 0x27
 510 0058 19       		.uleb128 0x19
 511 0059 11       		.uleb128 0x11
 512 005a 01       		.uleb128 0x1
 513 005b 12       		.uleb128 0x12
 514 005c 06       		.uleb128 0x6
 515 005d 40       		.uleb128 0x40
 516 005e 18       		.uleb128 0x18
 517 005f 9742     		.uleb128 0x2117
 518 0061 19       		.uleb128 0x19
 519 0062 01       		.uleb128 0x1
 520 0063 13       		.uleb128 0x13
 521 0064 00       		.byte	0
 522 0065 00       		.byte	0
 523 0066 08       		.uleb128 0x8
 524 0067 05       		.uleb128 0x5
 525 0068 00       		.byte	0
 526 0069 03       		.uleb128 0x3
 527 006a 0E       		.uleb128 0xe
 528 006b 3A       		.uleb128 0x3a
 529 006c 0B       		.uleb128 0xb
 530 006d 3B       		.uleb128 0x3b
ARM GAS  C:\Users\JOSANT~1\AppData\Local\Temp\ccICZ6Jc.s 			page 11


 531 006e 0B       		.uleb128 0xb
 532 006f 49       		.uleb128 0x49
 533 0070 13       		.uleb128 0x13
 534 0071 02       		.uleb128 0x2
 535 0072 17       		.uleb128 0x17
 536 0073 00       		.byte	0
 537 0074 00       		.byte	0
 538 0075 09       		.uleb128 0x9
 539 0076 898201   		.uleb128 0x4109
 540 0079 01       		.byte	0x1
 541 007a 11       		.uleb128 0x11
 542 007b 01       		.uleb128 0x1
 543 007c 31       		.uleb128 0x31
 544 007d 13       		.uleb128 0x13
 545 007e 01       		.uleb128 0x1
 546 007f 13       		.uleb128 0x13
 547 0080 00       		.byte	0
 548 0081 00       		.byte	0
 549 0082 0A       		.uleb128 0xa
 550 0083 8A8201   		.uleb128 0x410a
 551 0086 00       		.byte	0
 552 0087 02       		.uleb128 0x2
 553 0088 18       		.uleb128 0x18
 554 0089 9142     		.uleb128 0x2111
 555 008b 18       		.uleb128 0x18
 556 008c 00       		.byte	0
 557 008d 00       		.byte	0
 558 008e 0B       		.uleb128 0xb
 559 008f 898201   		.uleb128 0x4109
 560 0092 01       		.byte	0x1
 561 0093 11       		.uleb128 0x11
 562 0094 01       		.uleb128 0x1
 563 0095 31       		.uleb128 0x31
 564 0096 13       		.uleb128 0x13
 565 0097 00       		.byte	0
 566 0098 00       		.byte	0
 567 0099 0C       		.uleb128 0xc
 568 009a 2E       		.uleb128 0x2e
 569 009b 01       		.byte	0x1
 570 009c 3F       		.uleb128 0x3f
 571 009d 19       		.uleb128 0x19
 572 009e 03       		.uleb128 0x3
 573 009f 0E       		.uleb128 0xe
 574 00a0 3A       		.uleb128 0x3a
 575 00a1 0B       		.uleb128 0xb
 576 00a2 3B       		.uleb128 0x3b
 577 00a3 0B       		.uleb128 0xb
 578 00a4 27       		.uleb128 0x27
 579 00a5 19       		.uleb128 0x19
 580 00a6 49       		.uleb128 0x49
 581 00a7 13       		.uleb128 0x13
 582 00a8 11       		.uleb128 0x11
 583 00a9 01       		.uleb128 0x1
 584 00aa 12       		.uleb128 0x12
 585 00ab 06       		.uleb128 0x6
 586 00ac 40       		.uleb128 0x40
 587 00ad 18       		.uleb128 0x18
ARM GAS  C:\Users\JOSANT~1\AppData\Local\Temp\ccICZ6Jc.s 			page 12


 588 00ae 9742     		.uleb128 0x2117
 589 00b0 19       		.uleb128 0x19
 590 00b1 01       		.uleb128 0x1
 591 00b2 13       		.uleb128 0x13
 592 00b3 00       		.byte	0
 593 00b4 00       		.byte	0
 594 00b5 0D       		.uleb128 0xd
 595 00b6 898201   		.uleb128 0x4109
 596 00b9 00       		.byte	0
 597 00ba 11       		.uleb128 0x11
 598 00bb 01       		.uleb128 0x1
 599 00bc 31       		.uleb128 0x31
 600 00bd 13       		.uleb128 0x13
 601 00be 00       		.byte	0
 602 00bf 00       		.byte	0
 603 00c0 0E       		.uleb128 0xe
 604 00c1 34       		.uleb128 0x34
 605 00c2 00       		.byte	0
 606 00c3 03       		.uleb128 0x3
 607 00c4 0E       		.uleb128 0xe
 608 00c5 3A       		.uleb128 0x3a
 609 00c6 0B       		.uleb128 0xb
 610 00c7 3B       		.uleb128 0x3b
 611 00c8 05       		.uleb128 0x5
 612 00c9 49       		.uleb128 0x49
 613 00ca 13       		.uleb128 0x13
 614 00cb 3F       		.uleb128 0x3f
 615 00cc 19       		.uleb128 0x19
 616 00cd 3C       		.uleb128 0x3c
 617 00ce 19       		.uleb128 0x19
 618 00cf 00       		.byte	0
 619 00d0 00       		.byte	0
 620 00d1 0F       		.uleb128 0xf
 621 00d2 35       		.uleb128 0x35
 622 00d3 00       		.byte	0
 623 00d4 49       		.uleb128 0x49
 624 00d5 13       		.uleb128 0x13
 625 00d6 00       		.byte	0
 626 00d7 00       		.byte	0
 627 00d8 10       		.uleb128 0x10
 628 00d9 2E       		.uleb128 0x2e
 629 00da 01       		.byte	0x1
 630 00db 3F       		.uleb128 0x3f
 631 00dc 19       		.uleb128 0x19
 632 00dd 03       		.uleb128 0x3
 633 00de 0E       		.uleb128 0xe
 634 00df 3A       		.uleb128 0x3a
 635 00e0 0B       		.uleb128 0xb
 636 00e1 3B       		.uleb128 0x3b
 637 00e2 0B       		.uleb128 0xb
 638 00e3 27       		.uleb128 0x27
 639 00e4 19       		.uleb128 0x19
 640 00e5 3C       		.uleb128 0x3c
 641 00e6 19       		.uleb128 0x19
 642 00e7 01       		.uleb128 0x1
 643 00e8 13       		.uleb128 0x13
 644 00e9 00       		.byte	0
ARM GAS  C:\Users\JOSANT~1\AppData\Local\Temp\ccICZ6Jc.s 			page 13


 645 00ea 00       		.byte	0
 646 00eb 11       		.uleb128 0x11
 647 00ec 05       		.uleb128 0x5
 648 00ed 00       		.byte	0
 649 00ee 49       		.uleb128 0x49
 650 00ef 13       		.uleb128 0x13
 651 00f0 00       		.byte	0
 652 00f1 00       		.byte	0
 653 00f2 12       		.uleb128 0x12
 654 00f3 26       		.uleb128 0x26
 655 00f4 00       		.byte	0
 656 00f5 49       		.uleb128 0x49
 657 00f6 13       		.uleb128 0x13
 658 00f7 00       		.byte	0
 659 00f8 00       		.byte	0
 660 00f9 13       		.uleb128 0x13
 661 00fa 2E       		.uleb128 0x2e
 662 00fb 00       		.byte	0
 663 00fc 3F       		.uleb128 0x3f
 664 00fd 19       		.uleb128 0x19
 665 00fe 03       		.uleb128 0x3
 666 00ff 0E       		.uleb128 0xe
 667 0100 3A       		.uleb128 0x3a
 668 0101 0B       		.uleb128 0xb
 669 0102 3B       		.uleb128 0x3b
 670 0103 0B       		.uleb128 0xb
 671 0104 27       		.uleb128 0x27
 672 0105 19       		.uleb128 0x19
 673 0106 3C       		.uleb128 0x3c
 674 0107 19       		.uleb128 0x19
 675 0108 00       		.byte	0
 676 0109 00       		.byte	0
 677 010a 14       		.uleb128 0x14
 678 010b 2E       		.uleb128 0x2e
 679 010c 00       		.byte	0
 680 010d 3F       		.uleb128 0x3f
 681 010e 19       		.uleb128 0x19
 682 010f 03       		.uleb128 0x3
 683 0110 0E       		.uleb128 0xe
 684 0111 3A       		.uleb128 0x3a
 685 0112 0B       		.uleb128 0xb
 686 0113 3B       		.uleb128 0x3b
 687 0114 0B       		.uleb128 0xb
 688 0115 27       		.uleb128 0x27
 689 0116 19       		.uleb128 0x19
 690 0117 49       		.uleb128 0x49
 691 0118 13       		.uleb128 0x13
 692 0119 3C       		.uleb128 0x3c
 693 011a 19       		.uleb128 0x19
 694 011b 00       		.byte	0
 695 011c 00       		.byte	0
 696 011d 15       		.uleb128 0x15
 697 011e 2E       		.uleb128 0x2e
 698 011f 01       		.byte	0x1
 699 0120 3F       		.uleb128 0x3f
 700 0121 19       		.uleb128 0x19
 701 0122 03       		.uleb128 0x3
ARM GAS  C:\Users\JOSANT~1\AppData\Local\Temp\ccICZ6Jc.s 			page 14


 702 0123 0E       		.uleb128 0xe
 703 0124 3A       		.uleb128 0x3a
 704 0125 0B       		.uleb128 0xb
 705 0126 3B       		.uleb128 0x3b
 706 0127 0B       		.uleb128 0xb
 707 0128 27       		.uleb128 0x27
 708 0129 19       		.uleb128 0x19
 709 012a 3C       		.uleb128 0x3c
 710 012b 19       		.uleb128 0x19
 711 012c 00       		.byte	0
 712 012d 00       		.byte	0
 713 012e 00       		.byte	0
 714              		.section	.debug_loc,"",%progbits
 715              	.Ldebug_loc0:
 716              	.LLST0:
 717 0000 00000000 		.4byte	.LVL0
 718 0004 08000000 		.4byte	.LVL1
 719 0008 0100     		.2byte	0x1
 720 000a 50       		.byte	0x50
 721 000b 08000000 		.4byte	.LVL1
 722 000f 2A000000 		.4byte	.LFE63
 723 0013 0100     		.2byte	0x1
 724 0015 55       		.byte	0x55
 725 0016 00000000 		.4byte	0
 726 001a 00000000 		.4byte	0
 727              	.LLST1:
 728 001e 00000000 		.4byte	.LVL0
 729 0022 0B000000 		.4byte	.LVL2-1
 730 0026 0100     		.2byte	0x1
 731 0028 51       		.byte	0x51
 732 0029 0B000000 		.4byte	.LVL2-1
 733 002d 2A000000 		.4byte	.LFE63
 734 0031 0100     		.2byte	0x1
 735 0033 54       		.byte	0x54
 736 0034 00000000 		.4byte	0
 737 0038 00000000 		.4byte	0
 738              		.section	.debug_aranges,"",%progbits
 739 0000 24000000 		.4byte	0x24
 740 0004 0200     		.2byte	0x2
 741 0006 00000000 		.4byte	.Ldebug_info0
 742 000a 04       		.byte	0x4
 743 000b 00       		.byte	0
 744 000c 0000     		.2byte	0
 745 000e 0000     		.2byte	0
 746 0010 00000000 		.4byte	.LFB63
 747 0014 2A000000 		.4byte	.LFE63-.LFB63
 748 0018 00000000 		.4byte	.LFB64
 749 001c 28000000 		.4byte	.LFE64-.LFB64
 750 0020 00000000 		.4byte	0
 751 0024 00000000 		.4byte	0
 752              		.section	.debug_ranges,"",%progbits
 753              	.Ldebug_ranges0:
 754 0000 00000000 		.4byte	.LFB63
 755 0004 2A000000 		.4byte	.LFE63
 756 0008 00000000 		.4byte	.LFB64
 757 000c 28000000 		.4byte	.LFE64
 758 0010 00000000 		.4byte	0
ARM GAS  C:\Users\JOSANT~1\AppData\Local\Temp\ccICZ6Jc.s 			page 15


 759 0014 00000000 		.4byte	0
 760              		.section	.debug_line,"",%progbits
 761              	.Ldebug_line0:
 762 0000 B1010000 		.section	.debug_str,"MS",%progbits,1
 762      02007101 
 762      00000201 
 762      FB0E0D00 
 762      01010101 
 763              	.LASF31:
 764 0000 70616E74 		.ascii	"pantallaLCD_Start\000"
 764      616C6C61 
 764      4C43445F 
 764      53746172 
 764      7400
 765              	.LASF23:
 766 0012 70616E74 		.ascii	"pantallaLCD_PrintString\000"
 766      616C6C61 
 766      4C43445F 
 766      5072696E 
 766      74537472 
 767              	.LASF9:
 768 002a 5F5F696E 		.ascii	"__int32_t\000"
 768      7433325F 
 768      7400
 769              	.LASF14:
 770 0034 666C6F61 		.ascii	"float\000"
 770      7400
 771              	.LASF28:
 772 003a 4D756573 		.ascii	"MuestraCadena\000"
 772      74726143 
 772      6164656E 
 772      6100
 773              	.LASF1:
 774 0048 756E7369 		.ascii	"unsigned char\000"
 774      676E6564 
 774      20636861 
 774      7200
 775              	.LASF16:
 776 0056 63686172 		.ascii	"char8\000"
 776      3800
 777              	.LASF5:
 778 005c 6C6F6E67 		.ascii	"long unsigned int\000"
 778      20756E73 
 778      69676E65 
 778      6420696E 
 778      7400
 779              	.LASF3:
 780 006e 73686F72 		.ascii	"short unsigned int\000"
 780      7420756E 
 780      7369676E 
 780      65642069 
 780      6E7400
 781              	.LASF30:
 782 0081 49544D5F 		.ascii	"ITM_RxBuffer\000"
 782      52784275 
 782      66666572 
 782      00
ARM GAS  C:\Users\JOSANT~1\AppData\Local\Temp\ccICZ6Jc.s 			page 16


 783              	.LASF15:
 784 008e 646F7562 		.ascii	"double\000"
 784      6C6500
 785              	.LASF29:
 786 0095 6D61696E 		.ascii	"main\000"
 786      00
 787              	.LASF12:
 788 009a 75696E74 		.ascii	"uint16\000"
 788      313600
 789              	.LASF13:
 790 00a1 75696E74 		.ascii	"uint32\000"
 790      333200
 791              	.LASF32:
 792 00a8 72656769 		.ascii	"registro_Read\000"
 792      7374726F 
 792      5F526561 
 792      6400
 793              	.LASF8:
 794 00b6 756E7369 		.ascii	"unsigned int\000"
 794      676E6564 
 794      20696E74 
 794      00
 795              	.LASF21:
 796 00c3 70616E74 		.ascii	"pantallaLCD_WriteControl\000"
 796      616C6C61 
 796      4C43445F 
 796      57726974 
 796      65436F6E 
 797              	.LASF7:
 798 00dc 6C6F6E67 		.ascii	"long long unsigned int\000"
 798      206C6F6E 
 798      6720756E 
 798      7369676E 
 798      65642069 
 799              	.LASF25:
 800 00f3 474E5520 		.ascii	"GNU C 4.9.3 20150303 (release) [ARM/embedded-4_9-br"
 800      4320342E 
 800      392E3320 
 800      32303135 
 800      30333033 
 801 0126 616E6368 		.ascii	"anch revision 221220] -mcpu=cortex-m3 -mthumb -g -O"
 801      20726576 
 801      6973696F 
 801      6E203232 
 801      31323230 
 802 0159 67202D66 		.ascii	"g -ffunction-sections -ffat-lto-objects\000"
 802      66756E63 
 802      74696F6E 
 802      2D736563 
 802      74696F6E 
 803              	.LASF0:
 804 0181 7369676E 		.ascii	"signed char\000"
 804      65642063 
 804      68617200 
 805              	.LASF10:
 806 018d 696E7433 		.ascii	"int32_t\000"
 806      325F7400 
ARM GAS  C:\Users\JOSANT~1\AppData\Local\Temp\ccICZ6Jc.s 			page 17


 807              	.LASF18:
 808 0195 73697A65 		.ascii	"sizetype\000"
 808      74797065 
 808      00
 809              	.LASF6:
 810 019e 6C6F6E67 		.ascii	"long long int\000"
 810      206C6F6E 
 810      6720696E 
 810      7400
 811              	.LASF26:
 812 01ac 6D61696E 		.ascii	"main.c\000"
 812      2E6300
 813              	.LASF17:
 814 01b3 63686172 		.ascii	"char\000"
 814      00
 815              	.LASF19:
 816 01b8 6C696E65 		.ascii	"linea1\000"
 816      613100
 817              	.LASF20:
 818 01bf 6C696E65 		.ascii	"linea2\000"
 818      613200
 819              	.LASF2:
 820 01c6 73686F72 		.ascii	"short int\000"
 820      7420696E 
 820      7400
 821              	.LASF22:
 822 01d0 70616E74 		.ascii	"pantallaLCD_Position\000"
 822      616C6C61 
 822      4C43445F 
 822      506F7369 
 822      74696F6E 
 823              	.LASF11:
 824 01e5 75696E74 		.ascii	"uint8\000"
 824      3800
 825              	.LASF4:
 826 01eb 6C6F6E67 		.ascii	"long int\000"
 826      20696E74 
 826      00
 827              	.LASF27:
 828 01f4 433A5C50 		.ascii	"C:\\Practicas\\PracticasDSECompleto\\Practica2Parte"
 828      72616374 
 828      69636173 
 828      5C507261 
 828      63746963 
 829 0224 332E6379 		.ascii	"3.cydsn\000"
 829      64736E00 
 830              	.LASF33:
 831 022c 43794465 		.ascii	"CyDelay\000"
 831      6C617900 
 832              	.LASF24:
 833 0234 70616E74 		.ascii	"pantallaLCD_PrintU32Number\000"
 833      616C6C61 
 833      4C43445F 
 833      5072696E 
 833      74553332 
 834              		.ident	"GCC: (GNU Tools for ARM Embedded Processors) 4.9.3 20150303 (release) [ARM/embedded-4_9-br
