ARM GAS  C:\Users\JOSANT~1\AppData\Local\Temp\ccaQKpLH.s 			page 1


   1              		.cpu cortex-m0
   2              		.fpu softvfp
   3              		.eabi_attribute 20, 1
   4              		.eabi_attribute 21, 1
   5              		.eabi_attribute 23, 3
   6              		.eabi_attribute 24, 1
   7              		.eabi_attribute 25, 1
   8              		.eabi_attribute 26, 1
   9              		.eabi_attribute 30, 1
  10              		.eabi_attribute 34, 0
  11              		.eabi_attribute 18, 4
  12              		.code	16
  13              		.file	"main.c"
  14              		.text
  15              	.Ltext0:
  16              		.cfi_sections	.debug_frame
  17              		.section	.text.GPIOIsrHandler,"ax",%progbits
  18              		.align	2
  19              		.global	GPIOIsrHandler
  20              		.code	16
  21              		.thumb_func
  22              		.type	GPIOIsrHandler, %function
  23              	GPIOIsrHandler:
  24              	.LFB35:
  25              		.file 1 "main.c"
   1:main.c        **** /*******************************************************************************
   2:main.c        **** * File Name: main.c
   3:main.c        **** *
   4:main.c        **** * Version: 1.00
   5:main.c        **** *
   6:main.c        **** * Description:
   7:main.c        **** *  This is the source code for the Interrupts example project of the Interrupt
   8:main.c        **** *  and cy_boot components.
   9:main.c        **** *
  10:main.c        **** ********************************************************************************
  11:main.c        **** * Copyright 2015, Cypress Semiconductor Corporation. All rights reserved.
  12:main.c        **** * This software is owned by Cypress Semiconductor Corporation and is protected
  13:main.c        **** * by and subject to worldwide patent and copyright laws and treaties.
  14:main.c        **** * Therefore, you may use this software only as provided in the license agreement
  15:main.c        **** * accompanying the software package from which you obtained this software.
  16:main.c        **** * CYPRESS AND ITS SUPPLIERS MAKE NO WARRANTY OF ANY KIND, EXPRESS OR IMPLIED,
  17:main.c        **** * WITH REGARD TO THIS SOFTWARE, INCLUDING, BUT NOT LIMITED TO, NONINFRINGEMENT,
  18:main.c        **** * IMPLIED WARRANTIES OF MERCHANTABILITY AND FITNESS FOR A PARTICULAR PURPOSE.
  19:main.c        **** *******************************************************************************/
  20:main.c        **** 
  21:main.c        **** #include <project.h>
  22:main.c        **** 
  23:main.c        **** #define NESTED_ISR                          (1u)
  24:main.c        **** #define DEFAULT_PRIORITY                    (3u)
  25:main.c        **** #define HIGHER_PRIORITY                     (2u)
  26:main.c        **** 
  27:main.c        **** #if(CY_PSOC4)
  28:main.c        ****     #define LIGHT_OFF                       (1u)
  29:main.c        ****     #define LIGHT_ON                        (0u)
  30:main.c        **** #else
  31:main.c        ****     #define LIGHT_OFF                       (0u)
  32:main.c        ****     #define LIGHT_ON                        (1u)
ARM GAS  C:\Users\JOSANT~1\AppData\Local\Temp\ccaQKpLH.s 			page 2


  33:main.c        **** #endif /* (CY_PSOC4) */
  34:main.c        **** 
  35:main.c        **** /* Interrupt prototypes */
  36:main.c        **** CY_ISR_PROTO(GPIOIsrHandler);
  37:main.c        **** CY_ISR_PROTO(NestedIsrHandler);
  38:main.c        **** 
  39:main.c        **** 
  40:main.c        **** /*******************************************************************************
  41:main.c        **** * Function Name: main
  42:main.c        **** ********************************************************************************
  43:main.c        **** *
  44:main.c        **** * Summary:
  45:main.c        **** *  At the beginning of the main function, the GPIO interrupt is set up and
  46:main.c        **** *  enabled. After that, initial priority for the GPIO interrupt is changed from
  47:main.c        **** *  1 to 3 (DEFAULT_PRIORITY). The custom interrupt (nested) is configured
  48:main.c        **** *  (sets up, sets priority) and enabled. In GPIOIsrHandler, the isr_GPIO
  49:main.c        **** *  pending interrupt clears, the green LED turns on, the nested software
  50:main.c        **** *  interrupt causes after approximately 1 second delay, green LED turns off.
  51:main.c        **** *
  52:main.c        **** * Parameters:
  53:main.c        **** *  None.
  54:main.c        **** *
  55:main.c        **** * Return:
  56:main.c        **** *  None.
  57:main.c        **** *
  58:main.c        **** *******************************************************************************/
  59:main.c        **** int main()
  60:main.c        **** {
  61:main.c        ****     /* Set initial state (off) for LED */
  62:main.c        ****     LED_Isr_Write(LIGHT_OFF);
  63:main.c        ****     LED_Nested_Write(LIGHT_OFF);
  64:main.c        **** 
  65:main.c        ****     /* Sets up the GPIO interrupt and enables it */
  66:main.c        ****     isr_GPIO_StartEx(GPIOIsrHandler);
  67:main.c        **** 
  68:main.c        ****     /* Changes initial priority for the GPIO interrupt */
  69:main.c        ****     isr_GPIO_SetPriority(DEFAULT_PRIORITY);
  70:main.c        **** 
  71:main.c        ****     /* Sets up the nested interrupt, sets priority and enables it */
  72:main.c        ****     CyIntSetVector(NESTED_ISR,NestedIsrHandler);
  73:main.c        ****     CyIntSetPriority(NESTED_ISR,HIGHER_PRIORITY);
  74:main.c        ****     CyIntEnable(NESTED_ISR);
  75:main.c        **** 
  76:main.c        ****     /* Enable global interrupts */
  77:main.c        ****     CyGlobalIntEnable;
  78:main.c        **** 
  79:main.c        ****     for(;;)
  80:main.c        ****     {
  81:main.c        ****     }
  82:main.c        **** }
  83:main.c        **** 
  84:main.c        **** 
  85:main.c        **** /*******************************************************************************
  86:main.c        **** * Function Name: GPIOIsrHandler
  87:main.c        **** ********************************************************************************
  88:main.c        **** * Summary:
  89:main.c        **** *  The interrupt handler for GPIO interrupts.
ARM GAS  C:\Users\JOSANT~1\AppData\Local\Temp\ccaQKpLH.s 			page 3


  90:main.c        **** *  Clears a pending Interrupt.
  91:main.c        **** *  Clears a pin Interrupt.
  92:main.c        **** *  Blinks the LED with the LED_Isr pin.
  93:main.c        **** *  Calls nested interrupt.
  94:main.c        **** 
  95:main.c        **** *
  96:main.c        **** * Parameters:
  97:main.c        **** *  None
  98:main.c        **** *
  99:main.c        **** * Return:
 100:main.c        **** *  None
 101:main.c        **** *
 102:main.c        **** *******************************************************************************/
 103:main.c        **** CY_ISR(GPIOIsrHandler)
 104:main.c        **** {
  26              		.loc 1 104 0
  27              		.cfi_startproc
  28 0000 08B5     		push	{r3, lr}
  29              		.cfi_def_cfa_offset 8
  30              		.cfi_offset 3, -8
  31              		.cfi_offset 14, -4
 105:main.c        ****     /* Clear pending Interrupt */
 106:main.c        ****     isr_GPIO_ClearPending();
  32              		.loc 1 106 0
  33 0002 FFF7FEFF 		bl	isr_GPIO_ClearPending
  34              	.LVL0:
 107:main.c        ****     
 108:main.c        ****     /* Clear pin Interrupt */
 109:main.c        ****     Pin_Sw_ClearInterrupt();
  35              		.loc 1 109 0
  36 0006 FFF7FEFF 		bl	Pin_Sw_ClearInterrupt
  37              	.LVL1:
 110:main.c        ****     
 111:main.c        ****     /* Turn On the LED */
 112:main.c        ****     LED_Isr_Write(LIGHT_ON);
  38              		.loc 1 112 0
  39 000a 0020     		mov	r0, #0
  40 000c FFF7FEFF 		bl	LED_Isr_Write
  41              	.LVL2:
 113:main.c        **** 
 114:main.c        ****     /* Cause nested software interrupt after 1000 ms */
 115:main.c        ****     CyDelay(1000u);
  42              		.loc 1 115 0
  43 0010 FA20     		mov	r0, #250
  44 0012 8000     		lsl	r0, r0, #2
  45 0014 FFF7FEFF 		bl	CyDelay
  46              	.LVL3:
 116:main.c        ****     CyIntSetPending(NESTED_ISR);
  47              		.loc 1 116 0
  48 0018 0120     		mov	r0, #1
  49 001a FFF7FEFF 		bl	CyIntSetPending
  50              	.LVL4:
 117:main.c        **** 
 118:main.c        ****     /* Turn Off the LED */
 119:main.c        ****     LED_Isr_Write(LIGHT_OFF);
  51              		.loc 1 119 0
  52 001e 0120     		mov	r0, #1
ARM GAS  C:\Users\JOSANT~1\AppData\Local\Temp\ccaQKpLH.s 			page 4


  53 0020 FFF7FEFF 		bl	LED_Isr_Write
  54              	.LVL5:
 120:main.c        **** }
  55              		.loc 1 120 0
  56              		@ sp needed
  57 0024 08BD     		pop	{r3, pc}
  58              		.cfi_endproc
  59              	.LFE35:
  60              		.size	GPIOIsrHandler, .-GPIOIsrHandler
  61 0026 C046     		.section	.text.NestedIsrHandler,"ax",%progbits
  62              		.align	2
  63              		.global	NestedIsrHandler
  64              		.code	16
  65              		.thumb_func
  66              		.type	NestedIsrHandler, %function
  67              	NestedIsrHandler:
  68              	.LFB36:
 121:main.c        **** 
 122:main.c        **** 
 123:main.c        **** /*******************************************************************************
 124:main.c        **** * Function Name: NestedIsrHandler
 125:main.c        **** ********************************************************************************
 126:main.c        **** * Summary:
 127:main.c        **** *  The interrupt handler for nested interrupt.
 128:main.c        **** *  Blinks the LED with the LED_Nested pin.
 129:main.c        **** *
 130:main.c        **** * Parameters:
 131:main.c        **** *  None
 132:main.c        **** *
 133:main.c        **** * Return:
 134:main.c        **** *  None
 135:main.c        **** *
 136:main.c        **** *******************************************************************************/
 137:main.c        **** CY_ISR(NestedIsrHandler)
 138:main.c        **** {
  69              		.loc 1 138 0
  70              		.cfi_startproc
  71 0000 10B5     		push	{r4, lr}
  72              		.cfi_def_cfa_offset 8
  73              		.cfi_offset 4, -8
  74              		.cfi_offset 14, -4
 139:main.c        ****     /* Clear pending Interrupt */
 140:main.c        ****     CyIntClearPending(NESTED_ISR);
  75              		.loc 1 140 0
  76 0002 0120     		mov	r0, #1
  77 0004 FFF7FEFF 		bl	CyIntClearPending
  78              	.LVL6:
 141:main.c        **** 
 142:main.c        ****     /* Turn On the LED for 1000 ms */
 143:main.c        ****     LED_Nested_Write(LIGHT_ON);
  79              		.loc 1 143 0
  80 0008 0020     		mov	r0, #0
  81 000a FFF7FEFF 		bl	LED_Nested_Write
  82              	.LVL7:
 144:main.c        ****     CyDelay(1000u);
  83              		.loc 1 144 0
  84 000e FA24     		mov	r4, #250
ARM GAS  C:\Users\JOSANT~1\AppData\Local\Temp\ccaQKpLH.s 			page 5


  85 0010 A400     		lsl	r4, r4, #2
  86 0012 201C     		mov	r0, r4
  87 0014 FFF7FEFF 		bl	CyDelay
  88              	.LVL8:
 145:main.c        **** 
 146:main.c        ****     /* Turn Off the LED and wait for 1000 ms */
 147:main.c        ****     LED_Nested_Write(LIGHT_OFF);
  89              		.loc 1 147 0
  90 0018 0120     		mov	r0, #1
  91 001a FFF7FEFF 		bl	LED_Nested_Write
  92              	.LVL9:
 148:main.c        ****     CyDelay(1000u);
  93              		.loc 1 148 0
  94 001e 201C     		mov	r0, r4
  95 0020 FFF7FEFF 		bl	CyDelay
  96              	.LVL10:
 149:main.c        **** }
  97              		.loc 1 149 0
  98              		@ sp needed
  99 0024 10BD     		pop	{r4, pc}
 100              		.cfi_endproc
 101              	.LFE36:
 102              		.size	NestedIsrHandler, .-NestedIsrHandler
 103 0026 C046     		.section	.text.main,"ax",%progbits
 104              		.align	2
 105              		.global	main
 106              		.code	16
 107              		.thumb_func
 108              		.type	main, %function
 109              	main:
 110              	.LFB34:
  60:main.c        ****     /* Set initial state (off) for LED */
 111              		.loc 1 60 0
 112              		.cfi_startproc
 113 0000 08B5     		push	{r3, lr}
 114              		.cfi_def_cfa_offset 8
 115              		.cfi_offset 3, -8
 116              		.cfi_offset 14, -4
  62:main.c        ****     LED_Nested_Write(LIGHT_OFF);
 117              		.loc 1 62 0
 118 0002 0120     		mov	r0, #1
 119 0004 FFF7FEFF 		bl	LED_Isr_Write
 120              	.LVL11:
  63:main.c        **** 
 121              		.loc 1 63 0
 122 0008 0120     		mov	r0, #1
 123 000a FFF7FEFF 		bl	LED_Nested_Write
 124              	.LVL12:
  66:main.c        **** 
 125              		.loc 1 66 0
 126 000e 0948     		ldr	r0, .L5
 127 0010 FFF7FEFF 		bl	isr_GPIO_StartEx
 128              	.LVL13:
  69:main.c        **** 
 129              		.loc 1 69 0
 130 0014 0320     		mov	r0, #3
 131 0016 FFF7FEFF 		bl	isr_GPIO_SetPriority
ARM GAS  C:\Users\JOSANT~1\AppData\Local\Temp\ccaQKpLH.s 			page 6


 132              	.LVL14:
  72:main.c        ****     CyIntSetPriority(NESTED_ISR,HIGHER_PRIORITY);
 133              		.loc 1 72 0
 134 001a 0120     		mov	r0, #1
 135 001c 0649     		ldr	r1, .L5+4
 136 001e FFF7FEFF 		bl	CyIntSetVector
 137              	.LVL15:
  73:main.c        ****     CyIntEnable(NESTED_ISR);
 138              		.loc 1 73 0
 139 0022 0120     		mov	r0, #1
 140 0024 0221     		mov	r1, #2
 141 0026 FFF7FEFF 		bl	CyIntSetPriority
 142              	.LVL16:
  74:main.c        **** 
 143              		.loc 1 74 0
 144 002a 0120     		mov	r0, #1
 145 002c FFF7FEFF 		bl	CyIntEnable
 146              	.LVL17:
  77:main.c        **** 
 147              		.loc 1 77 0
 148              	@ 77 "main.c" 1
 149 0030 62B6     		CPSIE   i
 150              	@ 0 "" 2
 151              		.code	16
 152              	.L4:
  81:main.c        **** }
 153              		.loc 1 81 0 discriminator 1
 154 0032 FEE7     		b	.L4
 155              	.L6:
 156              		.align	2
 157              	.L5:
 158 0034 00000000 		.word	GPIOIsrHandler
 159 0038 00000000 		.word	NestedIsrHandler
 160              		.cfi_endproc
 161              	.LFE34:
 162              		.size	main, .-main
 163              		.text
 164              	.Letext0:
 165              		.file 2 "Generated_Source\\PSoC4/cytypes.h"
 166              		.file 3 "Generated_Source\\PSoC4/LED_Isr.h"
 167              		.file 4 "Generated_Source\\PSoC4/CyLib.h"
 168              		.file 5 "Generated_Source\\PSoC4/LED_Nested.h"
 169              		.file 6 "Generated_Source\\PSoC4/isr_GPIO.h"
 170              		.file 7 "Generated_Source\\PSoC4/Pin_Sw.h"
 171              		.section	.debug_info,"",%progbits
 172              	.Ldebug_info0:
 173 0000 07030000 		.4byte	0x307
 174 0004 0400     		.2byte	0x4
 175 0006 00000000 		.4byte	.Ldebug_abbrev0
 176 000a 04       		.byte	0x4
 177 000b 01       		.uleb128 0x1
 178 000c 84010000 		.4byte	.LASF27
 179 0010 01       		.byte	0x1
 180 0011 53010000 		.4byte	.LASF28
 181 0015 A3000000 		.4byte	.LASF29
 182 0019 00000000 		.4byte	.Ldebug_ranges0+0
 183 001d 00000000 		.4byte	0
ARM GAS  C:\Users\JOSANT~1\AppData\Local\Temp\ccaQKpLH.s 			page 7


 184 0021 00000000 		.4byte	.Ldebug_line0
 185 0025 02       		.uleb128 0x2
 186 0026 01       		.byte	0x1
 187 0027 06       		.byte	0x6
 188 0028 4C020000 		.4byte	.LASF0
 189 002c 02       		.uleb128 0x2
 190 002d 01       		.byte	0x1
 191 002e 08       		.byte	0x8
 192 002f 38000000 		.4byte	.LASF1
 193 0033 02       		.uleb128 0x2
 194 0034 02       		.byte	0x2
 195 0035 05       		.byte	0x5
 196 0036 28020000 		.4byte	.LASF2
 197 003a 02       		.uleb128 0x2
 198 003b 02       		.byte	0x2
 199 003c 07       		.byte	0x7
 200 003d 0F000000 		.4byte	.LASF3
 201 0041 02       		.uleb128 0x2
 202 0042 04       		.byte	0x4
 203 0043 05       		.byte	0x5
 204 0044 32020000 		.4byte	.LASF4
 205 0048 02       		.uleb128 0x2
 206 0049 04       		.byte	0x4
 207 004a 07       		.byte	0x7
 208 004b 6C000000 		.4byte	.LASF5
 209 004f 02       		.uleb128 0x2
 210 0050 08       		.byte	0x8
 211 0051 05       		.byte	0x5
 212 0052 45010000 		.4byte	.LASF6
 213 0056 02       		.uleb128 0x2
 214 0057 08       		.byte	0x8
 215 0058 07       		.byte	0x7
 216 0059 F5000000 		.4byte	.LASF7
 217 005d 03       		.uleb128 0x3
 218 005e 04       		.byte	0x4
 219 005f 05       		.byte	0x5
 220 0060 696E7400 		.ascii	"int\000"
 221 0064 02       		.uleb128 0x2
 222 0065 04       		.byte	0x4
 223 0066 07       		.byte	0x7
 224 0067 D7000000 		.4byte	.LASF8
 225 006b 04       		.uleb128 0x4
 226 006c 7E000000 		.4byte	.LASF9
 227 0070 02       		.byte	0x2
 228 0071 B901     		.2byte	0x1b9
 229 0073 2C000000 		.4byte	0x2c
 230 0077 04       		.uleb128 0x4
 231 0078 97000000 		.4byte	.LASF10
 232 007c 02       		.byte	0x2
 233 007d BB01     		.2byte	0x1bb
 234 007f 48000000 		.4byte	0x48
 235 0083 02       		.uleb128 0x2
 236 0084 04       		.byte	0x4
 237 0085 04       		.byte	0x4
 238 0086 32000000 		.4byte	.LASF11
 239 008a 02       		.uleb128 0x2
 240 008b 08       		.byte	0x8
ARM GAS  C:\Users\JOSANT~1\AppData\Local\Temp\ccaQKpLH.s 			page 8


 241 008c 04       		.byte	0x4
 242 008d 84000000 		.4byte	.LASF12
 243 0091 02       		.uleb128 0x2
 244 0092 01       		.byte	0x1
 245 0093 08       		.byte	0x8
 246 0094 5A010000 		.4byte	.LASF13
 247 0098 04       		.uleb128 0x4
 248 0099 1D010000 		.4byte	.LASF14
 249 009d 02       		.byte	0x2
 250 009e 7502     		.2byte	0x275
 251 00a0 A4000000 		.4byte	0xa4
 252 00a4 05       		.uleb128 0x5
 253 00a5 04       		.byte	0x4
 254 00a6 AA000000 		.4byte	0xaa
 255 00aa 06       		.uleb128 0x6
 256 00ab 02       		.uleb128 0x2
 257 00ac 04       		.byte	0x4
 258 00ad 07       		.byte	0x7
 259 00ae 3C010000 		.4byte	.LASF15
 260 00b2 07       		.uleb128 0x7
 261 00b3 75010000 		.4byte	.LASF16
 262 00b7 01       		.byte	0x1
 263 00b8 67       		.byte	0x67
 264 00b9 00000000 		.4byte	.LFB35
 265 00bd 26000000 		.4byte	.LFE35-.LFB35
 266 00c1 01       		.uleb128 0x1
 267 00c2 9C       		.byte	0x9c
 268 00c3 24010000 		.4byte	0x124
 269 00c7 08       		.uleb128 0x8
 270 00c8 06000000 		.4byte	.LVL0
 271 00cc 44020000 		.4byte	0x244
 272 00d0 08       		.uleb128 0x8
 273 00d1 0A000000 		.4byte	.LVL1
 274 00d5 4B020000 		.4byte	0x24b
 275 00d9 09       		.uleb128 0x9
 276 00da 10000000 		.4byte	.LVL2
 277 00de 56020000 		.4byte	0x256
 278 00e2 EC000000 		.4byte	0xec
 279 00e6 0A       		.uleb128 0xa
 280 00e7 01       		.uleb128 0x1
 281 00e8 50       		.byte	0x50
 282 00e9 01       		.uleb128 0x1
 283 00ea 30       		.byte	0x30
 284 00eb 00       		.byte	0
 285 00ec 09       		.uleb128 0x9
 286 00ed 18000000 		.4byte	.LVL3
 287 00f1 67020000 		.4byte	0x267
 288 00f5 01010000 		.4byte	0x101
 289 00f9 0A       		.uleb128 0xa
 290 00fa 01       		.uleb128 0x1
 291 00fb 50       		.byte	0x50
 292 00fc 03       		.uleb128 0x3
 293 00fd 0A       		.byte	0xa
 294 00fe E803     		.2byte	0x3e8
 295 0100 00       		.byte	0
 296 0101 09       		.uleb128 0x9
 297 0102 1E000000 		.4byte	.LVL4
ARM GAS  C:\Users\JOSANT~1\AppData\Local\Temp\ccaQKpLH.s 			page 9


 298 0106 78020000 		.4byte	0x278
 299 010a 14010000 		.4byte	0x114
 300 010e 0A       		.uleb128 0xa
 301 010f 01       		.uleb128 0x1
 302 0110 50       		.byte	0x50
 303 0111 01       		.uleb128 0x1
 304 0112 31       		.byte	0x31
 305 0113 00       		.byte	0
 306 0114 0B       		.uleb128 0xb
 307 0115 24000000 		.4byte	.LVL5
 308 0119 56020000 		.4byte	0x256
 309 011d 0A       		.uleb128 0xa
 310 011e 01       		.uleb128 0x1
 311 011f 50       		.byte	0x50
 312 0120 01       		.uleb128 0x1
 313 0121 31       		.byte	0x31
 314 0122 00       		.byte	0
 315 0123 00       		.byte	0
 316 0124 07       		.uleb128 0x7
 317 0125 E4000000 		.4byte	.LASF17
 318 0129 01       		.byte	0x1
 319 012a 89       		.byte	0x89
 320 012b 00000000 		.4byte	.LFB36
 321 012f 26000000 		.4byte	.LFE36-.LFB36
 322 0133 01       		.uleb128 0x1
 323 0134 9C       		.byte	0x9c
 324 0135 97010000 		.4byte	0x197
 325 0139 09       		.uleb128 0x9
 326 013a 08000000 		.4byte	.LVL6
 327 013e 89020000 		.4byte	0x289
 328 0142 4C010000 		.4byte	0x14c
 329 0146 0A       		.uleb128 0xa
 330 0147 01       		.uleb128 0x1
 331 0148 50       		.byte	0x50
 332 0149 01       		.uleb128 0x1
 333 014a 31       		.byte	0x31
 334 014b 00       		.byte	0
 335 014c 09       		.uleb128 0x9
 336 014d 0E000000 		.4byte	.LVL7
 337 0151 9A020000 		.4byte	0x29a
 338 0155 5F010000 		.4byte	0x15f
 339 0159 0A       		.uleb128 0xa
 340 015a 01       		.uleb128 0x1
 341 015b 50       		.byte	0x50
 342 015c 01       		.uleb128 0x1
 343 015d 30       		.byte	0x30
 344 015e 00       		.byte	0
 345 015f 09       		.uleb128 0x9
 346 0160 18000000 		.4byte	.LVL8
 347 0164 67020000 		.4byte	0x267
 348 0168 73010000 		.4byte	0x173
 349 016c 0A       		.uleb128 0xa
 350 016d 01       		.uleb128 0x1
 351 016e 50       		.byte	0x50
 352 016f 02       		.uleb128 0x2
 353 0170 74       		.byte	0x74
 354 0171 00       		.sleb128 0
ARM GAS  C:\Users\JOSANT~1\AppData\Local\Temp\ccaQKpLH.s 			page 10


 355 0172 00       		.byte	0
 356 0173 09       		.uleb128 0x9
 357 0174 1E000000 		.4byte	.LVL9
 358 0178 9A020000 		.4byte	0x29a
 359 017c 86010000 		.4byte	0x186
 360 0180 0A       		.uleb128 0xa
 361 0181 01       		.uleb128 0x1
 362 0182 50       		.byte	0x50
 363 0183 01       		.uleb128 0x1
 364 0184 31       		.byte	0x31
 365 0185 00       		.byte	0
 366 0186 0B       		.uleb128 0xb
 367 0187 24000000 		.4byte	.LVL10
 368 018b 67020000 		.4byte	0x267
 369 018f 0A       		.uleb128 0xa
 370 0190 01       		.uleb128 0x1
 371 0191 50       		.byte	0x50
 372 0192 02       		.uleb128 0x2
 373 0193 74       		.byte	0x74
 374 0194 00       		.sleb128 0
 375 0195 00       		.byte	0
 376 0196 00       		.byte	0
 377 0197 0C       		.uleb128 0xc
 378 0198 9E000000 		.4byte	.LASF18
 379 019c 01       		.byte	0x1
 380 019d 3B       		.byte	0x3b
 381 019e 5D000000 		.4byte	0x5d
 382 01a2 00000000 		.4byte	.LFB34
 383 01a6 3C000000 		.4byte	.LFE34-.LFB34
 384 01aa 01       		.uleb128 0x1
 385 01ab 9C       		.byte	0x9c
 386 01ac 44020000 		.4byte	0x244
 387 01b0 09       		.uleb128 0x9
 388 01b1 08000000 		.4byte	.LVL11
 389 01b5 56020000 		.4byte	0x256
 390 01b9 C3010000 		.4byte	0x1c3
 391 01bd 0A       		.uleb128 0xa
 392 01be 01       		.uleb128 0x1
 393 01bf 50       		.byte	0x50
 394 01c0 01       		.uleb128 0x1
 395 01c1 31       		.byte	0x31
 396 01c2 00       		.byte	0
 397 01c3 09       		.uleb128 0x9
 398 01c4 0E000000 		.4byte	.LVL12
 399 01c8 9A020000 		.4byte	0x29a
 400 01cc D6010000 		.4byte	0x1d6
 401 01d0 0A       		.uleb128 0xa
 402 01d1 01       		.uleb128 0x1
 403 01d2 50       		.byte	0x50
 404 01d3 01       		.uleb128 0x1
 405 01d4 31       		.byte	0x31
 406 01d5 00       		.byte	0
 407 01d6 09       		.uleb128 0x9
 408 01d7 14000000 		.4byte	.LVL13
 409 01db AB020000 		.4byte	0x2ab
 410 01df ED010000 		.4byte	0x1ed
 411 01e3 0A       		.uleb128 0xa
ARM GAS  C:\Users\JOSANT~1\AppData\Local\Temp\ccaQKpLH.s 			page 11


 412 01e4 01       		.uleb128 0x1
 413 01e5 50       		.byte	0x50
 414 01e6 05       		.uleb128 0x5
 415 01e7 03       		.byte	0x3
 416 01e8 00000000 		.4byte	GPIOIsrHandler
 417 01ec 00       		.byte	0
 418 01ed 09       		.uleb128 0x9
 419 01ee 1A000000 		.4byte	.LVL14
 420 01f2 BC020000 		.4byte	0x2bc
 421 01f6 00020000 		.4byte	0x200
 422 01fa 0A       		.uleb128 0xa
 423 01fb 01       		.uleb128 0x1
 424 01fc 50       		.byte	0x50
 425 01fd 01       		.uleb128 0x1
 426 01fe 33       		.byte	0x33
 427 01ff 00       		.byte	0
 428 0200 09       		.uleb128 0x9
 429 0201 22000000 		.4byte	.LVL15
 430 0205 CD020000 		.4byte	0x2cd
 431 0209 1C020000 		.4byte	0x21c
 432 020d 0A       		.uleb128 0xa
 433 020e 01       		.uleb128 0x1
 434 020f 51       		.byte	0x51
 435 0210 05       		.uleb128 0x5
 436 0211 03       		.byte	0x3
 437 0212 00000000 		.4byte	NestedIsrHandler
 438 0216 0A       		.uleb128 0xa
 439 0217 01       		.uleb128 0x1
 440 0218 50       		.byte	0x50
 441 0219 01       		.uleb128 0x1
 442 021a 31       		.byte	0x31
 443 021b 00       		.byte	0
 444 021c 09       		.uleb128 0x9
 445 021d 2A000000 		.4byte	.LVL16
 446 0221 E7020000 		.4byte	0x2e7
 447 0225 34020000 		.4byte	0x234
 448 0229 0A       		.uleb128 0xa
 449 022a 01       		.uleb128 0x1
 450 022b 51       		.byte	0x51
 451 022c 01       		.uleb128 0x1
 452 022d 32       		.byte	0x32
 453 022e 0A       		.uleb128 0xa
 454 022f 01       		.uleb128 0x1
 455 0230 50       		.byte	0x50
 456 0231 01       		.uleb128 0x1
 457 0232 31       		.byte	0x31
 458 0233 00       		.byte	0
 459 0234 0B       		.uleb128 0xb
 460 0235 30000000 		.4byte	.LVL17
 461 0239 FD020000 		.4byte	0x2fd
 462 023d 0A       		.uleb128 0xa
 463 023e 01       		.uleb128 0x1
 464 023f 50       		.byte	0x50
 465 0240 01       		.uleb128 0x1
 466 0241 31       		.byte	0x31
 467 0242 00       		.byte	0
 468 0243 00       		.byte	0
ARM GAS  C:\Users\JOSANT~1\AppData\Local\Temp\ccaQKpLH.s 			page 12


 469 0244 0D       		.uleb128 0xd
 470 0245 12020000 		.4byte	.LASF30
 471 0249 06       		.byte	0x6
 472 024a 28       		.byte	0x28
 473 024b 0E       		.uleb128 0xe
 474 024c 5F010000 		.4byte	.LASF31
 475 0250 07       		.byte	0x7
 476 0251 39       		.byte	0x39
 477 0252 6B000000 		.4byte	0x6b
 478 0256 0F       		.uleb128 0xf
 479 0257 60020000 		.4byte	.LASF19
 480 025b 03       		.byte	0x3
 481 025c 33       		.byte	0x33
 482 025d 67020000 		.4byte	0x267
 483 0261 10       		.uleb128 0x10
 484 0262 6B000000 		.4byte	0x6b
 485 0266 00       		.byte	0
 486 0267 0F       		.uleb128 0xf
 487 0268 58020000 		.4byte	.LASF20
 488 026c 04       		.byte	0x4
 489 026d D9       		.byte	0xd9
 490 026e 78020000 		.4byte	0x278
 491 0272 10       		.uleb128 0x10
 492 0273 77000000 		.4byte	0x77
 493 0277 00       		.byte	0
 494 0278 0F       		.uleb128 0xf
 495 0279 22000000 		.4byte	.LASF21
 496 027d 04       		.byte	0x4
 497 027e C7       		.byte	0xc7
 498 027f 89020000 		.4byte	0x289
 499 0283 10       		.uleb128 0x10
 500 0284 6B000000 		.4byte	0x6b
 501 0288 00       		.byte	0
 502 0289 0F       		.uleb128 0xf
 503 028a 2A010000 		.4byte	.LASF22
 504 028e 04       		.byte	0x4
 505 028f C8       		.byte	0xc8
 506 0290 9A020000 		.4byte	0x29a
 507 0294 10       		.uleb128 0x10
 508 0295 6B000000 		.4byte	0x6b
 509 0299 00       		.byte	0
 510 029a 0F       		.uleb128 0xf
 511 029b 3B020000 		.4byte	.LASF23
 512 029f 05       		.byte	0x5
 513 02a0 33       		.byte	0x33
 514 02a1 AB020000 		.4byte	0x2ab
 515 02a5 10       		.uleb128 0x10
 516 02a6 6B000000 		.4byte	0x6b
 517 02aa 00       		.byte	0
 518 02ab 0F       		.uleb128 0xf
 519 02ac 5B000000 		.4byte	.LASF24
 520 02b0 06       		.byte	0x6
 521 02b1 18       		.byte	0x18
 522 02b2 BC020000 		.4byte	0x2bc
 523 02b6 10       		.uleb128 0x10
 524 02b7 98000000 		.4byte	0x98
 525 02bb 00       		.byte	0
ARM GAS  C:\Users\JOSANT~1\AppData\Local\Temp\ccaQKpLH.s 			page 13


 526 02bc 0F       		.uleb128 0xf
 527 02bd 46000000 		.4byte	.LASF25
 528 02c1 06       		.byte	0x6
 529 02c2 20       		.byte	0x20
 530 02c3 CD020000 		.4byte	0x2cd
 531 02c7 10       		.uleb128 0x10
 532 02c8 6B000000 		.4byte	0x6b
 533 02cc 00       		.byte	0
 534 02cd 11       		.uleb128 0x11
 535 02ce 00000000 		.4byte	.LASF32
 536 02d2 04       		.byte	0x4
 537 02d3 BD       		.byte	0xbd
 538 02d4 98000000 		.4byte	0x98
 539 02d8 E7020000 		.4byte	0x2e7
 540 02dc 10       		.uleb128 0x10
 541 02dd 6B000000 		.4byte	0x6b
 542 02e1 10       		.uleb128 0x10
 543 02e2 98000000 		.4byte	0x98
 544 02e6 00       		.byte	0
 545 02e7 0F       		.uleb128 0xf
 546 02e8 0C010000 		.4byte	.LASF26
 547 02ec 04       		.byte	0x4
 548 02ed C0       		.byte	0xc0
 549 02ee FD020000 		.4byte	0x2fd
 550 02f2 10       		.uleb128 0x10
 551 02f3 6B000000 		.4byte	0x6b
 552 02f7 10       		.uleb128 0x10
 553 02f8 6B000000 		.4byte	0x6b
 554 02fc 00       		.byte	0
 555 02fd 12       		.uleb128 0x12
 556 02fe 8B000000 		.4byte	.LASF33
 557 0302 04       		.byte	0x4
 558 0303 C3       		.byte	0xc3
 559 0304 10       		.uleb128 0x10
 560 0305 6B000000 		.4byte	0x6b
 561 0309 00       		.byte	0
 562 030a 00       		.byte	0
 563              		.section	.debug_abbrev,"",%progbits
 564              	.Ldebug_abbrev0:
 565 0000 01       		.uleb128 0x1
 566 0001 11       		.uleb128 0x11
 567 0002 01       		.byte	0x1
 568 0003 25       		.uleb128 0x25
 569 0004 0E       		.uleb128 0xe
 570 0005 13       		.uleb128 0x13
 571 0006 0B       		.uleb128 0xb
 572 0007 03       		.uleb128 0x3
 573 0008 0E       		.uleb128 0xe
 574 0009 1B       		.uleb128 0x1b
 575 000a 0E       		.uleb128 0xe
 576 000b 55       		.uleb128 0x55
 577 000c 17       		.uleb128 0x17
 578 000d 11       		.uleb128 0x11
 579 000e 01       		.uleb128 0x1
 580 000f 10       		.uleb128 0x10
 581 0010 17       		.uleb128 0x17
 582 0011 00       		.byte	0
ARM GAS  C:\Users\JOSANT~1\AppData\Local\Temp\ccaQKpLH.s 			page 14


 583 0012 00       		.byte	0
 584 0013 02       		.uleb128 0x2
 585 0014 24       		.uleb128 0x24
 586 0015 00       		.byte	0
 587 0016 0B       		.uleb128 0xb
 588 0017 0B       		.uleb128 0xb
 589 0018 3E       		.uleb128 0x3e
 590 0019 0B       		.uleb128 0xb
 591 001a 03       		.uleb128 0x3
 592 001b 0E       		.uleb128 0xe
 593 001c 00       		.byte	0
 594 001d 00       		.byte	0
 595 001e 03       		.uleb128 0x3
 596 001f 24       		.uleb128 0x24
 597 0020 00       		.byte	0
 598 0021 0B       		.uleb128 0xb
 599 0022 0B       		.uleb128 0xb
 600 0023 3E       		.uleb128 0x3e
 601 0024 0B       		.uleb128 0xb
 602 0025 03       		.uleb128 0x3
 603 0026 08       		.uleb128 0x8
 604 0027 00       		.byte	0
 605 0028 00       		.byte	0
 606 0029 04       		.uleb128 0x4
 607 002a 16       		.uleb128 0x16
 608 002b 00       		.byte	0
 609 002c 03       		.uleb128 0x3
 610 002d 0E       		.uleb128 0xe
 611 002e 3A       		.uleb128 0x3a
 612 002f 0B       		.uleb128 0xb
 613 0030 3B       		.uleb128 0x3b
 614 0031 05       		.uleb128 0x5
 615 0032 49       		.uleb128 0x49
 616 0033 13       		.uleb128 0x13
 617 0034 00       		.byte	0
 618 0035 00       		.byte	0
 619 0036 05       		.uleb128 0x5
 620 0037 0F       		.uleb128 0xf
 621 0038 00       		.byte	0
 622 0039 0B       		.uleb128 0xb
 623 003a 0B       		.uleb128 0xb
 624 003b 49       		.uleb128 0x49
 625 003c 13       		.uleb128 0x13
 626 003d 00       		.byte	0
 627 003e 00       		.byte	0
 628 003f 06       		.uleb128 0x6
 629 0040 15       		.uleb128 0x15
 630 0041 00       		.byte	0
 631 0042 27       		.uleb128 0x27
 632 0043 19       		.uleb128 0x19
 633 0044 00       		.byte	0
 634 0045 00       		.byte	0
 635 0046 07       		.uleb128 0x7
 636 0047 2E       		.uleb128 0x2e
 637 0048 01       		.byte	0x1
 638 0049 3F       		.uleb128 0x3f
 639 004a 19       		.uleb128 0x19
ARM GAS  C:\Users\JOSANT~1\AppData\Local\Temp\ccaQKpLH.s 			page 15


 640 004b 03       		.uleb128 0x3
 641 004c 0E       		.uleb128 0xe
 642 004d 3A       		.uleb128 0x3a
 643 004e 0B       		.uleb128 0xb
 644 004f 3B       		.uleb128 0x3b
 645 0050 0B       		.uleb128 0xb
 646 0051 27       		.uleb128 0x27
 647 0052 19       		.uleb128 0x19
 648 0053 11       		.uleb128 0x11
 649 0054 01       		.uleb128 0x1
 650 0055 12       		.uleb128 0x12
 651 0056 06       		.uleb128 0x6
 652 0057 40       		.uleb128 0x40
 653 0058 18       		.uleb128 0x18
 654 0059 9742     		.uleb128 0x2117
 655 005b 19       		.uleb128 0x19
 656 005c 01       		.uleb128 0x1
 657 005d 13       		.uleb128 0x13
 658 005e 00       		.byte	0
 659 005f 00       		.byte	0
 660 0060 08       		.uleb128 0x8
 661 0061 898201   		.uleb128 0x4109
 662 0064 00       		.byte	0
 663 0065 11       		.uleb128 0x11
 664 0066 01       		.uleb128 0x1
 665 0067 31       		.uleb128 0x31
 666 0068 13       		.uleb128 0x13
 667 0069 00       		.byte	0
 668 006a 00       		.byte	0
 669 006b 09       		.uleb128 0x9
 670 006c 898201   		.uleb128 0x4109
 671 006f 01       		.byte	0x1
 672 0070 11       		.uleb128 0x11
 673 0071 01       		.uleb128 0x1
 674 0072 31       		.uleb128 0x31
 675 0073 13       		.uleb128 0x13
 676 0074 01       		.uleb128 0x1
 677 0075 13       		.uleb128 0x13
 678 0076 00       		.byte	0
 679 0077 00       		.byte	0
 680 0078 0A       		.uleb128 0xa
 681 0079 8A8201   		.uleb128 0x410a
 682 007c 00       		.byte	0
 683 007d 02       		.uleb128 0x2
 684 007e 18       		.uleb128 0x18
 685 007f 9142     		.uleb128 0x2111
 686 0081 18       		.uleb128 0x18
 687 0082 00       		.byte	0
 688 0083 00       		.byte	0
 689 0084 0B       		.uleb128 0xb
 690 0085 898201   		.uleb128 0x4109
 691 0088 01       		.byte	0x1
 692 0089 11       		.uleb128 0x11
 693 008a 01       		.uleb128 0x1
 694 008b 31       		.uleb128 0x31
 695 008c 13       		.uleb128 0x13
 696 008d 00       		.byte	0
ARM GAS  C:\Users\JOSANT~1\AppData\Local\Temp\ccaQKpLH.s 			page 16


 697 008e 00       		.byte	0
 698 008f 0C       		.uleb128 0xc
 699 0090 2E       		.uleb128 0x2e
 700 0091 01       		.byte	0x1
 701 0092 3F       		.uleb128 0x3f
 702 0093 19       		.uleb128 0x19
 703 0094 03       		.uleb128 0x3
 704 0095 0E       		.uleb128 0xe
 705 0096 3A       		.uleb128 0x3a
 706 0097 0B       		.uleb128 0xb
 707 0098 3B       		.uleb128 0x3b
 708 0099 0B       		.uleb128 0xb
 709 009a 49       		.uleb128 0x49
 710 009b 13       		.uleb128 0x13
 711 009c 11       		.uleb128 0x11
 712 009d 01       		.uleb128 0x1
 713 009e 12       		.uleb128 0x12
 714 009f 06       		.uleb128 0x6
 715 00a0 40       		.uleb128 0x40
 716 00a1 18       		.uleb128 0x18
 717 00a2 9742     		.uleb128 0x2117
 718 00a4 19       		.uleb128 0x19
 719 00a5 01       		.uleb128 0x1
 720 00a6 13       		.uleb128 0x13
 721 00a7 00       		.byte	0
 722 00a8 00       		.byte	0
 723 00a9 0D       		.uleb128 0xd
 724 00aa 2E       		.uleb128 0x2e
 725 00ab 00       		.byte	0
 726 00ac 3F       		.uleb128 0x3f
 727 00ad 19       		.uleb128 0x19
 728 00ae 03       		.uleb128 0x3
 729 00af 0E       		.uleb128 0xe
 730 00b0 3A       		.uleb128 0x3a
 731 00b1 0B       		.uleb128 0xb
 732 00b2 3B       		.uleb128 0x3b
 733 00b3 0B       		.uleb128 0xb
 734 00b4 27       		.uleb128 0x27
 735 00b5 19       		.uleb128 0x19
 736 00b6 3C       		.uleb128 0x3c
 737 00b7 19       		.uleb128 0x19
 738 00b8 00       		.byte	0
 739 00b9 00       		.byte	0
 740 00ba 0E       		.uleb128 0xe
 741 00bb 2E       		.uleb128 0x2e
 742 00bc 00       		.byte	0
 743 00bd 3F       		.uleb128 0x3f
 744 00be 19       		.uleb128 0x19
 745 00bf 03       		.uleb128 0x3
 746 00c0 0E       		.uleb128 0xe
 747 00c1 3A       		.uleb128 0x3a
 748 00c2 0B       		.uleb128 0xb
 749 00c3 3B       		.uleb128 0x3b
 750 00c4 0B       		.uleb128 0xb
 751 00c5 27       		.uleb128 0x27
 752 00c6 19       		.uleb128 0x19
 753 00c7 49       		.uleb128 0x49
ARM GAS  C:\Users\JOSANT~1\AppData\Local\Temp\ccaQKpLH.s 			page 17


 754 00c8 13       		.uleb128 0x13
 755 00c9 3C       		.uleb128 0x3c
 756 00ca 19       		.uleb128 0x19
 757 00cb 00       		.byte	0
 758 00cc 00       		.byte	0
 759 00cd 0F       		.uleb128 0xf
 760 00ce 2E       		.uleb128 0x2e
 761 00cf 01       		.byte	0x1
 762 00d0 3F       		.uleb128 0x3f
 763 00d1 19       		.uleb128 0x19
 764 00d2 03       		.uleb128 0x3
 765 00d3 0E       		.uleb128 0xe
 766 00d4 3A       		.uleb128 0x3a
 767 00d5 0B       		.uleb128 0xb
 768 00d6 3B       		.uleb128 0x3b
 769 00d7 0B       		.uleb128 0xb
 770 00d8 27       		.uleb128 0x27
 771 00d9 19       		.uleb128 0x19
 772 00da 3C       		.uleb128 0x3c
 773 00db 19       		.uleb128 0x19
 774 00dc 01       		.uleb128 0x1
 775 00dd 13       		.uleb128 0x13
 776 00de 00       		.byte	0
 777 00df 00       		.byte	0
 778 00e0 10       		.uleb128 0x10
 779 00e1 05       		.uleb128 0x5
 780 00e2 00       		.byte	0
 781 00e3 49       		.uleb128 0x49
 782 00e4 13       		.uleb128 0x13
 783 00e5 00       		.byte	0
 784 00e6 00       		.byte	0
 785 00e7 11       		.uleb128 0x11
 786 00e8 2E       		.uleb128 0x2e
 787 00e9 01       		.byte	0x1
 788 00ea 3F       		.uleb128 0x3f
 789 00eb 19       		.uleb128 0x19
 790 00ec 03       		.uleb128 0x3
 791 00ed 0E       		.uleb128 0xe
 792 00ee 3A       		.uleb128 0x3a
 793 00ef 0B       		.uleb128 0xb
 794 00f0 3B       		.uleb128 0x3b
 795 00f1 0B       		.uleb128 0xb
 796 00f2 27       		.uleb128 0x27
 797 00f3 19       		.uleb128 0x19
 798 00f4 49       		.uleb128 0x49
 799 00f5 13       		.uleb128 0x13
 800 00f6 3C       		.uleb128 0x3c
 801 00f7 19       		.uleb128 0x19
 802 00f8 01       		.uleb128 0x1
 803 00f9 13       		.uleb128 0x13
 804 00fa 00       		.byte	0
 805 00fb 00       		.byte	0
 806 00fc 12       		.uleb128 0x12
 807 00fd 2E       		.uleb128 0x2e
 808 00fe 01       		.byte	0x1
 809 00ff 3F       		.uleb128 0x3f
 810 0100 19       		.uleb128 0x19
ARM GAS  C:\Users\JOSANT~1\AppData\Local\Temp\ccaQKpLH.s 			page 18


 811 0101 03       		.uleb128 0x3
 812 0102 0E       		.uleb128 0xe
 813 0103 3A       		.uleb128 0x3a
 814 0104 0B       		.uleb128 0xb
 815 0105 3B       		.uleb128 0x3b
 816 0106 0B       		.uleb128 0xb
 817 0107 27       		.uleb128 0x27
 818 0108 19       		.uleb128 0x19
 819 0109 3C       		.uleb128 0x3c
 820 010a 19       		.uleb128 0x19
 821 010b 00       		.byte	0
 822 010c 00       		.byte	0
 823 010d 00       		.byte	0
 824              		.section	.debug_aranges,"",%progbits
 825 0000 2C000000 		.4byte	0x2c
 826 0004 0200     		.2byte	0x2
 827 0006 00000000 		.4byte	.Ldebug_info0
 828 000a 04       		.byte	0x4
 829 000b 00       		.byte	0
 830 000c 0000     		.2byte	0
 831 000e 0000     		.2byte	0
 832 0010 00000000 		.4byte	.LFB35
 833 0014 26000000 		.4byte	.LFE35-.LFB35
 834 0018 00000000 		.4byte	.LFB36
 835 001c 26000000 		.4byte	.LFE36-.LFB36
 836 0020 00000000 		.4byte	.LFB34
 837 0024 3C000000 		.4byte	.LFE34-.LFB34
 838 0028 00000000 		.4byte	0
 839 002c 00000000 		.4byte	0
 840              		.section	.debug_ranges,"",%progbits
 841              	.Ldebug_ranges0:
 842 0000 00000000 		.4byte	.LFB35
 843 0004 26000000 		.4byte	.LFE35
 844 0008 00000000 		.4byte	.LFB36
 845 000c 26000000 		.4byte	.LFE36
 846 0010 00000000 		.4byte	.LFB34
 847 0014 3C000000 		.4byte	.LFE34
 848 0018 00000000 		.4byte	0
 849 001c 00000000 		.4byte	0
 850              		.section	.debug_line,"",%progbits
 851              	.Ldebug_line0:
 852 0000 D2000000 		.section	.debug_str,"MS",%progbits,1
 852      02008300 
 852      00000201 
 852      FB0E0D00 
 852      01010101 
 853              	.LASF32:
 854 0000 4379496E 		.ascii	"CyIntSetVector\000"
 854      74536574 
 854      56656374 
 854      6F7200
 855              	.LASF3:
 856 000f 73686F72 		.ascii	"short unsigned int\000"
 856      7420756E 
 856      7369676E 
 856      65642069 
 856      6E7400
ARM GAS  C:\Users\JOSANT~1\AppData\Local\Temp\ccaQKpLH.s 			page 19


 857              	.LASF21:
 858 0022 4379496E 		.ascii	"CyIntSetPending\000"
 858      74536574 
 858      50656E64 
 858      696E6700 
 859              	.LASF11:
 860 0032 666C6F61 		.ascii	"float\000"
 860      7400
 861              	.LASF1:
 862 0038 756E7369 		.ascii	"unsigned char\000"
 862      676E6564 
 862      20636861 
 862      7200
 863              	.LASF25:
 864 0046 6973725F 		.ascii	"isr_GPIO_SetPriority\000"
 864      4750494F 
 864      5F536574 
 864      5072696F 
 864      72697479 
 865              	.LASF24:
 866 005b 6973725F 		.ascii	"isr_GPIO_StartEx\000"
 866      4750494F 
 866      5F537461 
 866      72744578 
 866      00
 867              	.LASF5:
 868 006c 6C6F6E67 		.ascii	"long unsigned int\000"
 868      20756E73 
 868      69676E65 
 868      6420696E 
 868      7400
 869              	.LASF9:
 870 007e 75696E74 		.ascii	"uint8\000"
 870      3800
 871              	.LASF12:
 872 0084 646F7562 		.ascii	"double\000"
 872      6C6500
 873              	.LASF33:
 874 008b 4379496E 		.ascii	"CyIntEnable\000"
 874      74456E61 
 874      626C6500 
 875              	.LASF10:
 876 0097 75696E74 		.ascii	"uint32\000"
 876      333200
 877              	.LASF18:
 878 009e 6D61696E 		.ascii	"main\000"
 878      00
 879              	.LASF29:
 880 00a3 433A5C50 		.ascii	"C:\\Practicas\\LedJoselito\\Interrupts_Example01.cy"
 880      72616374 
 880      69636173 
 880      5C4C6564 
 880      4A6F7365 
 881 00d3 64736E00 		.ascii	"dsn\000"
 882              	.LASF8:
 883 00d7 756E7369 		.ascii	"unsigned int\000"
 883      676E6564 
ARM GAS  C:\Users\JOSANT~1\AppData\Local\Temp\ccaQKpLH.s 			page 20


 883      20696E74 
 883      00
 884              	.LASF17:
 885 00e4 4E657374 		.ascii	"NestedIsrHandler\000"
 885      65644973 
 885      7248616E 
 885      646C6572 
 885      00
 886              	.LASF7:
 887 00f5 6C6F6E67 		.ascii	"long long unsigned int\000"
 887      206C6F6E 
 887      6720756E 
 887      7369676E 
 887      65642069 
 888              	.LASF26:
 889 010c 4379496E 		.ascii	"CyIntSetPriority\000"
 889      74536574 
 889      5072696F 
 889      72697479 
 889      00
 890              	.LASF14:
 891 011d 63796973 		.ascii	"cyisraddress\000"
 891      72616464 
 891      72657373 
 891      00
 892              	.LASF22:
 893 012a 4379496E 		.ascii	"CyIntClearPending\000"
 893      74436C65 
 893      61725065 
 893      6E64696E 
 893      6700
 894              	.LASF15:
 895 013c 73697A65 		.ascii	"sizetype\000"
 895      74797065 
 895      00
 896              	.LASF6:
 897 0145 6C6F6E67 		.ascii	"long long int\000"
 897      206C6F6E 
 897      6720696E 
 897      7400
 898              	.LASF28:
 899 0153 6D61696E 		.ascii	"main.c\000"
 899      2E6300
 900              	.LASF13:
 901 015a 63686172 		.ascii	"char\000"
 901      00
 902              	.LASF31:
 903 015f 50696E5F 		.ascii	"Pin_Sw_ClearInterrupt\000"
 903      53775F43 
 903      6C656172 
 903      496E7465 
 903      72727570 
 904              	.LASF16:
 905 0175 4750494F 		.ascii	"GPIOIsrHandler\000"
 905      49737248 
 905      616E646C 
 905      657200
ARM GAS  C:\Users\JOSANT~1\AppData\Local\Temp\ccaQKpLH.s 			page 21


 906              	.LASF27:
 907 0184 474E5520 		.ascii	"GNU C 4.9.3 20150303 (release) [ARM/embedded-4_9-br"
 907      4320342E 
 907      392E3320 
 907      32303135 
 907      30333033 
 908 01b7 616E6368 		.ascii	"anch revision 221220] -mcpu=cortex-m0 -mthumb -g -O"
 908      20726576 
 908      6973696F 
 908      6E203232 
 908      31323230 
 909 01ea 67202D66 		.ascii	"g -ffunction-sections -ffat-lto-objects\000"
 909      66756E63 
 909      74696F6E 
 909      2D736563 
 909      74696F6E 
 910              	.LASF30:
 911 0212 6973725F 		.ascii	"isr_GPIO_ClearPending\000"
 911      4750494F 
 911      5F436C65 
 911      61725065 
 911      6E64696E 
 912              	.LASF2:
 913 0228 73686F72 		.ascii	"short int\000"
 913      7420696E 
 913      7400
 914              	.LASF4:
 915 0232 6C6F6E67 		.ascii	"long int\000"
 915      20696E74 
 915      00
 916              	.LASF23:
 917 023b 4C45445F 		.ascii	"LED_Nested_Write\000"
 917      4E657374 
 917      65645F57 
 917      72697465 
 917      00
 918              	.LASF0:
 919 024c 7369676E 		.ascii	"signed char\000"
 919      65642063 
 919      68617200 
 920              	.LASF20:
 921 0258 43794465 		.ascii	"CyDelay\000"
 921      6C617900 
 922              	.LASF19:
 923 0260 4C45445F 		.ascii	"LED_Isr_Write\000"
 923      4973725F 
 923      57726974 
 923      6500
 924              		.ident	"GCC: (GNU Tools for ARM Embedded Processors) 4.9.3 20150303 (release) [ARM/embedded-4_9-br
