ARM GAS  C:\Users\JOSANT~1\AppData\Local\Temp\cc5cD9mO.s 			page 1


   1              		.syntax unified
   2              		.cpu cortex-m3
   3              		.fpu softvfp
   4              		.eabi_attribute 20, 1
   5              		.eabi_attribute 21, 1
   6              		.eabi_attribute 23, 3
   7              		.eabi_attribute 24, 1
   8              		.eabi_attribute 25, 1
   9              		.eabi_attribute 26, 1
  10              		.eabi_attribute 30, 1
  11              		.eabi_attribute 34, 1
  12              		.eabi_attribute 18, 4
  13              		.thumb
  14              		.file	"cymetadata.c"
  15              		.text
  16              	.Ltext0:
  17              		.cfi_sections	.debug_frame
  18              		.global	cy_metadata
  19              		.global	cy_meta_flashprotect
  20              		.global	cy_meta_wonvl
  21              		.global	cy_meta_custnvl
  22              		.global	cy_meta_configecc
  23              		.section	.cyconfigecc,"a",%progbits
  24              		.align	2
  25              		.type	cy_meta_configecc, %object
  26              		.size	cy_meta_configecc, 224
  27              	cy_meta_configecc:
  28 0000 2F       		.byte	47
  29 0001 0A       		.byte	10
  30 0002 01       		.byte	1
  31 0003 40       		.byte	64
  32 0004 23       		.byte	35
  33 0005 0B       		.byte	11
  34 0006 01       		.byte	1
  35 0007 40       		.byte	64
  36 0008 02       		.byte	2
  37 0009 0C       		.byte	12
  38 000a 01       		.byte	1
  39 000b 40       		.byte	64
  40 000c 04       		.byte	4
  41 000d 0D       		.byte	13
  42 000e 01       		.byte	1
  43 000f 40       		.byte	64
  44 0010 02       		.byte	2
  45 0011 50       		.byte	80
  46 0012 01       		.byte	1
  47 0013 40       		.byte	64
  48 0014 0C       		.byte	12
  49 0015 05       		.byte	5
  50 0016 0E       		.byte	14
  51 0017 0A       		.byte	10
  52 0018 1C       		.byte	28
  53 0019 02       		.byte	2
  54 001a 1E       		.byte	30
  55 001b 01       		.byte	1
  56 001c 24       		.byte	36
  57 001d 0A       		.byte	10
ARM GAS  C:\Users\JOSANT~1\AppData\Local\Temp\cc5cD9mO.s 			page 2


  58 001e 26       		.byte	38
  59 001f 05       		.byte	5
  60 0020 28       		.byte	40
  61 0021 08       		.byte	8
  62 0022 2A       		.byte	42
  63 0023 04       		.byte	4
  64 0024 34       		.byte	52
  65 0025 03       		.byte	3
  66 0026 36       		.byte	54
  67 0027 0C       		.byte	12
  68 0028 3E       		.byte	62
  69 0029 50       		.byte	80
  70 002a 58       		.byte	88
  71 002b 04       		.byte	4
  72 002c 5B       		.byte	91
  73 002d 04       		.byte	4
  74 002e 5F       		.byte	95
  75 002f 01       		.byte	1
  76 0030 81       		.byte	-127
  77 0031 DA       		.byte	-38
  78 0032 83       		.byte	-125
  79 0033 24       		.byte	36
  80 0034 85       		.byte	-123
  81 0035 2A       		.byte	42
  82 0036 87       		.byte	-121
  83 0037 91       		.byte	-111
  84 0038 89       		.byte	-119
  85 0039 54       		.byte	84
  86 003a 8B       		.byte	-117
  87 003b 21       		.byte	33
  88 003c 91       		.byte	-111
  89 003d 49       		.byte	73
  90 003e 93       		.byte	-109
  91 003f B2       		.byte	-78
  92 0040 9C       		.byte	-100
  93 0041 2D       		.byte	45
  94 0042 9E       		.byte	-98
  95 0043 10       		.byte	16
  96 0044 A4       		.byte	-92
  97 0045 09       		.byte	9
  98 0046 A6       		.byte	-90
  99 0047 12       		.byte	18
 100 0048 A8       		.byte	-88
 101 0049 16       		.byte	22
 102 004a AA       		.byte	-86
 103 004b 28       		.byte	40
 104 004c AC       		.byte	-84
 105 004d 07       		.byte	7
 106 004e AE       		.byte	-82
 107 004f 38       		.byte	56
 108 0050 B0       		.byte	-80
 109 0051 03       		.byte	3
 110 0052 B1       		.byte	-79
 111 0053 07       		.byte	7
 112 0054 B2       		.byte	-78
 113 0055 1C       		.byte	28
 114 0056 B3       		.byte	-77
ARM GAS  C:\Users\JOSANT~1\AppData\Local\Temp\cc5cD9mO.s 			page 3


 115 0057 38       		.byte	56
 116 0058 B4       		.byte	-76
 117 0059 21       		.byte	33
 118 005a B5       		.byte	-75
 119 005b C0       		.byte	-64
 120 005c B6       		.byte	-74
 121 005d 03       		.byte	3
 122 005e B7       		.byte	-73
 123 005f 07       		.byte	7
 124 0060 B8       		.byte	-72
 125 0061 AA       		.byte	-86
 126 0062 B9       		.byte	-71
 127 0063 28       		.byte	40
 128 0064 BE       		.byte	-66
 129 0065 15       		.byte	21
 130 0066 BF       		.byte	-65
 131 0067 40       		.byte	64
 132 0068 D8       		.byte	-40
 133 0069 0B       		.byte	11
 134 006a D9       		.byte	-39
 135 006b 0B       		.byte	11
 136 006c DB       		.byte	-37
 137 006d 04       		.byte	4
 138 006e DC       		.byte	-36
 139 006f 99       		.byte	-103
 140 0070 DF       		.byte	-33
 141 0071 01       		.byte	1
 142 0072 01       		.byte	1
 143 0073 40       		.byte	64
 144 0074 0A       		.byte	10
 145 0075 01       		.byte	1
 146 0076 0E       		.byte	14
 147 0077 01       		.byte	1
 148 0078 10       		.byte	16
 149 0079 28       		.byte	40
 150 007a 15       		.byte	21
 151 007b 40       		.byte	64
 152 007c 17       		.byte	23
 153 007d 14       		.byte	20
 154 007e 19       		.byte	25
 155 007f 50       		.byte	80
 156 0080 1E       		.byte	30
 157 0081 68       		.byte	104
 158 0082 1F       		.byte	31
 159 0083 40       		.byte	64
 160 0084 24       		.byte	36
 161 0085 01       		.byte	1
 162 0086 26       		.byte	38
 163 0087 01       		.byte	1
 164 0088 27       		.byte	39
 165 0089 28       		.byte	40
 166 008a 37       		.byte	55
 167 008b 01       		.byte	1
 168 008c 38       		.byte	56
 169 008d 40       		.byte	64
 170 008e 3B       		.byte	59
 171 008f 80       		.byte	-128
ARM GAS  C:\Users\JOSANT~1\AppData\Local\Temp\cc5cD9mO.s 			page 4


 172 0090 3E       		.byte	62
 173 0091 15       		.byte	21
 174 0092 59       		.byte	89
 175 0093 50       		.byte	80
 176 0094 5C       		.byte	92
 177 0095 01       		.byte	1
 178 0096 5E       		.byte	94
 179 0097 68       		.byte	104
 180 0098 6A       		.byte	106
 181 0099 80       		.byte	-128
 182 009a 6C       		.byte	108
 183 009b 28       		.byte	40
 184 009c 6D       		.byte	109
 185 009d 40       		.byte	64
 186 009e 6E       		.byte	110
 187 009f 15       		.byte	21
 188 00a0 6F       		.byte	111
 189 00a1 15       		.byte	21
 190 00a2 7E       		.byte	126
 191 00a3 40       		.byte	64
 192 00a4 94       		.byte	-108
 193 00a5 40       		.byte	64
 194 00a6 9F       		.byte	-97
 195 00a7 28       		.byte	40
 196 00a8 A6       		.byte	-90
 197 00a9 01       		.byte	1
 198 00aa C0       		.byte	-64
 199 00ab 01       		.byte	1
 200 00ac C2       		.byte	-62
 201 00ad 81       		.byte	-127
 202 00ae C4       		.byte	-60
 203 00af E6       		.byte	-26
 204 00b0 CC       		.byte	-52
 205 00b1 80       		.byte	-128
 206 00b2 CE       		.byte	-50
 207 00b3 E0       		.byte	-32
 208 00b4 D6       		.byte	-42
 209 00b5 FC       		.byte	-4
 210 00b6 DE       		.byte	-34
 211 00b7 80       		.byte	-128
 212 00b8 5B       		.byte	91
 213 00b9 04       		.byte	4
 214 00ba 5F       		.byte	95
 215 00bb 01       		.byte	1
 216 00bc 5C       		.byte	92
 217 00bd 40       		.byte	64
 218 00be 5E       		.byte	94
 219 00bf 02       		.byte	2
 220 00c0 5F       		.byte	95
 221 00c1 28       		.byte	40
 222 00c2 D6       		.byte	-42
 223 00c3 F0       		.byte	-16
 224 00c4 01       		.byte	1
 225 00c5 01       		.byte	1
 226 00c6 0D       		.byte	13
 227 00c7 01       		.byte	1
 228 00c8 80       		.byte	-128
ARM GAS  C:\Users\JOSANT~1\AppData\Local\Temp\cc5cD9mO.s 			page 5


 229 00c9 00       		.byte	0
 230 00ca 00       		.byte	0
 231 00cb 8B       		.byte	-117
 232 00cc 0B       		.byte	11
 233 00cd 00       		.byte	0
 234 00ce 00       		.byte	0
 235 00cf 00       		.byte	0
 236 00d0 00       		.byte	0
 237 00d1 00       		.byte	0
 238 00d2 00       		.byte	0
 239 00d3 00       		.byte	0
 240 00d4 80       		.byte	-128
 241 00d5 00       		.byte	0
 242 00d6 00       		.byte	0
 243 00d7 FF       		.byte	-1
 244 00d8 7F       		.byte	127
 245 00d9 00       		.byte	0
 246 00da 00       		.byte	0
 247 00db 00       		.byte	0
 248 00dc 00       		.byte	0
 249 00dd 00       		.byte	0
 250 00de 00       		.byte	0
 251 00df 00       		.byte	0
 252              		.section	.cywolatch,"a",%progbits
 253              		.align	2
 254              		.type	cy_meta_wonvl, %object
 255              		.size	cy_meta_wonvl, 4
 256              	cy_meta_wonvl:
 257 0000 BC       		.byte	-68
 258 0001 90       		.byte	-112
 259 0002 AC       		.byte	-84
 260 0003 AF       		.byte	-81
 261              		.section	.cycustnvl,"a",%progbits
 262              		.align	2
 263              		.type	cy_meta_custnvl, %object
 264              		.size	cy_meta_custnvl, 4
 265              	cy_meta_custnvl:
 266 0000 00       		.byte	0
 267 0001 00       		.byte	0
 268 0002 40       		.byte	64
 269 0003 05       		.byte	5
 270              		.section	.cymeta,"a",%progbits
 271              		.align	2
 272              		.type	cy_metadata, %object
 273              		.size	cy_metadata, 12
 274              	cy_metadata:
 275 0000 00       		.byte	0
 276 0001 01       		.byte	1
 277 0002 2E       		.byte	46
 278 0003 12       		.byte	18
 279 0004 30       		.byte	48
 280 0005 69       		.byte	105
 281 0006 00       		.byte	0
 282 0007 01       		.byte	1
 283 0008 00       		.byte	0
 284 0009 00       		.byte	0
 285 000a 00       		.byte	0
ARM GAS  C:\Users\JOSANT~1\AppData\Local\Temp\cc5cD9mO.s 			page 6


 286 000b 00       		.byte	0
 287              		.section	.cyflashprotect,"a",%progbits
 288              		.align	2
 289              		.type	cy_meta_flashprotect, %object
 290              		.size	cy_meta_flashprotect, 256
 291              	cy_meta_flashprotect:
 292 0000 00000000 		.space	256
 292      00000000 
 292      00000000 
 292      00000000 
 292      00000000 
 293              		.text
 294              	.Letext0:
 295              		.file 1 "Generated_Source\\PSoC5\\cymetadata.c"
 296              		.file 2 "Generated_Source\\PSoC5\\cytypes.h"
 297              		.section	.debug_info,"",%progbits
 298              	.Ldebug_info0:
 299 0000 36010000 		.4byte	0x136
 300 0004 0400     		.2byte	0x4
 301 0006 00000000 		.4byte	.Ldebug_abbrev0
 302 000a 04       		.byte	0x4
 303 000b 01       		.uleb128 0x1
 304 000c A6000000 		.4byte	.LASF18
 305 0010 01       		.byte	0x1
 306 0011 BC010000 		.4byte	.LASF19
 307 0015 00000000 		.4byte	.LASF20
 308 0019 00000000 		.4byte	.Ldebug_line0
 309 001d 02       		.uleb128 0x2
 310 001e 01       		.byte	0x1
 311 001f 06       		.byte	0x6
 312 0020 B0010000 		.4byte	.LASF0
 313 0024 02       		.uleb128 0x2
 314 0025 01       		.byte	0x1
 315 0026 08       		.byte	0x8
 316 0027 4A000000 		.4byte	.LASF1
 317 002b 02       		.uleb128 0x2
 318 002c 02       		.byte	0x2
 319 002d 05       		.byte	0x5
 320 002e 97010000 		.4byte	.LASF2
 321 0032 02       		.uleb128 0x2
 322 0033 02       		.byte	0x2
 323 0034 07       		.byte	0x7
 324 0035 6A000000 		.4byte	.LASF3
 325 0039 02       		.uleb128 0x2
 326 003a 04       		.byte	0x4
 327 003b 05       		.byte	0x5
 328 003c A7010000 		.4byte	.LASF4
 329 0040 02       		.uleb128 0x2
 330 0041 04       		.byte	0x4
 331 0042 07       		.byte	0x7
 332 0043 58000000 		.4byte	.LASF5
 333 0047 02       		.uleb128 0x2
 334 0048 08       		.byte	0x8
 335 0049 05       		.byte	0x5
 336 004a 84010000 		.4byte	.LASF6
 337 004e 02       		.uleb128 0x2
 338 004f 08       		.byte	0x8
ARM GAS  C:\Users\JOSANT~1\AppData\Local\Temp\cc5cD9mO.s 			page 7


 339 0050 07       		.byte	0x7
 340 0051 41010000 		.4byte	.LASF7
 341 0055 03       		.uleb128 0x3
 342 0056 04       		.byte	0x4
 343 0057 05       		.byte	0x5
 344 0058 696E7400 		.ascii	"int\000"
 345 005c 02       		.uleb128 0x2
 346 005d 04       		.byte	0x4
 347 005e 07       		.byte	0x7
 348 005f 34010000 		.4byte	.LASF8
 349 0063 04       		.uleb128 0x4
 350 0064 A1010000 		.4byte	.LASF21
 351 0068 02       		.byte	0x2
 352 0069 9201     		.2byte	0x192
 353 006b 24000000 		.4byte	0x24
 354 006f 02       		.uleb128 0x2
 355 0070 04       		.byte	0x4
 356 0071 04       		.byte	0x4
 357 0072 44000000 		.4byte	.LASF9
 358 0076 02       		.uleb128 0x2
 359 0077 08       		.byte	0x8
 360 0078 04       		.byte	0x4
 361 0079 7D000000 		.4byte	.LASF10
 362 007d 02       		.uleb128 0x2
 363 007e 01       		.byte	0x1
 364 007f 08       		.byte	0x8
 365 0080 92010000 		.4byte	.LASF11
 366 0084 05       		.uleb128 0x5
 367 0085 63000000 		.4byte	0x63
 368 0089 94000000 		.4byte	0x94
 369 008d 06       		.uleb128 0x6
 370 008e 94000000 		.4byte	0x94
 371 0092 DF       		.byte	0xdf
 372 0093 00       		.byte	0
 373 0094 02       		.uleb128 0x2
 374 0095 04       		.byte	0x4
 375 0096 07       		.byte	0x7
 376 0097 7B010000 		.4byte	.LASF12
 377 009b 07       		.uleb128 0x7
 378 009c 94000000 		.4byte	.LASF13
 379 00a0 01       		.byte	0x1
 380 00a1 1F       		.byte	0x1f
 381 00a2 AC000000 		.4byte	0xac
 382 00a6 05       		.uleb128 0x5
 383 00a7 03       		.byte	0x3
 384 00a8 00000000 		.4byte	cy_meta_configecc
 385 00ac 08       		.uleb128 0x8
 386 00ad 84000000 		.4byte	0x84
 387 00b1 05       		.uleb128 0x5
 388 00b2 63000000 		.4byte	0x63
 389 00b6 C1000000 		.4byte	0xc1
 390 00ba 06       		.uleb128 0x6
 391 00bb 94000000 		.4byte	0x94
 392 00bf 03       		.byte	0x3
 393 00c0 00       		.byte	0
 394 00c1 07       		.uleb128 0x7
 395 00c2 84000000 		.4byte	.LASF14
ARM GAS  C:\Users\JOSANT~1\AppData\Local\Temp\cc5cD9mO.s 			page 8


 396 00c6 01       		.byte	0x1
 397 00c7 48       		.byte	0x48
 398 00c8 D2000000 		.4byte	0xd2
 399 00cc 05       		.uleb128 0x5
 400 00cd 03       		.byte	0x3
 401 00ce 00000000 		.4byte	cy_meta_custnvl
 402 00d2 08       		.uleb128 0x8
 403 00d3 B1000000 		.4byte	0xb1
 404 00d7 07       		.uleb128 0x7
 405 00d8 6D010000 		.4byte	.LASF15
 406 00dc 01       		.byte	0x1
 407 00dd 56       		.byte	0x56
 408 00de E8000000 		.4byte	0xe8
 409 00e2 05       		.uleb128 0x5
 410 00e3 03       		.byte	0x3
 411 00e4 00000000 		.4byte	cy_meta_wonvl
 412 00e8 08       		.uleb128 0x8
 413 00e9 B1000000 		.4byte	0xb1
 414 00ed 05       		.uleb128 0x5
 415 00ee 63000000 		.4byte	0x63
 416 00f2 FD000000 		.4byte	0xfd
 417 00f6 06       		.uleb128 0x6
 418 00f7 94000000 		.4byte	0x94
 419 00fb FF       		.byte	0xff
 420 00fc 00       		.byte	0
 421 00fd 07       		.uleb128 0x7
 422 00fe 58010000 		.4byte	.LASF16
 423 0102 01       		.byte	0x1
 424 0103 64       		.byte	0x64
 425 0104 0E010000 		.4byte	0x10e
 426 0108 05       		.uleb128 0x5
 427 0109 03       		.byte	0x3
 428 010a 00000000 		.4byte	cy_meta_flashprotect
 429 010e 08       		.uleb128 0x8
 430 010f ED000000 		.4byte	0xed
 431 0113 05       		.uleb128 0x5
 432 0114 63000000 		.4byte	0x63
 433 0118 23010000 		.4byte	0x123
 434 011c 06       		.uleb128 0x6
 435 011d 94000000 		.4byte	0x94
 436 0121 0B       		.byte	0xb
 437 0122 00       		.byte	0
 438 0123 07       		.uleb128 0x7
 439 0124 38000000 		.4byte	.LASF17
 440 0128 01       		.byte	0x1
 441 0129 91       		.byte	0x91
 442 012a 34010000 		.4byte	0x134
 443 012e 05       		.uleb128 0x5
 444 012f 03       		.byte	0x3
 445 0130 00000000 		.4byte	cy_metadata
 446 0134 08       		.uleb128 0x8
 447 0135 13010000 		.4byte	0x113
 448 0139 00       		.byte	0
 449              		.section	.debug_abbrev,"",%progbits
 450              	.Ldebug_abbrev0:
 451 0000 01       		.uleb128 0x1
 452 0001 11       		.uleb128 0x11
ARM GAS  C:\Users\JOSANT~1\AppData\Local\Temp\cc5cD9mO.s 			page 9


 453 0002 01       		.byte	0x1
 454 0003 25       		.uleb128 0x25
 455 0004 0E       		.uleb128 0xe
 456 0005 13       		.uleb128 0x13
 457 0006 0B       		.uleb128 0xb
 458 0007 03       		.uleb128 0x3
 459 0008 0E       		.uleb128 0xe
 460 0009 1B       		.uleb128 0x1b
 461 000a 0E       		.uleb128 0xe
 462 000b 10       		.uleb128 0x10
 463 000c 17       		.uleb128 0x17
 464 000d 00       		.byte	0
 465 000e 00       		.byte	0
 466 000f 02       		.uleb128 0x2
 467 0010 24       		.uleb128 0x24
 468 0011 00       		.byte	0
 469 0012 0B       		.uleb128 0xb
 470 0013 0B       		.uleb128 0xb
 471 0014 3E       		.uleb128 0x3e
 472 0015 0B       		.uleb128 0xb
 473 0016 03       		.uleb128 0x3
 474 0017 0E       		.uleb128 0xe
 475 0018 00       		.byte	0
 476 0019 00       		.byte	0
 477 001a 03       		.uleb128 0x3
 478 001b 24       		.uleb128 0x24
 479 001c 00       		.byte	0
 480 001d 0B       		.uleb128 0xb
 481 001e 0B       		.uleb128 0xb
 482 001f 3E       		.uleb128 0x3e
 483 0020 0B       		.uleb128 0xb
 484 0021 03       		.uleb128 0x3
 485 0022 08       		.uleb128 0x8
 486 0023 00       		.byte	0
 487 0024 00       		.byte	0
 488 0025 04       		.uleb128 0x4
 489 0026 16       		.uleb128 0x16
 490 0027 00       		.byte	0
 491 0028 03       		.uleb128 0x3
 492 0029 0E       		.uleb128 0xe
 493 002a 3A       		.uleb128 0x3a
 494 002b 0B       		.uleb128 0xb
 495 002c 3B       		.uleb128 0x3b
 496 002d 05       		.uleb128 0x5
 497 002e 49       		.uleb128 0x49
 498 002f 13       		.uleb128 0x13
 499 0030 00       		.byte	0
 500 0031 00       		.byte	0
 501 0032 05       		.uleb128 0x5
 502 0033 01       		.uleb128 0x1
 503 0034 01       		.byte	0x1
 504 0035 49       		.uleb128 0x49
 505 0036 13       		.uleb128 0x13
 506 0037 01       		.uleb128 0x1
 507 0038 13       		.uleb128 0x13
 508 0039 00       		.byte	0
 509 003a 00       		.byte	0
ARM GAS  C:\Users\JOSANT~1\AppData\Local\Temp\cc5cD9mO.s 			page 10


 510 003b 06       		.uleb128 0x6
 511 003c 21       		.uleb128 0x21
 512 003d 00       		.byte	0
 513 003e 49       		.uleb128 0x49
 514 003f 13       		.uleb128 0x13
 515 0040 2F       		.uleb128 0x2f
 516 0041 0B       		.uleb128 0xb
 517 0042 00       		.byte	0
 518 0043 00       		.byte	0
 519 0044 07       		.uleb128 0x7
 520 0045 34       		.uleb128 0x34
 521 0046 00       		.byte	0
 522 0047 03       		.uleb128 0x3
 523 0048 0E       		.uleb128 0xe
 524 0049 3A       		.uleb128 0x3a
 525 004a 0B       		.uleb128 0xb
 526 004b 3B       		.uleb128 0x3b
 527 004c 0B       		.uleb128 0xb
 528 004d 49       		.uleb128 0x49
 529 004e 13       		.uleb128 0x13
 530 004f 3F       		.uleb128 0x3f
 531 0050 19       		.uleb128 0x19
 532 0051 02       		.uleb128 0x2
 533 0052 18       		.uleb128 0x18
 534 0053 00       		.byte	0
 535 0054 00       		.byte	0
 536 0055 08       		.uleb128 0x8
 537 0056 26       		.uleb128 0x26
 538 0057 00       		.byte	0
 539 0058 49       		.uleb128 0x49
 540 0059 13       		.uleb128 0x13
 541 005a 00       		.byte	0
 542 005b 00       		.byte	0
 543 005c 00       		.byte	0
 544              		.section	.debug_aranges,"",%progbits
 545 0000 14000000 		.4byte	0x14
 546 0004 0200     		.2byte	0x2
 547 0006 00000000 		.4byte	.Ldebug_info0
 548 000a 04       		.byte	0x4
 549 000b 00       		.byte	0
 550 000c 0000     		.2byte	0
 551 000e 0000     		.2byte	0
 552 0010 00000000 		.4byte	0
 553 0014 00000000 		.4byte	0
 554              		.section	.debug_line,"",%progbits
 555              	.Ldebug_line0:
 556 0000 4D000000 		.section	.debug_str,"MS",%progbits,1
 556      02004700 
 556      00000201 
 556      FB0E0D00 
 556      01010101 
 557              	.LASF20:
 558 0000 433A5C50 		.ascii	"C:\\Practicas\\PracticasDSECompleto\\Practica2Parte"
 558      72616374 
 558      69636173 
 558      5C507261 
 558      63746963 
ARM GAS  C:\Users\JOSANT~1\AppData\Local\Temp\cc5cD9mO.s 			page 11


 559 0030 352E6379 		.ascii	"5.cydsn\000"
 559      64736E00 
 560              	.LASF17:
 561 0038 63795F6D 		.ascii	"cy_metadata\000"
 561      65746164 
 561      61746100 
 562              	.LASF9:
 563 0044 666C6F61 		.ascii	"float\000"
 563      7400
 564              	.LASF1:
 565 004a 756E7369 		.ascii	"unsigned char\000"
 565      676E6564 
 565      20636861 
 565      7200
 566              	.LASF5:
 567 0058 6C6F6E67 		.ascii	"long unsigned int\000"
 567      20756E73 
 567      69676E65 
 567      6420696E 
 567      7400
 568              	.LASF3:
 569 006a 73686F72 		.ascii	"short unsigned int\000"
 569      7420756E 
 569      7369676E 
 569      65642069 
 569      6E7400
 570              	.LASF10:
 571 007d 646F7562 		.ascii	"double\000"
 571      6C6500
 572              	.LASF14:
 573 0084 63795F6D 		.ascii	"cy_meta_custnvl\000"
 573      6574615F 
 573      63757374 
 573      6E766C00 
 574              	.LASF13:
 575 0094 63795F6D 		.ascii	"cy_meta_configecc\000"
 575      6574615F 
 575      636F6E66 
 575      69676563 
 575      6300
 576              	.LASF18:
 577 00a6 474E5520 		.ascii	"GNU C 4.9.3 20150303 (release) [ARM/embedded-4_9-br"
 577      4320342E 
 577      392E3320 
 577      32303135 
 577      30333033 
 578 00d9 616E6368 		.ascii	"anch revision 221220] -mcpu=cortex-m3 -mthumb -g -O"
 578      20726576 
 578      6973696F 
 578      6E203232 
 578      31323230 
 579 010c 67202D66 		.ascii	"g -ffunction-sections -ffat-lto-objects\000"
 579      66756E63 
 579      74696F6E 
 579      2D736563 
 579      74696F6E 
 580              	.LASF8:
ARM GAS  C:\Users\JOSANT~1\AppData\Local\Temp\cc5cD9mO.s 			page 12


 581 0134 756E7369 		.ascii	"unsigned int\000"
 581      676E6564 
 581      20696E74 
 581      00
 582              	.LASF7:
 583 0141 6C6F6E67 		.ascii	"long long unsigned int\000"
 583      206C6F6E 
 583      6720756E 
 583      7369676E 
 583      65642069 
 584              	.LASF16:
 585 0158 63795F6D 		.ascii	"cy_meta_flashprotect\000"
 585      6574615F 
 585      666C6173 
 585      6870726F 
 585      74656374 
 586              	.LASF15:
 587 016d 63795F6D 		.ascii	"cy_meta_wonvl\000"
 587      6574615F 
 587      776F6E76 
 587      6C00
 588              	.LASF12:
 589 017b 73697A65 		.ascii	"sizetype\000"
 589      74797065 
 589      00
 590              	.LASF6:
 591 0184 6C6F6E67 		.ascii	"long long int\000"
 591      206C6F6E 
 591      6720696E 
 591      7400
 592              	.LASF11:
 593 0192 63686172 		.ascii	"char\000"
 593      00
 594              	.LASF2:
 595 0197 73686F72 		.ascii	"short int\000"
 595      7420696E 
 595      7400
 596              	.LASF21:
 597 01a1 75696E74 		.ascii	"uint8\000"
 597      3800
 598              	.LASF4:
 599 01a7 6C6F6E67 		.ascii	"long int\000"
 599      20696E74 
 599      00
 600              	.LASF0:
 601 01b0 7369676E 		.ascii	"signed char\000"
 601      65642063 
 601      68617200 
 602              	.LASF19:
 603 01bc 47656E65 		.ascii	"Generated_Source\\PSoC5\\cymetadata.c\000"
 603      72617465 
 603      645F536F 
 603      75726365 
 603      5C50536F 
 604              		.ident	"GCC: (GNU Tools for ARM Embedded Processors) 4.9.3 20150303 (release) [ARM/embedded-4_9-br
