ARM GAS  C:\Users\JOSANT~1\AppData\Local\Temp\ccxXTgTw.s 			page 1


   1              		.syntax unified
   2              		.cpu cortex-m3
   3              		.fpu softvfp
   4              		.eabi_attribute 20, 1
   5              		.eabi_attribute 21, 1
   6              		.eabi_attribute 23, 3
   7              		.eabi_attribute 24, 1
   8              		.eabi_attribute 25, 1
   9              		.eabi_attribute 26, 1
  10              		.eabi_attribute 30, 1
  11              		.eabi_attribute 34, 1
  12              		.eabi_attribute 18, 4
  13              		.thumb
  14              		.file	"main.c"
  15              		.text
  16              	.Ltext0:
  17              		.cfi_sections	.debug_frame
  18              		.section	.text.main,"ax",%progbits
  19              		.align	2
  20              		.global	main
  21              		.thumb
  22              		.thumb_func
  23              		.type	main, %function
  24              	main:
  25              	.LFB63:
  26              		.file 1 "main.c"
   1:main.c        **** /* ========================================
   2:main.c        ****  *
   3:main.c        ****  * Copyright YOUR COMPANY, THE YEAR
   4:main.c        ****  * All Rights Reserved
   5:main.c        ****  * UNPUBLISHED, LICENSED SOFTWARE.
   6:main.c        ****  *
   7:main.c        ****  * CONFIDENTIAL AND PROPRIETARY INFORMATION
   8:main.c        ****  * WHICH IS THE PROPERTY OF your company.
   9:main.c        ****  *
  10:main.c        ****  * ========================================
  11:main.c        **** */
  12:main.c        **** #include "project.h"
  13:main.c        **** 
  14:main.c        **** 
  15:main.c        **** int main()
  16:main.c        **** {
  27              		.loc 1 16 0
  28              		.cfi_startproc
  29              		@ args = 0, pretend = 0, frame = 16
  30              		@ frame_needed = 0, uses_anonymous_args = 0
  31 0000 F0B5     		push	{r4, r5, r6, r7, lr}
  32              		.cfi_def_cfa_offset 20
  33              		.cfi_offset 4, -20
  34              		.cfi_offset 5, -16
  35              		.cfi_offset 6, -12
  36              		.cfi_offset 7, -8
  37              		.cfi_offset 14, -4
  38 0002 85B0     		sub	sp, sp, #20
  39              		.cfi_def_cfa_offset 40
  17:main.c        ****     /* Place your initialization/startup code here (e.g. MyInst_Start()) */
  18:main.c        ****     int estado[4] = {0,0,0,0};
ARM GAS  C:\Users\JOSANT~1\AppData\Local\Temp\ccxXTgTw.s 			page 2


  40              		.loc 1 18 0
  41 0004 0024     		movs	r4, #0
  42 0006 0094     		str	r4, [sp]
  43 0008 0194     		str	r4, [sp, #4]
  44 000a 0294     		str	r4, [sp, #8]
  45 000c 0394     		str	r4, [sp, #12]
  46              	.LVL0:
  19:main.c        ****     int uestado = estado[0]+(estado[1]<<1)+(estado[2]<<2)+(estado[3]<<3);
  20:main.c        ****     int pos = 0;
  21:main.c        ****     int error = 0;
  22:main.c        ****     CyGlobalIntEnable; /* Enable global interrupts. */
  47              		.loc 1 22 0
  48              	@ 22 "main.c" 1
  49 000e 62B6     		CPSIE   i
  50              	@ 0 "" 2
  23:main.c        ****     
  24:main.c        ****     Control_Reg_NextStep_Write(uestado);
  51              		.loc 1 24 0
  52              		.thumb
  53 0010 2046     		mov	r0, r4
  54 0012 FFF7FEFF 		bl	Control_Reg_NextStep_Write
  55              	.LVL1:
  25:main.c        ****     pantallaLCD_Start();
  56              		.loc 1 25 0
  57 0016 FFF7FEFF 		bl	pantallaLCD_Start
  58              	.LVL2:
  59              	.L22:
  26:main.c        ****     for(;;)
  27:main.c        ****     {   
  28:main.c        ****         if (!nex_Read()) {
  60              		.loc 1 28 0
  61 001a FFF7FEFF 		bl	nex_Read
  62              	.LVL3:
  63 001e 68B9     		cbnz	r0, .L2
  29:main.c        ****             pos = (pos+1)%4;
  64              		.loc 1 29 0
  65 0020 631C     		adds	r3, r4, #1
  66 0022 7E4A     		ldr	r2, .L24
  67 0024 1340     		ands	r3, r3, r2
  68 0026 03D5     		bpl	.L3
  69 0028 013B     		subs	r3, r3, #1
  70 002a 63F00303 		orn	r3, r3, #3
  71 002e 0133     		adds	r3, r3, #1
  72              	.L3:
  73 0030 1C46     		mov	r4, r3
  74              	.LVL4:
  75              	.L4:
  30:main.c        ****             while(!nex_Read()){}
  76              		.loc 1 30 0 discriminator 1
  77 0032 FFF7FEFF 		bl	nex_Read
  78              	.LVL5:
  79 0036 0028     		cmp	r0, #0
  80 0038 FBD0     		beq	.L4
  81 003a 49E0     		b	.L5
  82              	.L2:
  31:main.c        ****         } else if (!cross_Read()) {
  83              		.loc 1 31 0
ARM GAS  C:\Users\JOSANT~1\AppData\Local\Temp\ccxXTgTw.s 			page 3


  84 003c FFF7FEFF 		bl	cross_Read
  85              	.LVL6:
  86 0040 0028     		cmp	r0, #0
  87 0042 45D1     		bne	.L5
  32:main.c        ****             if (pos != 3) {
  88              		.loc 1 32 0
  89 0044 032C     		cmp	r4, #3
  90 0046 23D0     		beq	.L6
  33:main.c        ****                 if ((estado[0] == 0 && estado[pos+1] == 0)||(estado[0] == 1 && estado[pos+1] == 1))
  91              		.loc 1 33 0
  92 0048 009B     		ldr	r3, [sp]
  93 004a 2BB9     		cbnz	r3, .L7
  94              		.loc 1 33 0 is_stmt 0 discriminator 1
  95 004c 04AA     		add	r2, sp, #16
  96 004e 02EB8402 		add	r2, r2, r4, lsl #2
  97 0052 52F80C2C 		ldr	r2, [r2, #-12]
  98 0056 42B1     		cbz	r2, .L8
  99              	.L7:
 100              		.loc 1 33 0 discriminator 3
 101 0058 012B     		cmp	r3, #1
 102 005a 19D1     		bne	.L6
 103              		.loc 1 33 0 discriminator 4
 104 005c 04AB     		add	r3, sp, #16
 105 005e 03EB8403 		add	r3, r3, r4, lsl #2
 106 0062 53F80C3C 		ldr	r3, [r3, #-12]
 107 0066 012B     		cmp	r3, #1
 108 0068 12D1     		bne	.L6
 109              	.L8:
  34:main.c        ****                     estado[pos+1] = (estado[pos+1]+1)%2;
 110              		.loc 1 34 0 is_stmt 1
 111 006a 621C     		adds	r2, r4, #1
 112 006c 04AB     		add	r3, sp, #16
 113 006e 03EB8203 		add	r3, r3, r2, lsl #2
 114 0072 53F8103C 		ldr	r3, [r3, #-16]
 115 0076 0133     		adds	r3, r3, #1
 116 0078 6949     		ldr	r1, .L24+4
 117 007a 0B40     		ands	r3, r3, r1
 118 007c 03D5     		bpl	.L9
 119 007e 013B     		subs	r3, r3, #1
 120 0080 63F00103 		orn	r3, r3, #1
 121 0084 0133     		adds	r3, r3, #1
 122              	.L9:
 123 0086 04A9     		add	r1, sp, #16
 124 0088 01EB8202 		add	r2, r1, r2, lsl #2
 125 008c 42F8103C 		str	r3, [r2, #-16]
 126              	.L6:
  35:main.c        ****             }
  36:main.c        ****             
  37:main.c        ****             estado[0] = (estado[0]+1)%2;
 127              		.loc 1 37 0
 128 0090 009B     		ldr	r3, [sp]
 129 0092 0133     		adds	r3, r3, #1
 130 0094 624A     		ldr	r2, .L24+4
 131 0096 1340     		ands	r3, r3, r2
 132 0098 03D5     		bpl	.L10
 133 009a 013B     		subs	r3, r3, #1
 134 009c 63F00103 		orn	r3, r3, #1
ARM GAS  C:\Users\JOSANT~1\AppData\Local\Temp\ccxXTgTw.s 			page 4


 135 00a0 0133     		adds	r3, r3, #1
 136              	.L10:
 137 00a2 0093     		str	r3, [sp]
  38:main.c        ****             uestado = estado[0]+(estado[1]<<1)+(estado[2]<<2)+(estado[3]<<3);
 138              		.loc 1 38 0
 139 00a4 019A     		ldr	r2, [sp, #4]
 140 00a6 03EB4203 		add	r3, r3, r2, lsl #1
 141 00aa 0298     		ldr	r0, [sp, #8]
 142 00ac 03EB8003 		add	r3, r3, r0, lsl #2
 143 00b0 0398     		ldr	r0, [sp, #12]
 144 00b2 03EBC000 		add	r0, r3, r0, lsl #3
 145              	.LVL7:
  39:main.c        ****             Control_Reg_NextStep_Write(uestado);
 146              		.loc 1 39 0
 147 00b6 C0B2     		uxtb	r0, r0
 148              	.LVL8:
 149 00b8 FFF7FEFF 		bl	Control_Reg_NextStep_Write
 150              	.LVL9:
  40:main.c        ****             Control_Reg_Clock_Write(1);
 151              		.loc 1 40 0
 152 00bc 0120     		movs	r0, #1
 153 00be FFF7FEFF 		bl	Control_Reg_Clock_Write
 154              	.LVL10:
  41:main.c        ****             Control_Reg_Clock_Write(0);
 155              		.loc 1 41 0
 156 00c2 0020     		movs	r0, #0
 157 00c4 FFF7FEFF 		bl	Control_Reg_Clock_Write
 158              	.LVL11:
 159              	.L11:
  42:main.c        ****             while(!cross_Read()){}
 160              		.loc 1 42 0 discriminator 1
 161 00c8 FFF7FEFF 		bl	cross_Read
 162              	.LVL12:
 163 00cc 0028     		cmp	r0, #0
 164 00ce FBD0     		beq	.L11
 165              	.LVL13:
 166              	.L5:
  43:main.c        ****         }
  44:main.c        ****         error = Status_Reg_Error_Read();
 167              		.loc 1 44 0
 168 00d0 FFF7FEFF 		bl	Status_Reg_Error_Read
 169              	.LVL14:
 170 00d4 0546     		mov	r5, r0
 171              	.LVL15:
  45:main.c        ****         pantallaLCD_ClearDisplay();
 172              		.loc 1 45 0
 173 00d6 0120     		movs	r0, #1
 174              	.LVL16:
 175 00d8 FFF7FEFF 		bl	pantallaLCD_WriteControl
 176              	.LVL17:
  46:main.c        ****         pantallaLCD_Position(0,0);
 177              		.loc 1 46 0
 178 00dc 0020     		movs	r0, #0
 179 00de 0146     		mov	r1, r0
 180 00e0 FFF7FEFF 		bl	pantallaLCD_Position
 181              	.LVL18:
  47:main.c        ****         if (error == 1) {            
ARM GAS  C:\Users\JOSANT~1\AppData\Local\Temp\ccxXTgTw.s 			page 5


 182              		.loc 1 47 0
 183 00e4 012D     		cmp	r5, #1
 184 00e6 0ED1     		bne	.L12
  48:main.c        **** 		    pantallaLCD_PrintString("La gallina se ha");
 185              		.loc 1 48 0
 186 00e8 4E48     		ldr	r0, .L24+8
 187 00ea FFF7FEFF 		bl	pantallaLCD_PrintString
 188              	.LVL19:
  49:main.c        ****             pantallaLCD_Position(1,0);
 189              		.loc 1 49 0
 190 00ee 0120     		movs	r0, #1
 191 00f0 0021     		movs	r1, #0
 192 00f2 FFF7FEFF 		bl	pantallaLCD_Position
 193              	.LVL20:
  50:main.c        **** 		    pantallaLCD_PrintString("comido el maiz");
 194              		.loc 1 50 0
 195 00f6 4C48     		ldr	r0, .L24+12
 196 00f8 FFF7FEFF 		bl	pantallaLCD_PrintString
 197              	.LVL21:
  51:main.c        ****             
  52:main.c        ****             CyDelay(10000);
 198              		.loc 1 52 0
 199 00fc 42F21070 		movw	r0, #10000
 200 0100 FFF7FEFF 		bl	CyDelay
 201              	.LVL22:
 202 0104 86E0     		b	.L13
 203              	.L12:
  53:main.c        ****         } else if (error == 2) {            
 204              		.loc 1 53 0
 205 0106 022D     		cmp	r5, #2
 206 0108 0ED1     		bne	.L14
  54:main.c        **** 		    pantallaLCD_PrintString("El zorro se ha");
 207              		.loc 1 54 0
 208 010a 4848     		ldr	r0, .L24+16
 209 010c FFF7FEFF 		bl	pantallaLCD_PrintString
 210              	.LVL23:
  55:main.c        **** 		    pantallaLCD_Position(1,0);
 211              		.loc 1 55 0
 212 0110 0120     		movs	r0, #1
 213 0112 0021     		movs	r1, #0
 214 0114 FFF7FEFF 		bl	pantallaLCD_Position
 215              	.LVL24:
  56:main.c        **** 		    pantallaLCD_PrintString("comido gallina");
 216              		.loc 1 56 0
 217 0118 4548     		ldr	r0, .L24+20
 218 011a FFF7FEFF 		bl	pantallaLCD_PrintString
 219              	.LVL25:
  57:main.c        ****             CyDelay(10000);
 220              		.loc 1 57 0
 221 011e 42F21070 		movw	r0, #10000
 222 0122 FFF7FEFF 		bl	CyDelay
 223              	.LVL26:
 224 0126 75E0     		b	.L13
 225              	.L14:
  58:main.c        ****         } else if (Status_Reg_CurrentStep_Read() != (Status_Reg_LastStep_Read()+1) && (Status_Reg_C
 226              		.loc 1 58 0
 227 0128 FFF7FEFF 		bl	Status_Reg_CurrentStep_Read
ARM GAS  C:\Users\JOSANT~1\AppData\Local\Temp\ccxXTgTw.s 			page 6


 228              	.LVL27:
 229 012c 0546     		mov	r5, r0
 230              	.LVL28:
 231 012e FFF7FEFF 		bl	Status_Reg_LastStep_Read
 232              	.LVL29:
 233 0132 0130     		adds	r0, r0, #1
 234 0134 8542     		cmp	r5, r0
 235 0136 0ED0     		beq	.L15
 236              		.loc 1 58 0 is_stmt 0 discriminator 1
 237 0138 FFF7FEFF 		bl	Status_Reg_CurrentStep_Read
 238              	.LVL30:
 239 013c 0546     		mov	r5, r0
 240 013e FFF7FEFF 		bl	Status_Reg_LastStep_Read
 241              	.LVL31:
 242 0142 8542     		cmp	r5, r0
 243 0144 07D0     		beq	.L15
  59:main.c        ****             pantallaLCD_PrintString("Paso incorrecto");
 244              		.loc 1 59 0 is_stmt 1
 245 0146 3B48     		ldr	r0, .L24+24
 246 0148 FFF7FEFF 		bl	pantallaLCD_PrintString
 247              	.LVL32:
  60:main.c        ****             CyDelay(5000);
 248              		.loc 1 60 0
 249 014c 41F28830 		movw	r0, #5000
 250 0150 FFF7FEFF 		bl	CyDelay
 251              	.LVL33:
 252 0154 5EE0     		b	.L13
 253              	.L15:
  61:main.c        ****         } else if (Status_Reg_CurrentStep_Read() == 7U) {
 254              		.loc 1 61 0
 255 0156 FFF7FEFF 		bl	Status_Reg_CurrentStep_Read
 256              	.LVL34:
 257 015a 0728     		cmp	r0, #7
 258 015c 03D1     		bne	.L16
  62:main.c        ****             pantallaLCD_PrintString("HAS GANADO!");
 259              		.loc 1 62 0
 260 015e 3648     		ldr	r0, .L24+28
 261 0160 FFF7FEFF 		bl	pantallaLCD_PrintString
 262              	.LVL35:
 263 0164 56E0     		b	.L13
 264              	.L16:
  63:main.c        ****         } else {            
  64:main.c        ****     		pantallaLCD_PrintString(" M:");
 265              		.loc 1 64 0
 266 0166 3548     		ldr	r0, .L24+32
 267 0168 FFF7FEFF 		bl	pantallaLCD_PrintString
 268              	.LVL36:
  65:main.c        ****             pantallaLCD_PrintDecUint16((estado[1]+1)%2);
 269              		.loc 1 65 0
 270 016c 019D     		ldr	r5, [sp, #4]
 271 016e 6B1C     		adds	r3, r5, #1
 272 0170 2B48     		ldr	r0, .L24+4
 273 0172 1840     		ands	r0, r3, r0
 274 0174 03D5     		bpl	.L17
 275 0176 0138     		subs	r0, r0, #1
 276 0178 60F00100 		orn	r0, r0, #1
 277 017c 0130     		adds	r0, r0, #1
ARM GAS  C:\Users\JOSANT~1\AppData\Local\Temp\ccxXTgTw.s 			page 7


 278              	.L17:
 279 017e 80B2     		uxth	r0, r0
 280 0180 FFF7FEFF 		bl	pantallaLCD_PrintU32Number
 281              	.LVL37:
  66:main.c        ****             pantallaLCD_PrintString(" G:");
 282              		.loc 1 66 0
 283 0184 2E48     		ldr	r0, .L24+36
 284 0186 FFF7FEFF 		bl	pantallaLCD_PrintString
 285              	.LVL38:
  67:main.c        ****             pantallaLCD_PrintDecUint16((estado[2]+1)%2);
 286              		.loc 1 67 0
 287 018a 029F     		ldr	r7, [sp, #8]
 288 018c 7B1C     		adds	r3, r7, #1
 289 018e 2448     		ldr	r0, .L24+4
 290 0190 1840     		ands	r0, r3, r0
 291 0192 03D5     		bpl	.L18
 292 0194 0138     		subs	r0, r0, #1
 293 0196 60F00100 		orn	r0, r0, #1
 294 019a 0130     		adds	r0, r0, #1
 295              	.L18:
 296 019c 80B2     		uxth	r0, r0
 297 019e FFF7FEFF 		bl	pantallaLCD_PrintU32Number
 298              	.LVL39:
  68:main.c        ****             pantallaLCD_PrintString(" Z:");
 299              		.loc 1 68 0
 300 01a2 2848     		ldr	r0, .L24+40
 301 01a4 FFF7FEFF 		bl	pantallaLCD_PrintString
 302              	.LVL40:
  69:main.c        ****             pantallaLCD_PrintDecUint16((estado[3]+1)%2);
 303              		.loc 1 69 0
 304 01a8 039E     		ldr	r6, [sp, #12]
 305 01aa 731C     		adds	r3, r6, #1
 306 01ac 1C48     		ldr	r0, .L24+4
 307 01ae 1840     		ands	r0, r3, r0
 308 01b0 03D5     		bpl	.L19
 309 01b2 0138     		subs	r0, r0, #1
 310 01b4 60F00100 		orn	r0, r0, #1
 311 01b8 0130     		adds	r0, r0, #1
 312              	.L19:
 313 01ba 80B2     		uxth	r0, r0
 314 01bc FFF7FEFF 		bl	pantallaLCD_PrintU32Number
 315              	.LVL41:
  70:main.c        ****             pantallaLCD_Position(1,0);
 316              		.loc 1 70 0
 317 01c0 0120     		movs	r0, #1
 318 01c2 0021     		movs	r1, #0
 319 01c4 FFF7FEFF 		bl	pantallaLCD_Position
 320              	.LVL42:
  71:main.c        ****     		pantallaLCD_PrintString(" M:");
 321              		.loc 1 71 0
 322 01c8 1C48     		ldr	r0, .L24+32
 323 01ca FFF7FEFF 		bl	pantallaLCD_PrintString
 324              	.LVL43:
  72:main.c        ****             pantallaLCD_PrintDecUint16(estado[1]);
 325              		.loc 1 72 0
 326 01ce A8B2     		uxth	r0, r5
 327 01d0 FFF7FEFF 		bl	pantallaLCD_PrintU32Number
ARM GAS  C:\Users\JOSANT~1\AppData\Local\Temp\ccxXTgTw.s 			page 8


 328              	.LVL44:
  73:main.c        ****             pantallaLCD_PrintString(" G:");
 329              		.loc 1 73 0
 330 01d4 1A48     		ldr	r0, .L24+36
 331 01d6 FFF7FEFF 		bl	pantallaLCD_PrintString
 332              	.LVL45:
  74:main.c        ****             pantallaLCD_PrintDecUint16(estado[2]);
 333              		.loc 1 74 0
 334 01da B8B2     		uxth	r0, r7
 335 01dc FFF7FEFF 		bl	pantallaLCD_PrintU32Number
 336              	.LVL46:
  75:main.c        ****             pantallaLCD_PrintString(" Z:");
 337              		.loc 1 75 0
 338 01e0 1848     		ldr	r0, .L24+40
 339 01e2 FFF7FEFF 		bl	pantallaLCD_PrintString
 340              	.LVL47:
  76:main.c        ****             pantallaLCD_PrintDecUint16(estado[3]);
 341              		.loc 1 76 0
 342 01e6 B0B2     		uxth	r0, r6
 343 01e8 FFF7FEFF 		bl	pantallaLCD_PrintU32Number
 344              	.LVL48:
  77:main.c        ****             if (pos != 3) {
 345              		.loc 1 77 0
 346 01ec 032C     		cmp	r4, #3
 347 01ee 11D0     		beq	.L13
  78:main.c        ****                 if (estado[0] == 0)
 348              		.loc 1 78 0
 349 01f0 009B     		ldr	r3, [sp]
 350 01f2 33B9     		cbnz	r3, .L20
  79:main.c        ****                     pantallaLCD_Position(0,(pos*4));
 351              		.loc 1 79 0
 352 01f4 A100     		lsls	r1, r4, #2
 353 01f6 0020     		movs	r0, #0
 354 01f8 01F0FC01 		and	r1, r1, #252
 355 01fc FFF7FEFF 		bl	pantallaLCD_Position
 356              	.LVL49:
 357 0200 05E0     		b	.L21
 358              	.L20:
  80:main.c        ****                 else
  81:main.c        ****                     pantallaLCD_Position(1,(pos*4));
 359              		.loc 1 81 0
 360 0202 A100     		lsls	r1, r4, #2
 361 0204 0120     		movs	r0, #1
 362 0206 01F0FC01 		and	r1, r1, #252
 363 020a FFF7FEFF 		bl	pantallaLCD_Position
 364              	.LVL50:
 365              	.L21:
  82:main.c        ****                 pantallaLCD_PrintString("*");
 366              		.loc 1 82 0
 367 020e 0E48     		ldr	r0, .L24+44
 368 0210 FFF7FEFF 		bl	pantallaLCD_PrintString
 369              	.LVL51:
 370              	.L13:
  83:main.c        ****             }
  84:main.c        ****         }        
  85:main.c        **** 
  86:main.c        ****         CyDelay(100);
ARM GAS  C:\Users\JOSANT~1\AppData\Local\Temp\ccxXTgTw.s 			page 9


 371              		.loc 1 86 0
 372 0214 6420     		movs	r0, #100
 373 0216 FFF7FEFF 		bl	CyDelay
 374              	.LVL52:
  87:main.c        ****     }
 375              		.loc 1 87 0
 376 021a FEE6     		b	.L22
 377              	.L25:
 378              		.align	2
 379              	.L24:
 380 021c 03000080 		.word	-2147483645
 381 0220 01000080 		.word	-2147483647
 382 0224 00000000 		.word	.LC0
 383 0228 14000000 		.word	.LC1
 384 022c 24000000 		.word	.LC2
 385 0230 34000000 		.word	.LC3
 386 0234 44000000 		.word	.LC4
 387 0238 54000000 		.word	.LC5
 388 023c 60000000 		.word	.LC6
 389 0240 64000000 		.word	.LC7
 390 0244 68000000 		.word	.LC8
 391 0248 6C000000 		.word	.LC9
 392              		.cfi_endproc
 393              	.LFE63:
 394              		.size	main, .-main
 395              		.section	.rodata.str1.4,"aMS",%progbits,1
 396              		.align	2
 397              	.LC0:
 398 0000 4C612067 		.ascii	"La gallina se ha\000"
 398      616C6C69 
 398      6E612073 
 398      65206861 
 398      00
 399 0011 000000   		.space	3
 400              	.LC1:
 401 0014 636F6D69 		.ascii	"comido el maiz\000"
 401      646F2065 
 401      6C206D61 
 401      697A00
 402 0023 00       		.space	1
 403              	.LC2:
 404 0024 456C207A 		.ascii	"El zorro se ha\000"
 404      6F72726F 
 404      20736520 
 404      686100
 405 0033 00       		.space	1
 406              	.LC3:
 407 0034 636F6D69 		.ascii	"comido gallina\000"
 407      646F2067 
 407      616C6C69 
 407      6E6100
 408 0043 00       		.space	1
 409              	.LC4:
 410 0044 5061736F 		.ascii	"Paso incorrecto\000"
 410      20696E63 
 410      6F727265 
 410      63746F00 
ARM GAS  C:\Users\JOSANT~1\AppData\Local\Temp\ccxXTgTw.s 			page 10


 411              	.LC5:
 412 0054 48415320 		.ascii	"HAS GANADO!\000"
 412      47414E41 
 412      444F2100 
 413              	.LC6:
 414 0060 204D3A00 		.ascii	" M:\000"
 415              	.LC7:
 416 0064 20473A00 		.ascii	" G:\000"
 417              	.LC8:
 418 0068 205A3A00 		.ascii	" Z:\000"
 419              	.LC9:
 420 006c 2A00     		.ascii	"*\000"
 421 006e 0000     		.text
 422              	.Letext0:
 423              		.file 2 "c:\\program files (x86)\\cypress\\psoc creator\\4.0\\psoc creator\\import\\gnu\\arm\\4.9.
 424              		.file 3 "c:\\program files (x86)\\cypress\\psoc creator\\4.0\\psoc creator\\import\\gnu\\arm\\4.9.
 425              		.file 4 "Generated_Source\\PSoC5/cytypes.h"
 426              		.file 5 "Generated_Source\\PSoC5/nex.h"
 427              		.file 6 "Generated_Source\\PSoC5/cross.h"
 428              		.file 7 "Generated_Source\\PSoC5/Control_Reg_NextStep.h"
 429              		.file 8 "Generated_Source\\PSoC5/Control_Reg_Clock.h"
 430              		.file 9 "Generated_Source\\PSoC5/Status_Reg_Error.h"
 431              		.file 10 "Generated_Source\\PSoC5/pantallaLCD.h"
 432              		.file 11 "Generated_Source\\PSoC5/CyLib.h"
 433              		.file 12 "Generated_Source\\PSoC5/Status_Reg_CurrentStep.h"
 434              		.file 13 "Generated_Source\\PSoC5/Status_Reg_LastStep.h"
 435              		.file 14 "Generated_Source\\PSoC5/core_cm3.h"
 436              		.section	.debug_info,"",%progbits
 437              	.Ldebug_info0:
 438 0000 51050000 		.4byte	0x551
 439 0004 0400     		.2byte	0x4
 440 0006 00000000 		.4byte	.Ldebug_abbrev0
 441 000a 04       		.byte	0x4
 442 000b 01       		.uleb128 0x1
 443 000c EC000000 		.4byte	.LASF33
 444 0010 01       		.byte	0x1
 445 0011 F7010000 		.4byte	.LASF34
 446 0015 03020000 		.4byte	.LASF35
 447 0019 00000000 		.4byte	.Ldebug_ranges0+0
 448 001d 00000000 		.4byte	0
 449 0021 00000000 		.4byte	.Ldebug_line0
 450 0025 02       		.uleb128 0x2
 451 0026 01       		.byte	0x1
 452 0027 06       		.byte	0x6
 453 0028 5C000000 		.4byte	.LASF0
 454 002c 02       		.uleb128 0x2
 455 002d 01       		.byte	0x1
 456 002e 08       		.byte	0x8
 457 002f 84000000 		.4byte	.LASF1
 458 0033 02       		.uleb128 0x2
 459 0034 02       		.byte	0x2
 460 0035 05       		.byte	0x5
 461 0036 3B020000 		.4byte	.LASF2
 462 003a 02       		.uleb128 0x2
 463 003b 02       		.byte	0x2
 464 003c 07       		.byte	0x7
 465 003d B2000000 		.4byte	.LASF3
ARM GAS  C:\Users\JOSANT~1\AppData\Local\Temp\ccxXTgTw.s 			page 11


 466 0041 03       		.uleb128 0x3
 467 0042 33000000 		.4byte	.LASF9
 468 0046 02       		.byte	0x2
 469 0047 3F       		.byte	0x3f
 470 0048 4C000000 		.4byte	0x4c
 471 004c 02       		.uleb128 0x2
 472 004d 04       		.byte	0x4
 473 004e 05       		.byte	0x5
 474 004f 78020000 		.4byte	.LASF4
 475 0053 02       		.uleb128 0x2
 476 0054 04       		.byte	0x4
 477 0055 07       		.byte	0x7
 478 0056 A0000000 		.4byte	.LASF5
 479 005a 02       		.uleb128 0x2
 480 005b 08       		.byte	0x8
 481 005c 05       		.byte	0x5
 482 005d E9010000 		.4byte	.LASF6
 483 0061 02       		.uleb128 0x2
 484 0062 08       		.byte	0x8
 485 0063 07       		.byte	0x7
 486 0064 A0010000 		.4byte	.LASF7
 487 0068 04       		.uleb128 0x4
 488 0069 04       		.byte	0x4
 489 006a 05       		.byte	0x5
 490 006b 696E7400 		.ascii	"int\000"
 491 006f 02       		.uleb128 0x2
 492 0070 04       		.byte	0x4
 493 0071 07       		.byte	0x7
 494 0072 7A010000 		.4byte	.LASF8
 495 0076 03       		.uleb128 0x3
 496 0077 D2010000 		.4byte	.LASF10
 497 007b 03       		.byte	0x3
 498 007c 2C       		.byte	0x2c
 499 007d 41000000 		.4byte	0x41
 500 0081 05       		.uleb128 0x5
 501 0082 72020000 		.4byte	.LASF11
 502 0086 04       		.byte	0x4
 503 0087 9201     		.2byte	0x192
 504 0089 2C000000 		.4byte	0x2c
 505 008d 05       		.uleb128 0x5
 506 008e DE000000 		.4byte	.LASF12
 507 0092 04       		.byte	0x4
 508 0093 9301     		.2byte	0x193
 509 0095 3A000000 		.4byte	0x3a
 510 0099 05       		.uleb128 0x5
 511 009a E5000000 		.4byte	.LASF13
 512 009e 04       		.byte	0x4
 513 009f 9401     		.2byte	0x194
 514 00a1 53000000 		.4byte	0x53
 515 00a5 02       		.uleb128 0x2
 516 00a6 04       		.byte	0x4
 517 00a7 04       		.byte	0x4
 518 00a8 3D000000 		.4byte	.LASF14
 519 00ac 02       		.uleb128 0x2
 520 00ad 08       		.byte	0x8
 521 00ae 04       		.byte	0x4
 522 00af D2000000 		.4byte	.LASF15
ARM GAS  C:\Users\JOSANT~1\AppData\Local\Temp\ccxXTgTw.s 			page 12


 523 00b3 05       		.uleb128 0x5
 524 00b4 92000000 		.4byte	.LASF16
 525 00b8 04       		.byte	0x4
 526 00b9 A301     		.2byte	0x1a3
 527 00bb BF000000 		.4byte	0xbf
 528 00bf 02       		.uleb128 0x2
 529 00c0 01       		.byte	0x1
 530 00c1 08       		.byte	0x8
 531 00c2 FE010000 		.4byte	.LASF17
 532 00c6 02       		.uleb128 0x2
 533 00c7 04       		.byte	0x4
 534 00c8 07       		.byte	0x7
 535 00c9 DA010000 		.4byte	.LASF18
 536 00cd 06       		.uleb128 0x6
 537 00ce D9000000 		.4byte	.LASF36
 538 00d2 01       		.byte	0x1
 539 00d3 0F       		.byte	0xf
 540 00d4 68000000 		.4byte	0x68
 541 00d8 00000000 		.4byte	.LFB63
 542 00dc 4C020000 		.4byte	.LFE63-.LFB63
 543 00e0 01       		.uleb128 0x1
 544 00e1 9C       		.byte	0x9c
 545 00e2 72040000 		.4byte	0x472
 546 00e6 07       		.uleb128 0x7
 547 00e7 A2020000 		.4byte	.LASF19
 548 00eb 01       		.byte	0x1
 549 00ec 12       		.byte	0x12
 550 00ed 72040000 		.4byte	0x472
 551 00f1 02       		.uleb128 0x2
 552 00f2 91       		.byte	0x91
 553 00f3 58       		.sleb128 -40
 554 00f4 08       		.uleb128 0x8
 555 00f5 98000000 		.4byte	.LASF20
 556 00f9 01       		.byte	0x1
 557 00fa 13       		.byte	0x13
 558 00fb 68000000 		.4byte	0x68
 559 00ff 00000000 		.4byte	.LLST0
 560 0103 09       		.uleb128 0x9
 561 0104 706F7300 		.ascii	"pos\000"
 562 0108 01       		.byte	0x1
 563 0109 14       		.byte	0x14
 564 010a 68000000 		.4byte	0x68
 565 010e 52000000 		.4byte	.LLST1
 566 0112 08       		.uleb128 0x8
 567 0113 E3010000 		.4byte	.LASF21
 568 0117 01       		.byte	0x1
 569 0118 15       		.byte	0x15
 570 0119 68000000 		.4byte	0x68
 571 011d 71000000 		.4byte	.LLST2
 572 0121 0A       		.uleb128 0xa
 573 0122 16000000 		.4byte	.LVL1
 574 0126 93040000 		.4byte	0x493
 575 012a 35010000 		.4byte	0x135
 576 012e 0B       		.uleb128 0xb
 577 012f 01       		.uleb128 0x1
 578 0130 50       		.byte	0x50
 579 0131 02       		.uleb128 0x2
ARM GAS  C:\Users\JOSANT~1\AppData\Local\Temp\ccxXTgTw.s 			page 13


 580 0132 74       		.byte	0x74
 581 0133 00       		.sleb128 0
 582 0134 00       		.byte	0
 583 0135 0C       		.uleb128 0xc
 584 0136 1A000000 		.4byte	.LVL2
 585 013a A4040000 		.4byte	0x4a4
 586 013e 0C       		.uleb128 0xc
 587 013f 1E000000 		.4byte	.LVL3
 588 0143 AB040000 		.4byte	0x4ab
 589 0147 0C       		.uleb128 0xc
 590 0148 36000000 		.4byte	.LVL5
 591 014c AB040000 		.4byte	0x4ab
 592 0150 0C       		.uleb128 0xc
 593 0151 40000000 		.4byte	.LVL6
 594 0155 B6040000 		.4byte	0x4b6
 595 0159 0A       		.uleb128 0xa
 596 015a BC000000 		.4byte	.LVL9
 597 015e 93040000 		.4byte	0x493
 598 0162 80010000 		.4byte	0x180
 599 0166 0B       		.uleb128 0xb
 600 0167 01       		.uleb128 0x1
 601 0168 50       		.byte	0x50
 602 0169 15       		.uleb128 0x15
 603 016a 91       		.byte	0x91
 604 016b 5C       		.sleb128 -36
 605 016c 06       		.byte	0x6
 606 016d 31       		.byte	0x31
 607 016e 24       		.byte	0x24
 608 016f 7D       		.byte	0x7d
 609 0170 00       		.sleb128 0
 610 0171 06       		.byte	0x6
 611 0172 22       		.byte	0x22
 612 0173 91       		.byte	0x91
 613 0174 60       		.sleb128 -32
 614 0175 06       		.byte	0x6
 615 0176 32       		.byte	0x32
 616 0177 24       		.byte	0x24
 617 0178 22       		.byte	0x22
 618 0179 91       		.byte	0x91
 619 017a 64       		.sleb128 -28
 620 017b 06       		.byte	0x6
 621 017c 33       		.byte	0x33
 622 017d 24       		.byte	0x24
 623 017e 22       		.byte	0x22
 624 017f 00       		.byte	0
 625 0180 0A       		.uleb128 0xa
 626 0181 C2000000 		.4byte	.LVL10
 627 0185 C1040000 		.4byte	0x4c1
 628 0189 93010000 		.4byte	0x193
 629 018d 0B       		.uleb128 0xb
 630 018e 01       		.uleb128 0x1
 631 018f 50       		.byte	0x50
 632 0190 01       		.uleb128 0x1
 633 0191 31       		.byte	0x31
 634 0192 00       		.byte	0
 635 0193 0A       		.uleb128 0xa
 636 0194 C8000000 		.4byte	.LVL11
ARM GAS  C:\Users\JOSANT~1\AppData\Local\Temp\ccxXTgTw.s 			page 14


 637 0198 C1040000 		.4byte	0x4c1
 638 019c A6010000 		.4byte	0x1a6
 639 01a0 0B       		.uleb128 0xb
 640 01a1 01       		.uleb128 0x1
 641 01a2 50       		.byte	0x50
 642 01a3 01       		.uleb128 0x1
 643 01a4 30       		.byte	0x30
 644 01a5 00       		.byte	0
 645 01a6 0C       		.uleb128 0xc
 646 01a7 CC000000 		.4byte	.LVL12
 647 01ab B6040000 		.4byte	0x4b6
 648 01af 0C       		.uleb128 0xc
 649 01b0 D4000000 		.4byte	.LVL14
 650 01b4 D2040000 		.4byte	0x4d2
 651 01b8 0A       		.uleb128 0xa
 652 01b9 DC000000 		.4byte	.LVL17
 653 01bd DD040000 		.4byte	0x4dd
 654 01c1 CB010000 		.4byte	0x1cb
 655 01c5 0B       		.uleb128 0xb
 656 01c6 01       		.uleb128 0x1
 657 01c7 50       		.byte	0x50
 658 01c8 01       		.uleb128 0x1
 659 01c9 31       		.byte	0x31
 660 01ca 00       		.byte	0
 661 01cb 0A       		.uleb128 0xa
 662 01cc E4000000 		.4byte	.LVL18
 663 01d0 EE040000 		.4byte	0x4ee
 664 01d4 E3010000 		.4byte	0x1e3
 665 01d8 0B       		.uleb128 0xb
 666 01d9 01       		.uleb128 0x1
 667 01da 51       		.byte	0x51
 668 01db 01       		.uleb128 0x1
 669 01dc 30       		.byte	0x30
 670 01dd 0B       		.uleb128 0xb
 671 01de 01       		.uleb128 0x1
 672 01df 50       		.byte	0x50
 673 01e0 01       		.uleb128 0x1
 674 01e1 30       		.byte	0x30
 675 01e2 00       		.byte	0
 676 01e3 0A       		.uleb128 0xa
 677 01e4 EE000000 		.4byte	.LVL19
 678 01e8 04050000 		.4byte	0x504
 679 01ec FA010000 		.4byte	0x1fa
 680 01f0 0B       		.uleb128 0xb
 681 01f1 01       		.uleb128 0x1
 682 01f2 50       		.byte	0x50
 683 01f3 05       		.uleb128 0x5
 684 01f4 03       		.byte	0x3
 685 01f5 00000000 		.4byte	.LC0
 686 01f9 00       		.byte	0
 687 01fa 0A       		.uleb128 0xa
 688 01fb F6000000 		.4byte	.LVL20
 689 01ff EE040000 		.4byte	0x4ee
 690 0203 12020000 		.4byte	0x212
 691 0207 0B       		.uleb128 0xb
 692 0208 01       		.uleb128 0x1
 693 0209 51       		.byte	0x51
ARM GAS  C:\Users\JOSANT~1\AppData\Local\Temp\ccxXTgTw.s 			page 15


 694 020a 01       		.uleb128 0x1
 695 020b 30       		.byte	0x30
 696 020c 0B       		.uleb128 0xb
 697 020d 01       		.uleb128 0x1
 698 020e 50       		.byte	0x50
 699 020f 01       		.uleb128 0x1
 700 0210 31       		.byte	0x31
 701 0211 00       		.byte	0
 702 0212 0A       		.uleb128 0xa
 703 0213 FC000000 		.4byte	.LVL21
 704 0217 04050000 		.4byte	0x504
 705 021b 29020000 		.4byte	0x229
 706 021f 0B       		.uleb128 0xb
 707 0220 01       		.uleb128 0x1
 708 0221 50       		.byte	0x50
 709 0222 05       		.uleb128 0x5
 710 0223 03       		.byte	0x3
 711 0224 14000000 		.4byte	.LC1
 712 0228 00       		.byte	0
 713 0229 0A       		.uleb128 0xa
 714 022a 04010000 		.4byte	.LVL22
 715 022e 20050000 		.4byte	0x520
 716 0232 3E020000 		.4byte	0x23e
 717 0236 0B       		.uleb128 0xb
 718 0237 01       		.uleb128 0x1
 719 0238 50       		.byte	0x50
 720 0239 03       		.uleb128 0x3
 721 023a 0A       		.byte	0xa
 722 023b 1027     		.2byte	0x2710
 723 023d 00       		.byte	0
 724 023e 0A       		.uleb128 0xa
 725 023f 10010000 		.4byte	.LVL23
 726 0243 04050000 		.4byte	0x504
 727 0247 55020000 		.4byte	0x255
 728 024b 0B       		.uleb128 0xb
 729 024c 01       		.uleb128 0x1
 730 024d 50       		.byte	0x50
 731 024e 05       		.uleb128 0x5
 732 024f 03       		.byte	0x3
 733 0250 24000000 		.4byte	.LC2
 734 0254 00       		.byte	0
 735 0255 0A       		.uleb128 0xa
 736 0256 18010000 		.4byte	.LVL24
 737 025a EE040000 		.4byte	0x4ee
 738 025e 6D020000 		.4byte	0x26d
 739 0262 0B       		.uleb128 0xb
 740 0263 01       		.uleb128 0x1
 741 0264 51       		.byte	0x51
 742 0265 01       		.uleb128 0x1
 743 0266 30       		.byte	0x30
 744 0267 0B       		.uleb128 0xb
 745 0268 01       		.uleb128 0x1
 746 0269 50       		.byte	0x50
 747 026a 01       		.uleb128 0x1
 748 026b 31       		.byte	0x31
 749 026c 00       		.byte	0
 750 026d 0A       		.uleb128 0xa
ARM GAS  C:\Users\JOSANT~1\AppData\Local\Temp\ccxXTgTw.s 			page 16


 751 026e 1E010000 		.4byte	.LVL25
 752 0272 04050000 		.4byte	0x504
 753 0276 84020000 		.4byte	0x284
 754 027a 0B       		.uleb128 0xb
 755 027b 01       		.uleb128 0x1
 756 027c 50       		.byte	0x50
 757 027d 05       		.uleb128 0x5
 758 027e 03       		.byte	0x3
 759 027f 34000000 		.4byte	.LC3
 760 0283 00       		.byte	0
 761 0284 0A       		.uleb128 0xa
 762 0285 26010000 		.4byte	.LVL26
 763 0289 20050000 		.4byte	0x520
 764 028d 99020000 		.4byte	0x299
 765 0291 0B       		.uleb128 0xb
 766 0292 01       		.uleb128 0x1
 767 0293 50       		.byte	0x50
 768 0294 03       		.uleb128 0x3
 769 0295 0A       		.byte	0xa
 770 0296 1027     		.2byte	0x2710
 771 0298 00       		.byte	0
 772 0299 0C       		.uleb128 0xc
 773 029a 2C010000 		.4byte	.LVL27
 774 029e 31050000 		.4byte	0x531
 775 02a2 0C       		.uleb128 0xc
 776 02a3 32010000 		.4byte	.LVL29
 777 02a7 3C050000 		.4byte	0x53c
 778 02ab 0C       		.uleb128 0xc
 779 02ac 3C010000 		.4byte	.LVL30
 780 02b0 31050000 		.4byte	0x531
 781 02b4 0C       		.uleb128 0xc
 782 02b5 42010000 		.4byte	.LVL31
 783 02b9 3C050000 		.4byte	0x53c
 784 02bd 0A       		.uleb128 0xa
 785 02be 4C010000 		.4byte	.LVL32
 786 02c2 04050000 		.4byte	0x504
 787 02c6 D4020000 		.4byte	0x2d4
 788 02ca 0B       		.uleb128 0xb
 789 02cb 01       		.uleb128 0x1
 790 02cc 50       		.byte	0x50
 791 02cd 05       		.uleb128 0x5
 792 02ce 03       		.byte	0x3
 793 02cf 44000000 		.4byte	.LC4
 794 02d3 00       		.byte	0
 795 02d4 0A       		.uleb128 0xa
 796 02d5 54010000 		.4byte	.LVL33
 797 02d9 20050000 		.4byte	0x520
 798 02dd E9020000 		.4byte	0x2e9
 799 02e1 0B       		.uleb128 0xb
 800 02e2 01       		.uleb128 0x1
 801 02e3 50       		.byte	0x50
 802 02e4 03       		.uleb128 0x3
 803 02e5 0A       		.byte	0xa
 804 02e6 8813     		.2byte	0x1388
 805 02e8 00       		.byte	0
 806 02e9 0C       		.uleb128 0xc
 807 02ea 5A010000 		.4byte	.LVL34
ARM GAS  C:\Users\JOSANT~1\AppData\Local\Temp\ccxXTgTw.s 			page 17


 808 02ee 31050000 		.4byte	0x531
 809 02f2 0A       		.uleb128 0xa
 810 02f3 64010000 		.4byte	.LVL35
 811 02f7 04050000 		.4byte	0x504
 812 02fb 09030000 		.4byte	0x309
 813 02ff 0B       		.uleb128 0xb
 814 0300 01       		.uleb128 0x1
 815 0301 50       		.byte	0x50
 816 0302 05       		.uleb128 0x5
 817 0303 03       		.byte	0x3
 818 0304 54000000 		.4byte	.LC5
 819 0308 00       		.byte	0
 820 0309 0A       		.uleb128 0xa
 821 030a 6C010000 		.4byte	.LVL36
 822 030e 04050000 		.4byte	0x504
 823 0312 20030000 		.4byte	0x320
 824 0316 0B       		.uleb128 0xb
 825 0317 01       		.uleb128 0x1
 826 0318 50       		.byte	0x50
 827 0319 05       		.uleb128 0x5
 828 031a 03       		.byte	0x3
 829 031b 60000000 		.4byte	.LC6
 830 031f 00       		.byte	0
 831 0320 0C       		.uleb128 0xc
 832 0321 84010000 		.4byte	.LVL37
 833 0325 47050000 		.4byte	0x547
 834 0329 0A       		.uleb128 0xa
 835 032a 8A010000 		.4byte	.LVL38
 836 032e 04050000 		.4byte	0x504
 837 0332 40030000 		.4byte	0x340
 838 0336 0B       		.uleb128 0xb
 839 0337 01       		.uleb128 0x1
 840 0338 50       		.byte	0x50
 841 0339 05       		.uleb128 0x5
 842 033a 03       		.byte	0x3
 843 033b 64000000 		.4byte	.LC7
 844 033f 00       		.byte	0
 845 0340 0C       		.uleb128 0xc
 846 0341 A2010000 		.4byte	.LVL39
 847 0345 47050000 		.4byte	0x547
 848 0349 0A       		.uleb128 0xa
 849 034a A8010000 		.4byte	.LVL40
 850 034e 04050000 		.4byte	0x504
 851 0352 60030000 		.4byte	0x360
 852 0356 0B       		.uleb128 0xb
 853 0357 01       		.uleb128 0x1
 854 0358 50       		.byte	0x50
 855 0359 05       		.uleb128 0x5
 856 035a 03       		.byte	0x3
 857 035b 68000000 		.4byte	.LC8
 858 035f 00       		.byte	0
 859 0360 0C       		.uleb128 0xc
 860 0361 C0010000 		.4byte	.LVL41
 861 0365 47050000 		.4byte	0x547
 862 0369 0A       		.uleb128 0xa
 863 036a C8010000 		.4byte	.LVL42
 864 036e EE040000 		.4byte	0x4ee
ARM GAS  C:\Users\JOSANT~1\AppData\Local\Temp\ccxXTgTw.s 			page 18


 865 0372 81030000 		.4byte	0x381
 866 0376 0B       		.uleb128 0xb
 867 0377 01       		.uleb128 0x1
 868 0378 51       		.byte	0x51
 869 0379 01       		.uleb128 0x1
 870 037a 30       		.byte	0x30
 871 037b 0B       		.uleb128 0xb
 872 037c 01       		.uleb128 0x1
 873 037d 50       		.byte	0x50
 874 037e 01       		.uleb128 0x1
 875 037f 31       		.byte	0x31
 876 0380 00       		.byte	0
 877 0381 0A       		.uleb128 0xa
 878 0382 CE010000 		.4byte	.LVL43
 879 0386 04050000 		.4byte	0x504
 880 038a 98030000 		.4byte	0x398
 881 038e 0B       		.uleb128 0xb
 882 038f 01       		.uleb128 0x1
 883 0390 50       		.byte	0x50
 884 0391 05       		.uleb128 0x5
 885 0392 03       		.byte	0x3
 886 0393 60000000 		.4byte	.LC6
 887 0397 00       		.byte	0
 888 0398 0A       		.uleb128 0xa
 889 0399 D4010000 		.4byte	.LVL44
 890 039d 47050000 		.4byte	0x547
 891 03a1 B0030000 		.4byte	0x3b0
 892 03a5 0B       		.uleb128 0xb
 893 03a6 01       		.uleb128 0x1
 894 03a7 50       		.byte	0x50
 895 03a8 06       		.uleb128 0x6
 896 03a9 75       		.byte	0x75
 897 03aa 00       		.sleb128 0
 898 03ab 0A       		.byte	0xa
 899 03ac FFFF     		.2byte	0xffff
 900 03ae 1A       		.byte	0x1a
 901 03af 00       		.byte	0
 902 03b0 0A       		.uleb128 0xa
 903 03b1 DA010000 		.4byte	.LVL45
 904 03b5 04050000 		.4byte	0x504
 905 03b9 C7030000 		.4byte	0x3c7
 906 03bd 0B       		.uleb128 0xb
 907 03be 01       		.uleb128 0x1
 908 03bf 50       		.byte	0x50
 909 03c0 05       		.uleb128 0x5
 910 03c1 03       		.byte	0x3
 911 03c2 64000000 		.4byte	.LC7
 912 03c6 00       		.byte	0
 913 03c7 0A       		.uleb128 0xa
 914 03c8 E0010000 		.4byte	.LVL46
 915 03cc 47050000 		.4byte	0x547
 916 03d0 DF030000 		.4byte	0x3df
 917 03d4 0B       		.uleb128 0xb
 918 03d5 01       		.uleb128 0x1
 919 03d6 50       		.byte	0x50
 920 03d7 06       		.uleb128 0x6
 921 03d8 77       		.byte	0x77
ARM GAS  C:\Users\JOSANT~1\AppData\Local\Temp\ccxXTgTw.s 			page 19


 922 03d9 00       		.sleb128 0
 923 03da 0A       		.byte	0xa
 924 03db FFFF     		.2byte	0xffff
 925 03dd 1A       		.byte	0x1a
 926 03de 00       		.byte	0
 927 03df 0A       		.uleb128 0xa
 928 03e0 E6010000 		.4byte	.LVL47
 929 03e4 04050000 		.4byte	0x504
 930 03e8 F6030000 		.4byte	0x3f6
 931 03ec 0B       		.uleb128 0xb
 932 03ed 01       		.uleb128 0x1
 933 03ee 50       		.byte	0x50
 934 03ef 05       		.uleb128 0x5
 935 03f0 03       		.byte	0x3
 936 03f1 68000000 		.4byte	.LC8
 937 03f5 00       		.byte	0
 938 03f6 0A       		.uleb128 0xa
 939 03f7 EC010000 		.4byte	.LVL48
 940 03fb 47050000 		.4byte	0x547
 941 03ff 0E040000 		.4byte	0x40e
 942 0403 0B       		.uleb128 0xb
 943 0404 01       		.uleb128 0x1
 944 0405 50       		.byte	0x50
 945 0406 06       		.uleb128 0x6
 946 0407 76       		.byte	0x76
 947 0408 00       		.sleb128 0
 948 0409 0A       		.byte	0xa
 949 040a FFFF     		.2byte	0xffff
 950 040c 1A       		.byte	0x1a
 951 040d 00       		.byte	0
 952 040e 0A       		.uleb128 0xa
 953 040f 00020000 		.4byte	.LVL49
 954 0413 EE040000 		.4byte	0x4ee
 955 0417 2C040000 		.4byte	0x42c
 956 041b 0B       		.uleb128 0xb
 957 041c 01       		.uleb128 0x1
 958 041d 51       		.byte	0x51
 959 041e 07       		.uleb128 0x7
 960 041f 74       		.byte	0x74
 961 0420 00       		.sleb128 0
 962 0421 32       		.byte	0x32
 963 0422 24       		.byte	0x24
 964 0423 08       		.byte	0x8
 965 0424 FC       		.byte	0xfc
 966 0425 1A       		.byte	0x1a
 967 0426 0B       		.uleb128 0xb
 968 0427 01       		.uleb128 0x1
 969 0428 50       		.byte	0x50
 970 0429 01       		.uleb128 0x1
 971 042a 30       		.byte	0x30
 972 042b 00       		.byte	0
 973 042c 0A       		.uleb128 0xa
 974 042d 0E020000 		.4byte	.LVL50
 975 0431 EE040000 		.4byte	0x4ee
 976 0435 4A040000 		.4byte	0x44a
 977 0439 0B       		.uleb128 0xb
 978 043a 01       		.uleb128 0x1
ARM GAS  C:\Users\JOSANT~1\AppData\Local\Temp\ccxXTgTw.s 			page 20


 979 043b 51       		.byte	0x51
 980 043c 07       		.uleb128 0x7
 981 043d 74       		.byte	0x74
 982 043e 00       		.sleb128 0
 983 043f 32       		.byte	0x32
 984 0440 24       		.byte	0x24
 985 0441 08       		.byte	0x8
 986 0442 FC       		.byte	0xfc
 987 0443 1A       		.byte	0x1a
 988 0444 0B       		.uleb128 0xb
 989 0445 01       		.uleb128 0x1
 990 0446 50       		.byte	0x50
 991 0447 01       		.uleb128 0x1
 992 0448 31       		.byte	0x31
 993 0449 00       		.byte	0
 994 044a 0A       		.uleb128 0xa
 995 044b 14020000 		.4byte	.LVL51
 996 044f 04050000 		.4byte	0x504
 997 0453 61040000 		.4byte	0x461
 998 0457 0B       		.uleb128 0xb
 999 0458 01       		.uleb128 0x1
 1000 0459 50       		.byte	0x50
 1001 045a 05       		.uleb128 0x5
 1002 045b 03       		.byte	0x3
 1003 045c 6C000000 		.4byte	.LC9
 1004 0460 00       		.byte	0
 1005 0461 0D       		.uleb128 0xd
 1006 0462 1A020000 		.4byte	.LVL52
 1007 0466 20050000 		.4byte	0x520
 1008 046a 0B       		.uleb128 0xb
 1009 046b 01       		.uleb128 0x1
 1010 046c 50       		.byte	0x50
 1011 046d 02       		.uleb128 0x2
 1012 046e 08       		.byte	0x8
 1013 046f 64       		.byte	0x64
 1014 0470 00       		.byte	0
 1015 0471 00       		.byte	0
 1016 0472 0E       		.uleb128 0xe
 1017 0473 68000000 		.4byte	0x68
 1018 0477 82040000 		.4byte	0x482
 1019 047b 0F       		.uleb128 0xf
 1020 047c C6000000 		.4byte	0xc6
 1021 0480 03       		.byte	0x3
 1022 0481 00       		.byte	0
 1023 0482 10       		.uleb128 0x10
 1024 0483 C5000000 		.4byte	.LASF37
 1025 0487 0E       		.byte	0xe
 1026 0488 9606     		.2byte	0x696
 1027 048a 8E040000 		.4byte	0x48e
 1028 048e 11       		.uleb128 0x11
 1029 048f 76000000 		.4byte	0x76
 1030 0493 12       		.uleb128 0x12
 1031 0494 B7010000 		.4byte	.LASF24
 1032 0498 07       		.byte	0x7
 1033 0499 27       		.byte	0x27
 1034 049a A4040000 		.4byte	0x4a4
 1035 049e 13       		.uleb128 0x13
ARM GAS  C:\Users\JOSANT~1\AppData\Local\Temp\ccxXTgTw.s 			page 21


 1036 049f 81000000 		.4byte	0x81
 1037 04a3 00       		.byte	0
 1038 04a4 14       		.uleb128 0x14
 1039 04a5 09000000 		.4byte	.LASF38
 1040 04a9 0A       		.byte	0xa
 1041 04aa 38       		.byte	0x38
 1042 04ab 15       		.uleb128 0x15
 1043 04ac 00000000 		.4byte	.LASF22
 1044 04b0 05       		.byte	0x5
 1045 04b1 29       		.byte	0x29
 1046 04b2 81000000 		.4byte	0x81
 1047 04b6 15       		.uleb128 0x15
 1048 04b7 81020000 		.4byte	.LASF23
 1049 04bb 06       		.byte	0x6
 1050 04bc 29       		.byte	0x29
 1051 04bd 81000000 		.4byte	0x81
 1052 04c1 12       		.uleb128 0x12
 1053 04c2 45020000 		.4byte	.LASF25
 1054 04c6 08       		.byte	0x8
 1055 04c7 27       		.byte	0x27
 1056 04c8 D2040000 		.4byte	0x4d2
 1057 04cc 13       		.uleb128 0x13
 1058 04cd 81000000 		.4byte	0x81
 1059 04d1 00       		.byte	0
 1060 04d2 15       		.uleb128 0x15
 1061 04d3 8C020000 		.4byte	.LASF26
 1062 04d7 09       		.byte	0x9
 1063 04d8 28       		.byte	0x28
 1064 04d9 81000000 		.4byte	0x81
 1065 04dd 12       		.uleb128 0x12
 1066 04de 87010000 		.4byte	.LASF27
 1067 04e2 0A       		.byte	0xa
 1068 04e3 3A       		.byte	0x3a
 1069 04e4 EE040000 		.4byte	0x4ee
 1070 04e8 13       		.uleb128 0x13
 1071 04e9 81000000 		.4byte	0x81
 1072 04ed 00       		.byte	0
 1073 04ee 12       		.uleb128 0x12
 1074 04ef 5D020000 		.4byte	.LASF28
 1075 04f3 0A       		.byte	0xa
 1076 04f4 3D       		.byte	0x3d
 1077 04f5 04050000 		.4byte	0x504
 1078 04f9 13       		.uleb128 0x13
 1079 04fa 81000000 		.4byte	0x81
 1080 04fe 13       		.uleb128 0x13
 1081 04ff 81000000 		.4byte	0x81
 1082 0503 00       		.byte	0
 1083 0504 12       		.uleb128 0x12
 1084 0505 1B000000 		.4byte	.LASF29
 1085 0509 0A       		.byte	0xa
 1086 050a 3C       		.byte	0x3c
 1087 050b 15050000 		.4byte	0x515
 1088 050f 13       		.uleb128 0x13
 1089 0510 15050000 		.4byte	0x515
 1090 0514 00       		.byte	0
 1091 0515 16       		.uleb128 0x16
 1092 0516 04       		.byte	0x4
ARM GAS  C:\Users\JOSANT~1\AppData\Local\Temp\ccxXTgTw.s 			page 22


 1093 0517 1B050000 		.4byte	0x51b
 1094 051b 17       		.uleb128 0x17
 1095 051c B3000000 		.4byte	0xb3
 1096 0520 12       		.uleb128 0x12
 1097 0521 A9020000 		.4byte	.LASF30
 1098 0525 0B       		.byte	0xb
 1099 0526 76       		.byte	0x76
 1100 0527 31050000 		.4byte	0x531
 1101 052b 13       		.uleb128 0x13
 1102 052c 99000000 		.4byte	0x99
 1103 0530 00       		.byte	0
 1104 0531 15       		.uleb128 0x15
 1105 0532 68000000 		.4byte	.LASF31
 1106 0536 0C       		.byte	0xc
 1107 0537 28       		.byte	0x28
 1108 0538 81000000 		.4byte	0x81
 1109 053c 15       		.uleb128 0x15
 1110 053d 43000000 		.4byte	.LASF32
 1111 0541 0D       		.byte	0xd
 1112 0542 28       		.byte	0x28
 1113 0543 81000000 		.4byte	0x81
 1114 0547 18       		.uleb128 0x18
 1115 0548 B1020000 		.4byte	.LASF39
 1116 054c 0A       		.byte	0xa
 1117 054d 61       		.byte	0x61
 1118 054e 13       		.uleb128 0x13
 1119 054f 99000000 		.4byte	0x99
 1120 0553 00       		.byte	0
 1121 0554 00       		.byte	0
 1122              		.section	.debug_abbrev,"",%progbits
 1123              	.Ldebug_abbrev0:
 1124 0000 01       		.uleb128 0x1
 1125 0001 11       		.uleb128 0x11
 1126 0002 01       		.byte	0x1
 1127 0003 25       		.uleb128 0x25
 1128 0004 0E       		.uleb128 0xe
 1129 0005 13       		.uleb128 0x13
 1130 0006 0B       		.uleb128 0xb
 1131 0007 03       		.uleb128 0x3
 1132 0008 0E       		.uleb128 0xe
 1133 0009 1B       		.uleb128 0x1b
 1134 000a 0E       		.uleb128 0xe
 1135 000b 55       		.uleb128 0x55
 1136 000c 17       		.uleb128 0x17
 1137 000d 11       		.uleb128 0x11
 1138 000e 01       		.uleb128 0x1
 1139 000f 10       		.uleb128 0x10
 1140 0010 17       		.uleb128 0x17
 1141 0011 00       		.byte	0
 1142 0012 00       		.byte	0
 1143 0013 02       		.uleb128 0x2
 1144 0014 24       		.uleb128 0x24
 1145 0015 00       		.byte	0
 1146 0016 0B       		.uleb128 0xb
 1147 0017 0B       		.uleb128 0xb
 1148 0018 3E       		.uleb128 0x3e
 1149 0019 0B       		.uleb128 0xb
ARM GAS  C:\Users\JOSANT~1\AppData\Local\Temp\ccxXTgTw.s 			page 23


 1150 001a 03       		.uleb128 0x3
 1151 001b 0E       		.uleb128 0xe
 1152 001c 00       		.byte	0
 1153 001d 00       		.byte	0
 1154 001e 03       		.uleb128 0x3
 1155 001f 16       		.uleb128 0x16
 1156 0020 00       		.byte	0
 1157 0021 03       		.uleb128 0x3
 1158 0022 0E       		.uleb128 0xe
 1159 0023 3A       		.uleb128 0x3a
 1160 0024 0B       		.uleb128 0xb
 1161 0025 3B       		.uleb128 0x3b
 1162 0026 0B       		.uleb128 0xb
 1163 0027 49       		.uleb128 0x49
 1164 0028 13       		.uleb128 0x13
 1165 0029 00       		.byte	0
 1166 002a 00       		.byte	0
 1167 002b 04       		.uleb128 0x4
 1168 002c 24       		.uleb128 0x24
 1169 002d 00       		.byte	0
 1170 002e 0B       		.uleb128 0xb
 1171 002f 0B       		.uleb128 0xb
 1172 0030 3E       		.uleb128 0x3e
 1173 0031 0B       		.uleb128 0xb
 1174 0032 03       		.uleb128 0x3
 1175 0033 08       		.uleb128 0x8
 1176 0034 00       		.byte	0
 1177 0035 00       		.byte	0
 1178 0036 05       		.uleb128 0x5
 1179 0037 16       		.uleb128 0x16
 1180 0038 00       		.byte	0
 1181 0039 03       		.uleb128 0x3
 1182 003a 0E       		.uleb128 0xe
 1183 003b 3A       		.uleb128 0x3a
 1184 003c 0B       		.uleb128 0xb
 1185 003d 3B       		.uleb128 0x3b
 1186 003e 05       		.uleb128 0x5
 1187 003f 49       		.uleb128 0x49
 1188 0040 13       		.uleb128 0x13
 1189 0041 00       		.byte	0
 1190 0042 00       		.byte	0
 1191 0043 06       		.uleb128 0x6
 1192 0044 2E       		.uleb128 0x2e
 1193 0045 01       		.byte	0x1
 1194 0046 3F       		.uleb128 0x3f
 1195 0047 19       		.uleb128 0x19
 1196 0048 03       		.uleb128 0x3
 1197 0049 0E       		.uleb128 0xe
 1198 004a 3A       		.uleb128 0x3a
 1199 004b 0B       		.uleb128 0xb
 1200 004c 3B       		.uleb128 0x3b
 1201 004d 0B       		.uleb128 0xb
 1202 004e 49       		.uleb128 0x49
 1203 004f 13       		.uleb128 0x13
 1204 0050 11       		.uleb128 0x11
 1205 0051 01       		.uleb128 0x1
 1206 0052 12       		.uleb128 0x12
ARM GAS  C:\Users\JOSANT~1\AppData\Local\Temp\ccxXTgTw.s 			page 24


 1207 0053 06       		.uleb128 0x6
 1208 0054 40       		.uleb128 0x40
 1209 0055 18       		.uleb128 0x18
 1210 0056 9742     		.uleb128 0x2117
 1211 0058 19       		.uleb128 0x19
 1212 0059 01       		.uleb128 0x1
 1213 005a 13       		.uleb128 0x13
 1214 005b 00       		.byte	0
 1215 005c 00       		.byte	0
 1216 005d 07       		.uleb128 0x7
 1217 005e 34       		.uleb128 0x34
 1218 005f 00       		.byte	0
 1219 0060 03       		.uleb128 0x3
 1220 0061 0E       		.uleb128 0xe
 1221 0062 3A       		.uleb128 0x3a
 1222 0063 0B       		.uleb128 0xb
 1223 0064 3B       		.uleb128 0x3b
 1224 0065 0B       		.uleb128 0xb
 1225 0066 49       		.uleb128 0x49
 1226 0067 13       		.uleb128 0x13
 1227 0068 02       		.uleb128 0x2
 1228 0069 18       		.uleb128 0x18
 1229 006a 00       		.byte	0
 1230 006b 00       		.byte	0
 1231 006c 08       		.uleb128 0x8
 1232 006d 34       		.uleb128 0x34
 1233 006e 00       		.byte	0
 1234 006f 03       		.uleb128 0x3
 1235 0070 0E       		.uleb128 0xe
 1236 0071 3A       		.uleb128 0x3a
 1237 0072 0B       		.uleb128 0xb
 1238 0073 3B       		.uleb128 0x3b
 1239 0074 0B       		.uleb128 0xb
 1240 0075 49       		.uleb128 0x49
 1241 0076 13       		.uleb128 0x13
 1242 0077 02       		.uleb128 0x2
 1243 0078 17       		.uleb128 0x17
 1244 0079 00       		.byte	0
 1245 007a 00       		.byte	0
 1246 007b 09       		.uleb128 0x9
 1247 007c 34       		.uleb128 0x34
 1248 007d 00       		.byte	0
 1249 007e 03       		.uleb128 0x3
 1250 007f 08       		.uleb128 0x8
 1251 0080 3A       		.uleb128 0x3a
 1252 0081 0B       		.uleb128 0xb
 1253 0082 3B       		.uleb128 0x3b
 1254 0083 0B       		.uleb128 0xb
 1255 0084 49       		.uleb128 0x49
 1256 0085 13       		.uleb128 0x13
 1257 0086 02       		.uleb128 0x2
 1258 0087 17       		.uleb128 0x17
 1259 0088 00       		.byte	0
 1260 0089 00       		.byte	0
 1261 008a 0A       		.uleb128 0xa
 1262 008b 898201   		.uleb128 0x4109
 1263 008e 01       		.byte	0x1
ARM GAS  C:\Users\JOSANT~1\AppData\Local\Temp\ccxXTgTw.s 			page 25


 1264 008f 11       		.uleb128 0x11
 1265 0090 01       		.uleb128 0x1
 1266 0091 31       		.uleb128 0x31
 1267 0092 13       		.uleb128 0x13
 1268 0093 01       		.uleb128 0x1
 1269 0094 13       		.uleb128 0x13
 1270 0095 00       		.byte	0
 1271 0096 00       		.byte	0
 1272 0097 0B       		.uleb128 0xb
 1273 0098 8A8201   		.uleb128 0x410a
 1274 009b 00       		.byte	0
 1275 009c 02       		.uleb128 0x2
 1276 009d 18       		.uleb128 0x18
 1277 009e 9142     		.uleb128 0x2111
 1278 00a0 18       		.uleb128 0x18
 1279 00a1 00       		.byte	0
 1280 00a2 00       		.byte	0
 1281 00a3 0C       		.uleb128 0xc
 1282 00a4 898201   		.uleb128 0x4109
 1283 00a7 00       		.byte	0
 1284 00a8 11       		.uleb128 0x11
 1285 00a9 01       		.uleb128 0x1
 1286 00aa 31       		.uleb128 0x31
 1287 00ab 13       		.uleb128 0x13
 1288 00ac 00       		.byte	0
 1289 00ad 00       		.byte	0
 1290 00ae 0D       		.uleb128 0xd
 1291 00af 898201   		.uleb128 0x4109
 1292 00b2 01       		.byte	0x1
 1293 00b3 11       		.uleb128 0x11
 1294 00b4 01       		.uleb128 0x1
 1295 00b5 31       		.uleb128 0x31
 1296 00b6 13       		.uleb128 0x13
 1297 00b7 00       		.byte	0
 1298 00b8 00       		.byte	0
 1299 00b9 0E       		.uleb128 0xe
 1300 00ba 01       		.uleb128 0x1
 1301 00bb 01       		.byte	0x1
 1302 00bc 49       		.uleb128 0x49
 1303 00bd 13       		.uleb128 0x13
 1304 00be 01       		.uleb128 0x1
 1305 00bf 13       		.uleb128 0x13
 1306 00c0 00       		.byte	0
 1307 00c1 00       		.byte	0
 1308 00c2 0F       		.uleb128 0xf
 1309 00c3 21       		.uleb128 0x21
 1310 00c4 00       		.byte	0
 1311 00c5 49       		.uleb128 0x49
 1312 00c6 13       		.uleb128 0x13
 1313 00c7 2F       		.uleb128 0x2f
 1314 00c8 0B       		.uleb128 0xb
 1315 00c9 00       		.byte	0
 1316 00ca 00       		.byte	0
 1317 00cb 10       		.uleb128 0x10
 1318 00cc 34       		.uleb128 0x34
 1319 00cd 00       		.byte	0
 1320 00ce 03       		.uleb128 0x3
ARM GAS  C:\Users\JOSANT~1\AppData\Local\Temp\ccxXTgTw.s 			page 26


 1321 00cf 0E       		.uleb128 0xe
 1322 00d0 3A       		.uleb128 0x3a
 1323 00d1 0B       		.uleb128 0xb
 1324 00d2 3B       		.uleb128 0x3b
 1325 00d3 05       		.uleb128 0x5
 1326 00d4 49       		.uleb128 0x49
 1327 00d5 13       		.uleb128 0x13
 1328 00d6 3F       		.uleb128 0x3f
 1329 00d7 19       		.uleb128 0x19
 1330 00d8 3C       		.uleb128 0x3c
 1331 00d9 19       		.uleb128 0x19
 1332 00da 00       		.byte	0
 1333 00db 00       		.byte	0
 1334 00dc 11       		.uleb128 0x11
 1335 00dd 35       		.uleb128 0x35
 1336 00de 00       		.byte	0
 1337 00df 49       		.uleb128 0x49
 1338 00e0 13       		.uleb128 0x13
 1339 00e1 00       		.byte	0
 1340 00e2 00       		.byte	0
 1341 00e3 12       		.uleb128 0x12
 1342 00e4 2E       		.uleb128 0x2e
 1343 00e5 01       		.byte	0x1
 1344 00e6 3F       		.uleb128 0x3f
 1345 00e7 19       		.uleb128 0x19
 1346 00e8 03       		.uleb128 0x3
 1347 00e9 0E       		.uleb128 0xe
 1348 00ea 3A       		.uleb128 0x3a
 1349 00eb 0B       		.uleb128 0xb
 1350 00ec 3B       		.uleb128 0x3b
 1351 00ed 0B       		.uleb128 0xb
 1352 00ee 27       		.uleb128 0x27
 1353 00ef 19       		.uleb128 0x19
 1354 00f0 3C       		.uleb128 0x3c
 1355 00f1 19       		.uleb128 0x19
 1356 00f2 01       		.uleb128 0x1
 1357 00f3 13       		.uleb128 0x13
 1358 00f4 00       		.byte	0
 1359 00f5 00       		.byte	0
 1360 00f6 13       		.uleb128 0x13
 1361 00f7 05       		.uleb128 0x5
 1362 00f8 00       		.byte	0
 1363 00f9 49       		.uleb128 0x49
 1364 00fa 13       		.uleb128 0x13
 1365 00fb 00       		.byte	0
 1366 00fc 00       		.byte	0
 1367 00fd 14       		.uleb128 0x14
 1368 00fe 2E       		.uleb128 0x2e
 1369 00ff 00       		.byte	0
 1370 0100 3F       		.uleb128 0x3f
 1371 0101 19       		.uleb128 0x19
 1372 0102 03       		.uleb128 0x3
 1373 0103 0E       		.uleb128 0xe
 1374 0104 3A       		.uleb128 0x3a
 1375 0105 0B       		.uleb128 0xb
 1376 0106 3B       		.uleb128 0x3b
 1377 0107 0B       		.uleb128 0xb
ARM GAS  C:\Users\JOSANT~1\AppData\Local\Temp\ccxXTgTw.s 			page 27


 1378 0108 27       		.uleb128 0x27
 1379 0109 19       		.uleb128 0x19
 1380 010a 3C       		.uleb128 0x3c
 1381 010b 19       		.uleb128 0x19
 1382 010c 00       		.byte	0
 1383 010d 00       		.byte	0
 1384 010e 15       		.uleb128 0x15
 1385 010f 2E       		.uleb128 0x2e
 1386 0110 00       		.byte	0
 1387 0111 3F       		.uleb128 0x3f
 1388 0112 19       		.uleb128 0x19
 1389 0113 03       		.uleb128 0x3
 1390 0114 0E       		.uleb128 0xe
 1391 0115 3A       		.uleb128 0x3a
 1392 0116 0B       		.uleb128 0xb
 1393 0117 3B       		.uleb128 0x3b
 1394 0118 0B       		.uleb128 0xb
 1395 0119 27       		.uleb128 0x27
 1396 011a 19       		.uleb128 0x19
 1397 011b 49       		.uleb128 0x49
 1398 011c 13       		.uleb128 0x13
 1399 011d 3C       		.uleb128 0x3c
 1400 011e 19       		.uleb128 0x19
 1401 011f 00       		.byte	0
 1402 0120 00       		.byte	0
 1403 0121 16       		.uleb128 0x16
 1404 0122 0F       		.uleb128 0xf
 1405 0123 00       		.byte	0
 1406 0124 0B       		.uleb128 0xb
 1407 0125 0B       		.uleb128 0xb
 1408 0126 49       		.uleb128 0x49
 1409 0127 13       		.uleb128 0x13
 1410 0128 00       		.byte	0
 1411 0129 00       		.byte	0
 1412 012a 17       		.uleb128 0x17
 1413 012b 26       		.uleb128 0x26
 1414 012c 00       		.byte	0
 1415 012d 49       		.uleb128 0x49
 1416 012e 13       		.uleb128 0x13
 1417 012f 00       		.byte	0
 1418 0130 00       		.byte	0
 1419 0131 18       		.uleb128 0x18
 1420 0132 2E       		.uleb128 0x2e
 1421 0133 01       		.byte	0x1
 1422 0134 3F       		.uleb128 0x3f
 1423 0135 19       		.uleb128 0x19
 1424 0136 03       		.uleb128 0x3
 1425 0137 0E       		.uleb128 0xe
 1426 0138 3A       		.uleb128 0x3a
 1427 0139 0B       		.uleb128 0xb
 1428 013a 3B       		.uleb128 0x3b
 1429 013b 0B       		.uleb128 0xb
 1430 013c 27       		.uleb128 0x27
 1431 013d 19       		.uleb128 0x19
 1432 013e 3C       		.uleb128 0x3c
 1433 013f 19       		.uleb128 0x19
 1434 0140 00       		.byte	0
ARM GAS  C:\Users\JOSANT~1\AppData\Local\Temp\ccxXTgTw.s 			page 28


 1435 0141 00       		.byte	0
 1436 0142 00       		.byte	0
 1437              		.section	.debug_loc,"",%progbits
 1438              	.Ldebug_loc0:
 1439              	.LLST0:
 1440 0000 0E000000 		.4byte	.LVL0
 1441 0004 1A000000 		.4byte	.LVL2
 1442 0008 0200     		.2byte	0x2
 1443 000a 30       		.byte	0x30
 1444 000b 9F       		.byte	0x9f
 1445 000c B6000000 		.4byte	.LVL7
 1446 0010 B8000000 		.4byte	.LVL8
 1447 0014 0100     		.2byte	0x1
 1448 0016 50       		.byte	0x50
 1449 0017 B8000000 		.4byte	.LVL8
 1450 001b BB000000 		.4byte	.LVL9-1
 1451 001f 0900     		.2byte	0x9
 1452 0021 91       		.byte	0x91
 1453 0022 64       		.sleb128 -28
 1454 0023 06       		.byte	0x6
 1455 0024 33       		.byte	0x33
 1456 0025 24       		.byte	0x24
 1457 0026 73       		.byte	0x73
 1458 0027 00       		.sleb128 0
 1459 0028 22       		.byte	0x22
 1460 0029 9F       		.byte	0x9f
 1461 002a BB000000 		.4byte	.LVL9-1
 1462 002e D0000000 		.4byte	.LVL13
 1463 0032 1600     		.2byte	0x16
 1464 0034 91       		.byte	0x91
 1465 0035 5C       		.sleb128 -36
 1466 0036 06       		.byte	0x6
 1467 0037 31       		.byte	0x31
 1468 0038 24       		.byte	0x24
 1469 0039 7D       		.byte	0x7d
 1470 003a 00       		.sleb128 0
 1471 003b 06       		.byte	0x6
 1472 003c 22       		.byte	0x22
 1473 003d 91       		.byte	0x91
 1474 003e 60       		.sleb128 -32
 1475 003f 06       		.byte	0x6
 1476 0040 32       		.byte	0x32
 1477 0041 24       		.byte	0x24
 1478 0042 22       		.byte	0x22
 1479 0043 91       		.byte	0x91
 1480 0044 64       		.sleb128 -28
 1481 0045 06       		.byte	0x6
 1482 0046 33       		.byte	0x33
 1483 0047 24       		.byte	0x24
 1484 0048 22       		.byte	0x22
 1485 0049 9F       		.byte	0x9f
 1486 004a 00000000 		.4byte	0
 1487 004e 00000000 		.4byte	0
 1488              	.LLST1:
 1489 0052 0E000000 		.4byte	.LVL0
 1490 0056 1A000000 		.4byte	.LVL2
 1491 005a 0200     		.2byte	0x2
ARM GAS  C:\Users\JOSANT~1\AppData\Local\Temp\ccxXTgTw.s 			page 29


 1492 005c 30       		.byte	0x30
 1493 005d 9F       		.byte	0x9f
 1494 005e 1A000000 		.4byte	.LVL2
 1495 0062 4C020000 		.4byte	.LFE63
 1496 0066 0100     		.2byte	0x1
 1497 0068 54       		.byte	0x54
 1498 0069 00000000 		.4byte	0
 1499 006d 00000000 		.4byte	0
 1500              	.LLST2:
 1501 0071 0E000000 		.4byte	.LVL0
 1502 0075 1A000000 		.4byte	.LVL2
 1503 0079 0200     		.2byte	0x2
 1504 007b 30       		.byte	0x30
 1505 007c 9F       		.byte	0x9f
 1506 007d D6000000 		.4byte	.LVL15
 1507 0081 D8000000 		.4byte	.LVL16
 1508 0085 0100     		.2byte	0x1
 1509 0087 50       		.byte	0x50
 1510 0088 D8000000 		.4byte	.LVL16
 1511 008c 2E010000 		.4byte	.LVL28
 1512 0090 0100     		.2byte	0x1
 1513 0092 55       		.byte	0x55
 1514 0093 00000000 		.4byte	0
 1515 0097 00000000 		.4byte	0
 1516              		.section	.debug_aranges,"",%progbits
 1517 0000 1C000000 		.4byte	0x1c
 1518 0004 0200     		.2byte	0x2
 1519 0006 00000000 		.4byte	.Ldebug_info0
 1520 000a 04       		.byte	0x4
 1521 000b 00       		.byte	0
 1522 000c 0000     		.2byte	0
 1523 000e 0000     		.2byte	0
 1524 0010 00000000 		.4byte	.LFB63
 1525 0014 4C020000 		.4byte	.LFE63-.LFB63
 1526 0018 00000000 		.4byte	0
 1527 001c 00000000 		.4byte	0
 1528              		.section	.debug_ranges,"",%progbits
 1529              	.Ldebug_ranges0:
 1530 0000 00000000 		.4byte	.LFB63
 1531 0004 4C020000 		.4byte	.LFE63
 1532 0008 00000000 		.4byte	0
 1533 000c 00000000 		.4byte	0
 1534              		.section	.debug_line,"",%progbits
 1535              	.Ldebug_line0:
 1536 0000 60020000 		.section	.debug_str,"MS",%progbits,1
 1536      0200F301 
 1536      00000201 
 1536      FB0E0D00 
 1536      01010101 
 1537              	.LASF22:
 1538 0000 6E65785F 		.ascii	"nex_Read\000"
 1538      52656164 
 1538      00
 1539              	.LASF38:
 1540 0009 70616E74 		.ascii	"pantallaLCD_Start\000"
 1540      616C6C61 
 1540      4C43445F 
ARM GAS  C:\Users\JOSANT~1\AppData\Local\Temp\ccxXTgTw.s 			page 30


 1540      53746172 
 1540      7400
 1541              	.LASF29:
 1542 001b 70616E74 		.ascii	"pantallaLCD_PrintString\000"
 1542      616C6C61 
 1542      4C43445F 
 1542      5072696E 
 1542      74537472 
 1543              	.LASF9:
 1544 0033 5F5F696E 		.ascii	"__int32_t\000"
 1544      7433325F 
 1544      7400
 1545              	.LASF14:
 1546 003d 666C6F61 		.ascii	"float\000"
 1546      7400
 1547              	.LASF32:
 1548 0043 53746174 		.ascii	"Status_Reg_LastStep_Read\000"
 1548      75735F52 
 1548      65675F4C 
 1548      61737453 
 1548      7465705F 
 1549              	.LASF0:
 1550 005c 7369676E 		.ascii	"signed char\000"
 1550      65642063 
 1550      68617200 
 1551              	.LASF31:
 1552 0068 53746174 		.ascii	"Status_Reg_CurrentStep_Read\000"
 1552      75735F52 
 1552      65675F43 
 1552      75727265 
 1552      6E745374 
 1553              	.LASF1:
 1554 0084 756E7369 		.ascii	"unsigned char\000"
 1554      676E6564 
 1554      20636861 
 1554      7200
 1555              	.LASF16:
 1556 0092 63686172 		.ascii	"char8\000"
 1556      3800
 1557              	.LASF20:
 1558 0098 75657374 		.ascii	"uestado\000"
 1558      61646F00 
 1559              	.LASF5:
 1560 00a0 6C6F6E67 		.ascii	"long unsigned int\000"
 1560      20756E73 
 1560      69676E65 
 1560      6420696E 
 1560      7400
 1561              	.LASF3:
 1562 00b2 73686F72 		.ascii	"short unsigned int\000"
 1562      7420756E 
 1562      7369676E 
 1562      65642069 
 1562      6E7400
 1563              	.LASF37:
 1564 00c5 49544D5F 		.ascii	"ITM_RxBuffer\000"
 1564      52784275 
ARM GAS  C:\Users\JOSANT~1\AppData\Local\Temp\ccxXTgTw.s 			page 31


 1564      66666572 
 1564      00
 1565              	.LASF15:
 1566 00d2 646F7562 		.ascii	"double\000"
 1566      6C6500
 1567              	.LASF36:
 1568 00d9 6D61696E 		.ascii	"main\000"
 1568      00
 1569              	.LASF12:
 1570 00de 75696E74 		.ascii	"uint16\000"
 1570      313600
 1571              	.LASF13:
 1572 00e5 75696E74 		.ascii	"uint32\000"
 1572      333200
 1573              	.LASF33:
 1574 00ec 474E5520 		.ascii	"GNU C 4.9.3 20150303 (release) [ARM/embedded-4_9-br"
 1574      4320342E 
 1574      392E3320 
 1574      32303135 
 1574      30333033 
 1575 011f 616E6368 		.ascii	"anch revision 221220] -mcpu=cortex-m3 -mthumb -g -O"
 1575      20726576 
 1575      6973696F 
 1575      6E203232 
 1575      31323230 
 1576 0152 67202D66 		.ascii	"g -ffunction-sections -ffat-lto-objects\000"
 1576      66756E63 
 1576      74696F6E 
 1576      2D736563 
 1576      74696F6E 
 1577              	.LASF8:
 1578 017a 756E7369 		.ascii	"unsigned int\000"
 1578      676E6564 
 1578      20696E74 
 1578      00
 1579              	.LASF27:
 1580 0187 70616E74 		.ascii	"pantallaLCD_WriteControl\000"
 1580      616C6C61 
 1580      4C43445F 
 1580      57726974 
 1580      65436F6E 
 1581              	.LASF7:
 1582 01a0 6C6F6E67 		.ascii	"long long unsigned int\000"
 1582      206C6F6E 
 1582      6720756E 
 1582      7369676E 
 1582      65642069 
 1583              	.LASF24:
 1584 01b7 436F6E74 		.ascii	"Control_Reg_NextStep_Write\000"
 1584      726F6C5F 
 1584      5265675F 
 1584      4E657874 
 1584      53746570 
 1585              	.LASF10:
 1586 01d2 696E7433 		.ascii	"int32_t\000"
 1586      325F7400 
 1587              	.LASF18:
ARM GAS  C:\Users\JOSANT~1\AppData\Local\Temp\ccxXTgTw.s 			page 32


 1588 01da 73697A65 		.ascii	"sizetype\000"
 1588      74797065 
 1588      00
 1589              	.LASF21:
 1590 01e3 6572726F 		.ascii	"error\000"
 1590      7200
 1591              	.LASF6:
 1592 01e9 6C6F6E67 		.ascii	"long long int\000"
 1592      206C6F6E 
 1592      6720696E 
 1592      7400
 1593              	.LASF34:
 1594 01f7 6D61696E 		.ascii	"main.c\000"
 1594      2E6300
 1595              	.LASF17:
 1596 01fe 63686172 		.ascii	"char\000"
 1596      00
 1597              	.LASF35:
 1598 0203 433A5C50 		.ascii	"C:\\Practicas\\PracticasDSECompleto\\Practica2Parte"
 1598      72616374 
 1598      69636173 
 1598      5C507261 
 1598      63746963 
 1599 0233 352E6379 		.ascii	"5.cydsn\000"
 1599      64736E00 
 1600              	.LASF2:
 1601 023b 73686F72 		.ascii	"short int\000"
 1601      7420696E 
 1601      7400
 1602              	.LASF25:
 1603 0245 436F6E74 		.ascii	"Control_Reg_Clock_Write\000"
 1603      726F6C5F 
 1603      5265675F 
 1603      436C6F63 
 1603      6B5F5772 
 1604              	.LASF28:
 1605 025d 70616E74 		.ascii	"pantallaLCD_Position\000"
 1605      616C6C61 
 1605      4C43445F 
 1605      506F7369 
 1605      74696F6E 
 1606              	.LASF11:
 1607 0272 75696E74 		.ascii	"uint8\000"
 1607      3800
 1608              	.LASF4:
 1609 0278 6C6F6E67 		.ascii	"long int\000"
 1609      20696E74 
 1609      00
 1610              	.LASF23:
 1611 0281 63726F73 		.ascii	"cross_Read\000"
 1611      735F5265 
 1611      616400
 1612              	.LASF26:
 1613 028c 53746174 		.ascii	"Status_Reg_Error_Read\000"
 1613      75735F52 
 1613      65675F45 
 1613      72726F72 
ARM GAS  C:\Users\JOSANT~1\AppData\Local\Temp\ccxXTgTw.s 			page 33


 1613      5F526561 
 1614              	.LASF19:
 1615 02a2 65737461 		.ascii	"estado\000"
 1615      646F00
 1616              	.LASF30:
 1617 02a9 43794465 		.ascii	"CyDelay\000"
 1617      6C617900 
 1618              	.LASF39:
 1619 02b1 70616E74 		.ascii	"pantallaLCD_PrintU32Number\000"
 1619      616C6C61 
 1619      4C43445F 
 1619      5072696E 
 1619      74553332 
 1620              		.ident	"GCC: (GNU Tools for ARM Embedded Processors) 4.9.3 20150303 (release) [ARM/embedded-4_9-br
