ARM GAS  C:\Users\JOSANT~1\AppData\Local\Temp\ccUwh3Fe.s 			page 1


   1              		.syntax unified
   2              		.cpu cortex-m3
   3              		.fpu softvfp
   4              		.eabi_attribute 20, 1
   5              		.eabi_attribute 21, 1
   6              		.eabi_attribute 23, 3
   7              		.eabi_attribute 24, 1
   8              		.eabi_attribute 25, 1
   9              		.eabi_attribute 26, 1
  10              		.eabi_attribute 30, 1
  11              		.eabi_attribute 34, 1
  12              		.eabi_attribute 18, 4
  13              		.thumb
  14              		.file	"Status_Reg_CurrentStep.c"
  15              		.text
  16              	.Ltext0:
  17              		.cfi_sections	.debug_frame
  18              		.section	.text.Status_Reg_CurrentStep_Read,"ax",%progbits
  19              		.align	2
  20              		.global	Status_Reg_CurrentStep_Read
  21              		.thumb
  22              		.thumb_func
  23              		.type	Status_Reg_CurrentStep_Read, %function
  24              	Status_Reg_CurrentStep_Read:
  25              	.LFB0:
  26              		.file 1 "Generated_Source\\PSoC5\\Status_Reg_CurrentStep.c"
   1:Generated_Source\PSoC5/Status_Reg_CurrentStep.c **** /*******************************************************************************
   2:Generated_Source\PSoC5/Status_Reg_CurrentStep.c **** * File Name: Status_Reg_CurrentStep.c  
   3:Generated_Source\PSoC5/Status_Reg_CurrentStep.c **** * Version 1.90
   4:Generated_Source\PSoC5/Status_Reg_CurrentStep.c **** *
   5:Generated_Source\PSoC5/Status_Reg_CurrentStep.c **** * Description:
   6:Generated_Source\PSoC5/Status_Reg_CurrentStep.c **** *  This file contains API to enable firmware to read the value of a Status 
   7:Generated_Source\PSoC5/Status_Reg_CurrentStep.c **** *  Register.
   8:Generated_Source\PSoC5/Status_Reg_CurrentStep.c **** *
   9:Generated_Source\PSoC5/Status_Reg_CurrentStep.c **** * Note:
  10:Generated_Source\PSoC5/Status_Reg_CurrentStep.c **** *
  11:Generated_Source\PSoC5/Status_Reg_CurrentStep.c **** ********************************************************************************
  12:Generated_Source\PSoC5/Status_Reg_CurrentStep.c **** * Copyright 2008-2015, Cypress Semiconductor Corporation.  All rights reserved.
  13:Generated_Source\PSoC5/Status_Reg_CurrentStep.c **** * You may use this file only in accordance with the license, terms, conditions, 
  14:Generated_Source\PSoC5/Status_Reg_CurrentStep.c **** * disclaimers, and limitations in the end user license agreement accompanying 
  15:Generated_Source\PSoC5/Status_Reg_CurrentStep.c **** * the software package with which this file was provided.
  16:Generated_Source\PSoC5/Status_Reg_CurrentStep.c **** *******************************************************************************/
  17:Generated_Source\PSoC5/Status_Reg_CurrentStep.c **** 
  18:Generated_Source\PSoC5/Status_Reg_CurrentStep.c **** #include "Status_Reg_CurrentStep.h"
  19:Generated_Source\PSoC5/Status_Reg_CurrentStep.c **** 
  20:Generated_Source\PSoC5/Status_Reg_CurrentStep.c **** #if !defined(Status_Reg_CurrentStep_sts_sts_reg__REMOVED) /* Check for removal by optimization */
  21:Generated_Source\PSoC5/Status_Reg_CurrentStep.c **** 
  22:Generated_Source\PSoC5/Status_Reg_CurrentStep.c **** 
  23:Generated_Source\PSoC5/Status_Reg_CurrentStep.c **** /*******************************************************************************
  24:Generated_Source\PSoC5/Status_Reg_CurrentStep.c **** * Function Name: Status_Reg_CurrentStep_Read
  25:Generated_Source\PSoC5/Status_Reg_CurrentStep.c **** ********************************************************************************
  26:Generated_Source\PSoC5/Status_Reg_CurrentStep.c **** *
  27:Generated_Source\PSoC5/Status_Reg_CurrentStep.c **** * Summary:
  28:Generated_Source\PSoC5/Status_Reg_CurrentStep.c **** *  Reads the current value assigned to the Status Register.
  29:Generated_Source\PSoC5/Status_Reg_CurrentStep.c **** *
  30:Generated_Source\PSoC5/Status_Reg_CurrentStep.c **** * Parameters:
  31:Generated_Source\PSoC5/Status_Reg_CurrentStep.c **** *  None.
ARM GAS  C:\Users\JOSANT~1\AppData\Local\Temp\ccUwh3Fe.s 			page 2


  32:Generated_Source\PSoC5/Status_Reg_CurrentStep.c **** *
  33:Generated_Source\PSoC5/Status_Reg_CurrentStep.c **** * Return:
  34:Generated_Source\PSoC5/Status_Reg_CurrentStep.c **** *  The current value in the Status Register.
  35:Generated_Source\PSoC5/Status_Reg_CurrentStep.c **** *
  36:Generated_Source\PSoC5/Status_Reg_CurrentStep.c **** *******************************************************************************/
  37:Generated_Source\PSoC5/Status_Reg_CurrentStep.c **** uint8 Status_Reg_CurrentStep_Read(void) 
  38:Generated_Source\PSoC5/Status_Reg_CurrentStep.c **** { 
  27              		.loc 1 38 0
  28              		.cfi_startproc
  29              		@ args = 0, pretend = 0, frame = 0
  30              		@ frame_needed = 0, uses_anonymous_args = 0
  31              		@ link register save eliminated.
  39:Generated_Source\PSoC5/Status_Reg_CurrentStep.c ****     return Status_Reg_CurrentStep_Status;
  32              		.loc 1 39 0
  33 0000 014B     		ldr	r3, .L2
  34 0002 1878     		ldrb	r0, [r3]	@ zero_extendqisi2
  40:Generated_Source\PSoC5/Status_Reg_CurrentStep.c **** }
  35              		.loc 1 40 0
  36 0004 7047     		bx	lr
  37              	.L3:
  38 0006 00BF     		.align	2
  39              	.L2:
  40 0008 6B640040 		.word	1073767531
  41              		.cfi_endproc
  42              	.LFE0:
  43              		.size	Status_Reg_CurrentStep_Read, .-Status_Reg_CurrentStep_Read
  44              		.section	.text.Status_Reg_CurrentStep_InterruptEnable,"ax",%progbits
  45              		.align	2
  46              		.global	Status_Reg_CurrentStep_InterruptEnable
  47              		.thumb
  48              		.thumb_func
  49              		.type	Status_Reg_CurrentStep_InterruptEnable, %function
  50              	Status_Reg_CurrentStep_InterruptEnable:
  51              	.LFB1:
  41:Generated_Source\PSoC5/Status_Reg_CurrentStep.c **** 
  42:Generated_Source\PSoC5/Status_Reg_CurrentStep.c **** 
  43:Generated_Source\PSoC5/Status_Reg_CurrentStep.c **** /*******************************************************************************
  44:Generated_Source\PSoC5/Status_Reg_CurrentStep.c **** * Function Name: Status_Reg_CurrentStep_InterruptEnable
  45:Generated_Source\PSoC5/Status_Reg_CurrentStep.c **** ********************************************************************************
  46:Generated_Source\PSoC5/Status_Reg_CurrentStep.c **** *
  47:Generated_Source\PSoC5/Status_Reg_CurrentStep.c **** * Summary:
  48:Generated_Source\PSoC5/Status_Reg_CurrentStep.c **** *  Enables the Status Register interrupt.
  49:Generated_Source\PSoC5/Status_Reg_CurrentStep.c **** *
  50:Generated_Source\PSoC5/Status_Reg_CurrentStep.c **** * Parameters:
  51:Generated_Source\PSoC5/Status_Reg_CurrentStep.c **** *  None.
  52:Generated_Source\PSoC5/Status_Reg_CurrentStep.c **** *
  53:Generated_Source\PSoC5/Status_Reg_CurrentStep.c **** * Return:
  54:Generated_Source\PSoC5/Status_Reg_CurrentStep.c **** *  None.
  55:Generated_Source\PSoC5/Status_Reg_CurrentStep.c **** *
  56:Generated_Source\PSoC5/Status_Reg_CurrentStep.c **** *******************************************************************************/
  57:Generated_Source\PSoC5/Status_Reg_CurrentStep.c **** void Status_Reg_CurrentStep_InterruptEnable(void) 
  58:Generated_Source\PSoC5/Status_Reg_CurrentStep.c **** {
  52              		.loc 1 58 0
  53              		.cfi_startproc
  54              		@ args = 0, pretend = 0, frame = 0
  55              		@ frame_needed = 0, uses_anonymous_args = 0
  56 0000 08B5     		push	{r3, lr}
ARM GAS  C:\Users\JOSANT~1\AppData\Local\Temp\ccUwh3Fe.s 			page 3


  57              		.cfi_def_cfa_offset 8
  58              		.cfi_offset 3, -8
  59              		.cfi_offset 14, -4
  59:Generated_Source\PSoC5/Status_Reg_CurrentStep.c ****     uint8 interruptState;
  60:Generated_Source\PSoC5/Status_Reg_CurrentStep.c ****     interruptState = CyEnterCriticalSection();
  60              		.loc 1 60 0
  61 0002 FFF7FEFF 		bl	CyEnterCriticalSection
  62              	.LVL0:
  61:Generated_Source\PSoC5/Status_Reg_CurrentStep.c ****     Status_Reg_CurrentStep_Status_Aux_Ctrl |= Status_Reg_CurrentStep_STATUS_INTR_ENBL;
  63              		.loc 1 61 0
  64 0006 044A     		ldr	r2, .L6
  65 0008 1378     		ldrb	r3, [r2]	@ zero_extendqisi2
  66 000a 43F01003 		orr	r3, r3, #16
  67 000e 1370     		strb	r3, [r2]
  62:Generated_Source\PSoC5/Status_Reg_CurrentStep.c ****     CyExitCriticalSection(interruptState);
  68              		.loc 1 62 0
  69 0010 FFF7FEFF 		bl	CyExitCriticalSection
  70              	.LVL1:
  71 0014 08BD     		pop	{r3, pc}
  72              	.L7:
  73 0016 00BF     		.align	2
  74              	.L6:
  75 0018 9B640040 		.word	1073767579
  76              		.cfi_endproc
  77              	.LFE1:
  78              		.size	Status_Reg_CurrentStep_InterruptEnable, .-Status_Reg_CurrentStep_InterruptEnable
  79              		.section	.text.Status_Reg_CurrentStep_InterruptDisable,"ax",%progbits
  80              		.align	2
  81              		.global	Status_Reg_CurrentStep_InterruptDisable
  82              		.thumb
  83              		.thumb_func
  84              		.type	Status_Reg_CurrentStep_InterruptDisable, %function
  85              	Status_Reg_CurrentStep_InterruptDisable:
  86              	.LFB2:
  63:Generated_Source\PSoC5/Status_Reg_CurrentStep.c **** }
  64:Generated_Source\PSoC5/Status_Reg_CurrentStep.c **** 
  65:Generated_Source\PSoC5/Status_Reg_CurrentStep.c **** 
  66:Generated_Source\PSoC5/Status_Reg_CurrentStep.c **** /*******************************************************************************
  67:Generated_Source\PSoC5/Status_Reg_CurrentStep.c **** * Function Name: Status_Reg_CurrentStep_InterruptDisable
  68:Generated_Source\PSoC5/Status_Reg_CurrentStep.c **** ********************************************************************************
  69:Generated_Source\PSoC5/Status_Reg_CurrentStep.c **** *
  70:Generated_Source\PSoC5/Status_Reg_CurrentStep.c **** * Summary:
  71:Generated_Source\PSoC5/Status_Reg_CurrentStep.c **** *  Disables the Status Register interrupt.
  72:Generated_Source\PSoC5/Status_Reg_CurrentStep.c **** *
  73:Generated_Source\PSoC5/Status_Reg_CurrentStep.c **** * Parameters:
  74:Generated_Source\PSoC5/Status_Reg_CurrentStep.c **** *  None.
  75:Generated_Source\PSoC5/Status_Reg_CurrentStep.c **** *
  76:Generated_Source\PSoC5/Status_Reg_CurrentStep.c **** * Return:
  77:Generated_Source\PSoC5/Status_Reg_CurrentStep.c **** *  None.
  78:Generated_Source\PSoC5/Status_Reg_CurrentStep.c **** *
  79:Generated_Source\PSoC5/Status_Reg_CurrentStep.c **** *******************************************************************************/
  80:Generated_Source\PSoC5/Status_Reg_CurrentStep.c **** void Status_Reg_CurrentStep_InterruptDisable(void) 
  81:Generated_Source\PSoC5/Status_Reg_CurrentStep.c **** {
  87              		.loc 1 81 0
  88              		.cfi_startproc
  89              		@ args = 0, pretend = 0, frame = 0
  90              		@ frame_needed = 0, uses_anonymous_args = 0
ARM GAS  C:\Users\JOSANT~1\AppData\Local\Temp\ccUwh3Fe.s 			page 4


  91 0000 08B5     		push	{r3, lr}
  92              		.cfi_def_cfa_offset 8
  93              		.cfi_offset 3, -8
  94              		.cfi_offset 14, -4
  82:Generated_Source\PSoC5/Status_Reg_CurrentStep.c ****     uint8 interruptState;
  83:Generated_Source\PSoC5/Status_Reg_CurrentStep.c ****     interruptState = CyEnterCriticalSection();
  95              		.loc 1 83 0
  96 0002 FFF7FEFF 		bl	CyEnterCriticalSection
  97              	.LVL2:
  84:Generated_Source\PSoC5/Status_Reg_CurrentStep.c ****     Status_Reg_CurrentStep_Status_Aux_Ctrl &= (uint8)(~Status_Reg_CurrentStep_STATUS_INTR_ENBL);
  98              		.loc 1 84 0
  99 0006 044A     		ldr	r2, .L10
 100 0008 1378     		ldrb	r3, [r2]	@ zero_extendqisi2
 101 000a 03F0EF03 		and	r3, r3, #239
 102 000e 1370     		strb	r3, [r2]
  85:Generated_Source\PSoC5/Status_Reg_CurrentStep.c ****     CyExitCriticalSection(interruptState);
 103              		.loc 1 85 0
 104 0010 FFF7FEFF 		bl	CyExitCriticalSection
 105              	.LVL3:
 106 0014 08BD     		pop	{r3, pc}
 107              	.L11:
 108 0016 00BF     		.align	2
 109              	.L10:
 110 0018 9B640040 		.word	1073767579
 111              		.cfi_endproc
 112              	.LFE2:
 113              		.size	Status_Reg_CurrentStep_InterruptDisable, .-Status_Reg_CurrentStep_InterruptDisable
 114              		.section	.text.Status_Reg_CurrentStep_WriteMask,"ax",%progbits
 115              		.align	2
 116              		.global	Status_Reg_CurrentStep_WriteMask
 117              		.thumb
 118              		.thumb_func
 119              		.type	Status_Reg_CurrentStep_WriteMask, %function
 120              	Status_Reg_CurrentStep_WriteMask:
 121              	.LFB3:
  86:Generated_Source\PSoC5/Status_Reg_CurrentStep.c **** }
  87:Generated_Source\PSoC5/Status_Reg_CurrentStep.c **** 
  88:Generated_Source\PSoC5/Status_Reg_CurrentStep.c **** 
  89:Generated_Source\PSoC5/Status_Reg_CurrentStep.c **** /*******************************************************************************
  90:Generated_Source\PSoC5/Status_Reg_CurrentStep.c **** * Function Name: Status_Reg_CurrentStep_WriteMask
  91:Generated_Source\PSoC5/Status_Reg_CurrentStep.c **** ********************************************************************************
  92:Generated_Source\PSoC5/Status_Reg_CurrentStep.c **** *
  93:Generated_Source\PSoC5/Status_Reg_CurrentStep.c **** * Summary:
  94:Generated_Source\PSoC5/Status_Reg_CurrentStep.c **** *  Writes the current mask value assigned to the Status Register.
  95:Generated_Source\PSoC5/Status_Reg_CurrentStep.c **** *
  96:Generated_Source\PSoC5/Status_Reg_CurrentStep.c **** * Parameters:
  97:Generated_Source\PSoC5/Status_Reg_CurrentStep.c **** *  mask:  Value to write into the mask register.
  98:Generated_Source\PSoC5/Status_Reg_CurrentStep.c **** *
  99:Generated_Source\PSoC5/Status_Reg_CurrentStep.c **** * Return:
 100:Generated_Source\PSoC5/Status_Reg_CurrentStep.c **** *  None.
 101:Generated_Source\PSoC5/Status_Reg_CurrentStep.c **** *
 102:Generated_Source\PSoC5/Status_Reg_CurrentStep.c **** *******************************************************************************/
 103:Generated_Source\PSoC5/Status_Reg_CurrentStep.c **** void Status_Reg_CurrentStep_WriteMask(uint8 mask) 
 104:Generated_Source\PSoC5/Status_Reg_CurrentStep.c **** {
 122              		.loc 1 104 0
 123              		.cfi_startproc
 124              		@ args = 0, pretend = 0, frame = 0
ARM GAS  C:\Users\JOSANT~1\AppData\Local\Temp\ccUwh3Fe.s 			page 5


 125              		@ frame_needed = 0, uses_anonymous_args = 0
 126              		@ link register save eliminated.
 127              	.LVL4:
 105:Generated_Source\PSoC5/Status_Reg_CurrentStep.c ****     #if(Status_Reg_CurrentStep_INPUTS < 8u)
 106:Generated_Source\PSoC5/Status_Reg_CurrentStep.c ****     	mask &= ((uint8)(1u << Status_Reg_CurrentStep_INPUTS) - 1u);
 128              		.loc 1 106 0
 129 0000 00F00F00 		and	r0, r0, #15
 130              	.LVL5:
 107:Generated_Source\PSoC5/Status_Reg_CurrentStep.c **** 	#endif /* End Status_Reg_CurrentStep_INPUTS < 8u */
 108:Generated_Source\PSoC5/Status_Reg_CurrentStep.c ****     Status_Reg_CurrentStep_Status_Mask = mask;
 131              		.loc 1 108 0
 132 0004 014B     		ldr	r3, .L13
 133 0006 1870     		strb	r0, [r3]
 134 0008 7047     		bx	lr
 135              	.L14:
 136 000a 00BF     		.align	2
 137              	.L13:
 138 000c 8B640040 		.word	1073767563
 139              		.cfi_endproc
 140              	.LFE3:
 141              		.size	Status_Reg_CurrentStep_WriteMask, .-Status_Reg_CurrentStep_WriteMask
 142              		.section	.text.Status_Reg_CurrentStep_ReadMask,"ax",%progbits
 143              		.align	2
 144              		.global	Status_Reg_CurrentStep_ReadMask
 145              		.thumb
 146              		.thumb_func
 147              		.type	Status_Reg_CurrentStep_ReadMask, %function
 148              	Status_Reg_CurrentStep_ReadMask:
 149              	.LFB4:
 109:Generated_Source\PSoC5/Status_Reg_CurrentStep.c **** }
 110:Generated_Source\PSoC5/Status_Reg_CurrentStep.c **** 
 111:Generated_Source\PSoC5/Status_Reg_CurrentStep.c **** 
 112:Generated_Source\PSoC5/Status_Reg_CurrentStep.c **** /*******************************************************************************
 113:Generated_Source\PSoC5/Status_Reg_CurrentStep.c **** * Function Name: Status_Reg_CurrentStep_ReadMask
 114:Generated_Source\PSoC5/Status_Reg_CurrentStep.c **** ********************************************************************************
 115:Generated_Source\PSoC5/Status_Reg_CurrentStep.c **** *
 116:Generated_Source\PSoC5/Status_Reg_CurrentStep.c **** * Summary:
 117:Generated_Source\PSoC5/Status_Reg_CurrentStep.c **** *  Reads the current interrupt mask assigned to the Status Register.
 118:Generated_Source\PSoC5/Status_Reg_CurrentStep.c **** *
 119:Generated_Source\PSoC5/Status_Reg_CurrentStep.c **** * Parameters:
 120:Generated_Source\PSoC5/Status_Reg_CurrentStep.c **** *  None.
 121:Generated_Source\PSoC5/Status_Reg_CurrentStep.c **** *
 122:Generated_Source\PSoC5/Status_Reg_CurrentStep.c **** * Return:
 123:Generated_Source\PSoC5/Status_Reg_CurrentStep.c **** *  The value of the interrupt mask of the Status Register.
 124:Generated_Source\PSoC5/Status_Reg_CurrentStep.c **** *
 125:Generated_Source\PSoC5/Status_Reg_CurrentStep.c **** *******************************************************************************/
 126:Generated_Source\PSoC5/Status_Reg_CurrentStep.c **** uint8 Status_Reg_CurrentStep_ReadMask(void) 
 127:Generated_Source\PSoC5/Status_Reg_CurrentStep.c **** {
 150              		.loc 1 127 0
 151              		.cfi_startproc
 152              		@ args = 0, pretend = 0, frame = 0
 153              		@ frame_needed = 0, uses_anonymous_args = 0
 154              		@ link register save eliminated.
 128:Generated_Source\PSoC5/Status_Reg_CurrentStep.c ****     return Status_Reg_CurrentStep_Status_Mask;
 155              		.loc 1 128 0
 156 0000 014B     		ldr	r3, .L16
 157 0002 1878     		ldrb	r0, [r3]	@ zero_extendqisi2
ARM GAS  C:\Users\JOSANT~1\AppData\Local\Temp\ccUwh3Fe.s 			page 6


 129:Generated_Source\PSoC5/Status_Reg_CurrentStep.c **** }
 158              		.loc 1 129 0
 159 0004 7047     		bx	lr
 160              	.L17:
 161 0006 00BF     		.align	2
 162              	.L16:
 163 0008 8B640040 		.word	1073767563
 164              		.cfi_endproc
 165              	.LFE4:
 166              		.size	Status_Reg_CurrentStep_ReadMask, .-Status_Reg_CurrentStep_ReadMask
 167              		.text
 168              	.Letext0:
 169              		.file 2 "Generated_Source\\PSoC5\\cytypes.h"
 170              		.file 3 "Generated_Source\\PSoC5\\CyLib.h"
 171              		.section	.debug_info,"",%progbits
 172              	.Ldebug_info0:
 173 0000 76010000 		.4byte	0x176
 174 0004 0400     		.2byte	0x4
 175 0006 00000000 		.4byte	.Ldebug_abbrev0
 176 000a 04       		.byte	0x4
 177 000b 01       		.uleb128 0x1
 178 000c CD000000 		.4byte	.LASF21
 179 0010 01       		.byte	0x1
 180 0011 9D000000 		.4byte	.LASF22
 181 0015 94010000 		.4byte	.LASF23
 182 0019 00000000 		.4byte	.Ldebug_ranges0+0
 183 001d 00000000 		.4byte	0
 184 0021 00000000 		.4byte	.Ldebug_line0
 185 0025 02       		.uleb128 0x2
 186 0026 01       		.byte	0x1
 187 0027 06       		.byte	0x6
 188 0028 3E020000 		.4byte	.LASF0
 189 002c 02       		.uleb128 0x2
 190 002d 01       		.byte	0x1
 191 002e 08       		.byte	0x8
 192 002f 65010000 		.4byte	.LASF1
 193 0033 02       		.uleb128 0x2
 194 0034 02       		.byte	0x2
 195 0035 05       		.byte	0x5
 196 0036 66020000 		.4byte	.LASF2
 197 003a 02       		.uleb128 0x2
 198 003b 02       		.byte	0x2
 199 003c 07       		.byte	0x7
 200 003d 2B020000 		.4byte	.LASF3
 201 0041 02       		.uleb128 0x2
 202 0042 04       		.byte	0x4
 203 0043 05       		.byte	0x5
 204 0044 CC010000 		.4byte	.LASF4
 205 0048 02       		.uleb128 0x2
 206 0049 04       		.byte	0x4
 207 004a 07       		.byte	0x7
 208 004b 74000000 		.4byte	.LASF5
 209 004f 02       		.uleb128 0x2
 210 0050 08       		.byte	0x8
 211 0051 05       		.byte	0x5
 212 0052 00000000 		.4byte	.LASF6
 213 0056 02       		.uleb128 0x2
ARM GAS  C:\Users\JOSANT~1\AppData\Local\Temp\ccUwh3Fe.s 			page 7


 214 0057 08       		.byte	0x8
 215 0058 07       		.byte	0x7
 216 0059 86000000 		.4byte	.LASF7
 217 005d 03       		.uleb128 0x3
 218 005e 04       		.byte	0x4
 219 005f 05       		.byte	0x5
 220 0060 696E7400 		.ascii	"int\000"
 221 0064 02       		.uleb128 0x2
 222 0065 04       		.byte	0x4
 223 0066 07       		.byte	0x7
 224 0067 0E000000 		.4byte	.LASF8
 225 006b 04       		.uleb128 0x4
 226 006c 6E000000 		.4byte	.LASF12
 227 0070 02       		.byte	0x2
 228 0071 9201     		.2byte	0x192
 229 0073 2C000000 		.4byte	0x2c
 230 0077 02       		.uleb128 0x2
 231 0078 04       		.byte	0x4
 232 0079 04       		.byte	0x4
 233 007a 60020000 		.4byte	.LASF9
 234 007e 02       		.uleb128 0x2
 235 007f 08       		.byte	0x8
 236 0080 04       		.byte	0x4
 237 0081 24020000 		.4byte	.LASF10
 238 0085 02       		.uleb128 0x2
 239 0086 01       		.byte	0x1
 240 0087 08       		.byte	0x8
 241 0088 5B010000 		.4byte	.LASF11
 242 008c 04       		.uleb128 0x4
 243 008d 70020000 		.4byte	.LASF13
 244 0091 02       		.byte	0x2
 245 0092 3C02     		.2byte	0x23c
 246 0094 98000000 		.4byte	0x98
 247 0098 05       		.uleb128 0x5
 248 0099 6B000000 		.4byte	0x6b
 249 009d 02       		.uleb128 0x2
 250 009e 04       		.byte	0x4
 251 009f 07       		.byte	0x7
 252 00a0 75020000 		.4byte	.LASF14
 253 00a4 06       		.uleb128 0x6
 254 00a5 1B000000 		.4byte	.LASF19
 255 00a9 01       		.byte	0x1
 256 00aa 25       		.byte	0x25
 257 00ab 6B000000 		.4byte	0x6b
 258 00af 00000000 		.4byte	.LFB0
 259 00b3 0C000000 		.4byte	.LFE0-.LFB0
 260 00b7 01       		.uleb128 0x1
 261 00b8 9C       		.byte	0x9c
 262 00b9 07       		.uleb128 0x7
 263 00ba D5010000 		.4byte	.LASF15
 264 00be 01       		.byte	0x1
 265 00bf 39       		.byte	0x39
 266 00c0 00000000 		.4byte	.LFB1
 267 00c4 1C000000 		.4byte	.LFE1-.LFB1
 268 00c8 01       		.uleb128 0x1
 269 00c9 9C       		.byte	0x9c
 270 00ca F0000000 		.4byte	0xf0
ARM GAS  C:\Users\JOSANT~1\AppData\Local\Temp\ccUwh3Fe.s 			page 8


 271 00ce 08       		.uleb128 0x8
 272 00cf 7E020000 		.4byte	.LASF17
 273 00d3 01       		.byte	0x1
 274 00d4 3B       		.byte	0x3b
 275 00d5 6B000000 		.4byte	0x6b
 276 00d9 00000000 		.4byte	.LLST0
 277 00dd 09       		.uleb128 0x9
 278 00de 06000000 		.4byte	.LVL0
 279 00e2 61010000 		.4byte	0x161
 280 00e6 09       		.uleb128 0x9
 281 00e7 14000000 		.4byte	.LVL1
 282 00eb 6C010000 		.4byte	0x16c
 283 00ef 00       		.byte	0
 284 00f0 07       		.uleb128 0x7
 285 00f1 FC010000 		.4byte	.LASF16
 286 00f5 01       		.byte	0x1
 287 00f6 50       		.byte	0x50
 288 00f7 00000000 		.4byte	.LFB2
 289 00fb 1C000000 		.4byte	.LFE2-.LFB2
 290 00ff 01       		.uleb128 0x1
 291 0100 9C       		.byte	0x9c
 292 0101 27010000 		.4byte	0x127
 293 0105 08       		.uleb128 0x8
 294 0106 7E020000 		.4byte	.LASF17
 295 010a 01       		.byte	0x1
 296 010b 52       		.byte	0x52
 297 010c 6B000000 		.4byte	0x6b
 298 0110 13000000 		.4byte	.LLST1
 299 0114 09       		.uleb128 0x9
 300 0115 06000000 		.4byte	.LVL2
 301 0119 61010000 		.4byte	0x161
 302 011d 09       		.uleb128 0x9
 303 011e 14000000 		.4byte	.LVL3
 304 0122 6C010000 		.4byte	0x16c
 305 0126 00       		.byte	0
 306 0127 07       		.uleb128 0x7
 307 0128 73010000 		.4byte	.LASF18
 308 012c 01       		.byte	0x1
 309 012d 67       		.byte	0x67
 310 012e 00000000 		.4byte	.LFB3
 311 0132 10000000 		.4byte	.LFE3-.LFB3
 312 0136 01       		.uleb128 0x1
 313 0137 9C       		.byte	0x9c
 314 0138 4C010000 		.4byte	0x14c
 315 013c 0A       		.uleb128 0xa
 316 013d 60010000 		.4byte	.LASF24
 317 0141 01       		.byte	0x1
 318 0142 67       		.byte	0x67
 319 0143 6B000000 		.4byte	0x6b
 320 0147 26000000 		.4byte	.LLST2
 321 014b 00       		.byte	0
 322 014c 06       		.uleb128 0x6
 323 014d 4E000000 		.4byte	.LASF20
 324 0151 01       		.byte	0x1
 325 0152 7E       		.byte	0x7e
 326 0153 6B000000 		.4byte	0x6b
 327 0157 00000000 		.4byte	.LFB4
ARM GAS  C:\Users\JOSANT~1\AppData\Local\Temp\ccUwh3Fe.s 			page 9


 328 015b 0C000000 		.4byte	.LFE4-.LFB4
 329 015f 01       		.uleb128 0x1
 330 0160 9C       		.byte	0x9c
 331 0161 0B       		.uleb128 0xb
 332 0162 37000000 		.4byte	.LASF25
 333 0166 03       		.byte	0x3
 334 0167 7D       		.byte	0x7d
 335 0168 6B000000 		.4byte	0x6b
 336 016c 0C       		.uleb128 0xc
 337 016d 4A020000 		.4byte	.LASF26
 338 0171 03       		.byte	0x3
 339 0172 7E       		.byte	0x7e
 340 0173 0D       		.uleb128 0xd
 341 0174 6B000000 		.4byte	0x6b
 342 0178 00       		.byte	0
 343 0179 00       		.byte	0
 344              		.section	.debug_abbrev,"",%progbits
 345              	.Ldebug_abbrev0:
 346 0000 01       		.uleb128 0x1
 347 0001 11       		.uleb128 0x11
 348 0002 01       		.byte	0x1
 349 0003 25       		.uleb128 0x25
 350 0004 0E       		.uleb128 0xe
 351 0005 13       		.uleb128 0x13
 352 0006 0B       		.uleb128 0xb
 353 0007 03       		.uleb128 0x3
 354 0008 0E       		.uleb128 0xe
 355 0009 1B       		.uleb128 0x1b
 356 000a 0E       		.uleb128 0xe
 357 000b 55       		.uleb128 0x55
 358 000c 17       		.uleb128 0x17
 359 000d 11       		.uleb128 0x11
 360 000e 01       		.uleb128 0x1
 361 000f 10       		.uleb128 0x10
 362 0010 17       		.uleb128 0x17
 363 0011 00       		.byte	0
 364 0012 00       		.byte	0
 365 0013 02       		.uleb128 0x2
 366 0014 24       		.uleb128 0x24
 367 0015 00       		.byte	0
 368 0016 0B       		.uleb128 0xb
 369 0017 0B       		.uleb128 0xb
 370 0018 3E       		.uleb128 0x3e
 371 0019 0B       		.uleb128 0xb
 372 001a 03       		.uleb128 0x3
 373 001b 0E       		.uleb128 0xe
 374 001c 00       		.byte	0
 375 001d 00       		.byte	0
 376 001e 03       		.uleb128 0x3
 377 001f 24       		.uleb128 0x24
 378 0020 00       		.byte	0
 379 0021 0B       		.uleb128 0xb
 380 0022 0B       		.uleb128 0xb
 381 0023 3E       		.uleb128 0x3e
 382 0024 0B       		.uleb128 0xb
 383 0025 03       		.uleb128 0x3
 384 0026 08       		.uleb128 0x8
ARM GAS  C:\Users\JOSANT~1\AppData\Local\Temp\ccUwh3Fe.s 			page 10


 385 0027 00       		.byte	0
 386 0028 00       		.byte	0
 387 0029 04       		.uleb128 0x4
 388 002a 16       		.uleb128 0x16
 389 002b 00       		.byte	0
 390 002c 03       		.uleb128 0x3
 391 002d 0E       		.uleb128 0xe
 392 002e 3A       		.uleb128 0x3a
 393 002f 0B       		.uleb128 0xb
 394 0030 3B       		.uleb128 0x3b
 395 0031 05       		.uleb128 0x5
 396 0032 49       		.uleb128 0x49
 397 0033 13       		.uleb128 0x13
 398 0034 00       		.byte	0
 399 0035 00       		.byte	0
 400 0036 05       		.uleb128 0x5
 401 0037 35       		.uleb128 0x35
 402 0038 00       		.byte	0
 403 0039 49       		.uleb128 0x49
 404 003a 13       		.uleb128 0x13
 405 003b 00       		.byte	0
 406 003c 00       		.byte	0
 407 003d 06       		.uleb128 0x6
 408 003e 2E       		.uleb128 0x2e
 409 003f 00       		.byte	0
 410 0040 3F       		.uleb128 0x3f
 411 0041 19       		.uleb128 0x19
 412 0042 03       		.uleb128 0x3
 413 0043 0E       		.uleb128 0xe
 414 0044 3A       		.uleb128 0x3a
 415 0045 0B       		.uleb128 0xb
 416 0046 3B       		.uleb128 0x3b
 417 0047 0B       		.uleb128 0xb
 418 0048 27       		.uleb128 0x27
 419 0049 19       		.uleb128 0x19
 420 004a 49       		.uleb128 0x49
 421 004b 13       		.uleb128 0x13
 422 004c 11       		.uleb128 0x11
 423 004d 01       		.uleb128 0x1
 424 004e 12       		.uleb128 0x12
 425 004f 06       		.uleb128 0x6
 426 0050 40       		.uleb128 0x40
 427 0051 18       		.uleb128 0x18
 428 0052 9742     		.uleb128 0x2117
 429 0054 19       		.uleb128 0x19
 430 0055 00       		.byte	0
 431 0056 00       		.byte	0
 432 0057 07       		.uleb128 0x7
 433 0058 2E       		.uleb128 0x2e
 434 0059 01       		.byte	0x1
 435 005a 3F       		.uleb128 0x3f
 436 005b 19       		.uleb128 0x19
 437 005c 03       		.uleb128 0x3
 438 005d 0E       		.uleb128 0xe
 439 005e 3A       		.uleb128 0x3a
 440 005f 0B       		.uleb128 0xb
 441 0060 3B       		.uleb128 0x3b
ARM GAS  C:\Users\JOSANT~1\AppData\Local\Temp\ccUwh3Fe.s 			page 11


 442 0061 0B       		.uleb128 0xb
 443 0062 27       		.uleb128 0x27
 444 0063 19       		.uleb128 0x19
 445 0064 11       		.uleb128 0x11
 446 0065 01       		.uleb128 0x1
 447 0066 12       		.uleb128 0x12
 448 0067 06       		.uleb128 0x6
 449 0068 40       		.uleb128 0x40
 450 0069 18       		.uleb128 0x18
 451 006a 9742     		.uleb128 0x2117
 452 006c 19       		.uleb128 0x19
 453 006d 01       		.uleb128 0x1
 454 006e 13       		.uleb128 0x13
 455 006f 00       		.byte	0
 456 0070 00       		.byte	0
 457 0071 08       		.uleb128 0x8
 458 0072 34       		.uleb128 0x34
 459 0073 00       		.byte	0
 460 0074 03       		.uleb128 0x3
 461 0075 0E       		.uleb128 0xe
 462 0076 3A       		.uleb128 0x3a
 463 0077 0B       		.uleb128 0xb
 464 0078 3B       		.uleb128 0x3b
 465 0079 0B       		.uleb128 0xb
 466 007a 49       		.uleb128 0x49
 467 007b 13       		.uleb128 0x13
 468 007c 02       		.uleb128 0x2
 469 007d 17       		.uleb128 0x17
 470 007e 00       		.byte	0
 471 007f 00       		.byte	0
 472 0080 09       		.uleb128 0x9
 473 0081 898201   		.uleb128 0x4109
 474 0084 00       		.byte	0
 475 0085 11       		.uleb128 0x11
 476 0086 01       		.uleb128 0x1
 477 0087 31       		.uleb128 0x31
 478 0088 13       		.uleb128 0x13
 479 0089 00       		.byte	0
 480 008a 00       		.byte	0
 481 008b 0A       		.uleb128 0xa
 482 008c 05       		.uleb128 0x5
 483 008d 00       		.byte	0
 484 008e 03       		.uleb128 0x3
 485 008f 0E       		.uleb128 0xe
 486 0090 3A       		.uleb128 0x3a
 487 0091 0B       		.uleb128 0xb
 488 0092 3B       		.uleb128 0x3b
 489 0093 0B       		.uleb128 0xb
 490 0094 49       		.uleb128 0x49
 491 0095 13       		.uleb128 0x13
 492 0096 02       		.uleb128 0x2
 493 0097 17       		.uleb128 0x17
 494 0098 00       		.byte	0
 495 0099 00       		.byte	0
 496 009a 0B       		.uleb128 0xb
 497 009b 2E       		.uleb128 0x2e
 498 009c 00       		.byte	0
ARM GAS  C:\Users\JOSANT~1\AppData\Local\Temp\ccUwh3Fe.s 			page 12


 499 009d 3F       		.uleb128 0x3f
 500 009e 19       		.uleb128 0x19
 501 009f 03       		.uleb128 0x3
 502 00a0 0E       		.uleb128 0xe
 503 00a1 3A       		.uleb128 0x3a
 504 00a2 0B       		.uleb128 0xb
 505 00a3 3B       		.uleb128 0x3b
 506 00a4 0B       		.uleb128 0xb
 507 00a5 27       		.uleb128 0x27
 508 00a6 19       		.uleb128 0x19
 509 00a7 49       		.uleb128 0x49
 510 00a8 13       		.uleb128 0x13
 511 00a9 3C       		.uleb128 0x3c
 512 00aa 19       		.uleb128 0x19
 513 00ab 00       		.byte	0
 514 00ac 00       		.byte	0
 515 00ad 0C       		.uleb128 0xc
 516 00ae 2E       		.uleb128 0x2e
 517 00af 01       		.byte	0x1
 518 00b0 3F       		.uleb128 0x3f
 519 00b1 19       		.uleb128 0x19
 520 00b2 03       		.uleb128 0x3
 521 00b3 0E       		.uleb128 0xe
 522 00b4 3A       		.uleb128 0x3a
 523 00b5 0B       		.uleb128 0xb
 524 00b6 3B       		.uleb128 0x3b
 525 00b7 0B       		.uleb128 0xb
 526 00b8 27       		.uleb128 0x27
 527 00b9 19       		.uleb128 0x19
 528 00ba 3C       		.uleb128 0x3c
 529 00bb 19       		.uleb128 0x19
 530 00bc 00       		.byte	0
 531 00bd 00       		.byte	0
 532 00be 0D       		.uleb128 0xd
 533 00bf 05       		.uleb128 0x5
 534 00c0 00       		.byte	0
 535 00c1 49       		.uleb128 0x49
 536 00c2 13       		.uleb128 0x13
 537 00c3 00       		.byte	0
 538 00c4 00       		.byte	0
 539 00c5 00       		.byte	0
 540              		.section	.debug_loc,"",%progbits
 541              	.Ldebug_loc0:
 542              	.LLST0:
 543 0000 06000000 		.4byte	.LVL0
 544 0004 13000000 		.4byte	.LVL1-1
 545 0008 0100     		.2byte	0x1
 546 000a 50       		.byte	0x50
 547 000b 00000000 		.4byte	0
 548 000f 00000000 		.4byte	0
 549              	.LLST1:
 550 0013 06000000 		.4byte	.LVL2
 551 0017 13000000 		.4byte	.LVL3-1
 552 001b 0100     		.2byte	0x1
 553 001d 50       		.byte	0x50
 554 001e 00000000 		.4byte	0
 555 0022 00000000 		.4byte	0
ARM GAS  C:\Users\JOSANT~1\AppData\Local\Temp\ccUwh3Fe.s 			page 13


 556              	.LLST2:
 557 0026 00000000 		.4byte	.LVL4
 558 002a 04000000 		.4byte	.LVL5
 559 002e 0100     		.2byte	0x1
 560 0030 50       		.byte	0x50
 561 0031 04000000 		.4byte	.LVL5
 562 0035 10000000 		.4byte	.LFE3
 563 0039 0100     		.2byte	0x1
 564 003b 50       		.byte	0x50
 565 003c 00000000 		.4byte	0
 566 0040 00000000 		.4byte	0
 567              		.section	.debug_aranges,"",%progbits
 568 0000 3C000000 		.4byte	0x3c
 569 0004 0200     		.2byte	0x2
 570 0006 00000000 		.4byte	.Ldebug_info0
 571 000a 04       		.byte	0x4
 572 000b 00       		.byte	0
 573 000c 0000     		.2byte	0
 574 000e 0000     		.2byte	0
 575 0010 00000000 		.4byte	.LFB0
 576 0014 0C000000 		.4byte	.LFE0-.LFB0
 577 0018 00000000 		.4byte	.LFB1
 578 001c 1C000000 		.4byte	.LFE1-.LFB1
 579 0020 00000000 		.4byte	.LFB2
 580 0024 1C000000 		.4byte	.LFE2-.LFB2
 581 0028 00000000 		.4byte	.LFB3
 582 002c 10000000 		.4byte	.LFE3-.LFB3
 583 0030 00000000 		.4byte	.LFB4
 584 0034 0C000000 		.4byte	.LFE4-.LFB4
 585 0038 00000000 		.4byte	0
 586 003c 00000000 		.4byte	0
 587              		.section	.debug_ranges,"",%progbits
 588              	.Ldebug_ranges0:
 589 0000 00000000 		.4byte	.LFB0
 590 0004 0C000000 		.4byte	.LFE0
 591 0008 00000000 		.4byte	.LFB1
 592 000c 1C000000 		.4byte	.LFE1
 593 0010 00000000 		.4byte	.LFB2
 594 0014 1C000000 		.4byte	.LFE2
 595 0018 00000000 		.4byte	.LFB3
 596 001c 10000000 		.4byte	.LFE3
 597 0020 00000000 		.4byte	.LFB4
 598 0024 0C000000 		.4byte	.LFE4
 599 0028 00000000 		.4byte	0
 600 002c 00000000 		.4byte	0
 601              		.section	.debug_line,"",%progbits
 602              	.Ldebug_line0:
 603 0000 BE000000 		.section	.debug_str,"MS",%progbits,1
 603      02005E00 
 603      00000201 
 603      FB0E0D00 
 603      01010101 
 604              	.LASF6:
 605 0000 6C6F6E67 		.ascii	"long long int\000"
 605      206C6F6E 
 605      6720696E 
 605      7400
ARM GAS  C:\Users\JOSANT~1\AppData\Local\Temp\ccUwh3Fe.s 			page 14


 606              	.LASF8:
 607 000e 756E7369 		.ascii	"unsigned int\000"
 607      676E6564 
 607      20696E74 
 607      00
 608              	.LASF19:
 609 001b 53746174 		.ascii	"Status_Reg_CurrentStep_Read\000"
 609      75735F52 
 609      65675F43 
 609      75727265 
 609      6E745374 
 610              	.LASF25:
 611 0037 4379456E 		.ascii	"CyEnterCriticalSection\000"
 611      74657243 
 611      72697469 
 611      63616C53 
 611      65637469 
 612              	.LASF20:
 613 004e 53746174 		.ascii	"Status_Reg_CurrentStep_ReadMask\000"
 613      75735F52 
 613      65675F43 
 613      75727265 
 613      6E745374 
 614              	.LASF12:
 615 006e 75696E74 		.ascii	"uint8\000"
 615      3800
 616              	.LASF5:
 617 0074 6C6F6E67 		.ascii	"long unsigned int\000"
 617      20756E73 
 617      69676E65 
 617      6420696E 
 617      7400
 618              	.LASF7:
 619 0086 6C6F6E67 		.ascii	"long long unsigned int\000"
 619      206C6F6E 
 619      6720756E 
 619      7369676E 
 619      65642069 
 620              	.LASF22:
 621 009d 47656E65 		.ascii	"Generated_Source\\PSoC5\\Status_Reg_CurrentStep.c\000"
 621      72617465 
 621      645F536F 
 621      75726365 
 621      5C50536F 
 622              	.LASF21:
 623 00cd 474E5520 		.ascii	"GNU C 4.9.3 20150303 (release) [ARM/embedded-4_9-br"
 623      4320342E 
 623      392E3320 
 623      32303135 
 623      30333033 
 624 0100 616E6368 		.ascii	"anch revision 221220] -mcpu=cortex-m3 -mthumb -g -O"
 624      20726576 
 624      6973696F 
 624      6E203232 
 624      31323230 
 625 0133 67202D66 		.ascii	"g -ffunction-sections -ffat-lto-objects\000"
 625      66756E63 
ARM GAS  C:\Users\JOSANT~1\AppData\Local\Temp\ccUwh3Fe.s 			page 15


 625      74696F6E 
 625      2D736563 
 625      74696F6E 
 626              	.LASF11:
 627 015b 63686172 		.ascii	"char\000"
 627      00
 628              	.LASF24:
 629 0160 6D61736B 		.ascii	"mask\000"
 629      00
 630              	.LASF1:
 631 0165 756E7369 		.ascii	"unsigned char\000"
 631      676E6564 
 631      20636861 
 631      7200
 632              	.LASF18:
 633 0173 53746174 		.ascii	"Status_Reg_CurrentStep_WriteMask\000"
 633      75735F52 
 633      65675F43 
 633      75727265 
 633      6E745374 
 634              	.LASF23:
 635 0194 433A5C50 		.ascii	"C:\\Practicas\\PracticasDSECompleto\\Practica2Parte"
 635      72616374 
 635      69636173 
 635      5C507261 
 635      63746963 
 636 01c4 352E6379 		.ascii	"5.cydsn\000"
 636      64736E00 
 637              	.LASF4:
 638 01cc 6C6F6E67 		.ascii	"long int\000"
 638      20696E74 
 638      00
 639              	.LASF15:
 640 01d5 53746174 		.ascii	"Status_Reg_CurrentStep_InterruptEnable\000"
 640      75735F52 
 640      65675F43 
 640      75727265 
 640      6E745374 
 641              	.LASF16:
 642 01fc 53746174 		.ascii	"Status_Reg_CurrentStep_InterruptDisable\000"
 642      75735F52 
 642      65675F43 
 642      75727265 
 642      6E745374 
 643              	.LASF10:
 644 0224 646F7562 		.ascii	"double\000"
 644      6C6500
 645              	.LASF3:
 646 022b 73686F72 		.ascii	"short unsigned int\000"
 646      7420756E 
 646      7369676E 
 646      65642069 
 646      6E7400
 647              	.LASF0:
 648 023e 7369676E 		.ascii	"signed char\000"
 648      65642063 
 648      68617200 
ARM GAS  C:\Users\JOSANT~1\AppData\Local\Temp\ccUwh3Fe.s 			page 16


 649              	.LASF26:
 650 024a 43794578 		.ascii	"CyExitCriticalSection\000"
 650      69744372 
 650      69746963 
 650      616C5365 
 650      6374696F 
 651              	.LASF9:
 652 0260 666C6F61 		.ascii	"float\000"
 652      7400
 653              	.LASF2:
 654 0266 73686F72 		.ascii	"short int\000"
 654      7420696E 
 654      7400
 655              	.LASF13:
 656 0270 72656738 		.ascii	"reg8\000"
 656      00
 657              	.LASF14:
 658 0275 73697A65 		.ascii	"sizetype\000"
 658      74797065 
 658      00
 659              	.LASF17:
 660 027e 696E7465 		.ascii	"interruptState\000"
 660      72727570 
 660      74537461 
 660      746500
 661              		.ident	"GCC: (GNU Tools for ARM Embedded Processors) 4.9.3 20150303 (release) [ARM/embedded-4_9-br
