C51 COMPILER V9.51   USBFS_EP2_DMA                                                         05/19/2017 11:21:15 PAGE 1   


C51 COMPILER V9.51, COMPILATION OF MODULE USBFS_EP2_DMA
OBJECT MODULE PLACED IN .\DP8051_Keil_951\Debug\USBFS_ep2_dma.obj
COMPILER INVOKED BY: C:\Program Files (x86)\Cypress\PSoC Creator\4.0\PSoC Creator\import\keil\pk51\9.51\C51\BIN\c51.exe 
                    -Generated_Source\PSoC3\USBFS_ep2_dma.c NOIV LARGE MODDP2 OMF2 VB(1) NOIP INCDIR(.,Generated_Source\PSoC3) FF(3) DB WL(2)
                    - PR(.\DP8051_Keil_951\Debug/USBFS_ep2_dma.lst) CD OT(2,SIZE) OJ(.\DP8051_Keil_951\Debug\USBFS_ep2_dma.obj)

line level    source

   1          /***************************************************************************
   2          * File Name: USBFS_ep2_dma.c  
   3          * Version 1.70
   4          *
   5          *  Description:
   6          *   Provides an API for the DMAC component. The API includes functions
   7          *   for the DMA controller, DMA channels and Transfer Descriptors.
   8          *
   9          *
  10          *   Note:
  11          *     This module requires the developer to finish or fill in the auto
  12          *     generated funcions and setup the dma channel and TD's.
  13          *
  14          ********************************************************************************
  15          * Copyright 2008-2010, Cypress Semiconductor Corporation.  All rights reserved.
  16          * You may use this file only in accordance with the license, terms, conditions, 
  17          * disclaimers, and limitations in the end user license agreement accompanying 
  18          * the software package with which this file was provided.
  19          ********************************************************************************/
  20          #include <CYLIB.H>
  21          #include <CYDMAC.H>
  22          #include <USBFS_ep2_dma.H>
  23          
  24          
  25          
  26          /****************************************************************************
  27          * 
  28          * The following defines are available in Cyfitter.h
  29          * 
  30          * 
  31          * 
  32          * USBFS_ep2__DRQ_CTL_REG
  33          * 
  34          * 
  35          * USBFS_ep2__DRQ_NUMBER
  36          * 
  37          * Number of TD's used by this channel.
  38          * USBFS_ep2__NUMBEROF_TDS
  39          * 
  40          * Priority of this channel.
  41          * USBFS_ep2__PRIORITY
  42          * 
  43          * True if USBFS_ep2_TERMIN_SEL is used.
  44          * USBFS_ep2__TERMIN_EN
  45          * 
  46          * TERMIN interrupt line to signal terminate.
  47          * USBFS_ep2__TERMIN_SEL
  48          * 
  49          * 
  50          * True if USBFS_ep2_TERMOUT0_SEL is used.
  51          * USBFS_ep2__TERMOUT0_EN
  52          * 
  53          * 
C51 COMPILER V9.51   USBFS_EP2_DMA                                                         05/19/2017 11:21:15 PAGE 2   

  54          * TERMOUT0 interrupt line to signal completion.
  55          * USBFS_ep2__TERMOUT0_SEL
  56          * 
  57          * 
  58          * True if USBFS_ep2_TERMOUT1_SEL is used.
  59          * USBFS_ep2__TERMOUT1_EN
  60          * 
  61          * 
  62          * TERMOUT1 interrupt line to signal completion.
  63          * USBFS_ep2__TERMOUT1_SEL
  64          * 
  65          ****************************************************************************/
  66          
  67          
  68          /* Zero based index of USBFS_ep2 dma channel */
  69          uint8 USBFS_ep2_DmaHandle = DMA_INVALID_CHANNEL;
  70          
  71          /*********************************************************************
  72          * Function Name: uint8 USBFS_ep2_DmaInitalize
  73          **********************************************************************
  74          * Summary:
  75          *   Allocates and initialises a channel of the DMAC to be used by the
  76          *   caller.
  77          *
  78          * Parameters:
  79          *   BurstCount.
  80          *       
  81          *       
  82          *   ReqestPerBurst.
  83          *       
  84          *       
  85          *   UpperSrcAddress.
  86          *       
  87          *       
  88          *   UpperDestAddress.
  89          *       
  90          *
  91          * Return:
  92          *   The channel that can be used by the caller for DMA activity.
  93          *   DMA_INVALID_CHANNEL (0xFF) if there are no channels left. 
  94          *
  95          *
  96          *******************************************************************/
  97          uint8 USBFS_ep2_DmaInitialize(uint8 BurstCount, uint8 ReqestPerBurst, uint16 UpperSrcAddress, uint16 Upper
             -DestAddress) 
  98          {
  99   1      
 100   1          /* Allocate a DMA channel. */
 101   1          USBFS_ep2_DmaHandle = (uint8)USBFS_ep2__DRQ_NUMBER;
 102   1      
 103   1          /* Configure the channel. */
 104   1          (void)CyDmaChSetConfiguration(USBFS_ep2_DmaHandle,
 105   1                                        BurstCount,
 106   1                                        ReqestPerBurst,
 107   1                                        (uint8)USBFS_ep2__TERMOUT0_SEL,
 108   1                                        (uint8)USBFS_ep2__TERMOUT1_SEL,
 109   1                                        (uint8)USBFS_ep2__TERMIN_SEL);
 110   1      
 111   1          /* Set the extended address for the transfers */
 112   1          (void)CyDmaChSetExtendedAddress(USBFS_ep2_DmaHandle, UpperSrcAddress, UpperDestAddress);
 113   1      
 114   1          /* Set the priority for this channel */
C51 COMPILER V9.51   USBFS_EP2_DMA                                                         05/19/2017 11:21:15 PAGE 3   

 115   1          (void)CyDmaChPriority(USBFS_ep2_DmaHandle, (uint8)USBFS_ep2__PRIORITY);
 116   1          
 117   1          return USBFS_ep2_DmaHandle;
 118   1      }
 119          
 120          /*********************************************************************
 121          * Function Name: void USBFS_ep2_DmaRelease
 122          **********************************************************************
 123          * Summary:
 124          *   Frees the channel associated with USBFS_ep2.
 125          *
 126          *
 127          * Parameters:
 128          *   void.
 129          *
 130          *
 131          *
 132          * Return:
 133          *   void.
 134          *
 135          *******************************************************************/
 136          void USBFS_ep2_DmaRelease(void) 
 137          {
 138   1          /* Disable the channel */
 139   1          (void)CyDmaChDisable(USBFS_ep2_DmaHandle);
 140   1      }
 141          
C51 COMPILER V9.51   USBFS_EP2_DMA                                                         05/19/2017 11:21:15 PAGE 4   

ASSEMBLY LISTING OF GENERATED OBJECT CODE


             ; FUNCTION _USBFS_ep2_DmaInitialize (BEGIN)
                                           ; SOURCE LINE # 97
0000 900000      R     MOV     DPTR,#BurstCount
0003 EF                MOV     A,R7
0004 F0                MOVX    @DPTR,A
0005 900000      R     MOV     DPTR,#ReqestPerBurst
0008 ED                MOV     A,R5
0009 F0                MOVX    @DPTR,A
000A 900000      R     MOV     DPTR,#UpperSrcAddress
000D EA                MOV     A,R2
000E F0                MOVX    @DPTR,A
000F A3                INC     DPTR
0010 EB                MOV     A,R3
0011 F0                MOVX    @DPTR,A
                                           ; SOURCE LINE # 98
                                           ; SOURCE LINE # 101
0012 900000      R     MOV     DPTR,#USBFS_ep2_DmaHandle
0015 7401              MOV     A,#01H
0017 F0                MOVX    @DPTR,A
                                           ; SOURCE LINE # 109
0018 900000      R     MOV     DPTR,#USBFS_ep2_DmaHandle
001B E0                MOVX    A,@DPTR
001C FF                MOV     R7,A
001D 900000      R     MOV     DPTR,#BurstCount
0020 E0                MOVX    A,@DPTR
0021 FD                MOV     R5,A
0022 900000      R     MOV     DPTR,#ReqestPerBurst
0025 E0                MOVX    A,@DPTR
0026 FB                MOV     R3,A
0027 900000      E     MOV     DPTR,#?_CyDmaChSetConfiguration?BYTE+03H
002A E4                CLR     A
002B F0                MOVX    @DPTR,A
002C 900000      E     MOV     DPTR,#?_CyDmaChSetConfiguration?BYTE+04H
002F E4                CLR     A
0030 F0                MOVX    @DPTR,A
0031 900000      E     MOV     DPTR,#?_CyDmaChSetConfiguration?BYTE+05H
0034 E4                CLR     A
0035 F0                MOVX    @DPTR,A
0036 120000      E     LCALL   _CyDmaChSetConfiguration
                                           ; SOURCE LINE # 112
0039 900000      R     MOV     DPTR,#USBFS_ep2_DmaHandle
003C E0                MOVX    A,@DPTR
003D FF                MOV     R7,A
003E 900000      R     MOV     DPTR,#UpperSrcAddress
0041 E0                MOVX    A,@DPTR
0042 FC                MOV     R4,A
0043 A3                INC     DPTR
0044 E0                MOVX    A,@DPTR
0045 FD                MOV     R5,A
0046 900000      R     MOV     DPTR,#UpperDestAddress
0049 E0                MOVX    A,@DPTR
004A FA                MOV     R2,A
004B A3                INC     DPTR
004C E0                MOVX    A,@DPTR
004D FB                MOV     R3,A
004E 120000      E     LCALL   _CyDmaChSetExtendedAddress
                                           ; SOURCE LINE # 115
0051 900000      R     MOV     DPTR,#USBFS_ep2_DmaHandle
0054 E0                MOVX    A,@DPTR
C51 COMPILER V9.51   USBFS_EP2_DMA                                                         05/19/2017 11:21:15 PAGE 5   

0055 FF                MOV     R7,A
0056 7D02              MOV     R5,#02H
0058 120000      E     LCALL   _CyDmaChPriority
                                           ; SOURCE LINE # 117
005B 900000      R     MOV     DPTR,#USBFS_ep2_DmaHandle
005E E0                MOVX    A,@DPTR
005F FF                MOV     R7,A
                                           ; SOURCE LINE # 118
0060         ?C0001:
0060 22                RET     
             ; FUNCTION _USBFS_ep2_DmaInitialize (END)

             ; FUNCTION USBFS_ep2_DmaRelease (BEGIN)
                                           ; SOURCE LINE # 136
                                           ; SOURCE LINE # 137
                                           ; SOURCE LINE # 139
0000 900000      R     MOV     DPTR,#USBFS_ep2_DmaHandle
0003 E0                MOVX    A,@DPTR
0004 FF                MOV     R7,A
0005 120000      E     LCALL   _?CyDmaChDisable
                                           ; SOURCE LINE # 140
0008 22                RET     
             ; FUNCTION USBFS_ep2_DmaRelease (END)



MODULE INFORMATION:   STATIC OVERLAYABLE
   CODE SIZE        =    106    ----
   CONSTANT SIZE    =   ----    ----
   XDATA SIZE       =      1       6
   PDATA SIZE       =   ----    ----
   DATA SIZE        =   ----    ----
   IDATA SIZE       =   ----    ----
   BIT SIZE         =   ----    ----
   EDATA SIZE       =   ----    ----
   HDATA SIZE       =   ----    ----
   XDATA CONST SIZE =   ----    ----
   FAR CONST SIZE   =   ----    ----
END OF MODULE INFORMATION.


C51 COMPILATION COMPLETE.  0 WARNING(S),  0 ERROR(S)
