ARM GAS  C:\Users\JOSANT~1\AppData\Local\Temp\ccUpMVQj.s 			page 1


   1              		.syntax unified
   2              		.cpu cortex-m3
   3              		.fpu softvfp
   4              		.eabi_attribute 20, 1
   5              		.eabi_attribute 21, 1
   6              		.eabi_attribute 23, 3
   7              		.eabi_attribute 24, 1
   8              		.eabi_attribute 25, 1
   9              		.eabi_attribute 26, 1
  10              		.eabi_attribute 30, 1
  11              		.eabi_attribute 34, 1
  12              		.eabi_attribute 18, 4
  13              		.thumb
  14              		.file	"main.c"
  15              		.text
  16              	.Ltext0:
  17              		.cfi_sections	.debug_frame
  18              		.section	.text.GPIOIsrHandler,"ax",%progbits
  19              		.align	2
  20              		.global	GPIOIsrHandler
  21              		.thumb
  22              		.thumb_func
  23              		.type	GPIOIsrHandler, %function
  24              	GPIOIsrHandler:
  25              	.LFB64:
  26              		.file 1 "main.c"
   1:main.c        **** /*******************************************************************************
   2:main.c        **** * File Name: main.c
   3:main.c        **** *
   4:main.c        **** * Version: 1.00
   5:main.c        **** *
   6:main.c        **** * Description:
   7:main.c        **** *  This is the source code for the Interrupts example project of the Interrupt
   8:main.c        **** *  and cy_boot components.
   9:main.c        **** *
  10:main.c        **** ********************************************************************************
  11:main.c        **** * Copyright 2015, Cypress Semiconductor Corporation. All rights reserved.
  12:main.c        **** * This software is owned by Cypress Semiconductor Corporation and is protected
  13:main.c        **** * by and subject to worldwide patent and copyright laws and treaties.
  14:main.c        **** * Therefore, you may use this software only as provided in the license agreement
  15:main.c        **** * accompanying the software package from which you obtained this software.
  16:main.c        **** * CYPRESS AND ITS SUPPLIERS MAKE NO WARRANTY OF ANY KIND, EXPRESS OR IMPLIED,
  17:main.c        **** * WITH REGARD TO THIS SOFTWARE, INCLUDING, BUT NOT LIMITED TO, NONINFRINGEMENT,
  18:main.c        **** * IMPLIED WARRANTIES OF MERCHANTABILITY AND FITNESS FOR A PARTICULAR PURPOSE.
  19:main.c        **** *******************************************************************************/
  20:main.c        **** 
  21:main.c        **** #include <project.h>
  22:main.c        **** 
  23:main.c        **** #define NESTED_ISR                          (1u)
  24:main.c        **** #define DEFAULT_PRIORITY                    (3u)
  25:main.c        **** #define HIGHER_PRIORITY                     (2u)
  26:main.c        **** 
  27:main.c        **** #if(CY_PSOC4)
  28:main.c        ****     #define LIGHT_OFF                       (1u)
  29:main.c        ****     #define LIGHT_ON                        (0u)
  30:main.c        **** #else
  31:main.c        ****     #define LIGHT_OFF                       (0u)
ARM GAS  C:\Users\JOSANT~1\AppData\Local\Temp\ccUpMVQj.s 			page 2


  32:main.c        ****     #define LIGHT_ON                        (1u)
  33:main.c        **** #endif /* (CY_PSOC4) */
  34:main.c        **** 
  35:main.c        **** /* Interrupt prototypes */
  36:main.c        **** CY_ISR_PROTO(GPIOIsrHandler);
  37:main.c        **** CY_ISR_PROTO(NestedIsrHandler);
  38:main.c        **** 
  39:main.c        **** 
  40:main.c        **** /*******************************************************************************
  41:main.c        **** * Function Name: main
  42:main.c        **** ********************************************************************************
  43:main.c        **** *
  44:main.c        **** * Summary:
  45:main.c        **** *  At the beginning of the main function, the GPIO interrupt is set up and
  46:main.c        **** *  enabled. After that, initial priority for the GPIO interrupt is changed from
  47:main.c        **** *  1 to 3 (DEFAULT_PRIORITY). The custom interrupt (nested) is configured
  48:main.c        **** *  (sets up, sets priority) and enabled. In GPIOIsrHandler, the isr_GPIO
  49:main.c        **** *  pending interrupt clears, the green LED turns on, the nested software
  50:main.c        **** *  interrupt causes after approximately 1 second delay, green LED turns off.
  51:main.c        **** *
  52:main.c        **** * Parameters:
  53:main.c        **** *  None.
  54:main.c        **** *
  55:main.c        **** * Return:
  56:main.c        **** *  None.
  57:main.c        **** *
  58:main.c        **** *******************************************************************************/
  59:main.c        **** int main()
  60:main.c        **** {
  61:main.c        ****     /* Set initial state (off) for LED */
  62:main.c        ****     LED_Isr_Write(LIGHT_OFF);
  63:main.c        ****     LED_Nested_Write(LIGHT_OFF);
  64:main.c        **** 
  65:main.c        ****     /* Sets up the GPIO interrupt and enables it */
  66:main.c        ****     isr_GPIO_StartEx(GPIOIsrHandler);
  67:main.c        **** 
  68:main.c        ****     /* Changes initial priority for the GPIO interrupt */
  69:main.c        ****     isr_GPIO_SetPriority(DEFAULT_PRIORITY);
  70:main.c        **** 
  71:main.c        ****     /* Sets up the nested interrupt, sets priority and enables it */
  72:main.c        ****     CyIntSetVector(NESTED_ISR,NestedIsrHandler);
  73:main.c        ****     CyIntSetPriority(NESTED_ISR,HIGHER_PRIORITY);
  74:main.c        ****     CyIntEnable(NESTED_ISR);
  75:main.c        **** 
  76:main.c        ****     /* Enable global interrupts */
  77:main.c        ****     CyGlobalIntEnable;
  78:main.c        **** 
  79:main.c        ****     for(;;)
  80:main.c        ****     {
  81:main.c        ****     }
  82:main.c        **** }
  83:main.c        **** 
  84:main.c        **** 
  85:main.c        **** /*******************************************************************************
  86:main.c        **** * Function Name: GPIOIsrHandler
  87:main.c        **** ********************************************************************************
  88:main.c        **** * Summary:
ARM GAS  C:\Users\JOSANT~1\AppData\Local\Temp\ccUpMVQj.s 			page 3


  89:main.c        **** *  The interrupt handler for GPIO interrupts.
  90:main.c        **** *  Clears a pending Interrupt.
  91:main.c        **** *  Clears a pin Interrupt.
  92:main.c        **** *  Blinks the LED with the LED_Isr pin.
  93:main.c        **** *  Calls nested interrupt.
  94:main.c        **** 
  95:main.c        **** *
  96:main.c        **** * Parameters:
  97:main.c        **** *  None
  98:main.c        **** *
  99:main.c        **** * Return:
 100:main.c        **** *  None
 101:main.c        **** *
 102:main.c        **** *******************************************************************************/
 103:main.c        **** CY_ISR(GPIOIsrHandler)
 104:main.c        **** {
  27              		.loc 1 104 0
  28              		.cfi_startproc
  29              		@ args = 0, pretend = 0, frame = 0
  30              		@ frame_needed = 0, uses_anonymous_args = 0
  31 0000 08B5     		push	{r3, lr}
  32              		.cfi_def_cfa_offset 8
  33              		.cfi_offset 3, -8
  34              		.cfi_offset 14, -4
 105:main.c        ****     /* Clear pending Interrupt */
 106:main.c        ****     isr_GPIO_ClearPending();
  35              		.loc 1 106 0
  36 0002 FFF7FEFF 		bl	isr_GPIO_ClearPending
  37              	.LVL0:
 107:main.c        ****     
 108:main.c        ****     /* Clear pin Interrupt */
 109:main.c        ****     Pin_Sw_ClearInterrupt();
  38              		.loc 1 109 0
  39 0006 FFF7FEFF 		bl	Pin_Sw_ClearInterrupt
  40              	.LVL1:
 110:main.c        ****     
 111:main.c        ****     /* Turn On the LED */
 112:main.c        ****     LED_Isr_Write(LIGHT_ON);
  41              		.loc 1 112 0
  42 000a 0120     		movs	r0, #1
  43 000c FFF7FEFF 		bl	LED_Isr_Write
  44              	.LVL2:
 113:main.c        **** 
 114:main.c        ****     /* Cause nested software interrupt after 1000 ms */
 115:main.c        ****     CyDelay(1000u);
  45              		.loc 1 115 0
  46 0010 4FF47A70 		mov	r0, #1000
  47 0014 FFF7FEFF 		bl	CyDelay
  48              	.LVL3:
 116:main.c        ****     CyIntSetPending(NESTED_ISR);
  49              		.loc 1 116 0
  50 0018 0222     		movs	r2, #2
  51 001a 034B     		ldr	r3, .L3
  52 001c 1A60     		str	r2, [r3]
 117:main.c        **** 
 118:main.c        ****     /* Turn Off the LED */
 119:main.c        ****     LED_Isr_Write(LIGHT_OFF);
ARM GAS  C:\Users\JOSANT~1\AppData\Local\Temp\ccUpMVQj.s 			page 4


  53              		.loc 1 119 0
  54 001e 0020     		movs	r0, #0
  55 0020 FFF7FEFF 		bl	LED_Isr_Write
  56              	.LVL4:
  57 0024 08BD     		pop	{r3, pc}
  58              	.L4:
  59 0026 00BF     		.align	2
  60              	.L3:
  61 0028 00E200E0 		.word	-536813056
  62              		.cfi_endproc
  63              	.LFE64:
  64              		.size	GPIOIsrHandler, .-GPIOIsrHandler
  65              		.section	.text.NestedIsrHandler,"ax",%progbits
  66              		.align	2
  67              		.global	NestedIsrHandler
  68              		.thumb
  69              		.thumb_func
  70              		.type	NestedIsrHandler, %function
  71              	NestedIsrHandler:
  72              	.LFB65:
 120:main.c        **** }
 121:main.c        **** 
 122:main.c        **** 
 123:main.c        **** /*******************************************************************************
 124:main.c        **** * Function Name: NestedIsrHandler
 125:main.c        **** ********************************************************************************
 126:main.c        **** * Summary:
 127:main.c        **** *  The interrupt handler for nested interrupt.
 128:main.c        **** *  Blinks the LED with the LED_Nested pin.
 129:main.c        **** *
 130:main.c        **** * Parameters:
 131:main.c        **** *  None
 132:main.c        **** *
 133:main.c        **** * Return:
 134:main.c        **** *  None
 135:main.c        **** *
 136:main.c        **** *******************************************************************************/
 137:main.c        **** CY_ISR(NestedIsrHandler)
 138:main.c        **** {
  73              		.loc 1 138 0
  74              		.cfi_startproc
  75              		@ args = 0, pretend = 0, frame = 0
  76              		@ frame_needed = 0, uses_anonymous_args = 0
  77 0000 08B5     		push	{r3, lr}
  78              		.cfi_def_cfa_offset 8
  79              		.cfi_offset 3, -8
  80              		.cfi_offset 14, -4
 139:main.c        ****     /* Clear pending Interrupt */
 140:main.c        ****     CyIntClearPending(NESTED_ISR);
  81              		.loc 1 140 0
  82 0002 0222     		movs	r2, #2
  83 0004 084B     		ldr	r3, .L7
  84 0006 1A60     		str	r2, [r3]
 141:main.c        **** 
 142:main.c        ****     /* Turn On the LED for 1000 ms */
 143:main.c        ****     LED_Nested_Write(LIGHT_ON);
  85              		.loc 1 143 0
ARM GAS  C:\Users\JOSANT~1\AppData\Local\Temp\ccUpMVQj.s 			page 5


  86 0008 0120     		movs	r0, #1
  87 000a FFF7FEFF 		bl	LED_Nested_Write
  88              	.LVL5:
 144:main.c        ****     CyDelay(1000u);
  89              		.loc 1 144 0
  90 000e 4FF47A70 		mov	r0, #1000
  91 0012 FFF7FEFF 		bl	CyDelay
  92              	.LVL6:
 145:main.c        **** 
 146:main.c        ****     /* Turn Off the LED and wait for 1000 ms */
 147:main.c        ****     LED_Nested_Write(LIGHT_OFF);
  93              		.loc 1 147 0
  94 0016 0020     		movs	r0, #0
  95 0018 FFF7FEFF 		bl	LED_Nested_Write
  96              	.LVL7:
 148:main.c        ****     CyDelay(1000u);
  97              		.loc 1 148 0
  98 001c 4FF47A70 		mov	r0, #1000
  99 0020 FFF7FEFF 		bl	CyDelay
 100              	.LVL8:
 101 0024 08BD     		pop	{r3, pc}
 102              	.L8:
 103 0026 00BF     		.align	2
 104              	.L7:
 105 0028 80E200E0 		.word	-536812928
 106              		.cfi_endproc
 107              	.LFE65:
 108              		.size	NestedIsrHandler, .-NestedIsrHandler
 109              		.section	.text.main,"ax",%progbits
 110              		.align	2
 111              		.global	main
 112              		.thumb
 113              		.thumb_func
 114              		.type	main, %function
 115              	main:
 116              	.LFB63:
  60:main.c        ****     /* Set initial state (off) for LED */
 117              		.loc 1 60 0
 118              		.cfi_startproc
 119              		@ Volatile: function does not return.
 120              		@ args = 0, pretend = 0, frame = 0
 121              		@ frame_needed = 0, uses_anonymous_args = 0
 122 0000 08B5     		push	{r3, lr}
 123              		.cfi_def_cfa_offset 8
 124              		.cfi_offset 3, -8
 125              		.cfi_offset 14, -4
  62:main.c        ****     LED_Nested_Write(LIGHT_OFF);
 126              		.loc 1 62 0
 127 0002 0020     		movs	r0, #0
 128 0004 FFF7FEFF 		bl	LED_Isr_Write
 129              	.LVL9:
  63:main.c        **** 
 130              		.loc 1 63 0
 131 0008 0020     		movs	r0, #0
 132 000a FFF7FEFF 		bl	LED_Nested_Write
 133              	.LVL10:
  66:main.c        **** 
ARM GAS  C:\Users\JOSANT~1\AppData\Local\Temp\ccUpMVQj.s 			page 6


 134              		.loc 1 66 0
 135 000e 0948     		ldr	r0, .L12
 136 0010 FFF7FEFF 		bl	isr_GPIO_StartEx
 137              	.LVL11:
  69:main.c        **** 
 138              		.loc 1 69 0
 139 0014 0320     		movs	r0, #3
 140 0016 FFF7FEFF 		bl	isr_GPIO_SetPriority
 141              	.LVL12:
  72:main.c        ****     CyIntSetPriority(NESTED_ISR,HIGHER_PRIORITY);
 142              		.loc 1 72 0
 143 001a 0120     		movs	r0, #1
 144 001c 0649     		ldr	r1, .L12+4
 145 001e FFF7FEFF 		bl	CyIntSetVector
 146              	.LVL13:
  73:main.c        ****     CyIntEnable(NESTED_ISR);
 147              		.loc 1 73 0
 148 0022 0120     		movs	r0, #1
 149 0024 0221     		movs	r1, #2
 150 0026 FFF7FEFF 		bl	CyIntSetPriority
 151              	.LVL14:
  74:main.c        **** 
 152              		.loc 1 74 0
 153 002a 0222     		movs	r2, #2
 154 002c 034B     		ldr	r3, .L12+8
 155 002e 1A60     		str	r2, [r3]
  77:main.c        **** 
 156              		.loc 1 77 0
 157              	@ 77 "main.c" 1
 158 0030 62B6     		CPSIE   i
 159              	@ 0 "" 2
 160              		.thumb
 161              	.L10:
  81:main.c        **** }
 162              		.loc 1 81 0 discriminator 1
 163 0032 FEE7     		b	.L10
 164              	.L13:
 165              		.align	2
 166              	.L12:
 167 0034 00000000 		.word	GPIOIsrHandler
 168 0038 00000000 		.word	NestedIsrHandler
 169 003c 00E100E0 		.word	-536813312
 170              		.cfi_endproc
 171              	.LFE63:
 172              		.size	main, .-main
 173              		.text
 174              	.Letext0:
 175              		.file 2 "c:\\program files (x86)\\cypress\\psoc creator\\4.0\\psoc creator\\import\\gnu\\arm\\4.9.
 176              		.file 3 "c:\\program files (x86)\\cypress\\psoc creator\\4.0\\psoc creator\\import\\gnu\\arm\\4.9.
 177              		.file 4 "Generated_Source\\PSoC5/cytypes.h"
 178              		.file 5 "Generated_Source\\PSoC5/LED_Isr.h"
 179              		.file 6 "Generated_Source\\PSoC5/CyLib.h"
 180              		.file 7 "Generated_Source\\PSoC5/LED_Nested.h"
 181              		.file 8 "Generated_Source\\PSoC5/isr_GPIO.h"
 182              		.file 9 "Generated_Source\\PSoC5/core_cm3.h"
 183              		.file 10 "Generated_Source\\PSoC5/Pin_Sw.h"
 184              		.section	.debug_info,"",%progbits
ARM GAS  C:\Users\JOSANT~1\AppData\Local\Temp\ccUpMVQj.s 			page 7


 185              	.Ldebug_info0:
 186 0000 D5020000 		.4byte	0x2d5
 187 0004 0400     		.2byte	0x4
 188 0006 00000000 		.4byte	.Ldebug_abbrev0
 189 000a 04       		.byte	0x4
 190 000b 01       		.uleb128 0x1
 191 000c 9E000000 		.4byte	.LASF27
 192 0010 01       		.byte	0x1
 193 0011 D2010000 		.4byte	.LASF28
 194 0015 2C010000 		.4byte	.LASF29
 195 0019 00000000 		.4byte	.Ldebug_ranges0+0
 196 001d 00000000 		.4byte	0
 197 0021 00000000 		.4byte	.Ldebug_line0
 198 0025 02       		.uleb128 0x2
 199 0026 01       		.byte	0x1
 200 0027 06       		.byte	0x6
 201 0028 43020000 		.4byte	.LASF0
 202 002c 02       		.uleb128 0x2
 203 002d 01       		.byte	0x1
 204 002e 08       		.byte	0x8
 205 002f 25000000 		.4byte	.LASF1
 206 0033 02       		.uleb128 0x2
 207 0034 02       		.byte	0x2
 208 0035 05       		.byte	0x5
 209 0036 19020000 		.4byte	.LASF2
 210 003a 02       		.uleb128 0x2
 211 003b 02       		.byte	0x2
 212 003c 07       		.byte	0x7
 213 003d 6B000000 		.4byte	.LASF3
 214 0041 03       		.uleb128 0x3
 215 0042 15000000 		.4byte	.LASF9
 216 0046 02       		.byte	0x2
 217 0047 3F       		.byte	0x3f
 218 0048 4C000000 		.4byte	0x4c
 219 004c 02       		.uleb128 0x2
 220 004d 04       		.byte	0x4
 221 004e 05       		.byte	0x5
 222 004f 29020000 		.4byte	.LASF4
 223 0053 02       		.uleb128 0x2
 224 0054 04       		.byte	0x4
 225 0055 07       		.byte	0x7
 226 0056 59000000 		.4byte	.LASF5
 227 005a 02       		.uleb128 0x2
 228 005b 08       		.byte	0x8
 229 005c 05       		.byte	0x5
 230 005d C4010000 		.4byte	.LASF6
 231 0061 02       		.uleb128 0x2
 232 0062 08       		.byte	0x8
 233 0063 07       		.byte	0x7
 234 0064 7E010000 		.4byte	.LASF7
 235 0068 04       		.uleb128 0x4
 236 0069 04       		.byte	0x4
 237 006a 05       		.byte	0x5
 238 006b 696E7400 		.ascii	"int\000"
 239 006f 02       		.uleb128 0x2
 240 0070 04       		.byte	0x4
 241 0071 07       		.byte	0x7
ARM GAS  C:\Users\JOSANT~1\AppData\Local\Temp\ccUpMVQj.s 			page 8


 242 0072 60010000 		.4byte	.LASF8
 243 0076 03       		.uleb128 0x3
 244 0077 B3010000 		.4byte	.LASF10
 245 007b 03       		.byte	0x3
 246 007c 2C       		.byte	0x2c
 247 007d 41000000 		.4byte	0x41
 248 0081 05       		.uleb128 0x5
 249 0082 23020000 		.4byte	.LASF11
 250 0086 04       		.byte	0x4
 251 0087 9201     		.2byte	0x192
 252 0089 2C000000 		.4byte	0x2c
 253 008d 05       		.uleb128 0x5
 254 008e 97000000 		.4byte	.LASF12
 255 0092 04       		.byte	0x4
 256 0093 9401     		.2byte	0x194
 257 0095 53000000 		.4byte	0x53
 258 0099 02       		.uleb128 0x2
 259 009a 04       		.byte	0x4
 260 009b 04       		.byte	0x4
 261 009c 1F000000 		.4byte	.LASF13
 262 00a0 02       		.uleb128 0x2
 263 00a1 08       		.byte	0x8
 264 00a2 04       		.byte	0x4
 265 00a3 8B000000 		.4byte	.LASF14
 266 00a7 02       		.uleb128 0x2
 267 00a8 01       		.byte	0x1
 268 00a9 08       		.byte	0x8
 269 00aa D9010000 		.4byte	.LASF15
 270 00ae 05       		.uleb128 0x5
 271 00af 00000000 		.4byte	.LASF16
 272 00b3 04       		.byte	0x4
 273 00b4 3E02     		.2byte	0x23e
 274 00b6 BA000000 		.4byte	0xba
 275 00ba 06       		.uleb128 0x6
 276 00bb 8D000000 		.4byte	0x8d
 277 00bf 05       		.uleb128 0x5
 278 00c0 A6010000 		.4byte	.LASF17
 279 00c4 04       		.byte	0x4
 280 00c5 4E02     		.2byte	0x24e
 281 00c7 CB000000 		.4byte	0xcb
 282 00cb 07       		.uleb128 0x7
 283 00cc 04       		.byte	0x4
 284 00cd D1000000 		.4byte	0xd1
 285 00d1 08       		.uleb128 0x8
 286 00d2 02       		.uleb128 0x2
 287 00d3 04       		.byte	0x4
 288 00d4 07       		.byte	0x7
 289 00d5 BB010000 		.4byte	.LASF18
 290 00d9 09       		.uleb128 0x9
 291 00da F4010000 		.4byte	.LASF19
 292 00de 01       		.byte	0x1
 293 00df 67       		.byte	0x67
 294 00e0 00000000 		.4byte	.LFB64
 295 00e4 2C000000 		.4byte	.LFE64-.LFB64
 296 00e8 01       		.uleb128 0x1
 297 00e9 9C       		.byte	0x9c
 298 00ea 38010000 		.4byte	0x138
ARM GAS  C:\Users\JOSANT~1\AppData\Local\Temp\ccUpMVQj.s 			page 9


 299 00ee 0A       		.uleb128 0xa
 300 00ef 06000000 		.4byte	.LVL0
 301 00f3 45020000 		.4byte	0x245
 302 00f7 0A       		.uleb128 0xa
 303 00f8 0A000000 		.4byte	.LVL1
 304 00fc 4C020000 		.4byte	0x24c
 305 0100 0B       		.uleb128 0xb
 306 0101 10000000 		.4byte	.LVL2
 307 0105 57020000 		.4byte	0x257
 308 0109 13010000 		.4byte	0x113
 309 010d 0C       		.uleb128 0xc
 310 010e 01       		.uleb128 0x1
 311 010f 50       		.byte	0x50
 312 0110 01       		.uleb128 0x1
 313 0111 31       		.byte	0x31
 314 0112 00       		.byte	0
 315 0113 0B       		.uleb128 0xb
 316 0114 18000000 		.4byte	.LVL3
 317 0118 68020000 		.4byte	0x268
 318 011c 28010000 		.4byte	0x128
 319 0120 0C       		.uleb128 0xc
 320 0121 01       		.uleb128 0x1
 321 0122 50       		.byte	0x50
 322 0123 03       		.uleb128 0x3
 323 0124 0A       		.byte	0xa
 324 0125 E803     		.2byte	0x3e8
 325 0127 00       		.byte	0
 326 0128 0D       		.uleb128 0xd
 327 0129 24000000 		.4byte	.LVL4
 328 012d 57020000 		.4byte	0x257
 329 0131 0C       		.uleb128 0xc
 330 0132 01       		.uleb128 0x1
 331 0133 50       		.byte	0x50
 332 0134 01       		.uleb128 0x1
 333 0135 30       		.byte	0x30
 334 0136 00       		.byte	0
 335 0137 00       		.byte	0
 336 0138 09       		.uleb128 0x9
 337 0139 6D010000 		.4byte	.LASF20
 338 013d 01       		.byte	0x1
 339 013e 89       		.byte	0x89
 340 013f 00000000 		.4byte	.LFB65
 341 0143 2C000000 		.4byte	.LFE65-.LFB65
 342 0147 01       		.uleb128 0x1
 343 0148 9C       		.byte	0x9c
 344 0149 9A010000 		.4byte	0x19a
 345 014d 0B       		.uleb128 0xb
 346 014e 0E000000 		.4byte	.LVL5
 347 0152 79020000 		.4byte	0x279
 348 0156 60010000 		.4byte	0x160
 349 015a 0C       		.uleb128 0xc
 350 015b 01       		.uleb128 0x1
 351 015c 50       		.byte	0x50
 352 015d 01       		.uleb128 0x1
 353 015e 31       		.byte	0x31
 354 015f 00       		.byte	0
 355 0160 0B       		.uleb128 0xb
ARM GAS  C:\Users\JOSANT~1\AppData\Local\Temp\ccUpMVQj.s 			page 10


 356 0161 16000000 		.4byte	.LVL6
 357 0165 68020000 		.4byte	0x268
 358 0169 75010000 		.4byte	0x175
 359 016d 0C       		.uleb128 0xc
 360 016e 01       		.uleb128 0x1
 361 016f 50       		.byte	0x50
 362 0170 03       		.uleb128 0x3
 363 0171 0A       		.byte	0xa
 364 0172 E803     		.2byte	0x3e8
 365 0174 00       		.byte	0
 366 0175 0B       		.uleb128 0xb
 367 0176 1C000000 		.4byte	.LVL7
 368 017a 79020000 		.4byte	0x279
 369 017e 88010000 		.4byte	0x188
 370 0182 0C       		.uleb128 0xc
 371 0183 01       		.uleb128 0x1
 372 0184 50       		.byte	0x50
 373 0185 01       		.uleb128 0x1
 374 0186 30       		.byte	0x30
 375 0187 00       		.byte	0
 376 0188 0D       		.uleb128 0xd
 377 0189 24000000 		.4byte	.LVL8
 378 018d 68020000 		.4byte	0x268
 379 0191 0C       		.uleb128 0xc
 380 0192 01       		.uleb128 0x1
 381 0193 50       		.byte	0x50
 382 0194 03       		.uleb128 0x3
 383 0195 0A       		.byte	0xa
 384 0196 E803     		.2byte	0x3e8
 385 0198 00       		.byte	0
 386 0199 00       		.byte	0
 387 019a 0E       		.uleb128 0xe
 388 019b 92000000 		.4byte	.LASF21
 389 019f 01       		.byte	0x1
 390 01a0 3B       		.byte	0x3b
 391 01a1 68000000 		.4byte	0x68
 392 01a5 00000000 		.4byte	.LFB63
 393 01a9 40000000 		.4byte	.LFE63-.LFB63
 394 01ad 01       		.uleb128 0x1
 395 01ae 9C       		.byte	0x9c
 396 01af 34020000 		.4byte	0x234
 397 01b3 0B       		.uleb128 0xb
 398 01b4 08000000 		.4byte	.LVL9
 399 01b8 57020000 		.4byte	0x257
 400 01bc C6010000 		.4byte	0x1c6
 401 01c0 0C       		.uleb128 0xc
 402 01c1 01       		.uleb128 0x1
 403 01c2 50       		.byte	0x50
 404 01c3 01       		.uleb128 0x1
 405 01c4 30       		.byte	0x30
 406 01c5 00       		.byte	0
 407 01c6 0B       		.uleb128 0xb
 408 01c7 0E000000 		.4byte	.LVL10
 409 01cb 79020000 		.4byte	0x279
 410 01cf D9010000 		.4byte	0x1d9
 411 01d3 0C       		.uleb128 0xc
 412 01d4 01       		.uleb128 0x1
ARM GAS  C:\Users\JOSANT~1\AppData\Local\Temp\ccUpMVQj.s 			page 11


 413 01d5 50       		.byte	0x50
 414 01d6 01       		.uleb128 0x1
 415 01d7 30       		.byte	0x30
 416 01d8 00       		.byte	0
 417 01d9 0B       		.uleb128 0xb
 418 01da 14000000 		.4byte	.LVL11
 419 01de 8A020000 		.4byte	0x28a
 420 01e2 F0010000 		.4byte	0x1f0
 421 01e6 0C       		.uleb128 0xc
 422 01e7 01       		.uleb128 0x1
 423 01e8 50       		.byte	0x50
 424 01e9 05       		.uleb128 0x5
 425 01ea 03       		.byte	0x3
 426 01eb 00000000 		.4byte	GPIOIsrHandler
 427 01ef 00       		.byte	0
 428 01f0 0B       		.uleb128 0xb
 429 01f1 1A000000 		.4byte	.LVL12
 430 01f5 9B020000 		.4byte	0x29b
 431 01f9 03020000 		.4byte	0x203
 432 01fd 0C       		.uleb128 0xc
 433 01fe 01       		.uleb128 0x1
 434 01ff 50       		.byte	0x50
 435 0200 01       		.uleb128 0x1
 436 0201 33       		.byte	0x33
 437 0202 00       		.byte	0
 438 0203 0B       		.uleb128 0xb
 439 0204 22000000 		.4byte	.LVL13
 440 0208 AC020000 		.4byte	0x2ac
 441 020c 1F020000 		.4byte	0x21f
 442 0210 0C       		.uleb128 0xc
 443 0211 01       		.uleb128 0x1
 444 0212 51       		.byte	0x51
 445 0213 05       		.uleb128 0x5
 446 0214 03       		.byte	0x3
 447 0215 00000000 		.4byte	NestedIsrHandler
 448 0219 0C       		.uleb128 0xc
 449 021a 01       		.uleb128 0x1
 450 021b 50       		.byte	0x50
 451 021c 01       		.uleb128 0x1
 452 021d 31       		.byte	0x31
 453 021e 00       		.byte	0
 454 021f 0D       		.uleb128 0xd
 455 0220 2A000000 		.4byte	.LVL14
 456 0224 C6020000 		.4byte	0x2c6
 457 0228 0C       		.uleb128 0xc
 458 0229 01       		.uleb128 0x1
 459 022a 51       		.byte	0x51
 460 022b 01       		.uleb128 0x1
 461 022c 32       		.byte	0x32
 462 022d 0C       		.uleb128 0xc
 463 022e 01       		.uleb128 0x1
 464 022f 50       		.byte	0x50
 465 0230 01       		.uleb128 0x1
 466 0231 31       		.byte	0x31
 467 0232 00       		.byte	0
 468 0233 00       		.byte	0
 469 0234 0F       		.uleb128 0xf
ARM GAS  C:\Users\JOSANT~1\AppData\Local\Temp\ccUpMVQj.s 			page 12


 470 0235 7E000000 		.4byte	.LASF30
 471 0239 09       		.byte	0x9
 472 023a 9606     		.2byte	0x696
 473 023c 40020000 		.4byte	0x240
 474 0240 06       		.uleb128 0x6
 475 0241 76000000 		.4byte	0x76
 476 0245 10       		.uleb128 0x10
 477 0246 03020000 		.4byte	.LASF31
 478 024a 08       		.byte	0x8
 479 024b 28       		.byte	0x28
 480 024c 11       		.uleb128 0x11
 481 024d DE010000 		.4byte	.LASF32
 482 0251 0A       		.byte	0xa
 483 0252 2B       		.byte	0x2b
 484 0253 81000000 		.4byte	0x81
 485 0257 12       		.uleb128 0x12
 486 0258 57020000 		.4byte	.LASF22
 487 025c 05       		.byte	0x5
 488 025d 26       		.byte	0x26
 489 025e 68020000 		.4byte	0x268
 490 0262 13       		.uleb128 0x13
 491 0263 81000000 		.4byte	0x81
 492 0267 00       		.byte	0
 493 0268 12       		.uleb128 0x12
 494 0269 4F020000 		.4byte	.LASF23
 495 026d 06       		.byte	0x6
 496 026e 76       		.byte	0x76
 497 026f 79020000 		.4byte	0x279
 498 0273 13       		.uleb128 0x13
 499 0274 8D000000 		.4byte	0x8d
 500 0278 00       		.byte	0
 501 0279 12       		.uleb128 0x12
 502 027a 32020000 		.4byte	.LASF24
 503 027e 07       		.byte	0x7
 504 027f 26       		.byte	0x26
 505 0280 8A020000 		.4byte	0x28a
 506 0284 13       		.uleb128 0x13
 507 0285 81000000 		.4byte	0x81
 508 0289 00       		.byte	0
 509 028a 12       		.uleb128 0x12
 510 028b 48000000 		.4byte	.LASF25
 511 028f 08       		.byte	0x8
 512 0290 18       		.byte	0x18
 513 0291 9B020000 		.4byte	0x29b
 514 0295 13       		.uleb128 0x13
 515 0296 BF000000 		.4byte	0xbf
 516 029a 00       		.byte	0
 517 029b 12       		.uleb128 0x12
 518 029c 33000000 		.4byte	.LASF26
 519 02a0 08       		.byte	0x8
 520 02a1 20       		.byte	0x20
 521 02a2 AC020000 		.4byte	0x2ac
 522 02a6 13       		.uleb128 0x13
 523 02a7 81000000 		.4byte	0x81
 524 02ab 00       		.byte	0
 525 02ac 14       		.uleb128 0x14
 526 02ad 06000000 		.4byte	.LASF33
ARM GAS  C:\Users\JOSANT~1\AppData\Local\Temp\ccUpMVQj.s 			page 13


 527 02b1 06       		.byte	0x6
 528 02b2 88       		.byte	0x88
 529 02b3 BF000000 		.4byte	0xbf
 530 02b7 C6020000 		.4byte	0x2c6
 531 02bb 13       		.uleb128 0x13
 532 02bc 81000000 		.4byte	0x81
 533 02c0 13       		.uleb128 0x13
 534 02c1 BF000000 		.4byte	0xbf
 535 02c5 00       		.byte	0
 536 02c6 15       		.uleb128 0x15
 537 02c7 95010000 		.4byte	.LASF34
 538 02cb 06       		.byte	0x6
 539 02cc 8B       		.byte	0x8b
 540 02cd 13       		.uleb128 0x13
 541 02ce 81000000 		.4byte	0x81
 542 02d2 13       		.uleb128 0x13
 543 02d3 81000000 		.4byte	0x81
 544 02d7 00       		.byte	0
 545 02d8 00       		.byte	0
 546              		.section	.debug_abbrev,"",%progbits
 547              	.Ldebug_abbrev0:
 548 0000 01       		.uleb128 0x1
 549 0001 11       		.uleb128 0x11
 550 0002 01       		.byte	0x1
 551 0003 25       		.uleb128 0x25
 552 0004 0E       		.uleb128 0xe
 553 0005 13       		.uleb128 0x13
 554 0006 0B       		.uleb128 0xb
 555 0007 03       		.uleb128 0x3
 556 0008 0E       		.uleb128 0xe
 557 0009 1B       		.uleb128 0x1b
 558 000a 0E       		.uleb128 0xe
 559 000b 55       		.uleb128 0x55
 560 000c 17       		.uleb128 0x17
 561 000d 11       		.uleb128 0x11
 562 000e 01       		.uleb128 0x1
 563 000f 10       		.uleb128 0x10
 564 0010 17       		.uleb128 0x17
 565 0011 00       		.byte	0
 566 0012 00       		.byte	0
 567 0013 02       		.uleb128 0x2
 568 0014 24       		.uleb128 0x24
 569 0015 00       		.byte	0
 570 0016 0B       		.uleb128 0xb
 571 0017 0B       		.uleb128 0xb
 572 0018 3E       		.uleb128 0x3e
 573 0019 0B       		.uleb128 0xb
 574 001a 03       		.uleb128 0x3
 575 001b 0E       		.uleb128 0xe
 576 001c 00       		.byte	0
 577 001d 00       		.byte	0
 578 001e 03       		.uleb128 0x3
 579 001f 16       		.uleb128 0x16
 580 0020 00       		.byte	0
 581 0021 03       		.uleb128 0x3
 582 0022 0E       		.uleb128 0xe
 583 0023 3A       		.uleb128 0x3a
ARM GAS  C:\Users\JOSANT~1\AppData\Local\Temp\ccUpMVQj.s 			page 14


 584 0024 0B       		.uleb128 0xb
 585 0025 3B       		.uleb128 0x3b
 586 0026 0B       		.uleb128 0xb
 587 0027 49       		.uleb128 0x49
 588 0028 13       		.uleb128 0x13
 589 0029 00       		.byte	0
 590 002a 00       		.byte	0
 591 002b 04       		.uleb128 0x4
 592 002c 24       		.uleb128 0x24
 593 002d 00       		.byte	0
 594 002e 0B       		.uleb128 0xb
 595 002f 0B       		.uleb128 0xb
 596 0030 3E       		.uleb128 0x3e
 597 0031 0B       		.uleb128 0xb
 598 0032 03       		.uleb128 0x3
 599 0033 08       		.uleb128 0x8
 600 0034 00       		.byte	0
 601 0035 00       		.byte	0
 602 0036 05       		.uleb128 0x5
 603 0037 16       		.uleb128 0x16
 604 0038 00       		.byte	0
 605 0039 03       		.uleb128 0x3
 606 003a 0E       		.uleb128 0xe
 607 003b 3A       		.uleb128 0x3a
 608 003c 0B       		.uleb128 0xb
 609 003d 3B       		.uleb128 0x3b
 610 003e 05       		.uleb128 0x5
 611 003f 49       		.uleb128 0x49
 612 0040 13       		.uleb128 0x13
 613 0041 00       		.byte	0
 614 0042 00       		.byte	0
 615 0043 06       		.uleb128 0x6
 616 0044 35       		.uleb128 0x35
 617 0045 00       		.byte	0
 618 0046 49       		.uleb128 0x49
 619 0047 13       		.uleb128 0x13
 620 0048 00       		.byte	0
 621 0049 00       		.byte	0
 622 004a 07       		.uleb128 0x7
 623 004b 0F       		.uleb128 0xf
 624 004c 00       		.byte	0
 625 004d 0B       		.uleb128 0xb
 626 004e 0B       		.uleb128 0xb
 627 004f 49       		.uleb128 0x49
 628 0050 13       		.uleb128 0x13
 629 0051 00       		.byte	0
 630 0052 00       		.byte	0
 631 0053 08       		.uleb128 0x8
 632 0054 15       		.uleb128 0x15
 633 0055 00       		.byte	0
 634 0056 27       		.uleb128 0x27
 635 0057 19       		.uleb128 0x19
 636 0058 00       		.byte	0
 637 0059 00       		.byte	0
 638 005a 09       		.uleb128 0x9
 639 005b 2E       		.uleb128 0x2e
 640 005c 01       		.byte	0x1
ARM GAS  C:\Users\JOSANT~1\AppData\Local\Temp\ccUpMVQj.s 			page 15


 641 005d 3F       		.uleb128 0x3f
 642 005e 19       		.uleb128 0x19
 643 005f 03       		.uleb128 0x3
 644 0060 0E       		.uleb128 0xe
 645 0061 3A       		.uleb128 0x3a
 646 0062 0B       		.uleb128 0xb
 647 0063 3B       		.uleb128 0x3b
 648 0064 0B       		.uleb128 0xb
 649 0065 27       		.uleb128 0x27
 650 0066 19       		.uleb128 0x19
 651 0067 11       		.uleb128 0x11
 652 0068 01       		.uleb128 0x1
 653 0069 12       		.uleb128 0x12
 654 006a 06       		.uleb128 0x6
 655 006b 40       		.uleb128 0x40
 656 006c 18       		.uleb128 0x18
 657 006d 9742     		.uleb128 0x2117
 658 006f 19       		.uleb128 0x19
 659 0070 01       		.uleb128 0x1
 660 0071 13       		.uleb128 0x13
 661 0072 00       		.byte	0
 662 0073 00       		.byte	0
 663 0074 0A       		.uleb128 0xa
 664 0075 898201   		.uleb128 0x4109
 665 0078 00       		.byte	0
 666 0079 11       		.uleb128 0x11
 667 007a 01       		.uleb128 0x1
 668 007b 31       		.uleb128 0x31
 669 007c 13       		.uleb128 0x13
 670 007d 00       		.byte	0
 671 007e 00       		.byte	0
 672 007f 0B       		.uleb128 0xb
 673 0080 898201   		.uleb128 0x4109
 674 0083 01       		.byte	0x1
 675 0084 11       		.uleb128 0x11
 676 0085 01       		.uleb128 0x1
 677 0086 31       		.uleb128 0x31
 678 0087 13       		.uleb128 0x13
 679 0088 01       		.uleb128 0x1
 680 0089 13       		.uleb128 0x13
 681 008a 00       		.byte	0
 682 008b 00       		.byte	0
 683 008c 0C       		.uleb128 0xc
 684 008d 8A8201   		.uleb128 0x410a
 685 0090 00       		.byte	0
 686 0091 02       		.uleb128 0x2
 687 0092 18       		.uleb128 0x18
 688 0093 9142     		.uleb128 0x2111
 689 0095 18       		.uleb128 0x18
 690 0096 00       		.byte	0
 691 0097 00       		.byte	0
 692 0098 0D       		.uleb128 0xd
 693 0099 898201   		.uleb128 0x4109
 694 009c 01       		.byte	0x1
 695 009d 11       		.uleb128 0x11
 696 009e 01       		.uleb128 0x1
 697 009f 31       		.uleb128 0x31
ARM GAS  C:\Users\JOSANT~1\AppData\Local\Temp\ccUpMVQj.s 			page 16


 698 00a0 13       		.uleb128 0x13
 699 00a1 00       		.byte	0
 700 00a2 00       		.byte	0
 701 00a3 0E       		.uleb128 0xe
 702 00a4 2E       		.uleb128 0x2e
 703 00a5 01       		.byte	0x1
 704 00a6 3F       		.uleb128 0x3f
 705 00a7 19       		.uleb128 0x19
 706 00a8 03       		.uleb128 0x3
 707 00a9 0E       		.uleb128 0xe
 708 00aa 3A       		.uleb128 0x3a
 709 00ab 0B       		.uleb128 0xb
 710 00ac 3B       		.uleb128 0x3b
 711 00ad 0B       		.uleb128 0xb
 712 00ae 49       		.uleb128 0x49
 713 00af 13       		.uleb128 0x13
 714 00b0 11       		.uleb128 0x11
 715 00b1 01       		.uleb128 0x1
 716 00b2 12       		.uleb128 0x12
 717 00b3 06       		.uleb128 0x6
 718 00b4 40       		.uleb128 0x40
 719 00b5 18       		.uleb128 0x18
 720 00b6 9742     		.uleb128 0x2117
 721 00b8 19       		.uleb128 0x19
 722 00b9 01       		.uleb128 0x1
 723 00ba 13       		.uleb128 0x13
 724 00bb 00       		.byte	0
 725 00bc 00       		.byte	0
 726 00bd 0F       		.uleb128 0xf
 727 00be 34       		.uleb128 0x34
 728 00bf 00       		.byte	0
 729 00c0 03       		.uleb128 0x3
 730 00c1 0E       		.uleb128 0xe
 731 00c2 3A       		.uleb128 0x3a
 732 00c3 0B       		.uleb128 0xb
 733 00c4 3B       		.uleb128 0x3b
 734 00c5 05       		.uleb128 0x5
 735 00c6 49       		.uleb128 0x49
 736 00c7 13       		.uleb128 0x13
 737 00c8 3F       		.uleb128 0x3f
 738 00c9 19       		.uleb128 0x19
 739 00ca 3C       		.uleb128 0x3c
 740 00cb 19       		.uleb128 0x19
 741 00cc 00       		.byte	0
 742 00cd 00       		.byte	0
 743 00ce 10       		.uleb128 0x10
 744 00cf 2E       		.uleb128 0x2e
 745 00d0 00       		.byte	0
 746 00d1 3F       		.uleb128 0x3f
 747 00d2 19       		.uleb128 0x19
 748 00d3 03       		.uleb128 0x3
 749 00d4 0E       		.uleb128 0xe
 750 00d5 3A       		.uleb128 0x3a
 751 00d6 0B       		.uleb128 0xb
 752 00d7 3B       		.uleb128 0x3b
 753 00d8 0B       		.uleb128 0xb
 754 00d9 27       		.uleb128 0x27
ARM GAS  C:\Users\JOSANT~1\AppData\Local\Temp\ccUpMVQj.s 			page 17


 755 00da 19       		.uleb128 0x19
 756 00db 3C       		.uleb128 0x3c
 757 00dc 19       		.uleb128 0x19
 758 00dd 00       		.byte	0
 759 00de 00       		.byte	0
 760 00df 11       		.uleb128 0x11
 761 00e0 2E       		.uleb128 0x2e
 762 00e1 00       		.byte	0
 763 00e2 3F       		.uleb128 0x3f
 764 00e3 19       		.uleb128 0x19
 765 00e4 03       		.uleb128 0x3
 766 00e5 0E       		.uleb128 0xe
 767 00e6 3A       		.uleb128 0x3a
 768 00e7 0B       		.uleb128 0xb
 769 00e8 3B       		.uleb128 0x3b
 770 00e9 0B       		.uleb128 0xb
 771 00ea 27       		.uleb128 0x27
 772 00eb 19       		.uleb128 0x19
 773 00ec 49       		.uleb128 0x49
 774 00ed 13       		.uleb128 0x13
 775 00ee 3C       		.uleb128 0x3c
 776 00ef 19       		.uleb128 0x19
 777 00f0 00       		.byte	0
 778 00f1 00       		.byte	0
 779 00f2 12       		.uleb128 0x12
 780 00f3 2E       		.uleb128 0x2e
 781 00f4 01       		.byte	0x1
 782 00f5 3F       		.uleb128 0x3f
 783 00f6 19       		.uleb128 0x19
 784 00f7 03       		.uleb128 0x3
 785 00f8 0E       		.uleb128 0xe
 786 00f9 3A       		.uleb128 0x3a
 787 00fa 0B       		.uleb128 0xb
 788 00fb 3B       		.uleb128 0x3b
 789 00fc 0B       		.uleb128 0xb
 790 00fd 27       		.uleb128 0x27
 791 00fe 19       		.uleb128 0x19
 792 00ff 3C       		.uleb128 0x3c
 793 0100 19       		.uleb128 0x19
 794 0101 01       		.uleb128 0x1
 795 0102 13       		.uleb128 0x13
 796 0103 00       		.byte	0
 797 0104 00       		.byte	0
 798 0105 13       		.uleb128 0x13
 799 0106 05       		.uleb128 0x5
 800 0107 00       		.byte	0
 801 0108 49       		.uleb128 0x49
 802 0109 13       		.uleb128 0x13
 803 010a 00       		.byte	0
 804 010b 00       		.byte	0
 805 010c 14       		.uleb128 0x14
 806 010d 2E       		.uleb128 0x2e
 807 010e 01       		.byte	0x1
 808 010f 3F       		.uleb128 0x3f
 809 0110 19       		.uleb128 0x19
 810 0111 03       		.uleb128 0x3
 811 0112 0E       		.uleb128 0xe
ARM GAS  C:\Users\JOSANT~1\AppData\Local\Temp\ccUpMVQj.s 			page 18


 812 0113 3A       		.uleb128 0x3a
 813 0114 0B       		.uleb128 0xb
 814 0115 3B       		.uleb128 0x3b
 815 0116 0B       		.uleb128 0xb
 816 0117 27       		.uleb128 0x27
 817 0118 19       		.uleb128 0x19
 818 0119 49       		.uleb128 0x49
 819 011a 13       		.uleb128 0x13
 820 011b 3C       		.uleb128 0x3c
 821 011c 19       		.uleb128 0x19
 822 011d 01       		.uleb128 0x1
 823 011e 13       		.uleb128 0x13
 824 011f 00       		.byte	0
 825 0120 00       		.byte	0
 826 0121 15       		.uleb128 0x15
 827 0122 2E       		.uleb128 0x2e
 828 0123 01       		.byte	0x1
 829 0124 3F       		.uleb128 0x3f
 830 0125 19       		.uleb128 0x19
 831 0126 03       		.uleb128 0x3
 832 0127 0E       		.uleb128 0xe
 833 0128 3A       		.uleb128 0x3a
 834 0129 0B       		.uleb128 0xb
 835 012a 3B       		.uleb128 0x3b
 836 012b 0B       		.uleb128 0xb
 837 012c 27       		.uleb128 0x27
 838 012d 19       		.uleb128 0x19
 839 012e 3C       		.uleb128 0x3c
 840 012f 19       		.uleb128 0x19
 841 0130 00       		.byte	0
 842 0131 00       		.byte	0
 843 0132 00       		.byte	0
 844              		.section	.debug_aranges,"",%progbits
 845 0000 2C000000 		.4byte	0x2c
 846 0004 0200     		.2byte	0x2
 847 0006 00000000 		.4byte	.Ldebug_info0
 848 000a 04       		.byte	0x4
 849 000b 00       		.byte	0
 850 000c 0000     		.2byte	0
 851 000e 0000     		.2byte	0
 852 0010 00000000 		.4byte	.LFB64
 853 0014 2C000000 		.4byte	.LFE64-.LFB64
 854 0018 00000000 		.4byte	.LFB65
 855 001c 2C000000 		.4byte	.LFE65-.LFB65
 856 0020 00000000 		.4byte	.LFB63
 857 0024 40000000 		.4byte	.LFE63-.LFB63
 858 0028 00000000 		.4byte	0
 859 002c 00000000 		.4byte	0
 860              		.section	.debug_ranges,"",%progbits
 861              	.Ldebug_ranges0:
 862 0000 00000000 		.4byte	.LFB64
 863 0004 2C000000 		.4byte	.LFE64
 864 0008 00000000 		.4byte	.LFB65
 865 000c 2C000000 		.4byte	.LFE65
 866 0010 00000000 		.4byte	.LFB63
 867 0014 40000000 		.4byte	.LFE63
 868 0018 00000000 		.4byte	0
ARM GAS  C:\Users\JOSANT~1\AppData\Local\Temp\ccUpMVQj.s 			page 19


 869 001c 00000000 		.4byte	0
 870              		.section	.debug_line,"",%progbits
 871              	.Ldebug_line0:
 872 0000 D6010000 		.section	.debug_str,"MS",%progbits,1
 872      02008901 
 872      00000201 
 872      FB0E0D00 
 872      01010101 
 873              	.LASF16:
 874 0000 72656733 		.ascii	"reg32\000"
 874      3200
 875              	.LASF33:
 876 0006 4379496E 		.ascii	"CyIntSetVector\000"
 876      74536574 
 876      56656374 
 876      6F7200
 877              	.LASF9:
 878 0015 5F5F696E 		.ascii	"__int32_t\000"
 878      7433325F 
 878      7400
 879              	.LASF13:
 880 001f 666C6F61 		.ascii	"float\000"
 880      7400
 881              	.LASF1:
 882 0025 756E7369 		.ascii	"unsigned char\000"
 882      676E6564 
 882      20636861 
 882      7200
 883              	.LASF26:
 884 0033 6973725F 		.ascii	"isr_GPIO_SetPriority\000"
 884      4750494F 
 884      5F536574 
 884      5072696F 
 884      72697479 
 885              	.LASF25:
 886 0048 6973725F 		.ascii	"isr_GPIO_StartEx\000"
 886      4750494F 
 886      5F537461 
 886      72744578 
 886      00
 887              	.LASF5:
 888 0059 6C6F6E67 		.ascii	"long unsigned int\000"
 888      20756E73 
 888      69676E65 
 888      6420696E 
 888      7400
 889              	.LASF3:
 890 006b 73686F72 		.ascii	"short unsigned int\000"
 890      7420756E 
 890      7369676E 
 890      65642069 
 890      6E7400
 891              	.LASF30:
 892 007e 49544D5F 		.ascii	"ITM_RxBuffer\000"
 892      52784275 
 892      66666572 
 892      00
ARM GAS  C:\Users\JOSANT~1\AppData\Local\Temp\ccUpMVQj.s 			page 20


 893              	.LASF14:
 894 008b 646F7562 		.ascii	"double\000"
 894      6C6500
 895              	.LASF21:
 896 0092 6D61696E 		.ascii	"main\000"
 896      00
 897              	.LASF12:
 898 0097 75696E74 		.ascii	"uint32\000"
 898      333200
 899              	.LASF27:
 900 009e 474E5520 		.ascii	"GNU C 4.9.3 20150303 (release) [ARM/embedded-4_9-br"
 900      4320342E 
 900      392E3320 
 900      32303135 
 900      30333033 
 901 00d1 616E6368 		.ascii	"anch revision 221220] -mcpu=cortex-m3 -mthumb -g -O"
 901      20726576 
 901      6973696F 
 901      6E203232 
 901      31323230 
 902 0104 67202D66 		.ascii	"g -ffunction-sections -ffat-lto-objects\000"
 902      66756E63 
 902      74696F6E 
 902      2D736563 
 902      74696F6E 
 903              	.LASF29:
 904 012c 433A5C50 		.ascii	"C:\\Practicas\\LedJoselito\\Interrupts_Example01.cy"
 904      72616374 
 904      69636173 
 904      5C4C6564 
 904      4A6F7365 
 905 015c 64736E00 		.ascii	"dsn\000"
 906              	.LASF8:
 907 0160 756E7369 		.ascii	"unsigned int\000"
 907      676E6564 
 907      20696E74 
 907      00
 908              	.LASF20:
 909 016d 4E657374 		.ascii	"NestedIsrHandler\000"
 909      65644973 
 909      7248616E 
 909      646C6572 
 909      00
 910              	.LASF7:
 911 017e 6C6F6E67 		.ascii	"long long unsigned int\000"
 911      206C6F6E 
 911      6720756E 
 911      7369676E 
 911      65642069 
 912              	.LASF34:
 913 0195 4379496E 		.ascii	"CyIntSetPriority\000"
 913      74536574 
 913      5072696F 
 913      72697479 
 913      00
 914              	.LASF17:
 915 01a6 63796973 		.ascii	"cyisraddress\000"
ARM GAS  C:\Users\JOSANT~1\AppData\Local\Temp\ccUpMVQj.s 			page 21


 915      72616464 
 915      72657373 
 915      00
 916              	.LASF10:
 917 01b3 696E7433 		.ascii	"int32_t\000"
 917      325F7400 
 918              	.LASF18:
 919 01bb 73697A65 		.ascii	"sizetype\000"
 919      74797065 
 919      00
 920              	.LASF6:
 921 01c4 6C6F6E67 		.ascii	"long long int\000"
 921      206C6F6E 
 921      6720696E 
 921      7400
 922              	.LASF28:
 923 01d2 6D61696E 		.ascii	"main.c\000"
 923      2E6300
 924              	.LASF15:
 925 01d9 63686172 		.ascii	"char\000"
 925      00
 926              	.LASF32:
 927 01de 50696E5F 		.ascii	"Pin_Sw_ClearInterrupt\000"
 927      53775F43 
 927      6C656172 
 927      496E7465 
 927      72727570 
 928              	.LASF19:
 929 01f4 4750494F 		.ascii	"GPIOIsrHandler\000"
 929      49737248 
 929      616E646C 
 929      657200
 930              	.LASF31:
 931 0203 6973725F 		.ascii	"isr_GPIO_ClearPending\000"
 931      4750494F 
 931      5F436C65 
 931      61725065 
 931      6E64696E 
 932              	.LASF2:
 933 0219 73686F72 		.ascii	"short int\000"
 933      7420696E 
 933      7400
 934              	.LASF11:
 935 0223 75696E74 		.ascii	"uint8\000"
 935      3800
 936              	.LASF4:
 937 0229 6C6F6E67 		.ascii	"long int\000"
 937      20696E74 
 937      00
 938              	.LASF24:
 939 0232 4C45445F 		.ascii	"LED_Nested_Write\000"
 939      4E657374 
 939      65645F57 
 939      72697465 
 939      00
 940              	.LASF0:
 941 0243 7369676E 		.ascii	"signed char\000"
ARM GAS  C:\Users\JOSANT~1\AppData\Local\Temp\ccUpMVQj.s 			page 22


 941      65642063 
 941      68617200 
 942              	.LASF23:
 943 024f 43794465 		.ascii	"CyDelay\000"
 943      6C617900 
 944              	.LASF22:
 945 0257 4C45445F 		.ascii	"LED_Isr_Write\000"
 945      4973725F 
 945      57726974 
 945      6500
 946              		.ident	"GCC: (GNU Tools for ARM Embedded Processors) 4.9.3 20150303 (release) [ARM/embedded-4_9-br
