--------------- Build Started: 05/21/2017 20:39:24 Project: SoundSystem, Configuration: ARM GCC 4.9-2015-q1-update Debug ---------------
cydsfit.exe -.appdatapath "C:\Users\José Antonio\AppData\Local\Cypress Semiconductor\PSoC Creator\4.0" -.fdsnotice -.fdswarpdepfile=warp_dependencies.txt -.fdselabdepfile=elab_dependencies.txt -.fdsbldfile=generated_files.txt -.fdsreffile=referenced_files.txt -p C:\SoundSystem.cydsn\SoundSystem.cyprj -d CY8C5868AXI-LP032 -s C:\SoundSystem.cydsn\Generated_Source\PSoC5 -- -yv2 -q10 -ygs -o2 -v3 -.fftcfgtype=LE
Elaborating Design...
ADD: sdb.M0061: information: Info from component: VDAC8. System VDDA voltage is set less than the voltage range of
        VDAC, the actual range of the VDAC will be 0V to VDDA.
 * C:\SoundSystem.cydsn\TopDesign\TopDesign.cysch (Instance:VDAC8)
HDL Generation...
Synthesis...
Tech Mapping...
ADD: pft.M0040: information: The following 2 pin(s) will be assigned a location by the fitter: \USBFS:Dm(0)\, \USBFS:Dp(0)\
Analog Placement...
Log: apr.M0058: The analog placement iterative improvement is 27% done. (App=cydsfit)
Log: apr.M0058: The analog placement iterative improvement is 58% done. (App=cydsfit)
Log: apr.M0058: The analog placement iterative improvement is 92% done. (App=cydsfit)
Analog Routing...
Analog Code Generation...
Digital Placement...
Digital Routing...
Bitstream Generation...
Bitstream Verification...
Static timing analysis...
API Generation...
Dependency Generation...
Cleanup...
arm-none-eabi-gcc.exe -mcpu=cortex-m3 -mthumb -I. -IGenerated_Source\PSoC5 -Wa,-alh=.\ARM_GCC_493\Debug/main.lst -g -ffunction-sections -O0 -ffat-lto-objects -c main.c -o .\ARM_GCC_493\Debug\main.o
arm-none-eabi-gcc.exe -mcpu=cortex-m3 -mthumb -I. -IGenerated_Source\PSoC5 -Wa,-alh=.\ARM_GCC_493\Debug/cyfitter_cfg.lst -g -ffunction-sections -O0 -ffat-lto-objects -c Generated_Source\PSoC5\cyfitter_cfg.c -o .\ARM_GCC_493\Debug\cyfitter_cfg.o
arm-none-eabi-gcc.exe -mcpu=cortex-m3 -mthumb -I. -IGenerated_Source\PSoC5 -Wa,-alh=.\ARM_GCC_493\Debug/cymetadata.lst -g -ffunction-sections -O0 -ffat-lto-objects -c Generated_Source\PSoC5\cymetadata.c -o .\ARM_GCC_493\Debug\cymetadata.o
arm-none-eabi-gcc.exe -mcpu=cortex-m3 -mthumb -I. -IGenerated_Source\PSoC5 -Wa,-alh=.\ARM_GCC_493\Debug/USBFS.lst -g -ffunction-sections -O0 -ffat-lto-objects -c Generated_Source\PSoC5\USBFS.c -o .\ARM_GCC_493\Debug\USBFS.o
arm-none-eabi-gcc.exe -mcpu=cortex-m3 -mthumb -I. -IGenerated_Source\PSoC5 -Wa,-alh=.\ARM_GCC_493\Debug/USBFS_audio.lst -g -ffunction-sections -O0 -ffat-lto-objects -c Generated_Source\PSoC5\USBFS_audio.c -o .\ARM_GCC_493\Debug\USBFS_audio.o
arm-none-eabi-gcc.exe -mcpu=cortex-m3 -mthumb -I. -IGenerated_Source\PSoC5 -Wa,-alh=.\ARM_GCC_493\Debug/USBFS_boot.lst -g -ffunction-sections -O0 -ffat-lto-objects -c Generated_Source\PSoC5\USBFS_boot.c -o .\ARM_GCC_493\Debug\USBFS_boot.o
arm-none-eabi-gcc.exe -mcpu=cortex-m3 -mthumb -I. -IGenerated_Source\PSoC5 -Wa,-alh=.\ARM_GCC_493\Debug/USBFS_cdc.lst -g -ffunction-sections -O0 -ffat-lto-objects -c Generated_Source\PSoC5\USBFS_cdc.c -o .\ARM_GCC_493\Debug\USBFS_cdc.o
arm-none-eabi-gcc.exe -mcpu=cortex-m3 -mthumb -I. -IGenerated_Source\PSoC5 -Wa,-alh=.\ARM_GCC_493\Debug/USBFS_cls.lst -g -ffunction-sections -O0 -ffat-lto-objects -c Generated_Source\PSoC5\USBFS_cls.c -o .\ARM_GCC_493\Debug\USBFS_cls.o
arm-none-eabi-gcc.exe -mcpu=cortex-m3 -mthumb -I. -IGenerated_Source\PSoC5 -Wa,-alh=.\ARM_GCC_493\Debug/USBFS_descr.lst -g -ffunction-sections -O0 -ffat-lto-objects -c Generated_Source\PSoC5\USBFS_descr.c -o .\ARM_GCC_493\Debug\USBFS_descr.o
arm-none-eabi-gcc.exe -mcpu=cortex-m3 -mthumb -I. -IGenerated_Source\PSoC5 -Wa,-alh=.\ARM_GCC_493\Debug/USBFS_drv.lst -g -ffunction-sections -O0 -ffat-lto-objects -c Generated_Source\PSoC5\USBFS_drv.c -o .\ARM_GCC_493\Debug\USBFS_drv.o
arm-none-eabi-gcc.exe -mcpu=cortex-m3 -mthumb -I. -IGenerated_Source\PSoC5 -Wa,-alh=.\ARM_GCC_493\Debug/USBFS_episr.lst -g -ffunction-sections -O0 -ffat-lto-objects -c Generated_Source\PSoC5\USBFS_episr.c -o .\ARM_GCC_493\Debug\USBFS_episr.o
arm-none-eabi-gcc.exe -mcpu=cortex-m3 -mthumb -I. -IGenerated_Source\PSoC5 -Wa,-alh=.\ARM_GCC_493\Debug/USBFS_hid.lst -g -ffunction-sections -O0 -ffat-lto-objects -c Generated_Source\PSoC5\USBFS_hid.c -o .\ARM_GCC_493\Debug\USBFS_hid.o
arm-none-eabi-gcc.exe -mcpu=cortex-m3 -mthumb -I. -IGenerated_Source\PSoC5 -Wa,-alh=.\ARM_GCC_493\Debug/USBFS_pm.lst -g -ffunction-sections -O0 -ffat-lto-objects -c Generated_Source\PSoC5\USBFS_pm.c -o .\ARM_GCC_493\Debug\USBFS_pm.o
arm-none-eabi-gcc.exe -mcpu=cortex-m3 -mthumb -I. -IGenerated_Source\PSoC5 -Wa,-alh=.\ARM_GCC_493\Debug/USBFS_std.lst -g -ffunction-sections -O0 -ffat-lto-objects -c Generated_Source\PSoC5\USBFS_std.c -o .\ARM_GCC_493\Debug\USBFS_std.o
arm-none-eabi-gcc.exe -mcpu=cortex-m3 -mthumb -I. -IGenerated_Source\PSoC5 -Wa,-alh=.\ARM_GCC_493\Debug/USBFS_vnd.lst -g -ffunction-sections -O0 -ffat-lto-objects -c Generated_Source\PSoC5\USBFS_vnd.c -o .\ARM_GCC_493\Debug\USBFS_vnd.o
arm-none-eabi-gcc.exe -mcpu=cortex-m3 -mthumb -I. -IGenerated_Source\PSoC5 -Wa,-alh=.\ARM_GCC_493\Debug/USBFS_midi.lst -g -ffunction-sections -O0 -ffat-lto-objects -c Generated_Source\PSoC5\USBFS_midi.c -o .\ARM_GCC_493\Debug\USBFS_midi.o
arm-none-eabi-gcc.exe -mcpu=cortex-m3 -mthumb -I. -IGenerated_Source\PSoC5 -Wa,-alh=.\ARM_GCC_493\Debug/VDAC8.lst -g -ffunction-sections -O0 -ffat-lto-objects -c Generated_Source\PSoC5\VDAC8.c -o .\ARM_GCC_493\Debug\VDAC8.o
arm-none-eabi-gcc.exe -mcpu=cortex-m3 -mthumb -I. -IGenerated_Source\PSoC5 -Wa,-alh=.\ARM_GCC_493\Debug/VDAC8_PM.lst -g -ffunction-sections -O0 -ffat-lto-objects -c Generated_Source\PSoC5\VDAC8_PM.c -o .\ARM_GCC_493\Debug\VDAC8_PM.o
arm-none-eabi-gcc.exe -mcpu=cortex-m3 -mthumb -I. -IGenerated_Source\PSoC5 -Wa,-alh=.\ARM_GCC_493\Debug/Speaker.lst -g -ffunction-sections -O0 -ffat-lto-objects -c Generated_Source\PSoC5\Speaker.c -o .\ARM_GCC_493\Debug\Speaker.o
arm-none-eabi-gcc.exe -mcpu=cortex-m3 -mthumb -I. -IGenerated_Source\PSoC5 -Wa,-alh=.\ARM_GCC_493\Debug/VDACoutDMA_dma.lst -g -ffunction-sections -O0 -ffat-lto-objects -c Generated_Source\PSoC5\VDACoutDMA_dma.c -o .\ARM_GCC_493\Debug\VDACoutDMA_dma.o
arm-none-eabi-gcc.exe -mcpu=cortex-m3 -mthumb -I. -IGenerated_Source\PSoC5 -Wa,-alh=.\ARM_GCC_493\Debug/VDACoutDMA_done_isr.lst -g -ffunction-sections -O0 -ffat-lto-objects -c Generated_Source\PSoC5\VDACoutDMA_done_isr.c -o .\ARM_GCC_493\Debug\VDACoutDMA_done_isr.o
arm-none-eabi-gcc.exe -mcpu=cortex-m3 -mthumb -I. -IGenerated_Source\PSoC5 -Wa,-alh=.\ARM_GCC_493\Debug/Clock_1.lst -g -ffunction-sections -O0 -ffat-lto-objects -c Generated_Source\PSoC5\Clock_1.c -o .\ARM_GCC_493\Debug\Clock_1.o
arm-none-eabi-gcc.exe -mcpu=cortex-m3 -mthumb -I. -IGenerated_Source\PSoC5 -Wa,-alh=.\ARM_GCC_493\Debug/LCD.lst -g -ffunction-sections -O0 -ffat-lto-objects -c Generated_Source\PSoC5\LCD.c -o .\ARM_GCC_493\Debug\LCD.o
arm-none-eabi-gcc.exe -mcpu=cortex-m3 -mthumb -I. -IGenerated_Source\PSoC5 -Wa,-alh=.\ARM_GCC_493\Debug/LCD_PM.lst -g -ffunction-sections -O0 -ffat-lto-objects -c Generated_Source\PSoC5\LCD_PM.c -o .\ARM_GCC_493\Debug\LCD_PM.o
arm-none-eabi-gcc.exe -mcpu=cortex-m3 -mthumb -I. -IGenerated_Source\PSoC5 -Wa,-alh=.\ARM_GCC_493\Debug/USBFS_ep2_dma.lst -g -ffunction-sections -O0 -ffat-lto-objects -c Generated_Source\PSoC5\USBFS_ep2_dma.c -o .\ARM_GCC_493\Debug\USBFS_ep2_dma.o
arm-none-eabi-gcc.exe -mcpu=cortex-m3 -mthumb -I. -IGenerated_Source\PSoC5 -Wa,-alh=.\ARM_GCC_493\Debug/USBFS_Dm.lst -g -ffunction-sections -O0 -ffat-lto-objects -c Generated_Source\PSoC5\USBFS_Dm.c -o .\ARM_GCC_493\Debug\USBFS_Dm.o
arm-none-eabi-gcc.exe -mcpu=cortex-m3 -mthumb -I. -IGenerated_Source\PSoC5 -Wa,-alh=.\ARM_GCC_493\Debug/USBFS_Dp.lst -g -ffunction-sections -O0 -ffat-lto-objects -c Generated_Source\PSoC5\USBFS_Dp.c -o .\ARM_GCC_493\Debug\USBFS_Dp.o
arm-none-eabi-gcc.exe -mcpu=cortex-m3 -mthumb -I. -IGenerated_Source\PSoC5 -Wa,-alh=.\ARM_GCC_493\Debug/LCD_LCDPort.lst -g -ffunction-sections -O0 -ffat-lto-objects -c Generated_Source\PSoC5\LCD_LCDPort.c -o .\ARM_GCC_493\Debug\LCD_LCDPort.o
arm-none-eabi-gcc.exe -mcpu=cortex-m3 -mthumb -I. -IGenerated_Source\PSoC5 -Wa,-alh=.\ARM_GCC_493\Debug/Cm3Start.lst -g -ffunction-sections -O0 -ffat-lto-objects -c Generated_Source\PSoC5\Cm3Start.c -o .\ARM_GCC_493\Debug\Cm3Start.o
arm-none-eabi-gcc.exe -mcpu=cortex-m3 -mthumb -I. -IGenerated_Source\PSoC5 -Wa,-alh=.\ARM_GCC_493\Debug/CyDmac.lst -g -ffunction-sections -O0 -ffat-lto-objects -c Generated_Source\PSoC5\CyDmac.c -o .\ARM_GCC_493\Debug\CyDmac.o
arm-none-eabi-gcc.exe -mcpu=cortex-m3 -mthumb -I. -IGenerated_Source\PSoC5 -Wa,-alh=.\ARM_GCC_493\Debug/CyFlash.lst -g -ffunction-sections -O0 -ffat-lto-objects -c Generated_Source\PSoC5\CyFlash.c -o .\ARM_GCC_493\Debug\CyFlash.o
arm-none-eabi-gcc.exe -mcpu=cortex-m3 -mthumb -I. -IGenerated_Source\PSoC5 -Wa,-alh=.\ARM_GCC_493\Debug/CyLib.lst -g -ffunction-sections -O0 -ffat-lto-objects -c Generated_Source\PSoC5\CyLib.c -o .\ARM_GCC_493\Debug\CyLib.o
arm-none-eabi-gcc.exe -mcpu=cortex-m3 -mthumb -I. -IGenerated_Source\PSoC5 -Wa,-alh=.\ARM_GCC_493\Debug/cyPm.lst -g -ffunction-sections -O0 -ffat-lto-objects -c Generated_Source\PSoC5\cyPm.c -o .\ARM_GCC_493\Debug\cyPm.o
arm-none-eabi-gcc.exe -mcpu=cortex-m3 -mthumb -I. -IGenerated_Source\PSoC5 -Wa,-alh=.\ARM_GCC_493\Debug/CySpc.lst -g -ffunction-sections -O0 -ffat-lto-objects -c Generated_Source\PSoC5\CySpc.c -o .\ARM_GCC_493\Debug\CySpc.o
arm-none-eabi-gcc.exe -mcpu=cortex-m3 -mthumb -I. -IGenerated_Source\PSoC5 -Wa,-alh=.\ARM_GCC_493\Debug/cyutils.lst -g -ffunction-sections -O0 -ffat-lto-objects -c Generated_Source\PSoC5\cyutils.c -o .\ARM_GCC_493\Debug\cyutils.o
arm-none-eabi-gcc.exe -mcpu=cortex-m3 -mthumb -I. -IGenerated_Source\PSoC5 -Wa,-alh=.\ARM_GCC_493\Debug/interrupcionDMA.lst -g -ffunction-sections -O0 -ffat-lto-objects -c Generated_Source\PSoC5\interrupcionDMA.c -o .\ARM_GCC_493\Debug\interrupcionDMA.o
arm-none-eabi-gcc.exe -mcpu=cortex-m3 -mthumb -I. -IGenerated_Source\PSoC5 -Wa,-alh=.\ARM_GCC_493\Debug/outindexinIndex.lst -g -ffunction-sections -O0 -ffat-lto-objects -c Generated_Source\PSoC5\outindexinIndex.c -o .\ARM_GCC_493\Debug\outindexinIndex.o
arm-none-eabi-gcc.exe -mcpu=cortex-m3 -mthumb -I. -IGenerated_Source\PSoC5 -Wa,-alh=.\ARM_GCC_493\Debug/leyendoDelUSB.lst -g -ffunction-sections -O0 -ffat-lto-objects -c Generated_Source\PSoC5\leyendoDelUSB.c -o .\ARM_GCC_493\Debug\leyendoDelUSB.o
arm-none-eabi-as.exe -mcpu=cortex-m3 -mthumb -I. -IGenerated_Source\PSoC5 -alh=.\ARM_GCC_493\Debug/CyBootAsmGnu.lst -g -o .\ARM_GCC_493\Debug\CyBootAsmGnu.o Generated_Source\PSoC5\CyBootAsmGnu.s
arm-none-eabi-ar.exe -rs .\ARM_GCC_493\Debug\SoundSystem.a .\ARM_GCC_493\Debug\cyfitter_cfg.o .\ARM_GCC_493\Debug\USBFS.o .\ARM_GCC_493\Debug\USBFS_audio.o .\ARM_GCC_493\Debug\USBFS_boot.o .\ARM_GCC_493\Debug\USBFS_cdc.o .\ARM_GCC_493\Debug\USBFS_cls.o .\ARM_GCC_493\Debug\USBFS_descr.o .\ARM_GCC_493\Debug\USBFS_drv.o .\ARM_GCC_493\Debug\USBFS_episr.o .\ARM_GCC_493\Debug\USBFS_hid.o .\ARM_GCC_493\Debug\USBFS_pm.o .\ARM_GCC_493\Debug\USBFS_std.o .\ARM_GCC_493\Debug\USBFS_vnd.o .\ARM_GCC_493\Debug\USBFS_midi.o .\ARM_GCC_493\Debug\VDAC8.o .\ARM_GCC_493\Debug\VDAC8_PM.o .\ARM_GCC_493\Debug\Speaker.o .\ARM_GCC_493\Debug\VDACoutDMA_dma.o .\ARM_GCC_493\Debug\VDACoutDMA_done_isr.o .\ARM_GCC_493\Debug\Clock_1.o .\ARM_GCC_493\Debug\LCD.o .\ARM_GCC_493\Debug\LCD_PM.o .\ARM_GCC_493\Debug\USBFS_ep2_dma.o .\ARM_GCC_493\Debug\USBFS_Dm.o .\ARM_GCC_493\Debug\USBFS_Dp.o .\ARM_GCC_493\Debug\LCD_LCDPort.o .\ARM_GCC_493\Debug\CyDmac.o .\ARM_GCC_493\Debug\CyFlash.o .\ARM_GCC_493\Debug\CyLib.o .\ARM_GCC_493\Debug\cyPm.o .\ARM_GCC_493\Debug\CySpc.o .\ARM_GCC_493\Debug\cyutils.o .\ARM_GCC_493\Debug\interrupcionDMA.o .\ARM_GCC_493\Debug\outindexinIndex.o .\ARM_GCC_493\Debug\leyendoDelUSB.o .\ARM_GCC_493\Debug\CyBootAsmGnu.o
arm-none-eabi-ar.exe: creating .\ARM_GCC_493\Debug\SoundSystem.a
arm-none-eabi-gcc.exe -Wl,--start-group -o .\ARM_GCC_493\Debug\SoundSystem.elf .\ARM_GCC_493\Debug\main.o .\ARM_GCC_493\Debug\cymetadata.o .\ARM_GCC_493\Debug\Cm3Start.o .\ARM_GCC_493\Debug\SoundSystem.a "C:\Program Files (x86)\Cypress\PSoC Creator\4.0\PSoC Creator\psoc\content\cycomponentlibrary\CyComponentLibrary.cylib\CortexM3\ARM_GCC_493\Debug\CyComponentLibrary.a" -mcpu=cortex-m3 -mthumb -g -ffunction-sections -O0 -ffat-lto-objects -L Generated_Source\PSoC5 -Wl,-Map,.\ARM_GCC_493\Debug/SoundSystem.map -T C:\SoundSystem.cydsn\Generated_Source\PSoC5\cm3gcc.ld -specs=nano.specs -Wl,--gc-sections -Wl,--end-group
cyelftool.exe -C C:\SoundSystem.cydsn\ARM_GCC_493\Debug\SoundSystem.elf --flash_row_size 256 --flash_size 262144
cyelftool.exe -S C:\SoundSystem.cydsn\ARM_GCC_493\Debug\SoundSystem.elf
Flash used: 14534 of 262144 bytes (5,5 %).
SRAM used: 3077 of 65536 bytes (4,7 %). Stack: 2048 bytes. Heap: 128 bytes.
--------------- Build Succeeded: 05/21/2017 20:39:41 ---------------
