ARM GAS  C:\Users\JOSANT~1\AppData\Local\Temp\cc6252cd.s 			page 1


   1              		.syntax unified
   2              		.cpu cortex-m3
   3              		.fpu softvfp
   4              		.eabi_attribute 20, 1
   5              		.eabi_attribute 21, 1
   6              		.eabi_attribute 23, 3
   7              		.eabi_attribute 24, 1
   8              		.eabi_attribute 25, 1
   9              		.eabi_attribute 26, 1
  10              		.eabi_attribute 30, 6
  11              		.eabi_attribute 34, 1
  12              		.eabi_attribute 18, 4
  13              		.thumb
  14              		.file	"cymetadata.c"
  15              		.text
  16              	.Ltext0:
  17              		.cfi_sections	.debug_frame
  18              		.global	cy_meta_configecc
  19              		.section	.cyconfigecc,"a",%progbits
  20              		.align	2
  21              		.type	cy_meta_configecc, %object
  22              		.size	cy_meta_configecc, 1
  23              	cy_meta_configecc:
  24 0000 00       		.space	1
  25              		.global	cy_meta_custnvl
  26 0001 000000   		.section	.cycustnvl,"a",%progbits
  27              		.align	2
  28              		.type	cy_meta_custnvl, %object
  29              		.size	cy_meta_custnvl, 4
  30              	cy_meta_custnvl:
  31 0000 00       		.byte	0
  32 0001 00       		.byte	0
  33 0002 40       		.byte	64
  34 0003 05       		.byte	5
  35              		.global	cy_meta_wonvl
  36              		.section	.cywolatch,"a",%progbits
  37              		.align	2
  38              		.type	cy_meta_wonvl, %object
  39              		.size	cy_meta_wonvl, 4
  40              	cy_meta_wonvl:
  41 0000 BC       		.byte	-68
  42 0001 90       		.byte	-112
  43 0002 AC       		.byte	-84
  44 0003 AF       		.byte	-81
  45              		.global	cy_meta_flashprotect
  46              		.section	.cyflashprotect,"a",%progbits
  47              		.align	2
  48              		.type	cy_meta_flashprotect, %object
  49              		.size	cy_meta_flashprotect, 256
  50              	cy_meta_flashprotect:
  51 0000 00000000 		.space	256
  51      00000000 
  51      00000000 
  51      00000000 
  51      00000000 
  52              		.global	cy_metadata
  53              		.section	.cymeta,"a",%progbits
ARM GAS  C:\Users\JOSANT~1\AppData\Local\Temp\cc6252cd.s 			page 2


  54              		.align	2
  55              		.type	cy_metadata, %object
  56              		.size	cy_metadata, 12
  57              	cy_metadata:
  58 0000 00       		.byte	0
  59 0001 01       		.byte	1
  60 0002 2E       		.byte	46
  61 0003 12       		.byte	18
  62 0004 00       		.byte	0
  63 0005 69       		.byte	105
  64 0006 00       		.byte	0
  65 0007 01       		.byte	1
  66 0008 00       		.byte	0
  67 0009 00       		.byte	0
  68 000a 00       		.byte	0
  69 000b 00       		.byte	0
  70              		.text
  71              	.Letext0:
  72              		.file 1 "Generated_Source\\PSoC5\\cymetadata.c"
  73              		.file 2 "Generated_Source\\PSoC5\\cytypes.h"
  74              		.section	.debug_info,"",%progbits
  75              	.Ldebug_info0:
  76 0000 35010000 		.4byte	0x135
  77 0004 0400     		.2byte	0x4
  78 0006 00000000 		.4byte	.Ldebug_abbrev0
  79 000a 04       		.byte	0x4
  80 000b 01       		.uleb128 0x1
  81 000c 00000000 		.4byte	.LASF18
  82 0010 01       		.byte	0x1
  83 0011 99010000 		.4byte	.LASF19
  84 0015 AE000000 		.4byte	.LASF20
  85 0019 00000000 		.4byte	.Ldebug_line0
  86 001d 02       		.uleb128 0x2
  87 001e 01       		.byte	0x1
  88 001f 06       		.byte	0x6
  89 0020 8D010000 		.4byte	.LASF0
  90 0024 02       		.uleb128 0x2
  91 0025 01       		.byte	0x1
  92 0026 08       		.byte	0x8
  93 0027 A0000000 		.4byte	.LASF1
  94 002b 02       		.uleb128 0x2
  95 002c 02       		.byte	0x2
  96 002d 05       		.byte	0x5
  97 002e 74010000 		.4byte	.LASF2
  98 0032 02       		.uleb128 0x2
  99 0033 02       		.byte	0x2
 100 0034 07       		.byte	0x7
 101 0035 D5000000 		.4byte	.LASF3
 102 0039 02       		.uleb128 0x2
 103 003a 04       		.byte	0x4
 104 003b 05       		.byte	0x5
 105 003c 84010000 		.4byte	.LASF4
 106 0040 02       		.uleb128 0x2
 107 0041 04       		.byte	0x4
 108 0042 07       		.byte	0x7
 109 0043 C3000000 		.4byte	.LASF5
 110 0047 02       		.uleb128 0x2
ARM GAS  C:\Users\JOSANT~1\AppData\Local\Temp\cc6252cd.s 			page 3


 111 0048 08       		.byte	0x8
 112 0049 05       		.byte	0x5
 113 004a 61010000 		.4byte	.LASF6
 114 004e 02       		.uleb128 0x2
 115 004f 08       		.byte	0x8
 116 0050 07       		.byte	0x7
 117 0051 1E010000 		.4byte	.LASF7
 118 0055 03       		.uleb128 0x3
 119 0056 04       		.byte	0x4
 120 0057 05       		.byte	0x5
 121 0058 696E7400 		.ascii	"int\000"
 122 005c 02       		.uleb128 0x2
 123 005d 04       		.byte	0x4
 124 005e 07       		.byte	0x7
 125 005f 11010000 		.4byte	.LASF8
 126 0063 04       		.uleb128 0x4
 127 0064 7E010000 		.4byte	.LASF21
 128 0068 02       		.byte	0x2
 129 0069 5B       		.byte	0x5b
 130 006a 24000000 		.4byte	0x24
 131 006e 02       		.uleb128 0x2
 132 006f 04       		.byte	0x4
 133 0070 04       		.byte	0x4
 134 0071 9A000000 		.4byte	.LASF9
 135 0075 02       		.uleb128 0x2
 136 0076 08       		.byte	0x8
 137 0077 04       		.byte	0x4
 138 0078 E8000000 		.4byte	.LASF10
 139 007c 02       		.uleb128 0x2
 140 007d 01       		.byte	0x1
 141 007e 08       		.byte	0x8
 142 007f 6F010000 		.4byte	.LASF11
 143 0083 05       		.uleb128 0x5
 144 0084 63000000 		.4byte	0x63
 145 0088 93000000 		.4byte	0x93
 146 008c 06       		.uleb128 0x6
 147 008d 93000000 		.4byte	0x93
 148 0091 00       		.byte	0
 149 0092 00       		.byte	0
 150 0093 02       		.uleb128 0x2
 151 0094 04       		.byte	0x4
 152 0095 07       		.byte	0x7
 153 0096 58010000 		.4byte	.LASF12
 154 009a 07       		.uleb128 0x7
 155 009b FF000000 		.4byte	.LASF13
 156 009f 01       		.byte	0x1
 157 00a0 1F       		.byte	0x1f
 158 00a1 AB000000 		.4byte	0xab
 159 00a5 05       		.uleb128 0x5
 160 00a6 03       		.byte	0x3
 161 00a7 00000000 		.4byte	cy_meta_configecc
 162 00ab 08       		.uleb128 0x8
 163 00ac 83000000 		.4byte	0x83
 164 00b0 05       		.uleb128 0x5
 165 00b1 63000000 		.4byte	0x63
 166 00b5 C0000000 		.4byte	0xc0
 167 00b9 06       		.uleb128 0x6
ARM GAS  C:\Users\JOSANT~1\AppData\Local\Temp\cc6252cd.s 			page 4


 168 00ba 93000000 		.4byte	0x93
 169 00be 03       		.byte	0x3
 170 00bf 00       		.byte	0
 171 00c0 07       		.uleb128 0x7
 172 00c1 EF000000 		.4byte	.LASF14
 173 00c5 01       		.byte	0x1
 174 00c6 2D       		.byte	0x2d
 175 00c7 D1000000 		.4byte	0xd1
 176 00cb 05       		.uleb128 0x5
 177 00cc 03       		.byte	0x3
 178 00cd 00000000 		.4byte	cy_meta_custnvl
 179 00d1 08       		.uleb128 0x8
 180 00d2 B0000000 		.4byte	0xb0
 181 00d6 07       		.uleb128 0x7
 182 00d7 4A010000 		.4byte	.LASF15
 183 00db 01       		.byte	0x1
 184 00dc 3B       		.byte	0x3b
 185 00dd E7000000 		.4byte	0xe7
 186 00e1 05       		.uleb128 0x5
 187 00e2 03       		.byte	0x3
 188 00e3 00000000 		.4byte	cy_meta_wonvl
 189 00e7 08       		.uleb128 0x8
 190 00e8 B0000000 		.4byte	0xb0
 191 00ec 05       		.uleb128 0x5
 192 00ed 63000000 		.4byte	0x63
 193 00f1 FC000000 		.4byte	0xfc
 194 00f5 06       		.uleb128 0x6
 195 00f6 93000000 		.4byte	0x93
 196 00fa FF       		.byte	0xff
 197 00fb 00       		.byte	0
 198 00fc 07       		.uleb128 0x7
 199 00fd 35010000 		.4byte	.LASF16
 200 0101 01       		.byte	0x1
 201 0102 49       		.byte	0x49
 202 0103 0D010000 		.4byte	0x10d
 203 0107 05       		.uleb128 0x5
 204 0108 03       		.byte	0x3
 205 0109 00000000 		.4byte	cy_meta_flashprotect
 206 010d 08       		.uleb128 0x8
 207 010e EC000000 		.4byte	0xec
 208 0112 05       		.uleb128 0x5
 209 0113 63000000 		.4byte	0x63
 210 0117 22010000 		.4byte	0x122
 211 011b 06       		.uleb128 0x6
 212 011c 93000000 		.4byte	0x93
 213 0120 0B       		.byte	0xb
 214 0121 00       		.byte	0
 215 0122 07       		.uleb128 0x7
 216 0123 8E000000 		.4byte	.LASF17
 217 0127 01       		.byte	0x1
 218 0128 76       		.byte	0x76
 219 0129 33010000 		.4byte	0x133
 220 012d 05       		.uleb128 0x5
 221 012e 03       		.byte	0x3
 222 012f 00000000 		.4byte	cy_metadata
 223 0133 08       		.uleb128 0x8
 224 0134 12010000 		.4byte	0x112
ARM GAS  C:\Users\JOSANT~1\AppData\Local\Temp\cc6252cd.s 			page 5


 225 0138 00       		.byte	0
 226              		.section	.debug_abbrev,"",%progbits
 227              	.Ldebug_abbrev0:
 228 0000 01       		.uleb128 0x1
 229 0001 11       		.uleb128 0x11
 230 0002 01       		.byte	0x1
 231 0003 25       		.uleb128 0x25
 232 0004 0E       		.uleb128 0xe
 233 0005 13       		.uleb128 0x13
 234 0006 0B       		.uleb128 0xb
 235 0007 03       		.uleb128 0x3
 236 0008 0E       		.uleb128 0xe
 237 0009 1B       		.uleb128 0x1b
 238 000a 0E       		.uleb128 0xe
 239 000b 10       		.uleb128 0x10
 240 000c 17       		.uleb128 0x17
 241 000d 00       		.byte	0
 242 000e 00       		.byte	0
 243 000f 02       		.uleb128 0x2
 244 0010 24       		.uleb128 0x24
 245 0011 00       		.byte	0
 246 0012 0B       		.uleb128 0xb
 247 0013 0B       		.uleb128 0xb
 248 0014 3E       		.uleb128 0x3e
 249 0015 0B       		.uleb128 0xb
 250 0016 03       		.uleb128 0x3
 251 0017 0E       		.uleb128 0xe
 252 0018 00       		.byte	0
 253 0019 00       		.byte	0
 254 001a 03       		.uleb128 0x3
 255 001b 24       		.uleb128 0x24
 256 001c 00       		.byte	0
 257 001d 0B       		.uleb128 0xb
 258 001e 0B       		.uleb128 0xb
 259 001f 3E       		.uleb128 0x3e
 260 0020 0B       		.uleb128 0xb
 261 0021 03       		.uleb128 0x3
 262 0022 08       		.uleb128 0x8
 263 0023 00       		.byte	0
 264 0024 00       		.byte	0
 265 0025 04       		.uleb128 0x4
 266 0026 16       		.uleb128 0x16
 267 0027 00       		.byte	0
 268 0028 03       		.uleb128 0x3
 269 0029 0E       		.uleb128 0xe
 270 002a 3A       		.uleb128 0x3a
 271 002b 0B       		.uleb128 0xb
 272 002c 3B       		.uleb128 0x3b
 273 002d 0B       		.uleb128 0xb
 274 002e 49       		.uleb128 0x49
 275 002f 13       		.uleb128 0x13
 276 0030 00       		.byte	0
 277 0031 00       		.byte	0
 278 0032 05       		.uleb128 0x5
 279 0033 01       		.uleb128 0x1
 280 0034 01       		.byte	0x1
 281 0035 49       		.uleb128 0x49
ARM GAS  C:\Users\JOSANT~1\AppData\Local\Temp\cc6252cd.s 			page 6


 282 0036 13       		.uleb128 0x13
 283 0037 01       		.uleb128 0x1
 284 0038 13       		.uleb128 0x13
 285 0039 00       		.byte	0
 286 003a 00       		.byte	0
 287 003b 06       		.uleb128 0x6
 288 003c 21       		.uleb128 0x21
 289 003d 00       		.byte	0
 290 003e 49       		.uleb128 0x49
 291 003f 13       		.uleb128 0x13
 292 0040 2F       		.uleb128 0x2f
 293 0041 0B       		.uleb128 0xb
 294 0042 00       		.byte	0
 295 0043 00       		.byte	0
 296 0044 07       		.uleb128 0x7
 297 0045 34       		.uleb128 0x34
 298 0046 00       		.byte	0
 299 0047 03       		.uleb128 0x3
 300 0048 0E       		.uleb128 0xe
 301 0049 3A       		.uleb128 0x3a
 302 004a 0B       		.uleb128 0xb
 303 004b 3B       		.uleb128 0x3b
 304 004c 0B       		.uleb128 0xb
 305 004d 49       		.uleb128 0x49
 306 004e 13       		.uleb128 0x13
 307 004f 3F       		.uleb128 0x3f
 308 0050 19       		.uleb128 0x19
 309 0051 02       		.uleb128 0x2
 310 0052 18       		.uleb128 0x18
 311 0053 00       		.byte	0
 312 0054 00       		.byte	0
 313 0055 08       		.uleb128 0x8
 314 0056 26       		.uleb128 0x26
 315 0057 00       		.byte	0
 316 0058 49       		.uleb128 0x49
 317 0059 13       		.uleb128 0x13
 318 005a 00       		.byte	0
 319 005b 00       		.byte	0
 320 005c 00       		.byte	0
 321              		.section	.debug_aranges,"",%progbits
 322 0000 14000000 		.4byte	0x14
 323 0004 0200     		.2byte	0x2
 324 0006 00000000 		.4byte	.Ldebug_info0
 325 000a 04       		.byte	0x4
 326 000b 00       		.byte	0
 327 000c 0000     		.2byte	0
 328 000e 0000     		.2byte	0
 329 0010 00000000 		.4byte	0
 330 0014 00000000 		.4byte	0
 331              		.section	.debug_line,"",%progbits
 332              	.Ldebug_line0:
 333 0000 4D000000 		.section	.debug_str,"MS",%progbits,1
 333      02004700 
 333      00000201 
 333      FB0E0D00 
 333      01010101 
 334              	.LASF18:
ARM GAS  C:\Users\JOSANT~1\AppData\Local\Temp\cc6252cd.s 			page 7


 335 0000 474E5520 		.ascii	"GNU C 4.9.3 20150303 (release) [ARM/embedded-4_9-br"
 335      4320342E 
 335      392E3320 
 335      32303135 
 335      30333033 
 336 0033 616E6368 		.ascii	"anch revision 221220] -mcpu=cortex-m3 -mthumb -g -O"
 336      20726576 
 336      6973696F 
 336      6E203232 
 336      31323230 
 337 0066 30202D66 		.ascii	"0 -ffunction-sections -ffat-lto-objects\000"
 337      66756E63 
 337      74696F6E 
 337      2D736563 
 337      74696F6E 
 338              	.LASF17:
 339 008e 63795F6D 		.ascii	"cy_metadata\000"
 339      65746164 
 339      61746100 
 340              	.LASF9:
 341 009a 666C6F61 		.ascii	"float\000"
 341      7400
 342              	.LASF1:
 343 00a0 756E7369 		.ascii	"unsigned char\000"
 343      676E6564 
 343      20636861 
 343      7200
 344              	.LASF20:
 345 00ae 433A5C53 		.ascii	"C:\\SoundSystem.cydsn\000"
 345      6F756E64 
 345      53797374 
 345      656D2E63 
 345      7964736E 
 346              	.LASF5:
 347 00c3 6C6F6E67 		.ascii	"long unsigned int\000"
 347      20756E73 
 347      69676E65 
 347      6420696E 
 347      7400
 348              	.LASF3:
 349 00d5 73686F72 		.ascii	"short unsigned int\000"
 349      7420756E 
 349      7369676E 
 349      65642069 
 349      6E7400
 350              	.LASF10:
 351 00e8 646F7562 		.ascii	"double\000"
 351      6C6500
 352              	.LASF14:
 353 00ef 63795F6D 		.ascii	"cy_meta_custnvl\000"
 353      6574615F 
 353      63757374 
 353      6E766C00 
 354              	.LASF13:
 355 00ff 63795F6D 		.ascii	"cy_meta_configecc\000"
 355      6574615F 
 355      636F6E66 
ARM GAS  C:\Users\JOSANT~1\AppData\Local\Temp\cc6252cd.s 			page 8


 355      69676563 
 355      6300
 356              	.LASF8:
 357 0111 756E7369 		.ascii	"unsigned int\000"
 357      676E6564 
 357      20696E74 
 357      00
 358              	.LASF7:
 359 011e 6C6F6E67 		.ascii	"long long unsigned int\000"
 359      206C6F6E 
 359      6720756E 
 359      7369676E 
 359      65642069 
 360              	.LASF16:
 361 0135 63795F6D 		.ascii	"cy_meta_flashprotect\000"
 361      6574615F 
 361      666C6173 
 361      6870726F 
 361      74656374 
 362              	.LASF15:
 363 014a 63795F6D 		.ascii	"cy_meta_wonvl\000"
 363      6574615F 
 363      776F6E76 
 363      6C00
 364              	.LASF12:
 365 0158 73697A65 		.ascii	"sizetype\000"
 365      74797065 
 365      00
 366              	.LASF6:
 367 0161 6C6F6E67 		.ascii	"long long int\000"
 367      206C6F6E 
 367      6720696E 
 367      7400
 368              	.LASF11:
 369 016f 63686172 		.ascii	"char\000"
 369      00
 370              	.LASF2:
 371 0174 73686F72 		.ascii	"short int\000"
 371      7420696E 
 371      7400
 372              	.LASF21:
 373 017e 75696E74 		.ascii	"uint8\000"
 373      3800
 374              	.LASF4:
 375 0184 6C6F6E67 		.ascii	"long int\000"
 375      20696E74 
 375      00
 376              	.LASF0:
 377 018d 7369676E 		.ascii	"signed char\000"
 377      65642063 
 377      68617200 
 378              	.LASF19:
 379 0199 47656E65 		.ascii	"Generated_Source\\PSoC5\\cymetadata.c\000"
 379      72617465 
 379      645F536F 
 379      75726365 
 379      5C50536F 
ARM GAS  C:\Users\JOSANT~1\AppData\Local\Temp\cc6252cd.s 			page 9


 380              		.ident	"GCC: (GNU Tools for ARM Embedded Processors) 4.9.3 20150303 (release) [ARM/embedded-4_9-br
