ARM GAS  C:\Users\JOSANT~1\AppData\Local\Temp\ccArHC2W.s 			page 1


   1              		.syntax unified
   2              		.cpu cortex-m3
   3              		.fpu softvfp
   4              		.eabi_attribute 20, 1
   5              		.eabi_attribute 21, 1
   6              		.eabi_attribute 23, 3
   7              		.eabi_attribute 24, 1
   8              		.eabi_attribute 25, 1
   9              		.eabi_attribute 26, 1
  10              		.eabi_attribute 30, 6
  11              		.eabi_attribute 34, 1
  12              		.eabi_attribute 18, 4
  13              		.thumb
  14              		.file	"USBFS_vnd.c"
  15              		.text
  16              	.Ltext0:
  17              		.cfi_sections	.debug_frame
  18              		.section	.text.USBFS_HandleVendorRqst,"ax",%progbits
  19              		.align	2
  20              		.global	USBFS_HandleVendorRqst
  21              		.thumb
  22              		.thumb_func
  23              		.type	USBFS_HandleVendorRqst, %function
  24              	USBFS_HandleVendorRqst:
  25              	.LFB0:
  26              		.file 1 "Generated_Source\\PSoC5\\USBFS_vnd.c"
   1:Generated_Source\PSoC5/USBFS_vnd.c **** /*******************************************************************************
   2:Generated_Source\PSoC5/USBFS_vnd.c **** * File Name: USBFS_vnd.c
   3:Generated_Source\PSoC5/USBFS_vnd.c **** * Version 2.70
   4:Generated_Source\PSoC5/USBFS_vnd.c **** *
   5:Generated_Source\PSoC5/USBFS_vnd.c **** * Description:
   6:Generated_Source\PSoC5/USBFS_vnd.c **** *  USB vendor request handler.
   7:Generated_Source\PSoC5/USBFS_vnd.c **** *
   8:Generated_Source\PSoC5/USBFS_vnd.c **** * Note:
   9:Generated_Source\PSoC5/USBFS_vnd.c **** *
  10:Generated_Source\PSoC5/USBFS_vnd.c **** ********************************************************************************
  11:Generated_Source\PSoC5/USBFS_vnd.c **** * Copyright 2008-2013, Cypress Semiconductor Corporation.  All rights reserved.
  12:Generated_Source\PSoC5/USBFS_vnd.c **** * You may use this file only in accordance with the license, terms, conditions,
  13:Generated_Source\PSoC5/USBFS_vnd.c **** * disclaimers, and limitations in the end user license agreement accompanying
  14:Generated_Source\PSoC5/USBFS_vnd.c **** * the software package with which this file was provided.
  15:Generated_Source\PSoC5/USBFS_vnd.c **** *******************************************************************************/
  16:Generated_Source\PSoC5/USBFS_vnd.c **** 
  17:Generated_Source\PSoC5/USBFS_vnd.c **** #include "USBFS.h"
  18:Generated_Source\PSoC5/USBFS_vnd.c **** #include "USBFS_pvt.h"
  19:Generated_Source\PSoC5/USBFS_vnd.c **** 
  20:Generated_Source\PSoC5/USBFS_vnd.c **** #if(USBFS_EXTERN_VND == USBFS_FALSE)
  21:Generated_Source\PSoC5/USBFS_vnd.c **** 
  22:Generated_Source\PSoC5/USBFS_vnd.c **** 
  23:Generated_Source\PSoC5/USBFS_vnd.c **** /***************************************
  24:Generated_Source\PSoC5/USBFS_vnd.c **** * Vendor Specific Declarations
  25:Generated_Source\PSoC5/USBFS_vnd.c **** ***************************************/
  26:Generated_Source\PSoC5/USBFS_vnd.c **** 
  27:Generated_Source\PSoC5/USBFS_vnd.c **** /* `#START VENDOR_SPECIFIC_DECLARATIONS` Place your declaration here */
  28:Generated_Source\PSoC5/USBFS_vnd.c **** 
  29:Generated_Source\PSoC5/USBFS_vnd.c **** /* `#END` */
  30:Generated_Source\PSoC5/USBFS_vnd.c **** 
  31:Generated_Source\PSoC5/USBFS_vnd.c **** 
ARM GAS  C:\Users\JOSANT~1\AppData\Local\Temp\ccArHC2W.s 			page 2


  32:Generated_Source\PSoC5/USBFS_vnd.c **** /*******************************************************************************
  33:Generated_Source\PSoC5/USBFS_vnd.c **** * Function Name: USBFS_HandleVendorRqst
  34:Generated_Source\PSoC5/USBFS_vnd.c **** ********************************************************************************
  35:Generated_Source\PSoC5/USBFS_vnd.c **** *
  36:Generated_Source\PSoC5/USBFS_vnd.c **** * Summary:
  37:Generated_Source\PSoC5/USBFS_vnd.c **** *  This routine provide users with a method to implement vendor specific
  38:Generated_Source\PSoC5/USBFS_vnd.c **** *  requests.
  39:Generated_Source\PSoC5/USBFS_vnd.c **** *
  40:Generated_Source\PSoC5/USBFS_vnd.c **** *  To implement vendor specific requests, add your code in this function to
  41:Generated_Source\PSoC5/USBFS_vnd.c **** *  decode and disposition the request.  If the request is handled, your code
  42:Generated_Source\PSoC5/USBFS_vnd.c **** *  must set the variable "requestHandled" to TRUE, indicating that the
  43:Generated_Source\PSoC5/USBFS_vnd.c **** *  request has been handled.
  44:Generated_Source\PSoC5/USBFS_vnd.c **** *
  45:Generated_Source\PSoC5/USBFS_vnd.c **** * Parameters:
  46:Generated_Source\PSoC5/USBFS_vnd.c **** *  None.
  47:Generated_Source\PSoC5/USBFS_vnd.c **** *
  48:Generated_Source\PSoC5/USBFS_vnd.c **** * Return:
  49:Generated_Source\PSoC5/USBFS_vnd.c **** *  requestHandled.
  50:Generated_Source\PSoC5/USBFS_vnd.c **** *
  51:Generated_Source\PSoC5/USBFS_vnd.c **** * Reentrant:
  52:Generated_Source\PSoC5/USBFS_vnd.c **** *  No.
  53:Generated_Source\PSoC5/USBFS_vnd.c **** *
  54:Generated_Source\PSoC5/USBFS_vnd.c **** *******************************************************************************/
  55:Generated_Source\PSoC5/USBFS_vnd.c **** uint8 USBFS_HandleVendorRqst(void) 
  56:Generated_Source\PSoC5/USBFS_vnd.c **** {
  27              		.loc 1 56 0
  28              		.cfi_startproc
  29              		@ args = 0, pretend = 0, frame = 8
  30              		@ frame_needed = 1, uses_anonymous_args = 0
  31              		@ link register save eliminated.
  32 0000 80B4     		push	{r7}
  33              		.cfi_def_cfa_offset 4
  34              		.cfi_offset 7, -4
  35 0002 83B0     		sub	sp, sp, #12
  36              		.cfi_def_cfa_offset 16
  37 0004 00AF     		add	r7, sp, #0
  38              		.cfi_def_cfa_register 7
  57:Generated_Source\PSoC5/USBFS_vnd.c ****     uint8 requestHandled = USBFS_FALSE;
  39              		.loc 1 57 0
  40 0006 0023     		movs	r3, #0
  41 0008 FB71     		strb	r3, [r7, #7]
  58:Generated_Source\PSoC5/USBFS_vnd.c **** 
  59:Generated_Source\PSoC5/USBFS_vnd.c ****     if ((CY_GET_REG8(USBFS_bmRequestType) & USBFS_RQST_DIR_MASK) == USBFS_RQST_DIR_D2H)
  42              		.loc 1 59 0
  43 000a 0A4B     		ldr	r3, .L7
  44 000c 1B78     		ldrb	r3, [r3]
  45 000e DBB2     		uxtb	r3, r3
  46 0010 DBB2     		uxtb	r3, r3
  47 0012 5BB2     		sxtb	r3, r3
  48 0014 002B     		cmp	r3, #0
  49 0016 06DA     		bge	.L2
  60:Generated_Source\PSoC5/USBFS_vnd.c ****     {
  61:Generated_Source\PSoC5/USBFS_vnd.c ****         /* Control Read */
  62:Generated_Source\PSoC5/USBFS_vnd.c ****         switch (CY_GET_REG8(USBFS_bRequest))
  50              		.loc 1 62 0
  51 0018 074B     		ldr	r3, .L7+4
  52 001a 1B78     		ldrb	r3, [r3]
ARM GAS  C:\Users\JOSANT~1\AppData\Local\Temp\ccArHC2W.s 			page 3


  53 001c DBB2     		uxtb	r3, r3
  54 001e 012B     		cmp	r3, #1
  55 0020 00D0     		beq	.L6
  63:Generated_Source\PSoC5/USBFS_vnd.c ****         {
  64:Generated_Source\PSoC5/USBFS_vnd.c ****             case USBFS_GET_EXTENDED_CONFIG_DESCRIPTOR:
  65:Generated_Source\PSoC5/USBFS_vnd.c ****                 #if defined(USBFS_ENABLE_MSOS_STRING)
  66:Generated_Source\PSoC5/USBFS_vnd.c ****                     USBFS_currentTD.pData = (volatile uint8 *)&USBFS_MSOS_CONFIGURATION_DESCR[0u];
  67:Generated_Source\PSoC5/USBFS_vnd.c ****                     USBFS_currentTD.count = USBFS_MSOS_CONFIGURATION_DESCR[0u];
  68:Generated_Source\PSoC5/USBFS_vnd.c ****                     requestHandled  = USBFS_InitControlRead();
  69:Generated_Source\PSoC5/USBFS_vnd.c ****                 #endif /*  USBFS_ENABLE_MSOS_STRING */
  70:Generated_Source\PSoC5/USBFS_vnd.c ****                 break;
  71:Generated_Source\PSoC5/USBFS_vnd.c ****             default:
  72:Generated_Source\PSoC5/USBFS_vnd.c ****                 break;
  56              		.loc 1 72 0
  57 0022 00E0     		b	.L2
  58              	.L6:
  70:Generated_Source\PSoC5/USBFS_vnd.c ****             default:
  59              		.loc 1 70 0
  60 0024 00BF     		nop
  61              	.L2:
  73:Generated_Source\PSoC5/USBFS_vnd.c ****         }
  74:Generated_Source\PSoC5/USBFS_vnd.c ****     }
  75:Generated_Source\PSoC5/USBFS_vnd.c **** 
  76:Generated_Source\PSoC5/USBFS_vnd.c ****     /* `#START VENDOR_SPECIFIC_CODE` Place your vendor specific request here */
  77:Generated_Source\PSoC5/USBFS_vnd.c **** 
  78:Generated_Source\PSoC5/USBFS_vnd.c ****     /* `#END` */
  79:Generated_Source\PSoC5/USBFS_vnd.c **** 
  80:Generated_Source\PSoC5/USBFS_vnd.c ****     return(requestHandled);
  62              		.loc 1 80 0
  63 0026 FB79     		ldrb	r3, [r7, #7]	@ zero_extendqisi2
  81:Generated_Source\PSoC5/USBFS_vnd.c **** }
  64              		.loc 1 81 0
  65 0028 1846     		mov	r0, r3
  66 002a 0C37     		adds	r7, r7, #12
  67              		.cfi_def_cfa_offset 4
  68 002c BD46     		mov	sp, r7
  69              		.cfi_def_cfa_register 13
  70              		@ sp needed
  71 002e 5DF8047B 		ldr	r7, [sp], #4
  72              		.cfi_restore 7
  73              		.cfi_def_cfa_offset 0
  74 0032 7047     		bx	lr
  75              	.L8:
  76              		.align	2
  77              	.L7:
  78 0034 00600040 		.word	1073766400
  79 0038 01600040 		.word	1073766401
  80              		.cfi_endproc
  81              	.LFE0:
  82              		.size	USBFS_HandleVendorRqst, .-USBFS_HandleVendorRqst
  83              		.text
  84              	.Letext0:
  85              		.file 2 "Generated_Source\\PSoC5\\cytypes.h"
  86              		.section	.debug_info,"",%progbits
  87              	.Ldebug_info0:
  88 0000 C3000000 		.4byte	0xc3
  89 0004 0400     		.2byte	0x4
ARM GAS  C:\Users\JOSANT~1\AppData\Local\Temp\ccArHC2W.s 			page 4


  90 0006 00000000 		.4byte	.Ldebug_abbrev0
  91 000a 04       		.byte	0x4
  92 000b 01       		.uleb128 0x1
  93 000c A1000000 		.4byte	.LASF15
  94 0010 01       		.byte	0x1
  95 0011 6A010000 		.4byte	.LASF16
  96 0015 59000000 		.4byte	.LASF17
  97 0019 00000000 		.4byte	.Ldebug_ranges0+0
  98 001d 00000000 		.4byte	0
  99 0021 00000000 		.4byte	.Ldebug_line0
 100 0025 02       		.uleb128 0x2
 101 0026 01       		.byte	0x1
 102 0027 06       		.byte	0x6
 103 0028 49010000 		.4byte	.LASF0
 104 002c 02       		.uleb128 0x2
 105 002d 01       		.byte	0x1
 106 002e 08       		.byte	0x8
 107 002f 85000000 		.4byte	.LASF1
 108 0033 02       		.uleb128 0x2
 109 0034 02       		.byte	0x2
 110 0035 05       		.byte	0x5
 111 0036 5B010000 		.4byte	.LASF2
 112 003a 02       		.uleb128 0x2
 113 003b 02       		.byte	0x2
 114 003c 07       		.byte	0x7
 115 003d 36010000 		.4byte	.LASF3
 116 0041 02       		.uleb128 0x2
 117 0042 04       		.byte	0x4
 118 0043 05       		.byte	0x5
 119 0044 98000000 		.4byte	.LASF4
 120 0048 02       		.uleb128 0x2
 121 0049 04       		.byte	0x4
 122 004a 07       		.byte	0x7
 123 004b 47000000 		.4byte	.LASF5
 124 004f 02       		.uleb128 0x2
 125 0050 08       		.byte	0x8
 126 0051 05       		.byte	0x5
 127 0052 00000000 		.4byte	.LASF6
 128 0056 02       		.uleb128 0x2
 129 0057 08       		.byte	0x8
 130 0058 07       		.byte	0x7
 131 0059 6E000000 		.4byte	.LASF7
 132 005d 03       		.uleb128 0x3
 133 005e 04       		.byte	0x4
 134 005f 05       		.byte	0x5
 135 0060 696E7400 		.ascii	"int\000"
 136 0064 02       		.uleb128 0x2
 137 0065 04       		.byte	0x4
 138 0066 07       		.byte	0x7
 139 0067 1D000000 		.4byte	.LASF8
 140 006b 04       		.uleb128 0x4
 141 006c 41000000 		.4byte	.LASF12
 142 0070 02       		.byte	0x2
 143 0071 5B       		.byte	0x5b
 144 0072 2C000000 		.4byte	0x2c
 145 0076 02       		.uleb128 0x2
 146 0077 04       		.byte	0x4
ARM GAS  C:\Users\JOSANT~1\AppData\Local\Temp\ccArHC2W.s 			page 5


 147 0078 04       		.byte	0x4
 148 0079 55010000 		.4byte	.LASF9
 149 007d 02       		.uleb128 0x2
 150 007e 08       		.byte	0x8
 151 007f 04       		.byte	0x4
 152 0080 2F010000 		.4byte	.LASF10
 153 0084 02       		.uleb128 0x2
 154 0085 01       		.byte	0x1
 155 0086 08       		.byte	0x8
 156 0087 93000000 		.4byte	.LASF11
 157 008b 04       		.uleb128 0x4
 158 008c 65010000 		.4byte	.LASF13
 159 0090 02       		.byte	0x2
 160 0091 F0       		.byte	0xf0
 161 0092 96000000 		.4byte	0x96
 162 0096 05       		.uleb128 0x5
 163 0097 6B000000 		.4byte	0x6b
 164 009b 02       		.uleb128 0x2
 165 009c 04       		.byte	0x4
 166 009d 07       		.byte	0x7
 167 009e 8D010000 		.4byte	.LASF14
 168 00a2 06       		.uleb128 0x6
 169 00a3 2A000000 		.4byte	.LASF18
 170 00a7 01       		.byte	0x1
 171 00a8 37       		.byte	0x37
 172 00a9 6B000000 		.4byte	0x6b
 173 00ad 00000000 		.4byte	.LFB0
 174 00b1 3C000000 		.4byte	.LFE0-.LFB0
 175 00b5 01       		.uleb128 0x1
 176 00b6 9C       		.byte	0x9c
 177 00b7 07       		.uleb128 0x7
 178 00b8 0E000000 		.4byte	.LASF19
 179 00bc 01       		.byte	0x1
 180 00bd 39       		.byte	0x39
 181 00be 6B000000 		.4byte	0x6b
 182 00c2 02       		.uleb128 0x2
 183 00c3 91       		.byte	0x91
 184 00c4 77       		.sleb128 -9
 185 00c5 00       		.byte	0
 186 00c6 00       		.byte	0
 187              		.section	.debug_abbrev,"",%progbits
 188              	.Ldebug_abbrev0:
 189 0000 01       		.uleb128 0x1
 190 0001 11       		.uleb128 0x11
 191 0002 01       		.byte	0x1
 192 0003 25       		.uleb128 0x25
 193 0004 0E       		.uleb128 0xe
 194 0005 13       		.uleb128 0x13
 195 0006 0B       		.uleb128 0xb
 196 0007 03       		.uleb128 0x3
 197 0008 0E       		.uleb128 0xe
 198 0009 1B       		.uleb128 0x1b
 199 000a 0E       		.uleb128 0xe
 200 000b 55       		.uleb128 0x55
 201 000c 17       		.uleb128 0x17
 202 000d 11       		.uleb128 0x11
 203 000e 01       		.uleb128 0x1
ARM GAS  C:\Users\JOSANT~1\AppData\Local\Temp\ccArHC2W.s 			page 6


 204 000f 10       		.uleb128 0x10
 205 0010 17       		.uleb128 0x17
 206 0011 00       		.byte	0
 207 0012 00       		.byte	0
 208 0013 02       		.uleb128 0x2
 209 0014 24       		.uleb128 0x24
 210 0015 00       		.byte	0
 211 0016 0B       		.uleb128 0xb
 212 0017 0B       		.uleb128 0xb
 213 0018 3E       		.uleb128 0x3e
 214 0019 0B       		.uleb128 0xb
 215 001a 03       		.uleb128 0x3
 216 001b 0E       		.uleb128 0xe
 217 001c 00       		.byte	0
 218 001d 00       		.byte	0
 219 001e 03       		.uleb128 0x3
 220 001f 24       		.uleb128 0x24
 221 0020 00       		.byte	0
 222 0021 0B       		.uleb128 0xb
 223 0022 0B       		.uleb128 0xb
 224 0023 3E       		.uleb128 0x3e
 225 0024 0B       		.uleb128 0xb
 226 0025 03       		.uleb128 0x3
 227 0026 08       		.uleb128 0x8
 228 0027 00       		.byte	0
 229 0028 00       		.byte	0
 230 0029 04       		.uleb128 0x4
 231 002a 16       		.uleb128 0x16
 232 002b 00       		.byte	0
 233 002c 03       		.uleb128 0x3
 234 002d 0E       		.uleb128 0xe
 235 002e 3A       		.uleb128 0x3a
 236 002f 0B       		.uleb128 0xb
 237 0030 3B       		.uleb128 0x3b
 238 0031 0B       		.uleb128 0xb
 239 0032 49       		.uleb128 0x49
 240 0033 13       		.uleb128 0x13
 241 0034 00       		.byte	0
 242 0035 00       		.byte	0
 243 0036 05       		.uleb128 0x5
 244 0037 35       		.uleb128 0x35
 245 0038 00       		.byte	0
 246 0039 49       		.uleb128 0x49
 247 003a 13       		.uleb128 0x13
 248 003b 00       		.byte	0
 249 003c 00       		.byte	0
 250 003d 06       		.uleb128 0x6
 251 003e 2E       		.uleb128 0x2e
 252 003f 01       		.byte	0x1
 253 0040 3F       		.uleb128 0x3f
 254 0041 19       		.uleb128 0x19
 255 0042 03       		.uleb128 0x3
 256 0043 0E       		.uleb128 0xe
 257 0044 3A       		.uleb128 0x3a
 258 0045 0B       		.uleb128 0xb
 259 0046 3B       		.uleb128 0x3b
 260 0047 0B       		.uleb128 0xb
ARM GAS  C:\Users\JOSANT~1\AppData\Local\Temp\ccArHC2W.s 			page 7


 261 0048 27       		.uleb128 0x27
 262 0049 19       		.uleb128 0x19
 263 004a 49       		.uleb128 0x49
 264 004b 13       		.uleb128 0x13
 265 004c 11       		.uleb128 0x11
 266 004d 01       		.uleb128 0x1
 267 004e 12       		.uleb128 0x12
 268 004f 06       		.uleb128 0x6
 269 0050 40       		.uleb128 0x40
 270 0051 18       		.uleb128 0x18
 271 0052 9742     		.uleb128 0x2117
 272 0054 19       		.uleb128 0x19
 273 0055 00       		.byte	0
 274 0056 00       		.byte	0
 275 0057 07       		.uleb128 0x7
 276 0058 34       		.uleb128 0x34
 277 0059 00       		.byte	0
 278 005a 03       		.uleb128 0x3
 279 005b 0E       		.uleb128 0xe
 280 005c 3A       		.uleb128 0x3a
 281 005d 0B       		.uleb128 0xb
 282 005e 3B       		.uleb128 0x3b
 283 005f 0B       		.uleb128 0xb
 284 0060 49       		.uleb128 0x49
 285 0061 13       		.uleb128 0x13
 286 0062 02       		.uleb128 0x2
 287 0063 18       		.uleb128 0x18
 288 0064 00       		.byte	0
 289 0065 00       		.byte	0
 290 0066 00       		.byte	0
 291              		.section	.debug_aranges,"",%progbits
 292 0000 1C000000 		.4byte	0x1c
 293 0004 0200     		.2byte	0x2
 294 0006 00000000 		.4byte	.Ldebug_info0
 295 000a 04       		.byte	0x4
 296 000b 00       		.byte	0
 297 000c 0000     		.2byte	0
 298 000e 0000     		.2byte	0
 299 0010 00000000 		.4byte	.LFB0
 300 0014 3C000000 		.4byte	.LFE0-.LFB0
 301 0018 00000000 		.4byte	0
 302 001c 00000000 		.4byte	0
 303              		.section	.debug_ranges,"",%progbits
 304              	.Ldebug_ranges0:
 305 0000 00000000 		.4byte	.LFB0
 306 0004 3C000000 		.4byte	.LFE0
 307 0008 00000000 		.4byte	0
 308 000c 00000000 		.4byte	0
 309              		.section	.debug_line,"",%progbits
 310              	.Ldebug_line0:
 311 0000 66000000 		.section	.debug_str,"MS",%progbits,1
 311      02004600 
 311      00000201 
 311      FB0E0D00 
 311      01010101 
 312              	.LASF6:
 313 0000 6C6F6E67 		.ascii	"long long int\000"
ARM GAS  C:\Users\JOSANT~1\AppData\Local\Temp\ccArHC2W.s 			page 8


 313      206C6F6E 
 313      6720696E 
 313      7400
 314              	.LASF19:
 315 000e 72657175 		.ascii	"requestHandled\000"
 315      65737448 
 315      616E646C 
 315      656400
 316              	.LASF8:
 317 001d 756E7369 		.ascii	"unsigned int\000"
 317      676E6564 
 317      20696E74 
 317      00
 318              	.LASF18:
 319 002a 55534246 		.ascii	"USBFS_HandleVendorRqst\000"
 319      535F4861 
 319      6E646C65 
 319      56656E64 
 319      6F725271 
 320              	.LASF12:
 321 0041 75696E74 		.ascii	"uint8\000"
 321      3800
 322              	.LASF5:
 323 0047 6C6F6E67 		.ascii	"long unsigned int\000"
 323      20756E73 
 323      69676E65 
 323      6420696E 
 323      7400
 324              	.LASF17:
 325 0059 433A5C53 		.ascii	"C:\\SoundSystem.cydsn\000"
 325      6F756E64 
 325      53797374 
 325      656D2E63 
 325      7964736E 
 326              	.LASF7:
 327 006e 6C6F6E67 		.ascii	"long long unsigned int\000"
 327      206C6F6E 
 327      6720756E 
 327      7369676E 
 327      65642069 
 328              	.LASF1:
 329 0085 756E7369 		.ascii	"unsigned char\000"
 329      676E6564 
 329      20636861 
 329      7200
 330              	.LASF11:
 331 0093 63686172 		.ascii	"char\000"
 331      00
 332              	.LASF4:
 333 0098 6C6F6E67 		.ascii	"long int\000"
 333      20696E74 
 333      00
 334              	.LASF15:
 335 00a1 474E5520 		.ascii	"GNU C 4.9.3 20150303 (release) [ARM/embedded-4_9-br"
 335      4320342E 
 335      392E3320 
 335      32303135 
ARM GAS  C:\Users\JOSANT~1\AppData\Local\Temp\ccArHC2W.s 			page 9


 335      30333033 
 336 00d4 616E6368 		.ascii	"anch revision 221220] -mcpu=cortex-m3 -mthumb -g -O"
 336      20726576 
 336      6973696F 
 336      6E203232 
 336      31323230 
 337 0107 30202D66 		.ascii	"0 -ffunction-sections -ffat-lto-objects\000"
 337      66756E63 
 337      74696F6E 
 337      2D736563 
 337      74696F6E 
 338              	.LASF10:
 339 012f 646F7562 		.ascii	"double\000"
 339      6C6500
 340              	.LASF3:
 341 0136 73686F72 		.ascii	"short unsigned int\000"
 341      7420756E 
 341      7369676E 
 341      65642069 
 341      6E7400
 342              	.LASF0:
 343 0149 7369676E 		.ascii	"signed char\000"
 343      65642063 
 343      68617200 
 344              	.LASF9:
 345 0155 666C6F61 		.ascii	"float\000"
 345      7400
 346              	.LASF2:
 347 015b 73686F72 		.ascii	"short int\000"
 347      7420696E 
 347      7400
 348              	.LASF13:
 349 0165 72656738 		.ascii	"reg8\000"
 349      00
 350              	.LASF16:
 351 016a 47656E65 		.ascii	"Generated_Source\\PSoC5\\USBFS_vnd.c\000"
 351      72617465 
 351      645F536F 
 351      75726365 
 351      5C50536F 
 352              	.LASF14:
 353 018d 73697A65 		.ascii	"sizetype\000"
 353      74797065 
 353      00
 354              		.ident	"GCC: (GNU Tools for ARM Embedded Processors) 4.9.3 20150303 (release) [ARM/embedded-4_9-br
