ARM GAS  C:\Users\JOSANT~1\AppData\Local\Temp\ccWQeBlq.s 			page 1


   1              		.syntax unified
   2              		.cpu cortex-m3
   3              		.fpu softvfp
   4              		.eabi_attribute 20, 1
   5              		.eabi_attribute 21, 1
   6              		.eabi_attribute 23, 3
   7              		.eabi_attribute 24, 1
   8              		.eabi_attribute 25, 1
   9              		.eabi_attribute 26, 1
  10              		.eabi_attribute 30, 6
  11              		.eabi_attribute 34, 1
  12              		.eabi_attribute 18, 4
  13              		.thumb
  14              		.file	"USBFS_pm.c"
  15              		.text
  16              	.Ltext0:
  17              		.cfi_sections	.debug_frame
  18              		.bss
  19              		.align	2
  20              	USBFS_backup:
  21 0000 0000     		.space	2
  22 0002 0000     		.section	.text.USBFS_DP_ISR,"ax",%progbits
  23              		.align	2
  24              		.global	USBFS_DP_ISR
  25              		.thumb
  26              		.thumb_func
  27              		.type	USBFS_DP_ISR, %function
  28              	USBFS_DP_ISR:
  29              	.LFB56:
  30              		.file 1 "Generated_Source\\PSoC5\\USBFS_pm.c"
   1:Generated_Source\PSoC5/USBFS_pm.c **** /*******************************************************************************
   2:Generated_Source\PSoC5/USBFS_pm.c **** * File Name: USBFS_pm.c
   3:Generated_Source\PSoC5/USBFS_pm.c **** * Version 2.70
   4:Generated_Source\PSoC5/USBFS_pm.c **** *
   5:Generated_Source\PSoC5/USBFS_pm.c **** * Description:
   6:Generated_Source\PSoC5/USBFS_pm.c **** *  This file provides Suspend/Resume APIs functionality.
   7:Generated_Source\PSoC5/USBFS_pm.c **** *
   8:Generated_Source\PSoC5/USBFS_pm.c **** * Note:
   9:Generated_Source\PSoC5/USBFS_pm.c **** *
  10:Generated_Source\PSoC5/USBFS_pm.c **** ********************************************************************************
  11:Generated_Source\PSoC5/USBFS_pm.c **** * Copyright 2008-2013, Cypress Semiconductor Corporation.  All rights reserved.
  12:Generated_Source\PSoC5/USBFS_pm.c **** * You may use this file only in accordance with the license, terms, conditions,
  13:Generated_Source\PSoC5/USBFS_pm.c **** * disclaimers, and limitations in the end user license agreement accompanying
  14:Generated_Source\PSoC5/USBFS_pm.c **** * the software package with which this file was provided.
  15:Generated_Source\PSoC5/USBFS_pm.c **** *******************************************************************************/
  16:Generated_Source\PSoC5/USBFS_pm.c **** 
  17:Generated_Source\PSoC5/USBFS_pm.c **** #include "project.h"
  18:Generated_Source\PSoC5/USBFS_pm.c **** #include "USBFS.h"
  19:Generated_Source\PSoC5/USBFS_pm.c **** #include "USBFS_pvt.h"
  20:Generated_Source\PSoC5/USBFS_pm.c **** 
  21:Generated_Source\PSoC5/USBFS_pm.c **** 
  22:Generated_Source\PSoC5/USBFS_pm.c **** /***************************************
  23:Generated_Source\PSoC5/USBFS_pm.c **** * Custom Declarations
  24:Generated_Source\PSoC5/USBFS_pm.c **** ***************************************/
  25:Generated_Source\PSoC5/USBFS_pm.c **** /* `#START PM_CUSTOM_DECLARATIONS` Place your declaration here */
  26:Generated_Source\PSoC5/USBFS_pm.c **** 
  27:Generated_Source\PSoC5/USBFS_pm.c **** /* `#END` */
ARM GAS  C:\Users\JOSANT~1\AppData\Local\Temp\ccWQeBlq.s 			page 2


  28:Generated_Source\PSoC5/USBFS_pm.c **** 
  29:Generated_Source\PSoC5/USBFS_pm.c **** 
  30:Generated_Source\PSoC5/USBFS_pm.c **** /***************************************
  31:Generated_Source\PSoC5/USBFS_pm.c **** * Local data allocation
  32:Generated_Source\PSoC5/USBFS_pm.c **** ***************************************/
  33:Generated_Source\PSoC5/USBFS_pm.c **** 
  34:Generated_Source\PSoC5/USBFS_pm.c **** static USBFS_BACKUP_STRUCT  USBFS_backup;
  35:Generated_Source\PSoC5/USBFS_pm.c **** 
  36:Generated_Source\PSoC5/USBFS_pm.c **** 
  37:Generated_Source\PSoC5/USBFS_pm.c **** #if(USBFS_DP_ISR_REMOVE == 0u)
  38:Generated_Source\PSoC5/USBFS_pm.c **** 
  39:Generated_Source\PSoC5/USBFS_pm.c ****     /*******************************************************************************
  40:Generated_Source\PSoC5/USBFS_pm.c ****     * Function Name: USBFS_DP_Interrupt
  41:Generated_Source\PSoC5/USBFS_pm.c ****     ********************************************************************************
  42:Generated_Source\PSoC5/USBFS_pm.c ****     *
  43:Generated_Source\PSoC5/USBFS_pm.c ****     * Summary:
  44:Generated_Source\PSoC5/USBFS_pm.c ****     *  This Interrupt Service Routine handles DP pin changes for wake-up from
  45:Generated_Source\PSoC5/USBFS_pm.c ****     *  the sleep mode.
  46:Generated_Source\PSoC5/USBFS_pm.c ****     *
  47:Generated_Source\PSoC5/USBFS_pm.c ****     * Parameters:
  48:Generated_Source\PSoC5/USBFS_pm.c ****     *  None.
  49:Generated_Source\PSoC5/USBFS_pm.c ****     *
  50:Generated_Source\PSoC5/USBFS_pm.c ****     * Return:
  51:Generated_Source\PSoC5/USBFS_pm.c ****     *  None.
  52:Generated_Source\PSoC5/USBFS_pm.c ****     *
  53:Generated_Source\PSoC5/USBFS_pm.c ****     *******************************************************************************/
  54:Generated_Source\PSoC5/USBFS_pm.c ****     CY_ISR(USBFS_DP_ISR)
  55:Generated_Source\PSoC5/USBFS_pm.c ****     {
  31              		.loc 1 55 0
  32              		.cfi_startproc
  33              		@ args = 0, pretend = 0, frame = 0
  34              		@ frame_needed = 1, uses_anonymous_args = 0
  35              		@ link register save eliminated.
  36 0000 80B4     		push	{r7}
  37              		.cfi_def_cfa_offset 4
  38              		.cfi_offset 7, -4
  39 0002 00AF     		add	r7, sp, #0
  40              		.cfi_def_cfa_register 7
  56:Generated_Source\PSoC5/USBFS_pm.c ****         /* `#START DP_USER_CODE` Place your code here */
  57:Generated_Source\PSoC5/USBFS_pm.c **** 
  58:Generated_Source\PSoC5/USBFS_pm.c ****         /* `#END` */
  59:Generated_Source\PSoC5/USBFS_pm.c **** 
  60:Generated_Source\PSoC5/USBFS_pm.c ****         /* Clears active interrupt */
  61:Generated_Source\PSoC5/USBFS_pm.c ****         CY_GET_REG8(USBFS_DP_INTSTAT_PTR);
  41              		.loc 1 61 0
  42 0004 024B     		ldr	r3, .L2
  43 0006 1B78     		ldrb	r3, [r3]
  62:Generated_Source\PSoC5/USBFS_pm.c ****     }
  44              		.loc 1 62 0
  45 0008 BD46     		mov	sp, r7
  46              		.cfi_def_cfa_register 13
  47              		@ sp needed
  48 000a 5DF8047B 		ldr	r7, [sp], #4
  49              		.cfi_restore 7
  50              		.cfi_def_cfa_offset 0
  51 000e 7047     		bx	lr
  52              	.L3:
ARM GAS  C:\Users\JOSANT~1\AppData\Local\Temp\ccWQeBlq.s 			page 3


  53              		.align	2
  54              	.L2:
  55 0010 8F450040 		.word	1073759631
  56              		.cfi_endproc
  57              	.LFE56:
  58              		.size	USBFS_DP_ISR, .-USBFS_DP_ISR
  59              		.section	.text.USBFS_SaveConfig,"ax",%progbits
  60              		.align	2
  61              		.global	USBFS_SaveConfig
  62              		.thumb
  63              		.thumb_func
  64              		.type	USBFS_SaveConfig, %function
  65              	USBFS_SaveConfig:
  66              	.LFB57:
  63:Generated_Source\PSoC5/USBFS_pm.c **** 
  64:Generated_Source\PSoC5/USBFS_pm.c **** #endif /* (USBFS_DP_ISR_REMOVE == 0u) */
  65:Generated_Source\PSoC5/USBFS_pm.c **** 
  66:Generated_Source\PSoC5/USBFS_pm.c **** 
  67:Generated_Source\PSoC5/USBFS_pm.c **** /*******************************************************************************
  68:Generated_Source\PSoC5/USBFS_pm.c **** * Function Name: USBFS_SaveConfig
  69:Generated_Source\PSoC5/USBFS_pm.c **** ********************************************************************************
  70:Generated_Source\PSoC5/USBFS_pm.c **** *
  71:Generated_Source\PSoC5/USBFS_pm.c **** * Summary:
  72:Generated_Source\PSoC5/USBFS_pm.c **** *  Saves the current user configuration.
  73:Generated_Source\PSoC5/USBFS_pm.c **** *
  74:Generated_Source\PSoC5/USBFS_pm.c **** * Parameters:
  75:Generated_Source\PSoC5/USBFS_pm.c **** *  None.
  76:Generated_Source\PSoC5/USBFS_pm.c **** *
  77:Generated_Source\PSoC5/USBFS_pm.c **** * Return:
  78:Generated_Source\PSoC5/USBFS_pm.c **** *  None.
  79:Generated_Source\PSoC5/USBFS_pm.c **** *
  80:Generated_Source\PSoC5/USBFS_pm.c **** * Reentrant:
  81:Generated_Source\PSoC5/USBFS_pm.c **** *  No.
  82:Generated_Source\PSoC5/USBFS_pm.c **** *
  83:Generated_Source\PSoC5/USBFS_pm.c **** *******************************************************************************/
  84:Generated_Source\PSoC5/USBFS_pm.c **** void USBFS_SaveConfig(void) 
  85:Generated_Source\PSoC5/USBFS_pm.c **** {
  67              		.loc 1 85 0
  68              		.cfi_startproc
  69              		@ args = 0, pretend = 0, frame = 0
  70              		@ frame_needed = 1, uses_anonymous_args = 0
  71              		@ link register save eliminated.
  72 0000 80B4     		push	{r7}
  73              		.cfi_def_cfa_offset 4
  74              		.cfi_offset 7, -4
  75 0002 00AF     		add	r7, sp, #0
  76              		.cfi_def_cfa_register 7
  86:Generated_Source\PSoC5/USBFS_pm.c **** 
  87:Generated_Source\PSoC5/USBFS_pm.c **** }
  77              		.loc 1 87 0
  78 0004 BD46     		mov	sp, r7
  79              		.cfi_def_cfa_register 13
  80              		@ sp needed
  81 0006 5DF8047B 		ldr	r7, [sp], #4
  82              		.cfi_restore 7
  83              		.cfi_def_cfa_offset 0
  84 000a 7047     		bx	lr
ARM GAS  C:\Users\JOSANT~1\AppData\Local\Temp\ccWQeBlq.s 			page 4


  85              		.cfi_endproc
  86              	.LFE57:
  87              		.size	USBFS_SaveConfig, .-USBFS_SaveConfig
  88              		.section	.text.USBFS_RestoreConfig,"ax",%progbits
  89              		.align	2
  90              		.global	USBFS_RestoreConfig
  91              		.thumb
  92              		.thumb_func
  93              		.type	USBFS_RestoreConfig, %function
  94              	USBFS_RestoreConfig:
  95              	.LFB58:
  88:Generated_Source\PSoC5/USBFS_pm.c **** 
  89:Generated_Source\PSoC5/USBFS_pm.c **** 
  90:Generated_Source\PSoC5/USBFS_pm.c **** /*******************************************************************************
  91:Generated_Source\PSoC5/USBFS_pm.c **** * Function Name: USBFS_RestoreConfig
  92:Generated_Source\PSoC5/USBFS_pm.c **** ********************************************************************************
  93:Generated_Source\PSoC5/USBFS_pm.c **** *
  94:Generated_Source\PSoC5/USBFS_pm.c **** * Summary:
  95:Generated_Source\PSoC5/USBFS_pm.c **** *  Restores the current user configuration.
  96:Generated_Source\PSoC5/USBFS_pm.c **** *
  97:Generated_Source\PSoC5/USBFS_pm.c **** * Parameters:
  98:Generated_Source\PSoC5/USBFS_pm.c **** *  None.
  99:Generated_Source\PSoC5/USBFS_pm.c **** *
 100:Generated_Source\PSoC5/USBFS_pm.c **** * Return:
 101:Generated_Source\PSoC5/USBFS_pm.c **** *  None.
 102:Generated_Source\PSoC5/USBFS_pm.c **** *
 103:Generated_Source\PSoC5/USBFS_pm.c **** * Reentrant:
 104:Generated_Source\PSoC5/USBFS_pm.c **** *  No.
 105:Generated_Source\PSoC5/USBFS_pm.c **** *
 106:Generated_Source\PSoC5/USBFS_pm.c **** *******************************************************************************/
 107:Generated_Source\PSoC5/USBFS_pm.c **** void USBFS_RestoreConfig(void) 
 108:Generated_Source\PSoC5/USBFS_pm.c **** {
  96              		.loc 1 108 0
  97              		.cfi_startproc
  98              		@ args = 0, pretend = 0, frame = 0
  99              		@ frame_needed = 1, uses_anonymous_args = 0
 100 0000 80B5     		push	{r7, lr}
 101              		.cfi_def_cfa_offset 8
 102              		.cfi_offset 7, -8
 103              		.cfi_offset 14, -4
 104 0002 00AF     		add	r7, sp, #0
 105              		.cfi_def_cfa_register 7
 109:Generated_Source\PSoC5/USBFS_pm.c ****     if(USBFS_configuration != 0u)
 106              		.loc 1 109 0
 107 0004 034B     		ldr	r3, .L7
 108 0006 1B78     		ldrb	r3, [r3]
 109 0008 DBB2     		uxtb	r3, r3
 110 000a 002B     		cmp	r3, #0
 111 000c 01D0     		beq	.L5
 110:Generated_Source\PSoC5/USBFS_pm.c ****     {
 111:Generated_Source\PSoC5/USBFS_pm.c ****         USBFS_ConfigReg();
 112              		.loc 1 111 0
 113 000e FFF7FEFF 		bl	USBFS_ConfigReg
 114              	.L5:
 112:Generated_Source\PSoC5/USBFS_pm.c ****     }
 113:Generated_Source\PSoC5/USBFS_pm.c **** }
 115              		.loc 1 113 0
ARM GAS  C:\Users\JOSANT~1\AppData\Local\Temp\ccWQeBlq.s 			page 5


 116 0012 80BD     		pop	{r7, pc}
 117              	.L8:
 118              		.align	2
 119              	.L7:
 120 0014 00000000 		.word	USBFS_configuration
 121              		.cfi_endproc
 122              	.LFE58:
 123              		.size	USBFS_RestoreConfig, .-USBFS_RestoreConfig
 124              		.section	.text.USBFS_Suspend,"ax",%progbits
 125              		.align	2
 126              		.global	USBFS_Suspend
 127              		.thumb
 128              		.thumb_func
 129              		.type	USBFS_Suspend, %function
 130              	USBFS_Suspend:
 131              	.LFB59:
 114:Generated_Source\PSoC5/USBFS_pm.c **** 
 115:Generated_Source\PSoC5/USBFS_pm.c **** 
 116:Generated_Source\PSoC5/USBFS_pm.c **** /*******************************************************************************
 117:Generated_Source\PSoC5/USBFS_pm.c **** * Function Name: USBFS_Suspend
 118:Generated_Source\PSoC5/USBFS_pm.c **** ********************************************************************************
 119:Generated_Source\PSoC5/USBFS_pm.c **** *
 120:Generated_Source\PSoC5/USBFS_pm.c **** * Summary:
 121:Generated_Source\PSoC5/USBFS_pm.c **** *  This function disables the USBFS block and prepares for power down mode.
 122:Generated_Source\PSoC5/USBFS_pm.c **** *
 123:Generated_Source\PSoC5/USBFS_pm.c **** * Parameters:
 124:Generated_Source\PSoC5/USBFS_pm.c **** *  None.
 125:Generated_Source\PSoC5/USBFS_pm.c **** *
 126:Generated_Source\PSoC5/USBFS_pm.c **** * Return:
 127:Generated_Source\PSoC5/USBFS_pm.c **** *   None.
 128:Generated_Source\PSoC5/USBFS_pm.c **** *
 129:Generated_Source\PSoC5/USBFS_pm.c **** * Global variables:
 130:Generated_Source\PSoC5/USBFS_pm.c **** *  USBFS_backup.enable:  modified.
 131:Generated_Source\PSoC5/USBFS_pm.c **** *
 132:Generated_Source\PSoC5/USBFS_pm.c **** * Reentrant:
 133:Generated_Source\PSoC5/USBFS_pm.c **** *  No.
 134:Generated_Source\PSoC5/USBFS_pm.c **** *
 135:Generated_Source\PSoC5/USBFS_pm.c **** *******************************************************************************/
 136:Generated_Source\PSoC5/USBFS_pm.c **** void USBFS_Suspend(void) 
 137:Generated_Source\PSoC5/USBFS_pm.c **** {
 132              		.loc 1 137 0
 133              		.cfi_startproc
 134              		@ args = 0, pretend = 0, frame = 8
 135              		@ frame_needed = 1, uses_anonymous_args = 0
 136 0000 80B5     		push	{r7, lr}
 137              		.cfi_def_cfa_offset 8
 138              		.cfi_offset 7, -8
 139              		.cfi_offset 14, -4
 140 0002 82B0     		sub	sp, sp, #8
 141              		.cfi_def_cfa_offset 16
 142 0004 00AF     		add	r7, sp, #0
 143              		.cfi_def_cfa_register 7
 138:Generated_Source\PSoC5/USBFS_pm.c ****     uint8 enableInterrupts;
 139:Generated_Source\PSoC5/USBFS_pm.c ****     enableInterrupts = CyEnterCriticalSection();
 144              		.loc 1 139 0
 145 0006 FFF7FEFF 		bl	CyEnterCriticalSection
 146 000a 0346     		mov	r3, r0
ARM GAS  C:\Users\JOSANT~1\AppData\Local\Temp\ccWQeBlq.s 			page 6


 147 000c FB71     		strb	r3, [r7, #7]
 140:Generated_Source\PSoC5/USBFS_pm.c **** 
 141:Generated_Source\PSoC5/USBFS_pm.c ****     if((CY_GET_REG8(USBFS_CR0_PTR) & USBFS_CR0_ENABLE) != 0u)
 148              		.loc 1 141 0
 149 000e 3E4B     		ldr	r3, .L12
 150 0010 1B78     		ldrb	r3, [r3]
 151 0012 DBB2     		uxtb	r3, r3
 152 0014 DBB2     		uxtb	r3, r3
 153 0016 5BB2     		sxtb	r3, r3
 154 0018 002B     		cmp	r3, #0
 155 001a 5ADA     		bge	.L10
 142:Generated_Source\PSoC5/USBFS_pm.c ****     {   /* USB block is enabled */
 143:Generated_Source\PSoC5/USBFS_pm.c ****         USBFS_backup.enableState = 1u;
 156              		.loc 1 143 0
 157 001c 3B4B     		ldr	r3, .L12+4
 158 001e 0122     		movs	r2, #1
 159 0020 1A70     		strb	r2, [r3]
 144:Generated_Source\PSoC5/USBFS_pm.c **** 
 145:Generated_Source\PSoC5/USBFS_pm.c ****         #if(USBFS_EP_MM != USBFS__EP_MANUAL)
 146:Generated_Source\PSoC5/USBFS_pm.c ****             USBFS_Stop_DMA(USBFS_MAX_EP);     /* Stop all DMAs */
 160              		.loc 1 146 0
 161 0022 0920     		movs	r0, #9
 162 0024 FFF7FEFF 		bl	USBFS_Stop_DMA
 147:Generated_Source\PSoC5/USBFS_pm.c ****         #endif   /*  USBFS_EP_MM != USBFS__EP_MANUAL */
 148:Generated_Source\PSoC5/USBFS_pm.c **** 
 149:Generated_Source\PSoC5/USBFS_pm.c ****         /* Ensure USB transmit enable is low (USB_USBIO_CR0.ten). - Manual Transmission - Disabled 
 150:Generated_Source\PSoC5/USBFS_pm.c ****         USBFS_USBIO_CR0_REG &= (uint8)~USBFS_USBIO_CR0_TEN;
 163              		.loc 1 150 0
 164 0028 394A     		ldr	r2, .L12+8
 165 002a 394B     		ldr	r3, .L12+8
 166 002c 1B78     		ldrb	r3, [r3]
 167 002e DBB2     		uxtb	r3, r3
 168 0030 03F07F03 		and	r3, r3, #127
 169 0034 DBB2     		uxtb	r3, r3
 170 0036 1370     		strb	r3, [r2]
 151:Generated_Source\PSoC5/USBFS_pm.c ****         CyDelayUs(0u);  /*~50ns delay */
 171              		.loc 1 151 0
 172 0038 0020     		movs	r0, #0
 173 003a FFF7FEFF 		bl	CyDelayUs
 152:Generated_Source\PSoC5/USBFS_pm.c **** 
 153:Generated_Source\PSoC5/USBFS_pm.c ****         /* Disable the USBIO by asserting PM.USB_CR0.fsusbio_pd_n(Inverted) and pd_pullup_hv(Invert
 154:Generated_Source\PSoC5/USBFS_pm.c ****         USBFS_PM_USB_CR0_REG &=
 174              		.loc 1 154 0
 175 003e 354A     		ldr	r2, .L12+12
 176 0040 344B     		ldr	r3, .L12+12
 177 0042 1B78     		ldrb	r3, [r3]
 178 0044 DBB2     		uxtb	r3, r3
 179 0046 23F00603 		bic	r3, r3, #6
 180 004a DBB2     		uxtb	r3, r3
 181 004c 1370     		strb	r3, [r2]
 155:Generated_Source\PSoC5/USBFS_pm.c ****                                 (uint8)~(USBFS_PM_USB_CR0_PD_N | USBFS_PM_USB_CR0_PD_PULLUP_N);
 156:Generated_Source\PSoC5/USBFS_pm.c **** 
 157:Generated_Source\PSoC5/USBFS_pm.c ****         /* Disable the SIE */
 158:Generated_Source\PSoC5/USBFS_pm.c ****         USBFS_CR0_REG &= (uint8)~USBFS_CR0_ENABLE;
 182              		.loc 1 158 0
 183 004e 2E4A     		ldr	r2, .L12
 184 0050 2D4B     		ldr	r3, .L12
ARM GAS  C:\Users\JOSANT~1\AppData\Local\Temp\ccWQeBlq.s 			page 7


 185 0052 1B78     		ldrb	r3, [r3]
 186 0054 DBB2     		uxtb	r3, r3
 187 0056 03F07F03 		and	r3, r3, #127
 188 005a DBB2     		uxtb	r3, r3
 189 005c 1370     		strb	r3, [r2]
 159:Generated_Source\PSoC5/USBFS_pm.c **** 
 160:Generated_Source\PSoC5/USBFS_pm.c ****         CyDelayUs(0u);  /* ~50ns delay */
 190              		.loc 1 160 0
 191 005e 0020     		movs	r0, #0
 192 0060 FFF7FEFF 		bl	CyDelayUs
 161:Generated_Source\PSoC5/USBFS_pm.c ****         /* Store mode and Disable VRegulator*/
 162:Generated_Source\PSoC5/USBFS_pm.c ****         USBFS_backup.mode = USBFS_CR1_REG & USBFS_CR1_REG_ENABLE;
 193              		.loc 1 162 0
 194 0064 2C4B     		ldr	r3, .L12+16
 195 0066 1B78     		ldrb	r3, [r3]
 196 0068 DBB2     		uxtb	r3, r3
 197 006a 03F00103 		and	r3, r3, #1
 198 006e DAB2     		uxtb	r2, r3
 199 0070 264B     		ldr	r3, .L12+4
 200 0072 5A70     		strb	r2, [r3, #1]
 163:Generated_Source\PSoC5/USBFS_pm.c ****         USBFS_CR1_REG &= (uint8)~USBFS_CR1_REG_ENABLE;
 201              		.loc 1 163 0
 202 0074 284A     		ldr	r2, .L12+16
 203 0076 284B     		ldr	r3, .L12+16
 204 0078 1B78     		ldrb	r3, [r3]
 205 007a DBB2     		uxtb	r3, r3
 206 007c 23F00103 		bic	r3, r3, #1
 207 0080 DBB2     		uxtb	r3, r3
 208 0082 1370     		strb	r3, [r2]
 164:Generated_Source\PSoC5/USBFS_pm.c **** 
 165:Generated_Source\PSoC5/USBFS_pm.c ****         CyDelayUs(1u);  /* 0.5 us min delay */
 209              		.loc 1 165 0
 210 0084 0120     		movs	r0, #1
 211 0086 FFF7FEFF 		bl	CyDelayUs
 166:Generated_Source\PSoC5/USBFS_pm.c ****         /* Disable the USBIO reference by setting PM.USB_CR0.fsusbio_ref_en.*/
 167:Generated_Source\PSoC5/USBFS_pm.c ****         USBFS_PM_USB_CR0_REG &= (uint8)~USBFS_PM_USB_CR0_REF_EN;
 212              		.loc 1 167 0
 213 008a 224A     		ldr	r2, .L12+12
 214 008c 214B     		ldr	r3, .L12+12
 215 008e 1B78     		ldrb	r3, [r3]
 216 0090 DBB2     		uxtb	r3, r3
 217 0092 23F00103 		bic	r3, r3, #1
 218 0096 DBB2     		uxtb	r3, r3
 219 0098 1370     		strb	r3, [r2]
 168:Generated_Source\PSoC5/USBFS_pm.c **** 
 169:Generated_Source\PSoC5/USBFS_pm.c ****         /* Switch DP and DM terminals to GPIO mode and disconnect 1.5k pullup*/
 170:Generated_Source\PSoC5/USBFS_pm.c ****         USBFS_USBIO_CR1_REG |= USBFS_USBIO_CR1_IOMODE;
 220              		.loc 1 170 0
 221 009a 204A     		ldr	r2, .L12+20
 222 009c 1F4B     		ldr	r3, .L12+20
 223 009e 1B78     		ldrb	r3, [r3]
 224 00a0 DBB2     		uxtb	r3, r3
 225 00a2 43F02003 		orr	r3, r3, #32
 226 00a6 DBB2     		uxtb	r3, r3
 227 00a8 1370     		strb	r3, [r2]
 171:Generated_Source\PSoC5/USBFS_pm.c **** 
 172:Generated_Source\PSoC5/USBFS_pm.c ****         /* Disable USB in ACT PM */
ARM GAS  C:\Users\JOSANT~1\AppData\Local\Temp\ccWQeBlq.s 			page 8


 173:Generated_Source\PSoC5/USBFS_pm.c ****         USBFS_PM_ACT_CFG_REG &= (uint8)~USBFS_PM_ACT_EN_FSUSB;
 228              		.loc 1 173 0
 229 00aa 1D4A     		ldr	r2, .L12+24
 230 00ac 1C4B     		ldr	r3, .L12+24
 231 00ae 1B78     		ldrb	r3, [r3]
 232 00b0 DBB2     		uxtb	r3, r3
 233 00b2 23F00103 		bic	r3, r3, #1
 234 00b6 DBB2     		uxtb	r3, r3
 235 00b8 1370     		strb	r3, [r2]
 174:Generated_Source\PSoC5/USBFS_pm.c ****         /* Disable USB block for Standby Power Mode */
 175:Generated_Source\PSoC5/USBFS_pm.c ****         USBFS_PM_STBY_CFG_REG &= (uint8)~USBFS_PM_STBY_EN_FSUSB;
 236              		.loc 1 175 0
 237 00ba 1A4A     		ldr	r2, .L12+28
 238 00bc 194B     		ldr	r3, .L12+28
 239 00be 1B78     		ldrb	r3, [r3]
 240 00c0 DBB2     		uxtb	r3, r3
 241 00c2 23F00103 		bic	r3, r3, #1
 242 00c6 DBB2     		uxtb	r3, r3
 243 00c8 1370     		strb	r3, [r2]
 176:Generated_Source\PSoC5/USBFS_pm.c ****         CyDelayUs(1u); /* min  0.5us delay required */
 244              		.loc 1 176 0
 245 00ca 0120     		movs	r0, #1
 246 00cc FFF7FEFF 		bl	CyDelayUs
 247 00d0 02E0     		b	.L11
 248              	.L10:
 177:Generated_Source\PSoC5/USBFS_pm.c **** 
 178:Generated_Source\PSoC5/USBFS_pm.c ****     }
 179:Generated_Source\PSoC5/USBFS_pm.c ****     else
 180:Generated_Source\PSoC5/USBFS_pm.c ****     {
 181:Generated_Source\PSoC5/USBFS_pm.c ****         USBFS_backup.enableState = 0u;
 249              		.loc 1 181 0
 250 00d2 0E4B     		ldr	r3, .L12+4
 251 00d4 0022     		movs	r2, #0
 252 00d6 1A70     		strb	r2, [r3]
 253              	.L11:
 182:Generated_Source\PSoC5/USBFS_pm.c ****     }
 183:Generated_Source\PSoC5/USBFS_pm.c ****     
 184:Generated_Source\PSoC5/USBFS_pm.c ****     CyExitCriticalSection(enableInterrupts);
 254              		.loc 1 184 0
 255 00d8 FB79     		ldrb	r3, [r7, #7]	@ zero_extendqisi2
 256 00da 1846     		mov	r0, r3
 257 00dc FFF7FEFF 		bl	CyExitCriticalSection
 185:Generated_Source\PSoC5/USBFS_pm.c **** 
 186:Generated_Source\PSoC5/USBFS_pm.c ****     /* Set the DP Interrupt for wake-up from sleep mode. */
 187:Generated_Source\PSoC5/USBFS_pm.c ****     #if(USBFS_DP_ISR_REMOVE == 0u)
 188:Generated_Source\PSoC5/USBFS_pm.c ****         (void) CyIntSetVector(USBFS_DP_INTC_VECT_NUM, &USBFS_DP_ISR);
 258              		.loc 1 188 0
 259 00e0 0C20     		movs	r0, #12
 260 00e2 1149     		ldr	r1, .L12+32
 261 00e4 FFF7FEFF 		bl	CyIntSetVector
 189:Generated_Source\PSoC5/USBFS_pm.c ****         CyIntSetPriority(USBFS_DP_INTC_VECT_NUM, USBFS_DP_INTC_PRIOR);
 262              		.loc 1 189 0
 263 00e8 0C20     		movs	r0, #12
 264 00ea 0721     		movs	r1, #7
 265 00ec FFF7FEFF 		bl	CyIntSetPriority
 190:Generated_Source\PSoC5/USBFS_pm.c ****         CyIntClearPending(USBFS_DP_INTC_VECT_NUM);
 266              		.loc 1 190 0
ARM GAS  C:\Users\JOSANT~1\AppData\Local\Temp\ccWQeBlq.s 			page 9


 267 00f0 0E4B     		ldr	r3, .L12+36
 268 00f2 4FF48052 		mov	r2, #4096
 269 00f6 1A60     		str	r2, [r3]
 191:Generated_Source\PSoC5/USBFS_pm.c ****         CyIntEnable(USBFS_DP_INTC_VECT_NUM);
 270              		.loc 1 191 0
 271 00f8 0D4B     		ldr	r3, .L12+40
 272 00fa 4FF48052 		mov	r2, #4096
 273 00fe 1A60     		str	r2, [r3]
 192:Generated_Source\PSoC5/USBFS_pm.c ****     #endif /* (USBFS_DP_ISR_REMOVE == 0u) */
 193:Generated_Source\PSoC5/USBFS_pm.c **** }
 274              		.loc 1 193 0
 275 0100 0837     		adds	r7, r7, #8
 276              		.cfi_def_cfa_offset 8
 277 0102 BD46     		mov	sp, r7
 278              		.cfi_def_cfa_register 13
 279              		@ sp needed
 280 0104 80BD     		pop	{r7, pc}
 281              	.L13:
 282 0106 00BF     		.align	2
 283              	.L12:
 284 0108 08600040 		.word	1073766408
 285 010c 00000000 		.word	USBFS_backup
 286 0110 10600040 		.word	1073766416
 287 0114 94430040 		.word	1073759124
 288 0118 09600040 		.word	1073766409
 289 011c 12600040 		.word	1073766418
 290 0120 A5430040 		.word	1073759141
 291 0124 B5430040 		.word	1073759157
 292 0128 00000000 		.word	USBFS_DP_ISR
 293 012c 80E200E0 		.word	-536812928
 294 0130 00E100E0 		.word	-536813312
 295              		.cfi_endproc
 296              	.LFE59:
 297              		.size	USBFS_Suspend, .-USBFS_Suspend
 298              		.section	.text.USBFS_Resume,"ax",%progbits
 299              		.align	2
 300              		.global	USBFS_Resume
 301              		.thumb
 302              		.thumb_func
 303              		.type	USBFS_Resume, %function
 304              	USBFS_Resume:
 305              	.LFB60:
 194:Generated_Source\PSoC5/USBFS_pm.c **** 
 195:Generated_Source\PSoC5/USBFS_pm.c **** 
 196:Generated_Source\PSoC5/USBFS_pm.c **** /*******************************************************************************
 197:Generated_Source\PSoC5/USBFS_pm.c **** * Function Name: USBFS_Resume
 198:Generated_Source\PSoC5/USBFS_pm.c **** ********************************************************************************
 199:Generated_Source\PSoC5/USBFS_pm.c **** *
 200:Generated_Source\PSoC5/USBFS_pm.c **** * Summary:
 201:Generated_Source\PSoC5/USBFS_pm.c **** *  This function enables the USBFS block after power down mode.
 202:Generated_Source\PSoC5/USBFS_pm.c **** *
 203:Generated_Source\PSoC5/USBFS_pm.c **** * Parameters:
 204:Generated_Source\PSoC5/USBFS_pm.c **** *  None.
 205:Generated_Source\PSoC5/USBFS_pm.c **** *
 206:Generated_Source\PSoC5/USBFS_pm.c **** * Return:
 207:Generated_Source\PSoC5/USBFS_pm.c **** *  None.
 208:Generated_Source\PSoC5/USBFS_pm.c **** *
ARM GAS  C:\Users\JOSANT~1\AppData\Local\Temp\ccWQeBlq.s 			page 10


 209:Generated_Source\PSoC5/USBFS_pm.c **** * Global variables:
 210:Generated_Source\PSoC5/USBFS_pm.c **** *  USBFS_backup - checked.
 211:Generated_Source\PSoC5/USBFS_pm.c **** *
 212:Generated_Source\PSoC5/USBFS_pm.c **** * Reentrant:
 213:Generated_Source\PSoC5/USBFS_pm.c **** *  No.
 214:Generated_Source\PSoC5/USBFS_pm.c **** *
 215:Generated_Source\PSoC5/USBFS_pm.c **** *******************************************************************************/
 216:Generated_Source\PSoC5/USBFS_pm.c **** void USBFS_Resume(void) 
 217:Generated_Source\PSoC5/USBFS_pm.c **** {
 306              		.loc 1 217 0
 307              		.cfi_startproc
 308              		@ args = 0, pretend = 0, frame = 8
 309              		@ frame_needed = 1, uses_anonymous_args = 0
 310 0000 80B5     		push	{r7, lr}
 311              		.cfi_def_cfa_offset 8
 312              		.cfi_offset 7, -8
 313              		.cfi_offset 14, -4
 314 0002 82B0     		sub	sp, sp, #8
 315              		.cfi_def_cfa_offset 16
 316 0004 00AF     		add	r7, sp, #0
 317              		.cfi_def_cfa_register 7
 218:Generated_Source\PSoC5/USBFS_pm.c ****     uint8 enableInterrupts;
 219:Generated_Source\PSoC5/USBFS_pm.c ****     enableInterrupts = CyEnterCriticalSection();
 318              		.loc 1 219 0
 319 0006 FFF7FEFF 		bl	CyEnterCriticalSection
 320 000a 0346     		mov	r3, r0
 321 000c FB71     		strb	r3, [r7, #7]
 220:Generated_Source\PSoC5/USBFS_pm.c **** 
 221:Generated_Source\PSoC5/USBFS_pm.c ****     if(USBFS_backup.enableState != 0u)
 322              		.loc 1 221 0
 323 000e 354B     		ldr	r3, .L16
 324 0010 1B78     		ldrb	r3, [r3]	@ zero_extendqisi2
 325 0012 002B     		cmp	r3, #0
 326 0014 5ED0     		beq	.L15
 222:Generated_Source\PSoC5/USBFS_pm.c ****     {
 223:Generated_Source\PSoC5/USBFS_pm.c ****         #if(USBFS_DP_ISR_REMOVE == 0u)
 224:Generated_Source\PSoC5/USBFS_pm.c ****             CyIntDisable(USBFS_DP_INTC_VECT_NUM);
 327              		.loc 1 224 0
 328 0016 344B     		ldr	r3, .L16+4
 329 0018 4FF48052 		mov	r2, #4096
 330 001c 1A60     		str	r2, [r3]
 225:Generated_Source\PSoC5/USBFS_pm.c ****         #endif /*  USBFS_DP_ISR_REMOVE */
 226:Generated_Source\PSoC5/USBFS_pm.c **** 
 227:Generated_Source\PSoC5/USBFS_pm.c ****         /* Enable USB block */
 228:Generated_Source\PSoC5/USBFS_pm.c ****         USBFS_PM_ACT_CFG_REG |= USBFS_PM_ACT_EN_FSUSB;
 331              		.loc 1 228 0
 332 001e 334A     		ldr	r2, .L16+8
 333 0020 324B     		ldr	r3, .L16+8
 334 0022 1B78     		ldrb	r3, [r3]
 335 0024 DBB2     		uxtb	r3, r3
 336 0026 43F00103 		orr	r3, r3, #1
 337 002a DBB2     		uxtb	r3, r3
 338 002c 1370     		strb	r3, [r2]
 229:Generated_Source\PSoC5/USBFS_pm.c ****         /* Enable USB block for Standby Power Mode */
 230:Generated_Source\PSoC5/USBFS_pm.c ****         USBFS_PM_STBY_CFG_REG |= USBFS_PM_STBY_EN_FSUSB;
 339              		.loc 1 230 0
 340 002e 304A     		ldr	r2, .L16+12
ARM GAS  C:\Users\JOSANT~1\AppData\Local\Temp\ccWQeBlq.s 			page 11


 341 0030 2F4B     		ldr	r3, .L16+12
 342 0032 1B78     		ldrb	r3, [r3]
 343 0034 DBB2     		uxtb	r3, r3
 344 0036 43F00103 		orr	r3, r3, #1
 345 003a DBB2     		uxtb	r3, r3
 346 003c 1370     		strb	r3, [r2]
 231:Generated_Source\PSoC5/USBFS_pm.c ****         /* Enable core clock */
 232:Generated_Source\PSoC5/USBFS_pm.c ****         USBFS_USB_CLK_EN_REG |= USBFS_USB_CLK_ENABLE;
 347              		.loc 1 232 0
 348 003e 2D4A     		ldr	r2, .L16+16
 349 0040 2C4B     		ldr	r3, .L16+16
 350 0042 1B78     		ldrb	r3, [r3]
 351 0044 DBB2     		uxtb	r3, r3
 352 0046 43F00103 		orr	r3, r3, #1
 353 004a DBB2     		uxtb	r3, r3
 354 004c 1370     		strb	r3, [r2]
 233:Generated_Source\PSoC5/USBFS_pm.c **** 
 234:Generated_Source\PSoC5/USBFS_pm.c ****         /* Enable the USBIO reference by setting PM.USB_CR0.fsusbio_ref_en.*/
 235:Generated_Source\PSoC5/USBFS_pm.c ****         USBFS_PM_USB_CR0_REG |= USBFS_PM_USB_CR0_REF_EN;
 355              		.loc 1 235 0
 356 004e 2A4A     		ldr	r2, .L16+20
 357 0050 294B     		ldr	r3, .L16+20
 358 0052 1B78     		ldrb	r3, [r3]
 359 0054 DBB2     		uxtb	r3, r3
 360 0056 43F00103 		orr	r3, r3, #1
 361 005a DBB2     		uxtb	r3, r3
 362 005c 1370     		strb	r3, [r2]
 236:Generated_Source\PSoC5/USBFS_pm.c ****         /* The reference will be available ~40us after power restored */
 237:Generated_Source\PSoC5/USBFS_pm.c ****         CyDelayUs(40u);
 363              		.loc 1 237 0
 364 005e 2820     		movs	r0, #40
 365 0060 FFF7FEFF 		bl	CyDelayUs
 238:Generated_Source\PSoC5/USBFS_pm.c ****         /* Return VRegulator*/
 239:Generated_Source\PSoC5/USBFS_pm.c ****         USBFS_CR1_REG |= USBFS_backup.mode;
 366              		.loc 1 239 0
 367 0064 2549     		ldr	r1, .L16+24
 368 0066 254B     		ldr	r3, .L16+24
 369 0068 1B78     		ldrb	r3, [r3]
 370 006a DAB2     		uxtb	r2, r3
 371 006c 1D4B     		ldr	r3, .L16
 372 006e 5B78     		ldrb	r3, [r3, #1]	@ zero_extendqisi2
 373 0070 1343     		orrs	r3, r3, r2
 374 0072 DBB2     		uxtb	r3, r3
 375 0074 0B70     		strb	r3, [r1]
 240:Generated_Source\PSoC5/USBFS_pm.c ****         CyDelayUs(0u);  /*~50ns delay */
 376              		.loc 1 240 0
 377 0076 0020     		movs	r0, #0
 378 0078 FFF7FEFF 		bl	CyDelayUs
 241:Generated_Source\PSoC5/USBFS_pm.c ****         /* Enable USBIO */
 242:Generated_Source\PSoC5/USBFS_pm.c ****         USBFS_PM_USB_CR0_REG |= USBFS_PM_USB_CR0_PD_N;
 379              		.loc 1 242 0
 380 007c 1E4A     		ldr	r2, .L16+20
 381 007e 1E4B     		ldr	r3, .L16+20
 382 0080 1B78     		ldrb	r3, [r3]
 383 0082 DBB2     		uxtb	r3, r3
 384 0084 43F00203 		orr	r3, r3, #2
 385 0088 DBB2     		uxtb	r3, r3
ARM GAS  C:\Users\JOSANT~1\AppData\Local\Temp\ccWQeBlq.s 			page 12


 386 008a 1370     		strb	r3, [r2]
 243:Generated_Source\PSoC5/USBFS_pm.c ****         CyDelayUs(2u);
 387              		.loc 1 243 0
 388 008c 0220     		movs	r0, #2
 389 008e FFF7FEFF 		bl	CyDelayUs
 244:Generated_Source\PSoC5/USBFS_pm.c ****         /* Set the USBIO pull-up enable */
 245:Generated_Source\PSoC5/USBFS_pm.c ****         USBFS_PM_USB_CR0_REG |= USBFS_PM_USB_CR0_PD_PULLUP_N;
 390              		.loc 1 245 0
 391 0092 194A     		ldr	r2, .L16+20
 392 0094 184B     		ldr	r3, .L16+20
 393 0096 1B78     		ldrb	r3, [r3]
 394 0098 DBB2     		uxtb	r3, r3
 395 009a 43F00403 		orr	r3, r3, #4
 396 009e DBB2     		uxtb	r3, r3
 397 00a0 1370     		strb	r3, [r2]
 246:Generated_Source\PSoC5/USBFS_pm.c **** 
 247:Generated_Source\PSoC5/USBFS_pm.c ****         /* Re-init Arbiter configuration for DMA transfers */
 248:Generated_Source\PSoC5/USBFS_pm.c ****         #if(USBFS_EP_MM != USBFS__EP_MANUAL)
 249:Generated_Source\PSoC5/USBFS_pm.c ****             /* Usb arb interrupt enable */
 250:Generated_Source\PSoC5/USBFS_pm.c ****             USBFS_ARB_INT_EN_REG = USBFS_ARB_INT_MASK;
 398              		.loc 1 250 0
 399 00a2 174B     		ldr	r3, .L16+28
 400 00a4 0222     		movs	r2, #2
 401 00a6 1A70     		strb	r2, [r3]
 251:Generated_Source\PSoC5/USBFS_pm.c ****             #if(USBFS_EP_MM == USBFS__EP_DMAMANUAL)
 252:Generated_Source\PSoC5/USBFS_pm.c ****                 USBFS_ARB_CFG_REG = USBFS_ARB_CFG_MANUAL_DMA;
 402              		.loc 1 252 0
 403 00a8 164B     		ldr	r3, .L16+32
 404 00aa 2022     		movs	r2, #32
 405 00ac 1A70     		strb	r2, [r3]
 253:Generated_Source\PSoC5/USBFS_pm.c ****             #endif   /*  USBFS_EP_MM == USBFS__EP_DMAMANUAL */
 254:Generated_Source\PSoC5/USBFS_pm.c ****             #if(USBFS_EP_MM == USBFS__EP_DMAAUTO)
 255:Generated_Source\PSoC5/USBFS_pm.c ****                 /*Set cfg cmplt this rises DMA request when the full configuration is done */
 256:Generated_Source\PSoC5/USBFS_pm.c ****                 USBFS_ARB_CFG_REG = USBFS_ARB_CFG_AUTO_DMA | USBFS_ARB_CFG_AUTO_MEM;
 257:Generated_Source\PSoC5/USBFS_pm.c ****             #endif   /*  USBFS_EP_MM == USBFS__EP_DMAAUTO */
 258:Generated_Source\PSoC5/USBFS_pm.c ****         #endif   /*  USBFS_EP_MM != USBFS__EP_MANUAL */
 259:Generated_Source\PSoC5/USBFS_pm.c **** 
 260:Generated_Source\PSoC5/USBFS_pm.c ****         /* STALL_IN_OUT */
 261:Generated_Source\PSoC5/USBFS_pm.c ****         CY_SET_REG8(USBFS_EP0_CR_PTR, USBFS_MODE_STALL_IN_OUT);
 406              		.loc 1 261 0
 407 00ae 164B     		ldr	r3, .L16+36
 408 00b0 0322     		movs	r2, #3
 409 00b2 1A70     		strb	r2, [r3]
 262:Generated_Source\PSoC5/USBFS_pm.c ****         /* Enable the SIE with a last address */
 263:Generated_Source\PSoC5/USBFS_pm.c ****         USBFS_CR0_REG |= USBFS_CR0_ENABLE;
 410              		.loc 1 263 0
 411 00b4 154A     		ldr	r2, .L16+40
 412 00b6 154B     		ldr	r3, .L16+40
 413 00b8 1B78     		ldrb	r3, [r3]
 414 00ba DBB2     		uxtb	r3, r3
 415 00bc 63F07F03 		orn	r3, r3, #127
 416 00c0 DBB2     		uxtb	r3, r3
 417 00c2 1370     		strb	r3, [r2]
 264:Generated_Source\PSoC5/USBFS_pm.c ****         CyDelayCycles(1u);
 418              		.loc 1 264 0
 419 00c4 0120     		movs	r0, #1
 420 00c6 FFF7FEFF 		bl	CyDelayCycles
ARM GAS  C:\Users\JOSANT~1\AppData\Local\Temp\ccWQeBlq.s 			page 13


 265:Generated_Source\PSoC5/USBFS_pm.c ****         /* Finally, Enable d+ pullup and select iomode to USB mode*/
 266:Generated_Source\PSoC5/USBFS_pm.c ****         CY_SET_REG8(USBFS_USBIO_CR1_PTR, USBFS_USBIO_CR1_USBPUEN);
 421              		.loc 1 266 0
 422 00ca 114B     		ldr	r3, .L16+44
 423 00cc 0422     		movs	r2, #4
 424 00ce 1A70     		strb	r2, [r3]
 267:Generated_Source\PSoC5/USBFS_pm.c **** 
 268:Generated_Source\PSoC5/USBFS_pm.c ****         /* Restore USB register settings */
 269:Generated_Source\PSoC5/USBFS_pm.c ****         USBFS_RestoreConfig();
 425              		.loc 1 269 0
 426 00d0 FFF7FEFF 		bl	USBFS_RestoreConfig
 427              	.L15:
 270:Generated_Source\PSoC5/USBFS_pm.c ****     }
 271:Generated_Source\PSoC5/USBFS_pm.c **** 
 272:Generated_Source\PSoC5/USBFS_pm.c ****     CyExitCriticalSection(enableInterrupts);
 428              		.loc 1 272 0
 429 00d4 FB79     		ldrb	r3, [r7, #7]	@ zero_extendqisi2
 430 00d6 1846     		mov	r0, r3
 431 00d8 FFF7FEFF 		bl	CyExitCriticalSection
 273:Generated_Source\PSoC5/USBFS_pm.c **** }
 432              		.loc 1 273 0
 433 00dc 0837     		adds	r7, r7, #8
 434              		.cfi_def_cfa_offset 8
 435 00de BD46     		mov	sp, r7
 436              		.cfi_def_cfa_register 13
 437              		@ sp needed
 438 00e0 80BD     		pop	{r7, pc}
 439              	.L17:
 440 00e2 00BF     		.align	2
 441              	.L16:
 442 00e4 00000000 		.word	USBFS_backup
 443 00e8 80E100E0 		.word	-536813184
 444 00ec A5430040 		.word	1073759141
 445 00f0 B5430040 		.word	1073759157
 446 00f4 9D600040 		.word	1073766557
 447 00f8 94430040 		.word	1073759124
 448 00fc 09600040 		.word	1073766409
 449 0100 9E600040 		.word	1073766558
 450 0104 9C600040 		.word	1073766556
 451 0108 28600040 		.word	1073766440
 452 010c 08600040 		.word	1073766408
 453 0110 12600040 		.word	1073766418
 454              		.cfi_endproc
 455              	.LFE60:
 456              		.size	USBFS_Resume, .-USBFS_Resume
 457              		.text
 458              	.Letext0:
 459              		.file 2 "c:\\program files (x86)\\cypress\\psoc creator\\4.0\\psoc creator\\import\\gnu\\arm\\4.9.
 460              		.file 3 "c:\\program files (x86)\\cypress\\psoc creator\\4.0\\psoc creator\\import\\gnu\\arm\\4.9.
 461              		.file 4 "Generated_Source\\PSoC5\\cytypes.h"
 462              		.file 5 "Generated_Source\\PSoC5\\USBFS.h"
 463              		.file 6 "Generated_Source\\PSoC5/core_cm3.h"
 464              		.section	.debug_info,"",%progbits
 465              	.Ldebug_info0:
 466 0000 A5010000 		.4byte	0x1a5
 467 0004 0400     		.2byte	0x4
 468 0006 00000000 		.4byte	.Ldebug_abbrev0
ARM GAS  C:\Users\JOSANT~1\AppData\Local\Temp\ccWQeBlq.s 			page 14


 469 000a 04       		.byte	0x4
 470 000b 01       		.uleb128 0x1
 471 000c 1E000000 		.4byte	.LASF31
 472 0010 01       		.byte	0x1
 473 0011 AC000000 		.4byte	.LASF32
 474 0015 F6000000 		.4byte	.LASF33
 475 0019 00000000 		.4byte	.Ldebug_ranges0+0
 476 001d 00000000 		.4byte	0
 477 0021 00000000 		.4byte	.Ldebug_line0
 478 0025 02       		.uleb128 0x2
 479 0026 01       		.byte	0x1
 480 0027 06       		.byte	0x6
 481 0028 13020000 		.4byte	.LASF0
 482 002c 02       		.uleb128 0x2
 483 002d 01       		.byte	0x1
 484 002e 08       		.byte	0x8
 485 002f E8000000 		.4byte	.LASF1
 486 0033 02       		.uleb128 0x2
 487 0034 02       		.byte	0x2
 488 0035 05       		.byte	0x5
 489 0036 E1010000 		.4byte	.LASF2
 490 003a 02       		.uleb128 0x2
 491 003b 02       		.byte	0x2
 492 003c 07       		.byte	0x7
 493 003d 2C020000 		.4byte	.LASF3
 494 0041 03       		.uleb128 0x3
 495 0042 14000000 		.4byte	.LASF9
 496 0046 02       		.byte	0x2
 497 0047 3F       		.byte	0x3f
 498 0048 4C000000 		.4byte	0x4c
 499 004c 02       		.uleb128 0x2
 500 004d 04       		.byte	0x4
 501 004e 05       		.byte	0x5
 502 004f FE010000 		.4byte	.LASF4
 503 0053 02       		.uleb128 0x2
 504 0054 04       		.byte	0x4
 505 0055 07       		.byte	0x7
 506 0056 0B010000 		.4byte	.LASF5
 507 005a 02       		.uleb128 0x2
 508 005b 08       		.byte	0x8
 509 005c 05       		.byte	0x5
 510 005d BA010000 		.4byte	.LASF6
 511 0061 02       		.uleb128 0x2
 512 0062 08       		.byte	0x8
 513 0063 07       		.byte	0x7
 514 0064 74010000 		.4byte	.LASF7
 515 0068 04       		.uleb128 0x4
 516 0069 04       		.byte	0x4
 517 006a 05       		.byte	0x5
 518 006b 696E7400 		.ascii	"int\000"
 519 006f 02       		.uleb128 0x2
 520 0070 04       		.byte	0x4
 521 0071 07       		.byte	0x7
 522 0072 67010000 		.4byte	.LASF8
 523 0076 03       		.uleb128 0x3
 524 0077 A9010000 		.4byte	.LASF10
 525 007b 03       		.byte	0x3
ARM GAS  C:\Users\JOSANT~1\AppData\Local\Temp\ccWQeBlq.s 			page 15


 526 007c 2C       		.byte	0x2c
 527 007d 41000000 		.4byte	0x41
 528 0081 03       		.uleb128 0x3
 529 0082 EB010000 		.4byte	.LASF11
 530 0086 04       		.byte	0x4
 531 0087 5B       		.byte	0x5b
 532 0088 2C000000 		.4byte	0x2c
 533 008c 03       		.uleb128 0x3
 534 008d 60010000 		.4byte	.LASF12
 535 0091 04       		.byte	0x4
 536 0092 5D       		.byte	0x5d
 537 0093 53000000 		.4byte	0x53
 538 0097 02       		.uleb128 0x2
 539 0098 04       		.byte	0x4
 540 0099 04       		.byte	0x4
 541 009a CE000000 		.4byte	.LASF13
 542 009e 02       		.uleb128 0x2
 543 009f 08       		.byte	0x8
 544 00a0 04       		.byte	0x4
 545 00a1 48010000 		.4byte	.LASF14
 546 00a5 02       		.uleb128 0x2
 547 00a6 01       		.byte	0x1
 548 00a7 08       		.byte	0x8
 549 00a8 C8010000 		.4byte	.LASF15
 550 00ac 03       		.uleb128 0x3
 551 00ad A4010000 		.4byte	.LASF16
 552 00b1 04       		.byte	0x4
 553 00b2 F0       		.byte	0xf0
 554 00b3 B7000000 		.4byte	0xb7
 555 00b7 05       		.uleb128 0x5
 556 00b8 81000000 		.4byte	0x81
 557 00bc 03       		.uleb128 0x3
 558 00bd 00000000 		.4byte	.LASF17
 559 00c1 04       		.byte	0x4
 560 00c2 F2       		.byte	0xf2
 561 00c3 C7000000 		.4byte	0xc7
 562 00c7 05       		.uleb128 0x5
 563 00c8 8C000000 		.4byte	0x8c
 564 00cc 02       		.uleb128 0x2
 565 00cd 04       		.byte	0x4
 566 00ce 07       		.byte	0x7
 567 00cf B1010000 		.4byte	.LASF18
 568 00d3 06       		.uleb128 0x6
 569 00d4 02       		.byte	0x2
 570 00d5 05       		.byte	0x5
 571 00d6 A4       		.byte	0xa4
 572 00d7 F4000000 		.4byte	0xf4
 573 00db 07       		.uleb128 0x7
 574 00dc 07020000 		.4byte	.LASF19
 575 00e0 05       		.byte	0x5
 576 00e1 A6       		.byte	0xa6
 577 00e2 81000000 		.4byte	0x81
 578 00e6 00       		.byte	0
 579 00e7 07       		.uleb128 0x7
 580 00e8 8B010000 		.4byte	.LASF20
 581 00ec 05       		.byte	0x5
 582 00ed A7       		.byte	0xa7
ARM GAS  C:\Users\JOSANT~1\AppData\Local\Temp\ccWQeBlq.s 			page 16


 583 00ee 81000000 		.4byte	0x81
 584 00f2 01       		.byte	0x1
 585 00f3 00       		.byte	0
 586 00f4 03       		.uleb128 0x3
 587 00f5 90010000 		.4byte	.LASF21
 588 00f9 05       		.byte	0x5
 589 00fa A8       		.byte	0xa8
 590 00fb D3000000 		.4byte	0xd3
 591 00ff 08       		.uleb128 0x8
 592 0100 1F020000 		.4byte	.LASF22
 593 0104 01       		.byte	0x1
 594 0105 36       		.byte	0x36
 595 0106 00000000 		.4byte	.LFB56
 596 010a 14000000 		.4byte	.LFE56-.LFB56
 597 010e 01       		.uleb128 0x1
 598 010f 9C       		.byte	0x9c
 599 0110 08       		.uleb128 0x8
 600 0111 4F010000 		.4byte	.LASF23
 601 0115 01       		.byte	0x1
 602 0116 54       		.byte	0x54
 603 0117 00000000 		.4byte	.LFB57
 604 011b 0C000000 		.4byte	.LFE57-.LFB57
 605 011f 01       		.uleb128 0x1
 606 0120 9C       		.byte	0x9c
 607 0121 09       		.uleb128 0x9
 608 0122 CD010000 		.4byte	.LASF24
 609 0126 01       		.byte	0x1
 610 0127 6B       		.byte	0x6b
 611 0128 00000000 		.4byte	.LFB58
 612 012c 18000000 		.4byte	.LFE58-.LFB58
 613 0130 01       		.uleb128 0x1
 614 0131 9C       		.byte	0x9c
 615 0132 0A       		.uleb128 0xa
 616 0133 06000000 		.4byte	.LASF25
 617 0137 01       		.byte	0x1
 618 0138 88       		.byte	0x88
 619 0139 00000000 		.4byte	.LFB59
 620 013d 34010000 		.4byte	.LFE59-.LFB59
 621 0141 01       		.uleb128 0x1
 622 0142 9C       		.byte	0x9c
 623 0143 56010000 		.4byte	0x156
 624 0147 0B       		.uleb128 0xb
 625 0148 37010000 		.4byte	.LASF27
 626 014c 01       		.byte	0x1
 627 014d 8A       		.byte	0x8a
 628 014e 81000000 		.4byte	0x81
 629 0152 02       		.uleb128 0x2
 630 0153 91       		.byte	0x91
 631 0154 77       		.sleb128 -9
 632 0155 00       		.byte	0
 633 0156 0A       		.uleb128 0xa
 634 0157 F1010000 		.4byte	.LASF26
 635 015b 01       		.byte	0x1
 636 015c D8       		.byte	0xd8
 637 015d 00000000 		.4byte	.LFB60
 638 0161 14010000 		.4byte	.LFE60-.LFB60
 639 0165 01       		.uleb128 0x1
ARM GAS  C:\Users\JOSANT~1\AppData\Local\Temp\ccWQeBlq.s 			page 17


 640 0166 9C       		.byte	0x9c
 641 0167 7A010000 		.4byte	0x17a
 642 016b 0B       		.uleb128 0xb
 643 016c 37010000 		.4byte	.LASF27
 644 0170 01       		.byte	0x1
 645 0171 DA       		.byte	0xda
 646 0172 81000000 		.4byte	0x81
 647 0176 02       		.uleb128 0x2
 648 0177 91       		.byte	0x91
 649 0178 77       		.sleb128 -9
 650 0179 00       		.byte	0
 651 017a 0B       		.uleb128 0xb
 652 017b 1D010000 		.4byte	.LASF28
 653 017f 01       		.byte	0x1
 654 0180 22       		.byte	0x22
 655 0181 F4000000 		.4byte	0xf4
 656 0185 05       		.uleb128 0x5
 657 0186 03       		.byte	0x3
 658 0187 00000000 		.4byte	USBFS_backup
 659 018b 0C       		.uleb128 0xc
 660 018c D4000000 		.4byte	.LASF29
 661 0190 05       		.byte	0x5
 662 0191 4C02     		.2byte	0x24c
 663 0193 B7000000 		.4byte	0xb7
 664 0197 0C       		.uleb128 0xc
 665 0198 2A010000 		.4byte	.LASF30
 666 019c 06       		.byte	0x6
 667 019d 1606     		.2byte	0x616
 668 019f A3010000 		.4byte	0x1a3
 669 01a3 05       		.uleb128 0x5
 670 01a4 76000000 		.4byte	0x76
 671 01a8 00       		.byte	0
 672              		.section	.debug_abbrev,"",%progbits
 673              	.Ldebug_abbrev0:
 674 0000 01       		.uleb128 0x1
 675 0001 11       		.uleb128 0x11
 676 0002 01       		.byte	0x1
 677 0003 25       		.uleb128 0x25
 678 0004 0E       		.uleb128 0xe
 679 0005 13       		.uleb128 0x13
 680 0006 0B       		.uleb128 0xb
 681 0007 03       		.uleb128 0x3
 682 0008 0E       		.uleb128 0xe
 683 0009 1B       		.uleb128 0x1b
 684 000a 0E       		.uleb128 0xe
 685 000b 55       		.uleb128 0x55
 686 000c 17       		.uleb128 0x17
 687 000d 11       		.uleb128 0x11
 688 000e 01       		.uleb128 0x1
 689 000f 10       		.uleb128 0x10
 690 0010 17       		.uleb128 0x17
 691 0011 00       		.byte	0
 692 0012 00       		.byte	0
 693 0013 02       		.uleb128 0x2
 694 0014 24       		.uleb128 0x24
 695 0015 00       		.byte	0
 696 0016 0B       		.uleb128 0xb
ARM GAS  C:\Users\JOSANT~1\AppData\Local\Temp\ccWQeBlq.s 			page 18


 697 0017 0B       		.uleb128 0xb
 698 0018 3E       		.uleb128 0x3e
 699 0019 0B       		.uleb128 0xb
 700 001a 03       		.uleb128 0x3
 701 001b 0E       		.uleb128 0xe
 702 001c 00       		.byte	0
 703 001d 00       		.byte	0
 704 001e 03       		.uleb128 0x3
 705 001f 16       		.uleb128 0x16
 706 0020 00       		.byte	0
 707 0021 03       		.uleb128 0x3
 708 0022 0E       		.uleb128 0xe
 709 0023 3A       		.uleb128 0x3a
 710 0024 0B       		.uleb128 0xb
 711 0025 3B       		.uleb128 0x3b
 712 0026 0B       		.uleb128 0xb
 713 0027 49       		.uleb128 0x49
 714 0028 13       		.uleb128 0x13
 715 0029 00       		.byte	0
 716 002a 00       		.byte	0
 717 002b 04       		.uleb128 0x4
 718 002c 24       		.uleb128 0x24
 719 002d 00       		.byte	0
 720 002e 0B       		.uleb128 0xb
 721 002f 0B       		.uleb128 0xb
 722 0030 3E       		.uleb128 0x3e
 723 0031 0B       		.uleb128 0xb
 724 0032 03       		.uleb128 0x3
 725 0033 08       		.uleb128 0x8
 726 0034 00       		.byte	0
 727 0035 00       		.byte	0
 728 0036 05       		.uleb128 0x5
 729 0037 35       		.uleb128 0x35
 730 0038 00       		.byte	0
 731 0039 49       		.uleb128 0x49
 732 003a 13       		.uleb128 0x13
 733 003b 00       		.byte	0
 734 003c 00       		.byte	0
 735 003d 06       		.uleb128 0x6
 736 003e 13       		.uleb128 0x13
 737 003f 01       		.byte	0x1
 738 0040 0B       		.uleb128 0xb
 739 0041 0B       		.uleb128 0xb
 740 0042 3A       		.uleb128 0x3a
 741 0043 0B       		.uleb128 0xb
 742 0044 3B       		.uleb128 0x3b
 743 0045 0B       		.uleb128 0xb
 744 0046 01       		.uleb128 0x1
 745 0047 13       		.uleb128 0x13
 746 0048 00       		.byte	0
 747 0049 00       		.byte	0
 748 004a 07       		.uleb128 0x7
 749 004b 0D       		.uleb128 0xd
 750 004c 00       		.byte	0
 751 004d 03       		.uleb128 0x3
 752 004e 0E       		.uleb128 0xe
 753 004f 3A       		.uleb128 0x3a
ARM GAS  C:\Users\JOSANT~1\AppData\Local\Temp\ccWQeBlq.s 			page 19


 754 0050 0B       		.uleb128 0xb
 755 0051 3B       		.uleb128 0x3b
 756 0052 0B       		.uleb128 0xb
 757 0053 49       		.uleb128 0x49
 758 0054 13       		.uleb128 0x13
 759 0055 38       		.uleb128 0x38
 760 0056 0B       		.uleb128 0xb
 761 0057 00       		.byte	0
 762 0058 00       		.byte	0
 763 0059 08       		.uleb128 0x8
 764 005a 2E       		.uleb128 0x2e
 765 005b 00       		.byte	0
 766 005c 3F       		.uleb128 0x3f
 767 005d 19       		.uleb128 0x19
 768 005e 03       		.uleb128 0x3
 769 005f 0E       		.uleb128 0xe
 770 0060 3A       		.uleb128 0x3a
 771 0061 0B       		.uleb128 0xb
 772 0062 3B       		.uleb128 0x3b
 773 0063 0B       		.uleb128 0xb
 774 0064 27       		.uleb128 0x27
 775 0065 19       		.uleb128 0x19
 776 0066 11       		.uleb128 0x11
 777 0067 01       		.uleb128 0x1
 778 0068 12       		.uleb128 0x12
 779 0069 06       		.uleb128 0x6
 780 006a 40       		.uleb128 0x40
 781 006b 18       		.uleb128 0x18
 782 006c 9742     		.uleb128 0x2117
 783 006e 19       		.uleb128 0x19
 784 006f 00       		.byte	0
 785 0070 00       		.byte	0
 786 0071 09       		.uleb128 0x9
 787 0072 2E       		.uleb128 0x2e
 788 0073 00       		.byte	0
 789 0074 3F       		.uleb128 0x3f
 790 0075 19       		.uleb128 0x19
 791 0076 03       		.uleb128 0x3
 792 0077 0E       		.uleb128 0xe
 793 0078 3A       		.uleb128 0x3a
 794 0079 0B       		.uleb128 0xb
 795 007a 3B       		.uleb128 0x3b
 796 007b 0B       		.uleb128 0xb
 797 007c 27       		.uleb128 0x27
 798 007d 19       		.uleb128 0x19
 799 007e 11       		.uleb128 0x11
 800 007f 01       		.uleb128 0x1
 801 0080 12       		.uleb128 0x12
 802 0081 06       		.uleb128 0x6
 803 0082 40       		.uleb128 0x40
 804 0083 18       		.uleb128 0x18
 805 0084 9642     		.uleb128 0x2116
 806 0086 19       		.uleb128 0x19
 807 0087 00       		.byte	0
 808 0088 00       		.byte	0
 809 0089 0A       		.uleb128 0xa
 810 008a 2E       		.uleb128 0x2e
ARM GAS  C:\Users\JOSANT~1\AppData\Local\Temp\ccWQeBlq.s 			page 20


 811 008b 01       		.byte	0x1
 812 008c 3F       		.uleb128 0x3f
 813 008d 19       		.uleb128 0x19
 814 008e 03       		.uleb128 0x3
 815 008f 0E       		.uleb128 0xe
 816 0090 3A       		.uleb128 0x3a
 817 0091 0B       		.uleb128 0xb
 818 0092 3B       		.uleb128 0x3b
 819 0093 0B       		.uleb128 0xb
 820 0094 27       		.uleb128 0x27
 821 0095 19       		.uleb128 0x19
 822 0096 11       		.uleb128 0x11
 823 0097 01       		.uleb128 0x1
 824 0098 12       		.uleb128 0x12
 825 0099 06       		.uleb128 0x6
 826 009a 40       		.uleb128 0x40
 827 009b 18       		.uleb128 0x18
 828 009c 9642     		.uleb128 0x2116
 829 009e 19       		.uleb128 0x19
 830 009f 01       		.uleb128 0x1
 831 00a0 13       		.uleb128 0x13
 832 00a1 00       		.byte	0
 833 00a2 00       		.byte	0
 834 00a3 0B       		.uleb128 0xb
 835 00a4 34       		.uleb128 0x34
 836 00a5 00       		.byte	0
 837 00a6 03       		.uleb128 0x3
 838 00a7 0E       		.uleb128 0xe
 839 00a8 3A       		.uleb128 0x3a
 840 00a9 0B       		.uleb128 0xb
 841 00aa 3B       		.uleb128 0x3b
 842 00ab 0B       		.uleb128 0xb
 843 00ac 49       		.uleb128 0x49
 844 00ad 13       		.uleb128 0x13
 845 00ae 02       		.uleb128 0x2
 846 00af 18       		.uleb128 0x18
 847 00b0 00       		.byte	0
 848 00b1 00       		.byte	0
 849 00b2 0C       		.uleb128 0xc
 850 00b3 34       		.uleb128 0x34
 851 00b4 00       		.byte	0
 852 00b5 03       		.uleb128 0x3
 853 00b6 0E       		.uleb128 0xe
 854 00b7 3A       		.uleb128 0x3a
 855 00b8 0B       		.uleb128 0xb
 856 00b9 3B       		.uleb128 0x3b
 857 00ba 05       		.uleb128 0x5
 858 00bb 49       		.uleb128 0x49
 859 00bc 13       		.uleb128 0x13
 860 00bd 3F       		.uleb128 0x3f
 861 00be 19       		.uleb128 0x19
 862 00bf 3C       		.uleb128 0x3c
 863 00c0 19       		.uleb128 0x19
 864 00c1 00       		.byte	0
 865 00c2 00       		.byte	0
 866 00c3 00       		.byte	0
 867              		.section	.debug_aranges,"",%progbits
ARM GAS  C:\Users\JOSANT~1\AppData\Local\Temp\ccWQeBlq.s 			page 21


 868 0000 3C000000 		.4byte	0x3c
 869 0004 0200     		.2byte	0x2
 870 0006 00000000 		.4byte	.Ldebug_info0
 871 000a 04       		.byte	0x4
 872 000b 00       		.byte	0
 873 000c 0000     		.2byte	0
 874 000e 0000     		.2byte	0
 875 0010 00000000 		.4byte	.LFB56
 876 0014 14000000 		.4byte	.LFE56-.LFB56
 877 0018 00000000 		.4byte	.LFB57
 878 001c 0C000000 		.4byte	.LFE57-.LFB57
 879 0020 00000000 		.4byte	.LFB58
 880 0024 18000000 		.4byte	.LFE58-.LFB58
 881 0028 00000000 		.4byte	.LFB59
 882 002c 34010000 		.4byte	.LFE59-.LFB59
 883 0030 00000000 		.4byte	.LFB60
 884 0034 14010000 		.4byte	.LFE60-.LFB60
 885 0038 00000000 		.4byte	0
 886 003c 00000000 		.4byte	0
 887              		.section	.debug_ranges,"",%progbits
 888              	.Ldebug_ranges0:
 889 0000 00000000 		.4byte	.LFB56
 890 0004 14000000 		.4byte	.LFE56
 891 0008 00000000 		.4byte	.LFB57
 892 000c 0C000000 		.4byte	.LFE57
 893 0010 00000000 		.4byte	.LFB58
 894 0014 18000000 		.4byte	.LFE58
 895 0018 00000000 		.4byte	.LFB59
 896 001c 34010000 		.4byte	.LFE59
 897 0020 00000000 		.4byte	.LFB60
 898 0024 14010000 		.4byte	.LFE60
 899 0028 00000000 		.4byte	0
 900 002c 00000000 		.4byte	0
 901              		.section	.debug_line,"",%progbits
 902              	.Ldebug_line0:
 903 0000 E1010000 		.section	.debug_str,"MS",%progbits,1
 903      02005601 
 903      00000201 
 903      FB0E0D00 
 903      01010101 
 904              	.LASF17:
 905 0000 72656733 		.ascii	"reg32\000"
 905      3200
 906              	.LASF25:
 907 0006 55534246 		.ascii	"USBFS_Suspend\000"
 907      535F5375 
 907      7370656E 
 907      6400
 908              	.LASF9:
 909 0014 5F5F696E 		.ascii	"__int32_t\000"
 909      7433325F 
 909      7400
 910              	.LASF31:
 911 001e 474E5520 		.ascii	"GNU C 4.9.3 20150303 (release) [ARM/embedded-4_9-br"
 911      4320342E 
 911      392E3320 
 911      32303135 
ARM GAS  C:\Users\JOSANT~1\AppData\Local\Temp\ccWQeBlq.s 			page 22


 911      30333033 
 912 0051 616E6368 		.ascii	"anch revision 221220] -mcpu=cortex-m3 -mthumb -g -O"
 912      20726576 
 912      6973696F 
 912      6E203232 
 912      31323230 
 913 0084 30202D66 		.ascii	"0 -ffunction-sections -ffat-lto-objects\000"
 913      66756E63 
 913      74696F6E 
 913      2D736563 
 913      74696F6E 
 914              	.LASF32:
 915 00ac 47656E65 		.ascii	"Generated_Source\\PSoC5\\USBFS_pm.c\000"
 915      72617465 
 915      645F536F 
 915      75726365 
 915      5C50536F 
 916              	.LASF13:
 917 00ce 666C6F61 		.ascii	"float\000"
 917      7400
 918              	.LASF29:
 919 00d4 55534246 		.ascii	"USBFS_configuration\000"
 919      535F636F 
 919      6E666967 
 919      75726174 
 919      696F6E00 
 920              	.LASF1:
 921 00e8 756E7369 		.ascii	"unsigned char\000"
 921      676E6564 
 921      20636861 
 921      7200
 922              	.LASF33:
 923 00f6 433A5C53 		.ascii	"C:\\SoundSystem.cydsn\000"
 923      6F756E64 
 923      53797374 
 923      656D2E63 
 923      7964736E 
 924              	.LASF5:
 925 010b 6C6F6E67 		.ascii	"long unsigned int\000"
 925      20756E73 
 925      69676E65 
 925      6420696E 
 925      7400
 926              	.LASF28:
 927 011d 55534246 		.ascii	"USBFS_backup\000"
 927      535F6261 
 927      636B7570 
 927      00
 928              	.LASF30:
 929 012a 49544D5F 		.ascii	"ITM_RxBuffer\000"
 929      52784275 
 929      66666572 
 929      00
 930              	.LASF27:
 931 0137 656E6162 		.ascii	"enableInterrupts\000"
 931      6C65496E 
 931      74657272 
ARM GAS  C:\Users\JOSANT~1\AppData\Local\Temp\ccWQeBlq.s 			page 23


 931      75707473 
 931      00
 932              	.LASF14:
 933 0148 646F7562 		.ascii	"double\000"
 933      6C6500
 934              	.LASF23:
 935 014f 55534246 		.ascii	"USBFS_SaveConfig\000"
 935      535F5361 
 935      7665436F 
 935      6E666967 
 935      00
 936              	.LASF12:
 937 0160 75696E74 		.ascii	"uint32\000"
 937      333200
 938              	.LASF8:
 939 0167 756E7369 		.ascii	"unsigned int\000"
 939      676E6564 
 939      20696E74 
 939      00
 940              	.LASF7:
 941 0174 6C6F6E67 		.ascii	"long long unsigned int\000"
 941      206C6F6E 
 941      6720756E 
 941      7369676E 
 941      65642069 
 942              	.LASF20:
 943 018b 6D6F6465 		.ascii	"mode\000"
 943      00
 944              	.LASF21:
 945 0190 55534246 		.ascii	"USBFS_BACKUP_STRUCT\000"
 945      535F4241 
 945      434B5550 
 945      5F535452 
 945      55435400 
 946              	.LASF16:
 947 01a4 72656738 		.ascii	"reg8\000"
 947      00
 948              	.LASF10:
 949 01a9 696E7433 		.ascii	"int32_t\000"
 949      325F7400 
 950              	.LASF18:
 951 01b1 73697A65 		.ascii	"sizetype\000"
 951      74797065 
 951      00
 952              	.LASF6:
 953 01ba 6C6F6E67 		.ascii	"long long int\000"
 953      206C6F6E 
 953      6720696E 
 953      7400
 954              	.LASF15:
 955 01c8 63686172 		.ascii	"char\000"
 955      00
 956              	.LASF24:
 957 01cd 55534246 		.ascii	"USBFS_RestoreConfig\000"
 957      535F5265 
 957      73746F72 
 957      65436F6E 
ARM GAS  C:\Users\JOSANT~1\AppData\Local\Temp\ccWQeBlq.s 			page 24


 957      66696700 
 958              	.LASF2:
 959 01e1 73686F72 		.ascii	"short int\000"
 959      7420696E 
 959      7400
 960              	.LASF11:
 961 01eb 75696E74 		.ascii	"uint8\000"
 961      3800
 962              	.LASF26:
 963 01f1 55534246 		.ascii	"USBFS_Resume\000"
 963      535F5265 
 963      73756D65 
 963      00
 964              	.LASF4:
 965 01fe 6C6F6E67 		.ascii	"long int\000"
 965      20696E74 
 965      00
 966              	.LASF19:
 967 0207 656E6162 		.ascii	"enableState\000"
 967      6C655374 
 967      61746500 
 968              	.LASF0:
 969 0213 7369676E 		.ascii	"signed char\000"
 969      65642063 
 969      68617200 
 970              	.LASF22:
 971 021f 55534246 		.ascii	"USBFS_DP_ISR\000"
 971      535F4450 
 971      5F495352 
 971      00
 972              	.LASF3:
 973 022c 73686F72 		.ascii	"short unsigned int\000"
 973      7420756E 
 973      7369676E 
 973      65642069 
 973      6E7400
 974              		.ident	"GCC: (GNU Tools for ARM Embedded Processors) 4.9.3 20150303 (release) [ARM/embedded-4_9-br
