--------------- Build Started: 05/12/2017 12:25:24 Project: Design01, Configuration: DP8051 Keil 9.51 Debug ---------------
Project 2 of 2: Initializing Build...
cydsfit.exe -.appdatapath "C:\Users\José Antonio\AppData\Local\Cypress Semiconductor\PSoC Creator\4.0" -.fdsnotice -.fdswarpdepfile=warp_dependencies.txt -.fdselabdepfile=elab_dependencies.txt -.fdsbldfile=generated_files.txt -.fdsreffile=referenced_files.txt -p C:\Practicas\LedJoselito\Design01.cydsn\Design01.cyprj -d CY8C3866PVI-021 -s C:\Practicas\LedJoselito\Design01.cydsn\Generated_Source\PSoC3 -- -yv2 -q10 -ygs -o2 -v3 -.fftcfgtype=BE
Warning: Your target device does not have a dedicated XRES pin and you have disabled the optional XRES. Without a hardware reset, it is not possible to program the part without a power cycle or to issue a hard reset from the debugger. You should re-consider this option if your hardware (board) cannot support power-cycle programming.
Elaborating Design...
HDL Generation...
Synthesis...
Tech Mapping...
Analog Placement...
Analog Routing...
Analog Code Generation...
Digital Placement...
Digital Routing...
Bitstream Generation...
Bitstream Verification...
Static timing analysis...
API Generation...
Dependency Generation...
Cleanup...
--------------- Build Succeeded: 05/12/2017 12:25:31 ---------------
