ARM GAS  C:\Users\JOSANT~1\AppData\Local\Temp\ccFj0jXh.s 			page 1


   1              		.syntax unified
   2              		.cpu cortex-m3
   3              		.fpu softvfp
   4              		.eabi_attribute 20, 1
   5              		.eabi_attribute 21, 1
   6              		.eabi_attribute 23, 3
   7              		.eabi_attribute 24, 1
   8              		.eabi_attribute 25, 1
   9              		.eabi_attribute 26, 1
  10              		.eabi_attribute 30, 1
  11              		.eabi_attribute 34, 1
  12              		.eabi_attribute 18, 4
  13              		.thumb
  14              		.file	"cymetadata.c"
  15              		.text
  16              	.Ltext0:
  17              		.cfi_sections	.debug_frame
  18              		.global	cy_metadata
  19              		.global	cy_meta_flashprotect
  20              		.global	cy_meta_wonvl
  21              		.global	cy_meta_custnvl
  22              		.global	cy_meta_configecc
  23              		.section	.cyconfigecc,"a",%progbits
  24              		.align	2
  25              		.type	cy_meta_configecc, %object
  26              		.size	cy_meta_configecc, 620
  27              	cy_meta_configecc:
  28 0000 01       		.byte	1
  29 0001 52       		.byte	82
  30 0002 00       		.byte	0
  31 0003 40       		.byte	64
  32 0004 01       		.byte	1
  33 0005 64       		.byte	100
  34 0006 00       		.byte	0
  35 0007 40       		.byte	64
  36 0008 01       		.byte	1
  37 0009 65       		.byte	101
  38 000a 00       		.byte	0
  39 000b 40       		.byte	64
  40 000c 32       		.byte	50
  41 000d 08       		.byte	8
  42 000e 01       		.byte	1
  43 000f 40       		.byte	64
  44 0010 1A       		.byte	26
  45 0011 09       		.byte	9
  46 0012 01       		.byte	1
  47 0013 40       		.byte	64
  48 0014 2B       		.byte	43
  49 0015 0A       		.byte	10
  50 0016 01       		.byte	1
  51 0017 40       		.byte	64
  52 0018 0A       		.byte	10
  53 0019 0B       		.byte	11
  54 001a 01       		.byte	1
  55 001b 40       		.byte	64
  56 001c 01       		.byte	1
  57 001d 15       		.byte	21
ARM GAS  C:\Users\JOSANT~1\AppData\Local\Temp\ccFj0jXh.s 			page 2


  58 001e 01       		.byte	1
  59 001f 40       		.byte	64
  60 0020 01       		.byte	1
  61 0021 17       		.byte	23
  62 0022 01       		.byte	1
  63 0023 40       		.byte	64
  64 0024 32       		.byte	50
  65 0025 18       		.byte	24
  66 0026 01       		.byte	1
  67 0027 40       		.byte	64
  68 0028 27       		.byte	39
  69 0029 19       		.byte	25
  70 002a 01       		.byte	1
  71 002b 40       		.byte	64
  72 002c 02       		.byte	2
  73 002d 1B       		.byte	27
  74 002e 01       		.byte	1
  75 002f 40       		.byte	64
  76 0030 02       		.byte	2
  77 0031 40       		.byte	64
  78 0032 01       		.byte	1
  79 0033 40       		.byte	64
  80 0034 01       		.byte	1
  81 0035 41       		.byte	65
  82 0036 01       		.byte	1
  83 0037 40       		.byte	64
  84 0038 01       		.byte	1
  85 0039 42       		.byte	66
  86 003a 01       		.byte	1
  87 003b 40       		.byte	64
  88 003c 01       		.byte	1
  89 003d 43       		.byte	67
  90 003e 01       		.byte	1
  91 003f 40       		.byte	64
  92 0040 02       		.byte	2
  93 0041 45       		.byte	69
  94 0042 01       		.byte	1
  95 0043 40       		.byte	64
  96 0044 02       		.byte	2
  97 0045 46       		.byte	70
  98 0046 01       		.byte	1
  99 0047 40       		.byte	64
 100 0048 06       		.byte	6
 101 0049 48       		.byte	72
 102 004a 01       		.byte	1
 103 004b 40       		.byte	64
 104 004c 02       		.byte	2
 105 004d 49       		.byte	73
 106 004e 01       		.byte	1
 107 004f 40       		.byte	64
 108 0050 02       		.byte	2
 109 0051 4C       		.byte	76
 110 0052 01       		.byte	1
 111 0053 40       		.byte	64
 112 0054 02       		.byte	2
 113 0055 4D       		.byte	77
 114 0056 01       		.byte	1
ARM GAS  C:\Users\JOSANT~1\AppData\Local\Temp\ccFj0jXh.s 			page 3


 115 0057 40       		.byte	64
 116 0058 04       		.byte	4
 117 0059 50       		.byte	80
 118 005a 01       		.byte	1
 119 005b 40       		.byte	64
 120 005c 01       		.byte	1
 121 005d 51       		.byte	81
 122 005e 01       		.byte	1
 123 005f 40       		.byte	64
 124 0060 11       		.byte	17
 125 0061 80       		.byte	-128
 126 0062 88       		.byte	-120
 127 0063 0D       		.byte	13
 128 0064 89       		.byte	-119
 129 0065 0D       		.byte	13
 130 0066 40       		.byte	64
 131 0067 45       		.byte	69
 132 0068 49       		.byte	73
 133 0069 FF       		.byte	-1
 134 006a 4A       		.byte	74
 135 006b FF       		.byte	-1
 136 006c 4B       		.byte	75
 137 006d FF       		.byte	-1
 138 006e 4F       		.byte	79
 139 006f 01       		.byte	1
 140 0070 50       		.byte	80
 141 0071 18       		.byte	24
 142 0072 52       		.byte	82
 143 0073 80       		.byte	-128
 144 0074 54       		.byte	84
 145 0075 01       		.byte	1
 146 0076 5A       		.byte	90
 147 0077 04       		.byte	4
 148 0078 5B       		.byte	91
 149 0079 04       		.byte	4
 150 007a 5D       		.byte	93
 151 007b 99       		.byte	-103
 152 007c 5F       		.byte	95
 153 007d 01       		.byte	1
 154 007e 60       		.byte	96
 155 007f 40       		.byte	64
 156 0080 62       		.byte	98
 157 0081 40       		.byte	64
 158 0082 64       		.byte	100
 159 0083 40       		.byte	64
 160 0084 65       		.byte	101
 161 0085 40       		.byte	64
 162 0086 66       		.byte	102
 163 0087 80       		.byte	-128
 164 0088 68       		.byte	104
 165 0089 80       		.byte	-128
 166 008a 6A       		.byte	106
 167 008b 80       		.byte	-128
 168 008c 6C       		.byte	108
 169 008d 80       		.byte	-128
 170 008e 6E       		.byte	110
 171 008f 80       		.byte	-128
ARM GAS  C:\Users\JOSANT~1\AppData\Local\Temp\ccFj0jXh.s 			page 4


 172 0090 88       		.byte	-120
 173 0091 01       		.byte	1
 174 0092 8A       		.byte	-118
 175 0093 02       		.byte	2
 176 0094 8E       		.byte	-114
 177 0095 01       		.byte	1
 178 0096 AA       		.byte	-86
 179 0097 02       		.byte	2
 180 0098 B6       		.byte	-74
 181 0099 03       		.byte	3
 182 009a BE       		.byte	-66
 183 009b 40       		.byte	64
 184 009c C0       		.byte	-64
 185 009d 51       		.byte	81
 186 009e C9       		.byte	-55
 187 009f FF       		.byte	-1
 188 00a0 CA       		.byte	-54
 189 00a1 FF       		.byte	-1
 190 00a2 CB       		.byte	-53
 191 00a3 FF       		.byte	-1
 192 00a4 CD       		.byte	-51
 193 00a5 83       		.byte	-125
 194 00a6 CE       		.byte	-50
 195 00a7 03       		.byte	3
 196 00a8 CF       		.byte	-49
 197 00a9 01       		.byte	1
 198 00aa D0       		.byte	-48
 199 00ab 18       		.byte	24
 200 00ac D6       		.byte	-42
 201 00ad 08       		.byte	8
 202 00ae D8       		.byte	-40
 203 00af 04       		.byte	4
 204 00b0 DA       		.byte	-38
 205 00b1 04       		.byte	4
 206 00b2 DB       		.byte	-37
 207 00b3 04       		.byte	4
 208 00b4 DD       		.byte	-35
 209 00b5 99       		.byte	-103
 210 00b6 DF       		.byte	-33
 211 00b7 01       		.byte	1
 212 00b8 E0       		.byte	-32
 213 00b9 40       		.byte	64
 214 00ba E2       		.byte	-30
 215 00bb 40       		.byte	64
 216 00bc E4       		.byte	-28
 217 00bd 40       		.byte	64
 218 00be E5       		.byte	-27
 219 00bf 40       		.byte	64
 220 00c0 E6       		.byte	-26
 221 00c1 80       		.byte	-128
 222 00c2 E8       		.byte	-24
 223 00c3 80       		.byte	-128
 224 00c4 EA       		.byte	-22
 225 00c5 80       		.byte	-128
 226 00c6 EC       		.byte	-20
 227 00c7 80       		.byte	-128
 228 00c8 EE       		.byte	-18
ARM GAS  C:\Users\JOSANT~1\AppData\Local\Temp\ccFj0jXh.s 			page 5


 229 00c9 80       		.byte	-128
 230 00ca 00       		.byte	0
 231 00cb 20       		.byte	32
 232 00cc 01       		.byte	1
 233 00cd 80       		.byte	-128
 234 00ce 11       		.byte	17
 235 00cf 20       		.byte	32
 236 00d0 19       		.byte	25
 237 00d1 40       		.byte	64
 238 00d2 41       		.byte	65
 239 00d3 80       		.byte	-128
 240 00d4 46       		.byte	70
 241 00d5 40       		.byte	64
 242 00d6 48       		.byte	72
 243 00d7 01       		.byte	1
 244 00d8 4F       		.byte	79
 245 00d9 80       		.byte	-128
 246 00da 59       		.byte	89
 247 00db 40       		.byte	64
 248 00dc 5E       		.byte	94
 249 00dd 80       		.byte	-128
 250 00de 5F       		.byte	95
 251 00df 05       		.byte	5
 252 00e0 60       		.byte	96
 253 00e1 02       		.byte	2
 254 00e2 74       		.byte	116
 255 00e3 01       		.byte	1
 256 00e4 76       		.byte	118
 257 00e5 40       		.byte	64
 258 00e6 93       		.byte	-109
 259 00e7 05       		.byte	5
 260 00e8 96       		.byte	-106
 261 00e9 01       		.byte	1
 262 00ea 9E       		.byte	-98
 263 00eb 40       		.byte	64
 264 00ec A1       		.byte	-95
 265 00ed 80       		.byte	-128
 266 00ee A3       		.byte	-93
 267 00ef 40       		.byte	64
 268 00f0 A4       		.byte	-92
 269 00f1 01       		.byte	1
 270 00f2 C0       		.byte	-64
 271 00f3 03       		.byte	3
 272 00f4 C4       		.byte	-60
 273 00f5 02       		.byte	2
 274 00f6 D0       		.byte	-48
 275 00f7 88       		.byte	-120
 276 00f8 D2       		.byte	-46
 277 00f9 18       		.byte	24
 278 00fa D6       		.byte	-42
 279 00fb D8       		.byte	-40
 280 00fc D8       		.byte	-40
 281 00fd 08       		.byte	8
 282 00fe 40       		.byte	64
 283 00ff 51       		.byte	81
 284 0100 49       		.byte	73
 285 0101 FF       		.byte	-1
ARM GAS  C:\Users\JOSANT~1\AppData\Local\Temp\ccFj0jXh.s 			page 6


 286 0102 4A       		.byte	74
 287 0103 FF       		.byte	-1
 288 0104 4B       		.byte	75
 289 0105 FF       		.byte	-1
 290 0106 4D       		.byte	77
 291 0107 83       		.byte	-125
 292 0108 4E       		.byte	78
 293 0109 03       		.byte	3
 294 010a 4F       		.byte	79
 295 010b 01       		.byte	1
 296 010c 50       		.byte	80
 297 010d 18       		.byte	24
 298 010e 5A       		.byte	90
 299 010f 04       		.byte	4
 300 0110 5D       		.byte	93
 301 0111 09       		.byte	9
 302 0112 5F       		.byte	95
 303 0113 01       		.byte	1
 304 0114 60       		.byte	96
 305 0115 40       		.byte	64
 306 0116 62       		.byte	98
 307 0117 40       		.byte	64
 308 0118 64       		.byte	100
 309 0119 40       		.byte	64
 310 011a 65       		.byte	101
 311 011b 40       		.byte	64
 312 011c 66       		.byte	102
 313 011d 80       		.byte	-128
 314 011e 68       		.byte	104
 315 011f 80       		.byte	-128
 316 0120 6A       		.byte	106
 317 0121 80       		.byte	-128
 318 0122 6C       		.byte	108
 319 0123 80       		.byte	-128
 320 0124 6E       		.byte	110
 321 0125 80       		.byte	-128
 322 0126 C0       		.byte	-64
 323 0127 45       		.byte	69
 324 0128 C5       		.byte	-59
 325 0129 EC       		.byte	-20
 326 012a C6       		.byte	-58
 327 012b 02       		.byte	2
 328 012c C8       		.byte	-56
 329 012d 07       		.byte	7
 330 012e C9       		.byte	-55
 331 012f FF       		.byte	-1
 332 0130 CA       		.byte	-54
 333 0131 FF       		.byte	-1
 334 0132 CB       		.byte	-53
 335 0133 FF       		.byte	-1
 336 0134 CD       		.byte	-51
 337 0135 83       		.byte	-125
 338 0136 CE       		.byte	-50
 339 0137 03       		.byte	3
 340 0138 CF       		.byte	-49
 341 0139 01       		.byte	1
 342 013a D0       		.byte	-48
ARM GAS  C:\Users\JOSANT~1\AppData\Local\Temp\ccFj0jXh.s 			page 7


 343 013b 18       		.byte	24
 344 013c DA       		.byte	-38
 345 013d 04       		.byte	4
 346 013e DD       		.byte	-35
 347 013f 09       		.byte	9
 348 0140 DF       		.byte	-33
 349 0141 01       		.byte	1
 350 0142 E0       		.byte	-32
 351 0143 40       		.byte	64
 352 0144 E2       		.byte	-30
 353 0145 40       		.byte	64
 354 0146 E4       		.byte	-28
 355 0147 40       		.byte	64
 356 0148 E5       		.byte	-27
 357 0149 40       		.byte	64
 358 014a E6       		.byte	-26
 359 014b 80       		.byte	-128
 360 014c E8       		.byte	-24
 361 014d 80       		.byte	-128
 362 014e EA       		.byte	-22
 363 014f 80       		.byte	-128
 364 0150 EC       		.byte	-20
 365 0151 80       		.byte	-128
 366 0152 EE       		.byte	-18
 367 0153 80       		.byte	-128
 368 0154 41       		.byte	65
 369 0155 80       		.byte	-128
 370 0156 46       		.byte	70
 371 0157 40       		.byte	64
 372 0158 48       		.byte	72
 373 0159 01       		.byte	1
 374 015a 4F       		.byte	79
 375 015b 85       		.byte	-123
 376 015c 55       		.byte	85
 377 015d 80       		.byte	-128
 378 015e 57       		.byte	87
 379 015f 40       		.byte	64
 380 0160 86       		.byte	-122
 381 0161 01       		.byte	1
 382 0162 D0       		.byte	-48
 383 0163 88       		.byte	-120
 384 0164 D2       		.byte	-46
 385 0165 18       		.byte	24
 386 0166 E0       		.byte	-32
 387 0167 08       		.byte	8
 388 0168 EE       		.byte	-18
 389 0169 08       		.byte	8
 390 016a E0       		.byte	-32
 391 016b 05       		.byte	5
 392 016c 02       		.byte	2
 393 016d 01       		.byte	1
 394 016e 1E       		.byte	30
 395 016f 01       		.byte	1
 396 0170 30       		.byte	48
 397 0171 01       		.byte	1
 398 0172 34       		.byte	52
 399 0173 01       		.byte	1
ARM GAS  C:\Users\JOSANT~1\AppData\Local\Temp\ccFj0jXh.s 			page 8


 400 0174 3E       		.byte	62
 401 0175 01       		.byte	1
 402 0176 58       		.byte	88
 403 0177 04       		.byte	4
 404 0178 5C       		.byte	92
 405 0179 09       		.byte	9
 406 017a 5F       		.byte	95
 407 017b 01       		.byte	1
 408 017c 8E       		.byte	-114
 409 017d 05       		.byte	5
 410 017e 92       		.byte	-110
 411 017f 02       		.byte	2
 412 0180 95       		.byte	-107
 413 0181 02       		.byte	2
 414 0182 9F       		.byte	-97
 415 0183 03       		.byte	3
 416 0184 A2       		.byte	-94
 417 0185 01       		.byte	1
 418 0186 A6       		.byte	-90
 419 0187 04       		.byte	4
 420 0188 B0       		.byte	-80
 421 0189 02       		.byte	2
 422 018a B2       		.byte	-78
 423 018b 04       		.byte	4
 424 018c B3       		.byte	-77
 425 018d 01       		.byte	1
 426 018e B6       		.byte	-74
 427 018f 01       		.byte	1
 428 0190 B7       		.byte	-73
 429 0191 02       		.byte	2
 430 0192 BE       		.byte	-66
 431 0193 04       		.byte	4
 432 0194 C0       		.byte	-64
 433 0195 40       		.byte	64
 434 0196 C1       		.byte	-63
 435 0197 06       		.byte	6
 436 0198 C5       		.byte	-59
 437 0199 D2       		.byte	-46
 438 019a C6       		.byte	-58
 439 019b 01       		.byte	1
 440 019c C7       		.byte	-57
 441 019d 02       		.byte	2
 442 019e C8       		.byte	-56
 443 019f 17       		.byte	23
 444 01a0 C9       		.byte	-55
 445 01a1 FF       		.byte	-1
 446 01a2 CA       		.byte	-54
 447 01a3 FF       		.byte	-1
 448 01a4 CB       		.byte	-53
 449 01a5 FF       		.byte	-1
 450 01a6 CD       		.byte	-51
 451 01a7 A0       		.byte	-96
 452 01a8 CF       		.byte	-49
 453 01a9 04       		.byte	4
 454 01aa D0       		.byte	-48
 455 01ab 18       		.byte	24
 456 01ac D2       		.byte	-46
ARM GAS  C:\Users\JOSANT~1\AppData\Local\Temp\ccFj0jXh.s 			page 9


 457 01ad 80       		.byte	-128
 458 01ae D4       		.byte	-44
 459 01af 05       		.byte	5
 460 01b0 D8       		.byte	-40
 461 01b1 0B       		.byte	11
 462 01b2 D9       		.byte	-39
 463 01b3 0B       		.byte	11
 464 01b4 DA       		.byte	-38
 465 01b5 0B       		.byte	11
 466 01b6 DB       		.byte	-37
 467 01b7 0B       		.byte	11
 468 01b8 DC       		.byte	-36
 469 01b9 99       		.byte	-103
 470 01ba DD       		.byte	-35
 471 01bb 99       		.byte	-103
 472 01bc DF       		.byte	-33
 473 01bd 01       		.byte	1
 474 01be E0       		.byte	-32
 475 01bf 40       		.byte	64
 476 01c0 E2       		.byte	-30
 477 01c1 C0       		.byte	-64
 478 01c2 E4       		.byte	-28
 479 01c3 40       		.byte	64
 480 01c4 E5       		.byte	-27
 481 01c5 40       		.byte	64
 482 01c6 E6       		.byte	-26
 483 01c7 C0       		.byte	-64
 484 01c8 E8       		.byte	-24
 485 01c9 C0       		.byte	-64
 486 01ca EA       		.byte	-22
 487 01cb C0       		.byte	-64
 488 01cc EC       		.byte	-20
 489 01cd C0       		.byte	-64
 490 01ce EE       		.byte	-18
 491 01cf C0       		.byte	-64
 492 01d0 00       		.byte	0
 493 01d1 40       		.byte	64
 494 01d2 06       		.byte	6
 495 01d3 40       		.byte	64
 496 01d4 0A       		.byte	10
 497 01d5 40       		.byte	64
 498 01d6 0D       		.byte	13
 499 01d7 80       		.byte	-128
 500 01d8 10       		.byte	16
 501 01d9 A0       		.byte	-96
 502 01da 18       		.byte	24
 503 01db 40       		.byte	64
 504 01dc 19       		.byte	25
 505 01dd 04       		.byte	4
 506 01de 1A       		.byte	26
 507 01df 01       		.byte	1
 508 01e0 1E       		.byte	30
 509 01e1 80       		.byte	-128
 510 01e2 1F       		.byte	31
 511 01e3 20       		.byte	32
 512 01e4 21       		.byte	33
 513 01e5 08       		.byte	8
ARM GAS  C:\Users\JOSANT~1\AppData\Local\Temp\ccFj0jXh.s 			page 10


 514 01e6 22       		.byte	34
 515 01e7 40       		.byte	64
 516 01e8 30       		.byte	48
 517 01e9 80       		.byte	-128
 518 01ea 31       		.byte	49
 519 01eb 08       		.byte	8
 520 01ec 40       		.byte	64
 521 01ed 40       		.byte	64
 522 01ee 48       		.byte	72
 523 01ef 28       		.byte	40
 524 01f0 49       		.byte	73
 525 01f1 01       		.byte	1
 526 01f2 50       		.byte	80
 527 01f3 88       		.byte	-120
 528 01f4 59       		.byte	89
 529 01f5 05       		.byte	5
 530 01f6 5A       		.byte	90
 531 01f7 80       		.byte	-128
 532 01f8 72       		.byte	114
 533 01f9 40       		.byte	64
 534 01fa 78       		.byte	120
 535 01fb 02       		.byte	2
 536 01fc 81       		.byte	-127
 537 01fd 90       		.byte	-112
 538 01fe 96       		.byte	-106
 539 01ff 01       		.byte	1
 540 0200 98       		.byte	-104
 541 0201 02       		.byte	2
 542 0202 9A       		.byte	-102
 543 0203 40       		.byte	64
 544 0204 9D       		.byte	-99
 545 0205 80       		.byte	-128
 546 0206 A1       		.byte	-95
 547 0207 80       		.byte	-128
 548 0208 A4       		.byte	-92
 549 0209 10       		.byte	16
 550 020a A5       		.byte	-91
 551 020b 10       		.byte	16
 552 020c A6       		.byte	-90
 553 020d 40       		.byte	64
 554 020e C0       		.byte	-64
 555 020f 11       		.byte	17
 556 0210 C2       		.byte	-62
 557 0211 88       		.byte	-120
 558 0212 C4       		.byte	-60
 559 0213 0C       		.byte	12
 560 0214 CC       		.byte	-52
 561 0215 0A       		.byte	10
 562 0216 D0       		.byte	-48
 563 0217 01       		.byte	1
 564 0218 D2       		.byte	-46
 565 0219 04       		.byte	4
 566 021a D6       		.byte	-42
 567 021b 0B       		.byte	11
 568 021c DE       		.byte	-34
 569 021d 01       		.byte	1
 570 021e AF       		.byte	-81
ARM GAS  C:\Users\JOSANT~1\AppData\Local\Temp\ccFj0jXh.s 			page 11


 571 021f 20       		.byte	32
 572 0220 B0       		.byte	-80
 573 0221 10       		.byte	16
 574 0222 33       		.byte	51
 575 0223 20       		.byte	32
 576 0224 CC       		.byte	-52
 577 0225 10       		.byte	16
 578 0226 A7       		.byte	-89
 579 0227 20       		.byte	32
 580 0228 A7       		.byte	-89
 581 0229 20       		.byte	32
 582 022a A7       		.byte	-89
 583 022b 20       		.byte	32
 584 022c 62       		.byte	98
 585 022d 08       		.byte	8
 586 022e D8       		.byte	-40
 587 022f 02       		.byte	2
 588 0230 86       		.byte	-122
 589 0231 08       		.byte	8
 590 0232 A6       		.byte	-90
 591 0233 08       		.byte	8
 592 0234 23       		.byte	35
 593 0235 20       		.byte	32
 594 0236 27       		.byte	39
 595 0237 08       		.byte	8
 596 0238 83       		.byte	-125
 597 0239 28       		.byte	40
 598 023a A7       		.byte	-89
 599 023b 20       		.byte	32
 600 023c C8       		.byte	-56
 601 023d 60       		.byte	96
 602 023e E0       		.byte	-32
 603 023f A0       		.byte	-96
 604 0240 AF       		.byte	-81
 605 0241 20       		.byte	32
 606 0242 EE       		.byte	-18
 607 0243 10       		.byte	16
 608 0244 0C       		.byte	12
 609 0245 04       		.byte	4
 610 0246 C2       		.byte	-62
 611 0247 04       		.byte	4
 612 0248 B0       		.byte	-80
 613 0249 04       		.byte	4
 614 024a EE       		.byte	-18
 615 024b 01       		.byte	1
 616 024c 01       		.byte	1
 617 024d 01       		.byte	1
 618 024e 0D       		.byte	13
 619 024f 01       		.byte	1
 620 0250 11       		.byte	17
 621 0251 01       		.byte	1
 622 0252 1D       		.byte	29
 623 0253 01       		.byte	1
 624 0254 00       		.byte	0
 625 0255 03       		.byte	3
 626 0256 00       		.byte	0
 627 0257 00       		.byte	0
ARM GAS  C:\Users\JOSANT~1\AppData\Local\Temp\ccFj0jXh.s 			page 12


 628 0258 20       		.byte	32
 629 0259 00       		.byte	0
 630 025a 00       		.byte	0
 631 025b AB       		.byte	-85
 632 025c 8B       		.byte	-117
 633 025d 00       		.byte	0
 634 025e 00       		.byte	0
 635 025f 00       		.byte	0
 636 0260 00       		.byte	0
 637 0261 00       		.byte	0
 638 0262 00       		.byte	0
 639 0263 00       		.byte	0
 640 0264 00       		.byte	0
 641 0265 80       		.byte	-128
 642 0266 80       		.byte	-128
 643 0267 00       		.byte	0
 644 0268 80       		.byte	-128
 645 0269 00       		.byte	0
 646 026a 00       		.byte	0
 647 026b 00       		.byte	0
 648              		.section	.cywolatch,"a",%progbits
 649              		.align	2
 650              		.type	cy_meta_wonvl, %object
 651              		.size	cy_meta_wonvl, 4
 652              	cy_meta_wonvl:
 653 0000 BC       		.byte	-68
 654 0001 90       		.byte	-112
 655 0002 AC       		.byte	-84
 656 0003 AF       		.byte	-81
 657              		.section	.cycustnvl,"a",%progbits
 658              		.align	2
 659              		.type	cy_meta_custnvl, %object
 660              		.size	cy_meta_custnvl, 4
 661              	cy_meta_custnvl:
 662 0000 00       		.byte	0
 663 0001 00       		.byte	0
 664 0002 40       		.byte	64
 665 0003 05       		.byte	5
 666              		.section	.cymeta,"a",%progbits
 667              		.align	2
 668              		.type	cy_metadata, %object
 669              		.size	cy_metadata, 12
 670              	cy_metadata:
 671 0000 00       		.byte	0
 672 0001 01       		.byte	1
 673 0002 2E       		.byte	46
 674 0003 12       		.byte	18
 675 0004 30       		.byte	48
 676 0005 69       		.byte	105
 677 0006 00       		.byte	0
 678 0007 01       		.byte	1
 679 0008 00       		.byte	0
 680 0009 00       		.byte	0
 681 000a 00       		.byte	0
 682 000b 00       		.byte	0
 683              		.section	.cyflashprotect,"a",%progbits
 684              		.align	2
ARM GAS  C:\Users\JOSANT~1\AppData\Local\Temp\ccFj0jXh.s 			page 13


 685              		.type	cy_meta_flashprotect, %object
 686              		.size	cy_meta_flashprotect, 256
 687              	cy_meta_flashprotect:
 688 0000 00000000 		.space	256
 688      00000000 
 688      00000000 
 688      00000000 
 688      00000000 
 689              		.text
 690              	.Letext0:
 691              		.file 1 "Generated_Source\\PSoC5\\cymetadata.c"
 692              		.file 2 "Generated_Source\\PSoC5\\cytypes.h"
 693              		.section	.debug_info,"",%progbits
 694              	.Ldebug_info0:
 695 0000 37010000 		.4byte	0x137
 696 0004 0400     		.2byte	0x4
 697 0006 00000000 		.4byte	.Ldebug_abbrev0
 698 000a 04       		.byte	0x4
 699 000b 01       		.uleb128 0x1
 700 000c A6000000 		.4byte	.LASF18
 701 0010 01       		.byte	0x1
 702 0011 BC010000 		.4byte	.LASF19
 703 0015 00000000 		.4byte	.LASF20
 704 0019 00000000 		.4byte	.Ldebug_line0
 705 001d 02       		.uleb128 0x2
 706 001e 01       		.byte	0x1
 707 001f 06       		.byte	0x6
 708 0020 B0010000 		.4byte	.LASF0
 709 0024 02       		.uleb128 0x2
 710 0025 01       		.byte	0x1
 711 0026 08       		.byte	0x8
 712 0027 4A000000 		.4byte	.LASF1
 713 002b 02       		.uleb128 0x2
 714 002c 02       		.byte	0x2
 715 002d 05       		.byte	0x5
 716 002e 97010000 		.4byte	.LASF2
 717 0032 02       		.uleb128 0x2
 718 0033 02       		.byte	0x2
 719 0034 07       		.byte	0x7
 720 0035 6A000000 		.4byte	.LASF3
 721 0039 02       		.uleb128 0x2
 722 003a 04       		.byte	0x4
 723 003b 05       		.byte	0x5
 724 003c A7010000 		.4byte	.LASF4
 725 0040 02       		.uleb128 0x2
 726 0041 04       		.byte	0x4
 727 0042 07       		.byte	0x7
 728 0043 58000000 		.4byte	.LASF5
 729 0047 02       		.uleb128 0x2
 730 0048 08       		.byte	0x8
 731 0049 05       		.byte	0x5
 732 004a 84010000 		.4byte	.LASF6
 733 004e 02       		.uleb128 0x2
 734 004f 08       		.byte	0x8
 735 0050 07       		.byte	0x7
 736 0051 41010000 		.4byte	.LASF7
 737 0055 03       		.uleb128 0x3
ARM GAS  C:\Users\JOSANT~1\AppData\Local\Temp\ccFj0jXh.s 			page 14


 738 0056 04       		.byte	0x4
 739 0057 05       		.byte	0x5
 740 0058 696E7400 		.ascii	"int\000"
 741 005c 02       		.uleb128 0x2
 742 005d 04       		.byte	0x4
 743 005e 07       		.byte	0x7
 744 005f 34010000 		.4byte	.LASF8
 745 0063 04       		.uleb128 0x4
 746 0064 A1010000 		.4byte	.LASF21
 747 0068 02       		.byte	0x2
 748 0069 9201     		.2byte	0x192
 749 006b 24000000 		.4byte	0x24
 750 006f 02       		.uleb128 0x2
 751 0070 04       		.byte	0x4
 752 0071 04       		.byte	0x4
 753 0072 44000000 		.4byte	.LASF9
 754 0076 02       		.uleb128 0x2
 755 0077 08       		.byte	0x8
 756 0078 04       		.byte	0x4
 757 0079 7D000000 		.4byte	.LASF10
 758 007d 02       		.uleb128 0x2
 759 007e 01       		.byte	0x1
 760 007f 08       		.byte	0x8
 761 0080 92010000 		.4byte	.LASF11
 762 0084 05       		.uleb128 0x5
 763 0085 63000000 		.4byte	0x63
 764 0089 95000000 		.4byte	0x95
 765 008d 06       		.uleb128 0x6
 766 008e 95000000 		.4byte	0x95
 767 0092 6B02     		.2byte	0x26b
 768 0094 00       		.byte	0
 769 0095 02       		.uleb128 0x2
 770 0096 04       		.byte	0x4
 771 0097 07       		.byte	0x7
 772 0098 7B010000 		.4byte	.LASF12
 773 009c 07       		.uleb128 0x7
 774 009d 94000000 		.4byte	.LASF13
 775 00a1 01       		.byte	0x1
 776 00a2 1F       		.byte	0x1f
 777 00a3 AD000000 		.4byte	0xad
 778 00a7 05       		.uleb128 0x5
 779 00a8 03       		.byte	0x3
 780 00a9 00000000 		.4byte	cy_meta_configecc
 781 00ad 08       		.uleb128 0x8
 782 00ae 84000000 		.4byte	0x84
 783 00b2 05       		.uleb128 0x5
 784 00b3 63000000 		.4byte	0x63
 785 00b7 C2000000 		.4byte	0xc2
 786 00bb 09       		.uleb128 0x9
 787 00bc 95000000 		.4byte	0x95
 788 00c0 03       		.byte	0x3
 789 00c1 00       		.byte	0
 790 00c2 07       		.uleb128 0x7
 791 00c3 84000000 		.4byte	.LASF14
 792 00c7 01       		.byte	0x1
 793 00c8 7A       		.byte	0x7a
 794 00c9 D3000000 		.4byte	0xd3
ARM GAS  C:\Users\JOSANT~1\AppData\Local\Temp\ccFj0jXh.s 			page 15


 795 00cd 05       		.uleb128 0x5
 796 00ce 03       		.byte	0x3
 797 00cf 00000000 		.4byte	cy_meta_custnvl
 798 00d3 08       		.uleb128 0x8
 799 00d4 B2000000 		.4byte	0xb2
 800 00d8 07       		.uleb128 0x7
 801 00d9 6D010000 		.4byte	.LASF15
 802 00dd 01       		.byte	0x1
 803 00de 88       		.byte	0x88
 804 00df E9000000 		.4byte	0xe9
 805 00e3 05       		.uleb128 0x5
 806 00e4 03       		.byte	0x3
 807 00e5 00000000 		.4byte	cy_meta_wonvl
 808 00e9 08       		.uleb128 0x8
 809 00ea B2000000 		.4byte	0xb2
 810 00ee 05       		.uleb128 0x5
 811 00ef 63000000 		.4byte	0x63
 812 00f3 FE000000 		.4byte	0xfe
 813 00f7 09       		.uleb128 0x9
 814 00f8 95000000 		.4byte	0x95
 815 00fc FF       		.byte	0xff
 816 00fd 00       		.byte	0
 817 00fe 07       		.uleb128 0x7
 818 00ff 58010000 		.4byte	.LASF16
 819 0103 01       		.byte	0x1
 820 0104 96       		.byte	0x96
 821 0105 0F010000 		.4byte	0x10f
 822 0109 05       		.uleb128 0x5
 823 010a 03       		.byte	0x3
 824 010b 00000000 		.4byte	cy_meta_flashprotect
 825 010f 08       		.uleb128 0x8
 826 0110 EE000000 		.4byte	0xee
 827 0114 05       		.uleb128 0x5
 828 0115 63000000 		.4byte	0x63
 829 0119 24010000 		.4byte	0x124
 830 011d 09       		.uleb128 0x9
 831 011e 95000000 		.4byte	0x95
 832 0122 0B       		.byte	0xb
 833 0123 00       		.byte	0
 834 0124 07       		.uleb128 0x7
 835 0125 38000000 		.4byte	.LASF17
 836 0129 01       		.byte	0x1
 837 012a C3       		.byte	0xc3
 838 012b 35010000 		.4byte	0x135
 839 012f 05       		.uleb128 0x5
 840 0130 03       		.byte	0x3
 841 0131 00000000 		.4byte	cy_metadata
 842 0135 08       		.uleb128 0x8
 843 0136 14010000 		.4byte	0x114
 844 013a 00       		.byte	0
 845              		.section	.debug_abbrev,"",%progbits
 846              	.Ldebug_abbrev0:
 847 0000 01       		.uleb128 0x1
 848 0001 11       		.uleb128 0x11
 849 0002 01       		.byte	0x1
 850 0003 25       		.uleb128 0x25
 851 0004 0E       		.uleb128 0xe
ARM GAS  C:\Users\JOSANT~1\AppData\Local\Temp\ccFj0jXh.s 			page 16


 852 0005 13       		.uleb128 0x13
 853 0006 0B       		.uleb128 0xb
 854 0007 03       		.uleb128 0x3
 855 0008 0E       		.uleb128 0xe
 856 0009 1B       		.uleb128 0x1b
 857 000a 0E       		.uleb128 0xe
 858 000b 10       		.uleb128 0x10
 859 000c 17       		.uleb128 0x17
 860 000d 00       		.byte	0
 861 000e 00       		.byte	0
 862 000f 02       		.uleb128 0x2
 863 0010 24       		.uleb128 0x24
 864 0011 00       		.byte	0
 865 0012 0B       		.uleb128 0xb
 866 0013 0B       		.uleb128 0xb
 867 0014 3E       		.uleb128 0x3e
 868 0015 0B       		.uleb128 0xb
 869 0016 03       		.uleb128 0x3
 870 0017 0E       		.uleb128 0xe
 871 0018 00       		.byte	0
 872 0019 00       		.byte	0
 873 001a 03       		.uleb128 0x3
 874 001b 24       		.uleb128 0x24
 875 001c 00       		.byte	0
 876 001d 0B       		.uleb128 0xb
 877 001e 0B       		.uleb128 0xb
 878 001f 3E       		.uleb128 0x3e
 879 0020 0B       		.uleb128 0xb
 880 0021 03       		.uleb128 0x3
 881 0022 08       		.uleb128 0x8
 882 0023 00       		.byte	0
 883 0024 00       		.byte	0
 884 0025 04       		.uleb128 0x4
 885 0026 16       		.uleb128 0x16
 886 0027 00       		.byte	0
 887 0028 03       		.uleb128 0x3
 888 0029 0E       		.uleb128 0xe
 889 002a 3A       		.uleb128 0x3a
 890 002b 0B       		.uleb128 0xb
 891 002c 3B       		.uleb128 0x3b
 892 002d 05       		.uleb128 0x5
 893 002e 49       		.uleb128 0x49
 894 002f 13       		.uleb128 0x13
 895 0030 00       		.byte	0
 896 0031 00       		.byte	0
 897 0032 05       		.uleb128 0x5
 898 0033 01       		.uleb128 0x1
 899 0034 01       		.byte	0x1
 900 0035 49       		.uleb128 0x49
 901 0036 13       		.uleb128 0x13
 902 0037 01       		.uleb128 0x1
 903 0038 13       		.uleb128 0x13
 904 0039 00       		.byte	0
 905 003a 00       		.byte	0
 906 003b 06       		.uleb128 0x6
 907 003c 21       		.uleb128 0x21
 908 003d 00       		.byte	0
ARM GAS  C:\Users\JOSANT~1\AppData\Local\Temp\ccFj0jXh.s 			page 17


 909 003e 49       		.uleb128 0x49
 910 003f 13       		.uleb128 0x13
 911 0040 2F       		.uleb128 0x2f
 912 0041 05       		.uleb128 0x5
 913 0042 00       		.byte	0
 914 0043 00       		.byte	0
 915 0044 07       		.uleb128 0x7
 916 0045 34       		.uleb128 0x34
 917 0046 00       		.byte	0
 918 0047 03       		.uleb128 0x3
 919 0048 0E       		.uleb128 0xe
 920 0049 3A       		.uleb128 0x3a
 921 004a 0B       		.uleb128 0xb
 922 004b 3B       		.uleb128 0x3b
 923 004c 0B       		.uleb128 0xb
 924 004d 49       		.uleb128 0x49
 925 004e 13       		.uleb128 0x13
 926 004f 3F       		.uleb128 0x3f
 927 0050 19       		.uleb128 0x19
 928 0051 02       		.uleb128 0x2
 929 0052 18       		.uleb128 0x18
 930 0053 00       		.byte	0
 931 0054 00       		.byte	0
 932 0055 08       		.uleb128 0x8
 933 0056 26       		.uleb128 0x26
 934 0057 00       		.byte	0
 935 0058 49       		.uleb128 0x49
 936 0059 13       		.uleb128 0x13
 937 005a 00       		.byte	0
 938 005b 00       		.byte	0
 939 005c 09       		.uleb128 0x9
 940 005d 21       		.uleb128 0x21
 941 005e 00       		.byte	0
 942 005f 49       		.uleb128 0x49
 943 0060 13       		.uleb128 0x13
 944 0061 2F       		.uleb128 0x2f
 945 0062 0B       		.uleb128 0xb
 946 0063 00       		.byte	0
 947 0064 00       		.byte	0
 948 0065 00       		.byte	0
 949              		.section	.debug_aranges,"",%progbits
 950 0000 14000000 		.4byte	0x14
 951 0004 0200     		.2byte	0x2
 952 0006 00000000 		.4byte	.Ldebug_info0
 953 000a 04       		.byte	0x4
 954 000b 00       		.byte	0
 955 000c 0000     		.2byte	0
 956 000e 0000     		.2byte	0
 957 0010 00000000 		.4byte	0
 958 0014 00000000 		.4byte	0
 959              		.section	.debug_line,"",%progbits
 960              	.Ldebug_line0:
 961 0000 4D000000 		.section	.debug_str,"MS",%progbits,1
 961      02004700 
 961      00000201 
 961      FB0E0D00 
 961      01010101 
ARM GAS  C:\Users\JOSANT~1\AppData\Local\Temp\ccFj0jXh.s 			page 18


 962              	.LASF20:
 963 0000 433A5C50 		.ascii	"C:\\Practicas\\PracticasDSECompleto\\Practica1Parte"
 963      72616374 
 963      69636173 
 963      5C507261 
 963      63746963 
 964 0030 332E6379 		.ascii	"3.cydsn\000"
 964      64736E00 
 965              	.LASF17:
 966 0038 63795F6D 		.ascii	"cy_metadata\000"
 966      65746164 
 966      61746100 
 967              	.LASF9:
 968 0044 666C6F61 		.ascii	"float\000"
 968      7400
 969              	.LASF1:
 970 004a 756E7369 		.ascii	"unsigned char\000"
 970      676E6564 
 970      20636861 
 970      7200
 971              	.LASF5:
 972 0058 6C6F6E67 		.ascii	"long unsigned int\000"
 972      20756E73 
 972      69676E65 
 972      6420696E 
 972      7400
 973              	.LASF3:
 974 006a 73686F72 		.ascii	"short unsigned int\000"
 974      7420756E 
 974      7369676E 
 974      65642069 
 974      6E7400
 975              	.LASF10:
 976 007d 646F7562 		.ascii	"double\000"
 976      6C6500
 977              	.LASF14:
 978 0084 63795F6D 		.ascii	"cy_meta_custnvl\000"
 978      6574615F 
 978      63757374 
 978      6E766C00 
 979              	.LASF13:
 980 0094 63795F6D 		.ascii	"cy_meta_configecc\000"
 980      6574615F 
 980      636F6E66 
 980      69676563 
 980      6300
 981              	.LASF18:
 982 00a6 474E5520 		.ascii	"GNU C 4.9.3 20150303 (release) [ARM/embedded-4_9-br"
 982      4320342E 
 982      392E3320 
 982      32303135 
 982      30333033 
 983 00d9 616E6368 		.ascii	"anch revision 221220] -mcpu=cortex-m3 -mthumb -g -O"
 983      20726576 
 983      6973696F 
 983      6E203232 
 983      31323230 
ARM GAS  C:\Users\JOSANT~1\AppData\Local\Temp\ccFj0jXh.s 			page 19


 984 010c 67202D66 		.ascii	"g -ffunction-sections -ffat-lto-objects\000"
 984      66756E63 
 984      74696F6E 
 984      2D736563 
 984      74696F6E 
 985              	.LASF8:
 986 0134 756E7369 		.ascii	"unsigned int\000"
 986      676E6564 
 986      20696E74 
 986      00
 987              	.LASF7:
 988 0141 6C6F6E67 		.ascii	"long long unsigned int\000"
 988      206C6F6E 
 988      6720756E 
 988      7369676E 
 988      65642069 
 989              	.LASF16:
 990 0158 63795F6D 		.ascii	"cy_meta_flashprotect\000"
 990      6574615F 
 990      666C6173 
 990      6870726F 
 990      74656374 
 991              	.LASF15:
 992 016d 63795F6D 		.ascii	"cy_meta_wonvl\000"
 992      6574615F 
 992      776F6E76 
 992      6C00
 993              	.LASF12:
 994 017b 73697A65 		.ascii	"sizetype\000"
 994      74797065 
 994      00
 995              	.LASF6:
 996 0184 6C6F6E67 		.ascii	"long long int\000"
 996      206C6F6E 
 996      6720696E 
 996      7400
 997              	.LASF11:
 998 0192 63686172 		.ascii	"char\000"
 998      00
 999              	.LASF2:
 1000 0197 73686F72 		.ascii	"short int\000"
 1000      7420696E 
 1000      7400
 1001              	.LASF21:
 1002 01a1 75696E74 		.ascii	"uint8\000"
 1002      3800
 1003              	.LASF4:
 1004 01a7 6C6F6E67 		.ascii	"long int\000"
 1004      20696E74 
 1004      00
 1005              	.LASF0:
 1006 01b0 7369676E 		.ascii	"signed char\000"
 1006      65642063 
 1006      68617200 
 1007              	.LASF19:
 1008 01bc 47656E65 		.ascii	"Generated_Source\\PSoC5\\cymetadata.c\000"
 1008      72617465 
ARM GAS  C:\Users\JOSANT~1\AppData\Local\Temp\ccFj0jXh.s 			page 20


 1008      645F536F 
 1008      75726365 
 1008      5C50536F 
 1009              		.ident	"GCC: (GNU Tools for ARM Embedded Processors) 4.9.3 20150303 (release) [ARM/embedded-4_9-br
