ARM GAS  C:\Users\JOSANT~1\AppData\Local\Temp\cc5q5Ooe.s 			page 1


   1              		.syntax unified
   2              		.cpu cortex-m3
   3              		.fpu softvfp
   4              		.eabi_attribute 20, 1
   5              		.eabi_attribute 21, 1
   6              		.eabi_attribute 23, 3
   7              		.eabi_attribute 24, 1
   8              		.eabi_attribute 25, 1
   9              		.eabi_attribute 26, 1
  10              		.eabi_attribute 30, 1
  11              		.eabi_attribute 34, 1
  12              		.eabi_attribute 18, 4
  13              		.thumb
  14              		.file	"interrupcionDelPWM.c"
  15              		.text
  16              	.Ltext0:
  17              		.cfi_sections	.debug_frame
  18              		.section	.text.interrupcionDelPWM_SetVector,"ax",%progbits
  19              		.align	2
  20              		.global	interrupcionDelPWM_SetVector
  21              		.thumb
  22              		.thumb_func
  23              		.type	interrupcionDelPWM_SetVector, %function
  24              	interrupcionDelPWM_SetVector:
  25              	.LFB3:
  26              		.file 1 "Generated_Source\\PSoC5\\interrupcionDelPWM.c"
   1:Generated_Source\PSoC5/interrupcionDelPWM.c **** /*******************************************************************************
   2:Generated_Source\PSoC5/interrupcionDelPWM.c **** * File Name: interrupcionDelPWM.c  
   3:Generated_Source\PSoC5/interrupcionDelPWM.c **** * Version 1.70
   4:Generated_Source\PSoC5/interrupcionDelPWM.c **** *
   5:Generated_Source\PSoC5/interrupcionDelPWM.c **** *  Description:
   6:Generated_Source\PSoC5/interrupcionDelPWM.c **** *   API for controlling the state of an interrupt.
   7:Generated_Source\PSoC5/interrupcionDelPWM.c **** *
   8:Generated_Source\PSoC5/interrupcionDelPWM.c **** *
   9:Generated_Source\PSoC5/interrupcionDelPWM.c **** *  Note:
  10:Generated_Source\PSoC5/interrupcionDelPWM.c **** *
  11:Generated_Source\PSoC5/interrupcionDelPWM.c **** ********************************************************************************
  12:Generated_Source\PSoC5/interrupcionDelPWM.c **** * Copyright 2008-2015, Cypress Semiconductor Corporation.  All rights reserved.
  13:Generated_Source\PSoC5/interrupcionDelPWM.c **** * You may use this file only in accordance with the license, terms, conditions, 
  14:Generated_Source\PSoC5/interrupcionDelPWM.c **** * disclaimers, and limitations in the end user license agreement accompanying 
  15:Generated_Source\PSoC5/interrupcionDelPWM.c **** * the software package with which this file was provided.
  16:Generated_Source\PSoC5/interrupcionDelPWM.c **** *******************************************************************************/
  17:Generated_Source\PSoC5/interrupcionDelPWM.c **** 
  18:Generated_Source\PSoC5/interrupcionDelPWM.c **** 
  19:Generated_Source\PSoC5/interrupcionDelPWM.c **** #include <cydevice_trm.h>
  20:Generated_Source\PSoC5/interrupcionDelPWM.c **** #include <CyLib.h>
  21:Generated_Source\PSoC5/interrupcionDelPWM.c **** #include <interrupcionDelPWM.h>
  22:Generated_Source\PSoC5/interrupcionDelPWM.c **** #include "cyapicallbacks.h"
  23:Generated_Source\PSoC5/interrupcionDelPWM.c **** 
  24:Generated_Source\PSoC5/interrupcionDelPWM.c **** #if !defined(interrupcionDelPWM__REMOVED) /* Check for removal by optimization */
  25:Generated_Source\PSoC5/interrupcionDelPWM.c **** 
  26:Generated_Source\PSoC5/interrupcionDelPWM.c **** /*******************************************************************************
  27:Generated_Source\PSoC5/interrupcionDelPWM.c **** *  Place your includes, defines and code here 
  28:Generated_Source\PSoC5/interrupcionDelPWM.c **** ********************************************************************************/
  29:Generated_Source\PSoC5/interrupcionDelPWM.c **** /* `#START interrupcionDelPWM_intc` */
  30:Generated_Source\PSoC5/interrupcionDelPWM.c **** 
  31:Generated_Source\PSoC5/interrupcionDelPWM.c **** /* `#END` */
ARM GAS  C:\Users\JOSANT~1\AppData\Local\Temp\cc5q5Ooe.s 			page 2


  32:Generated_Source\PSoC5/interrupcionDelPWM.c **** 
  33:Generated_Source\PSoC5/interrupcionDelPWM.c **** #ifndef CYINT_IRQ_BASE
  34:Generated_Source\PSoC5/interrupcionDelPWM.c **** #define CYINT_IRQ_BASE      16
  35:Generated_Source\PSoC5/interrupcionDelPWM.c **** #endif /* CYINT_IRQ_BASE */
  36:Generated_Source\PSoC5/interrupcionDelPWM.c **** #ifndef CYINT_VECT_TABLE
  37:Generated_Source\PSoC5/interrupcionDelPWM.c **** #define CYINT_VECT_TABLE    ((cyisraddress **) CYREG_NVIC_VECT_OFFSET)
  38:Generated_Source\PSoC5/interrupcionDelPWM.c **** #endif /* CYINT_VECT_TABLE */
  39:Generated_Source\PSoC5/interrupcionDelPWM.c **** 
  40:Generated_Source\PSoC5/interrupcionDelPWM.c **** /* Declared in startup, used to set unused interrupts to. */
  41:Generated_Source\PSoC5/interrupcionDelPWM.c **** CY_ISR_PROTO(IntDefaultHandler);
  42:Generated_Source\PSoC5/interrupcionDelPWM.c **** 
  43:Generated_Source\PSoC5/interrupcionDelPWM.c **** 
  44:Generated_Source\PSoC5/interrupcionDelPWM.c **** /*******************************************************************************
  45:Generated_Source\PSoC5/interrupcionDelPWM.c **** * Function Name: interrupcionDelPWM_Start
  46:Generated_Source\PSoC5/interrupcionDelPWM.c **** ********************************************************************************
  47:Generated_Source\PSoC5/interrupcionDelPWM.c **** *
  48:Generated_Source\PSoC5/interrupcionDelPWM.c **** * Summary:
  49:Generated_Source\PSoC5/interrupcionDelPWM.c **** *  Set up the interrupt and enable it. This function disables the interrupt, 
  50:Generated_Source\PSoC5/interrupcionDelPWM.c **** *  sets the default interrupt vector, sets the priority from the value in the
  51:Generated_Source\PSoC5/interrupcionDelPWM.c **** *  Design Wide Resources Interrupt Editor, then enables the interrupt to the 
  52:Generated_Source\PSoC5/interrupcionDelPWM.c **** *  interrupt controller.
  53:Generated_Source\PSoC5/interrupcionDelPWM.c **** *
  54:Generated_Source\PSoC5/interrupcionDelPWM.c **** * Parameters:  
  55:Generated_Source\PSoC5/interrupcionDelPWM.c **** *   None
  56:Generated_Source\PSoC5/interrupcionDelPWM.c **** *
  57:Generated_Source\PSoC5/interrupcionDelPWM.c **** * Return:
  58:Generated_Source\PSoC5/interrupcionDelPWM.c **** *   None
  59:Generated_Source\PSoC5/interrupcionDelPWM.c **** *
  60:Generated_Source\PSoC5/interrupcionDelPWM.c **** *******************************************************************************/
  61:Generated_Source\PSoC5/interrupcionDelPWM.c **** void interrupcionDelPWM_Start(void)
  62:Generated_Source\PSoC5/interrupcionDelPWM.c **** {
  63:Generated_Source\PSoC5/interrupcionDelPWM.c ****     /* For all we know the interrupt is active. */
  64:Generated_Source\PSoC5/interrupcionDelPWM.c ****     interrupcionDelPWM_Disable();
  65:Generated_Source\PSoC5/interrupcionDelPWM.c **** 
  66:Generated_Source\PSoC5/interrupcionDelPWM.c ****     /* Set the ISR to point to the interrupcionDelPWM Interrupt. */
  67:Generated_Source\PSoC5/interrupcionDelPWM.c ****     interrupcionDelPWM_SetVector(&interrupcionDelPWM_Interrupt);
  68:Generated_Source\PSoC5/interrupcionDelPWM.c **** 
  69:Generated_Source\PSoC5/interrupcionDelPWM.c ****     /* Set the priority. */
  70:Generated_Source\PSoC5/interrupcionDelPWM.c ****     interrupcionDelPWM_SetPriority((uint8)interrupcionDelPWM_INTC_PRIOR_NUMBER);
  71:Generated_Source\PSoC5/interrupcionDelPWM.c **** 
  72:Generated_Source\PSoC5/interrupcionDelPWM.c ****     /* Enable it. */
  73:Generated_Source\PSoC5/interrupcionDelPWM.c ****     interrupcionDelPWM_Enable();
  74:Generated_Source\PSoC5/interrupcionDelPWM.c **** }
  75:Generated_Source\PSoC5/interrupcionDelPWM.c **** 
  76:Generated_Source\PSoC5/interrupcionDelPWM.c **** 
  77:Generated_Source\PSoC5/interrupcionDelPWM.c **** /*******************************************************************************
  78:Generated_Source\PSoC5/interrupcionDelPWM.c **** * Function Name: interrupcionDelPWM_StartEx
  79:Generated_Source\PSoC5/interrupcionDelPWM.c **** ********************************************************************************
  80:Generated_Source\PSoC5/interrupcionDelPWM.c **** *
  81:Generated_Source\PSoC5/interrupcionDelPWM.c **** * Summary:
  82:Generated_Source\PSoC5/interrupcionDelPWM.c **** *  Sets up the interrupt and enables it. This function disables the interrupt,
  83:Generated_Source\PSoC5/interrupcionDelPWM.c **** *  sets the interrupt vector based on the address passed in, sets the priority 
  84:Generated_Source\PSoC5/interrupcionDelPWM.c **** *  from the value in the Design Wide Resources Interrupt Editor, then enables 
  85:Generated_Source\PSoC5/interrupcionDelPWM.c **** *  the interrupt to the interrupt controller.
  86:Generated_Source\PSoC5/interrupcionDelPWM.c **** *  
  87:Generated_Source\PSoC5/interrupcionDelPWM.c **** *  When defining ISR functions, the CY_ISR and CY_ISR_PROTO macros should be 
  88:Generated_Source\PSoC5/interrupcionDelPWM.c **** *  used to provide consistent definition across compilers:
ARM GAS  C:\Users\JOSANT~1\AppData\Local\Temp\cc5q5Ooe.s 			page 3


  89:Generated_Source\PSoC5/interrupcionDelPWM.c **** *  
  90:Generated_Source\PSoC5/interrupcionDelPWM.c **** *  Function definition example:
  91:Generated_Source\PSoC5/interrupcionDelPWM.c **** *   CY_ISR(MyISR)
  92:Generated_Source\PSoC5/interrupcionDelPWM.c **** *   {
  93:Generated_Source\PSoC5/interrupcionDelPWM.c **** *   }
  94:Generated_Source\PSoC5/interrupcionDelPWM.c **** *   Function prototype example:
  95:Generated_Source\PSoC5/interrupcionDelPWM.c **** *   CY_ISR_PROTO(MyISR);
  96:Generated_Source\PSoC5/interrupcionDelPWM.c **** *
  97:Generated_Source\PSoC5/interrupcionDelPWM.c **** * Parameters:  
  98:Generated_Source\PSoC5/interrupcionDelPWM.c **** *   address: Address of the ISR to set in the interrupt vector table.
  99:Generated_Source\PSoC5/interrupcionDelPWM.c **** *
 100:Generated_Source\PSoC5/interrupcionDelPWM.c **** * Return:
 101:Generated_Source\PSoC5/interrupcionDelPWM.c **** *   None
 102:Generated_Source\PSoC5/interrupcionDelPWM.c **** *
 103:Generated_Source\PSoC5/interrupcionDelPWM.c **** *******************************************************************************/
 104:Generated_Source\PSoC5/interrupcionDelPWM.c **** void interrupcionDelPWM_StartEx(cyisraddress address)
 105:Generated_Source\PSoC5/interrupcionDelPWM.c **** {
 106:Generated_Source\PSoC5/interrupcionDelPWM.c ****     /* For all we know the interrupt is active. */
 107:Generated_Source\PSoC5/interrupcionDelPWM.c ****     interrupcionDelPWM_Disable();
 108:Generated_Source\PSoC5/interrupcionDelPWM.c **** 
 109:Generated_Source\PSoC5/interrupcionDelPWM.c ****     /* Set the ISR to point to the interrupcionDelPWM Interrupt. */
 110:Generated_Source\PSoC5/interrupcionDelPWM.c ****     interrupcionDelPWM_SetVector(address);
 111:Generated_Source\PSoC5/interrupcionDelPWM.c **** 
 112:Generated_Source\PSoC5/interrupcionDelPWM.c ****     /* Set the priority. */
 113:Generated_Source\PSoC5/interrupcionDelPWM.c ****     interrupcionDelPWM_SetPriority((uint8)interrupcionDelPWM_INTC_PRIOR_NUMBER);
 114:Generated_Source\PSoC5/interrupcionDelPWM.c **** 
 115:Generated_Source\PSoC5/interrupcionDelPWM.c ****     /* Enable it. */
 116:Generated_Source\PSoC5/interrupcionDelPWM.c ****     interrupcionDelPWM_Enable();
 117:Generated_Source\PSoC5/interrupcionDelPWM.c **** }
 118:Generated_Source\PSoC5/interrupcionDelPWM.c **** 
 119:Generated_Source\PSoC5/interrupcionDelPWM.c **** 
 120:Generated_Source\PSoC5/interrupcionDelPWM.c **** /*******************************************************************************
 121:Generated_Source\PSoC5/interrupcionDelPWM.c **** * Function Name: interrupcionDelPWM_Stop
 122:Generated_Source\PSoC5/interrupcionDelPWM.c **** ********************************************************************************
 123:Generated_Source\PSoC5/interrupcionDelPWM.c **** *
 124:Generated_Source\PSoC5/interrupcionDelPWM.c **** * Summary:
 125:Generated_Source\PSoC5/interrupcionDelPWM.c **** *   Disables and removes the interrupt.
 126:Generated_Source\PSoC5/interrupcionDelPWM.c **** *
 127:Generated_Source\PSoC5/interrupcionDelPWM.c **** * Parameters:  
 128:Generated_Source\PSoC5/interrupcionDelPWM.c **** *   None
 129:Generated_Source\PSoC5/interrupcionDelPWM.c **** *
 130:Generated_Source\PSoC5/interrupcionDelPWM.c **** * Return:
 131:Generated_Source\PSoC5/interrupcionDelPWM.c **** *   None
 132:Generated_Source\PSoC5/interrupcionDelPWM.c **** *
 133:Generated_Source\PSoC5/interrupcionDelPWM.c **** *******************************************************************************/
 134:Generated_Source\PSoC5/interrupcionDelPWM.c **** void interrupcionDelPWM_Stop(void)
 135:Generated_Source\PSoC5/interrupcionDelPWM.c **** {
 136:Generated_Source\PSoC5/interrupcionDelPWM.c ****     /* Disable this interrupt. */
 137:Generated_Source\PSoC5/interrupcionDelPWM.c ****     interrupcionDelPWM_Disable();
 138:Generated_Source\PSoC5/interrupcionDelPWM.c **** 
 139:Generated_Source\PSoC5/interrupcionDelPWM.c ****     /* Set the ISR to point to the passive one. */
 140:Generated_Source\PSoC5/interrupcionDelPWM.c ****     interrupcionDelPWM_SetVector(&IntDefaultHandler);
 141:Generated_Source\PSoC5/interrupcionDelPWM.c **** }
 142:Generated_Source\PSoC5/interrupcionDelPWM.c **** 
 143:Generated_Source\PSoC5/interrupcionDelPWM.c **** 
 144:Generated_Source\PSoC5/interrupcionDelPWM.c **** /*******************************************************************************
 145:Generated_Source\PSoC5/interrupcionDelPWM.c **** * Function Name: interrupcionDelPWM_Interrupt
ARM GAS  C:\Users\JOSANT~1\AppData\Local\Temp\cc5q5Ooe.s 			page 4


 146:Generated_Source\PSoC5/interrupcionDelPWM.c **** ********************************************************************************
 147:Generated_Source\PSoC5/interrupcionDelPWM.c **** *
 148:Generated_Source\PSoC5/interrupcionDelPWM.c **** * Summary:
 149:Generated_Source\PSoC5/interrupcionDelPWM.c **** *   The default Interrupt Service Routine for interrupcionDelPWM.
 150:Generated_Source\PSoC5/interrupcionDelPWM.c **** *
 151:Generated_Source\PSoC5/interrupcionDelPWM.c **** *   Add custom code between the coments to keep the next version of this file
 152:Generated_Source\PSoC5/interrupcionDelPWM.c **** *   from over writting your code.
 153:Generated_Source\PSoC5/interrupcionDelPWM.c **** *
 154:Generated_Source\PSoC5/interrupcionDelPWM.c **** * Parameters:  
 155:Generated_Source\PSoC5/interrupcionDelPWM.c **** *
 156:Generated_Source\PSoC5/interrupcionDelPWM.c **** * Return:
 157:Generated_Source\PSoC5/interrupcionDelPWM.c **** *   None
 158:Generated_Source\PSoC5/interrupcionDelPWM.c **** *
 159:Generated_Source\PSoC5/interrupcionDelPWM.c **** *******************************************************************************/
 160:Generated_Source\PSoC5/interrupcionDelPWM.c **** 
 161:Generated_Source\PSoC5/interrupcionDelPWM.c **** 
 162:Generated_Source\PSoC5/interrupcionDelPWM.c **** 
 163:Generated_Source\PSoC5/interrupcionDelPWM.c **** /*******************************************************************************
 164:Generated_Source\PSoC5/interrupcionDelPWM.c **** * Function Name: interrupcionDelPWM_SetVector
 165:Generated_Source\PSoC5/interrupcionDelPWM.c **** ********************************************************************************
 166:Generated_Source\PSoC5/interrupcionDelPWM.c **** *
 167:Generated_Source\PSoC5/interrupcionDelPWM.c **** * Summary:
 168:Generated_Source\PSoC5/interrupcionDelPWM.c **** *   Change the ISR vector for the Interrupt. Note calling interrupcionDelPWM_Start
 169:Generated_Source\PSoC5/interrupcionDelPWM.c **** *   will override any effect this method would have had. To set the vector 
 170:Generated_Source\PSoC5/interrupcionDelPWM.c **** *   before the component has been started use interrupcionDelPWM_StartEx instead.
 171:Generated_Source\PSoC5/interrupcionDelPWM.c **** * 
 172:Generated_Source\PSoC5/interrupcionDelPWM.c **** *   When defining ISR functions, the CY_ISR and CY_ISR_PROTO macros should be 
 173:Generated_Source\PSoC5/interrupcionDelPWM.c **** *   used to provide consistent definition across compilers:
 174:Generated_Source\PSoC5/interrupcionDelPWM.c **** *
 175:Generated_Source\PSoC5/interrupcionDelPWM.c **** *   Function definition example:
 176:Generated_Source\PSoC5/interrupcionDelPWM.c **** *   CY_ISR(MyISR)
 177:Generated_Source\PSoC5/interrupcionDelPWM.c **** *   {
 178:Generated_Source\PSoC5/interrupcionDelPWM.c **** *   }
 179:Generated_Source\PSoC5/interrupcionDelPWM.c **** *
 180:Generated_Source\PSoC5/interrupcionDelPWM.c **** *   Function prototype example:
 181:Generated_Source\PSoC5/interrupcionDelPWM.c **** *     CY_ISR_PROTO(MyISR);
 182:Generated_Source\PSoC5/interrupcionDelPWM.c **** *
 183:Generated_Source\PSoC5/interrupcionDelPWM.c **** * Parameters:
 184:Generated_Source\PSoC5/interrupcionDelPWM.c **** *   address: Address of the ISR to set in the interrupt vector table.
 185:Generated_Source\PSoC5/interrupcionDelPWM.c **** *
 186:Generated_Source\PSoC5/interrupcionDelPWM.c **** * Return:
 187:Generated_Source\PSoC5/interrupcionDelPWM.c **** *   None
 188:Generated_Source\PSoC5/interrupcionDelPWM.c **** *
 189:Generated_Source\PSoC5/interrupcionDelPWM.c **** *******************************************************************************/
 190:Generated_Source\PSoC5/interrupcionDelPWM.c **** void interrupcionDelPWM_SetVector(cyisraddress address)
 191:Generated_Source\PSoC5/interrupcionDelPWM.c **** {
  27              		.loc 1 191 0
  28              		.cfi_startproc
  29              		@ args = 0, pretend = 0, frame = 0
  30              		@ frame_needed = 0, uses_anonymous_args = 0
  31              		@ link register save eliminated.
  32              	.LVL0:
 192:Generated_Source\PSoC5/interrupcionDelPWM.c ****     cyisraddress * ramVectorTable;
 193:Generated_Source\PSoC5/interrupcionDelPWM.c **** 
 194:Generated_Source\PSoC5/interrupcionDelPWM.c ****     ramVectorTable = (cyisraddress *) *CYINT_VECT_TABLE;
  33              		.loc 1 194 0
  34 0000 014B     		ldr	r3, .L2
ARM GAS  C:\Users\JOSANT~1\AppData\Local\Temp\cc5q5Ooe.s 			page 5


  35 0002 1B68     		ldr	r3, [r3]
  36              	.LVL1:
 195:Generated_Source\PSoC5/interrupcionDelPWM.c **** 
 196:Generated_Source\PSoC5/interrupcionDelPWM.c ****     ramVectorTable[CYINT_IRQ_BASE + (uint32)interrupcionDelPWM__INTC_NUMBER] = address;
  37              		.loc 1 196 0
  38 0004 1864     		str	r0, [r3, #64]
  39 0006 7047     		bx	lr
  40              	.L3:
  41              		.align	2
  42              	.L2:
  43 0008 08ED00E0 		.word	-536810232
  44              		.cfi_endproc
  45              	.LFE3:
  46              		.size	interrupcionDelPWM_SetVector, .-interrupcionDelPWM_SetVector
  47              		.section	.text.interrupcionDelPWM_GetVector,"ax",%progbits
  48              		.align	2
  49              		.global	interrupcionDelPWM_GetVector
  50              		.thumb
  51              		.thumb_func
  52              		.type	interrupcionDelPWM_GetVector, %function
  53              	interrupcionDelPWM_GetVector:
  54              	.LFB4:
 197:Generated_Source\PSoC5/interrupcionDelPWM.c **** }
 198:Generated_Source\PSoC5/interrupcionDelPWM.c **** 
 199:Generated_Source\PSoC5/interrupcionDelPWM.c **** 
 200:Generated_Source\PSoC5/interrupcionDelPWM.c **** /*******************************************************************************
 201:Generated_Source\PSoC5/interrupcionDelPWM.c **** * Function Name: interrupcionDelPWM_GetVector
 202:Generated_Source\PSoC5/interrupcionDelPWM.c **** ********************************************************************************
 203:Generated_Source\PSoC5/interrupcionDelPWM.c **** *
 204:Generated_Source\PSoC5/interrupcionDelPWM.c **** * Summary:
 205:Generated_Source\PSoC5/interrupcionDelPWM.c **** *   Gets the "address" of the current ISR vector for the Interrupt.
 206:Generated_Source\PSoC5/interrupcionDelPWM.c **** *
 207:Generated_Source\PSoC5/interrupcionDelPWM.c **** * Parameters:
 208:Generated_Source\PSoC5/interrupcionDelPWM.c **** *   None
 209:Generated_Source\PSoC5/interrupcionDelPWM.c **** *
 210:Generated_Source\PSoC5/interrupcionDelPWM.c **** * Return:
 211:Generated_Source\PSoC5/interrupcionDelPWM.c **** *   Address of the ISR in the interrupt vector table.
 212:Generated_Source\PSoC5/interrupcionDelPWM.c **** *
 213:Generated_Source\PSoC5/interrupcionDelPWM.c **** *******************************************************************************/
 214:Generated_Source\PSoC5/interrupcionDelPWM.c **** cyisraddress interrupcionDelPWM_GetVector(void)
 215:Generated_Source\PSoC5/interrupcionDelPWM.c **** {
  55              		.loc 1 215 0
  56              		.cfi_startproc
  57              		@ args = 0, pretend = 0, frame = 0
  58              		@ frame_needed = 0, uses_anonymous_args = 0
  59              		@ link register save eliminated.
 216:Generated_Source\PSoC5/interrupcionDelPWM.c ****     cyisraddress * ramVectorTable;
 217:Generated_Source\PSoC5/interrupcionDelPWM.c **** 
 218:Generated_Source\PSoC5/interrupcionDelPWM.c ****     ramVectorTable = (cyisraddress *) *CYINT_VECT_TABLE;
  60              		.loc 1 218 0
  61 0000 014B     		ldr	r3, .L5
  62 0002 1B68     		ldr	r3, [r3]
  63              	.LVL2:
 219:Generated_Source\PSoC5/interrupcionDelPWM.c **** 
 220:Generated_Source\PSoC5/interrupcionDelPWM.c ****     return ramVectorTable[CYINT_IRQ_BASE + (uint32)interrupcionDelPWM__INTC_NUMBER];
 221:Generated_Source\PSoC5/interrupcionDelPWM.c **** }
  64              		.loc 1 221 0
ARM GAS  C:\Users\JOSANT~1\AppData\Local\Temp\cc5q5Ooe.s 			page 6


  65 0004 186C     		ldr	r0, [r3, #64]
  66 0006 7047     		bx	lr
  67              	.L6:
  68              		.align	2
  69              	.L5:
  70 0008 08ED00E0 		.word	-536810232
  71              		.cfi_endproc
  72              	.LFE4:
  73              		.size	interrupcionDelPWM_GetVector, .-interrupcionDelPWM_GetVector
  74              		.section	.text.interrupcionDelPWM_SetPriority,"ax",%progbits
  75              		.align	2
  76              		.global	interrupcionDelPWM_SetPriority
  77              		.thumb
  78              		.thumb_func
  79              		.type	interrupcionDelPWM_SetPriority, %function
  80              	interrupcionDelPWM_SetPriority:
  81              	.LFB5:
 222:Generated_Source\PSoC5/interrupcionDelPWM.c **** 
 223:Generated_Source\PSoC5/interrupcionDelPWM.c **** 
 224:Generated_Source\PSoC5/interrupcionDelPWM.c **** /*******************************************************************************
 225:Generated_Source\PSoC5/interrupcionDelPWM.c **** * Function Name: interrupcionDelPWM_SetPriority
 226:Generated_Source\PSoC5/interrupcionDelPWM.c **** ********************************************************************************
 227:Generated_Source\PSoC5/interrupcionDelPWM.c **** *
 228:Generated_Source\PSoC5/interrupcionDelPWM.c **** * Summary:
 229:Generated_Source\PSoC5/interrupcionDelPWM.c **** *   Sets the Priority of the Interrupt. 
 230:Generated_Source\PSoC5/interrupcionDelPWM.c **** *
 231:Generated_Source\PSoC5/interrupcionDelPWM.c **** *   Note calling interrupcionDelPWM_Start or interrupcionDelPWM_StartEx will 
 232:Generated_Source\PSoC5/interrupcionDelPWM.c **** *   override any effect this API would have had. This API should only be called
 233:Generated_Source\PSoC5/interrupcionDelPWM.c **** *   after interrupcionDelPWM_Start or interrupcionDelPWM_StartEx has been called. 
 234:Generated_Source\PSoC5/interrupcionDelPWM.c **** *   To set the initial priority for the component, use the Design-Wide Resources
 235:Generated_Source\PSoC5/interrupcionDelPWM.c **** *   Interrupt Editor.
 236:Generated_Source\PSoC5/interrupcionDelPWM.c **** *
 237:Generated_Source\PSoC5/interrupcionDelPWM.c **** *   Note This API has no effect on Non-maskable interrupt NMI).
 238:Generated_Source\PSoC5/interrupcionDelPWM.c **** *
 239:Generated_Source\PSoC5/interrupcionDelPWM.c **** * Parameters:
 240:Generated_Source\PSoC5/interrupcionDelPWM.c **** *   priority: Priority of the interrupt, 0 being the highest priority
 241:Generated_Source\PSoC5/interrupcionDelPWM.c **** *             PSoC 3 and PSoC 5LP: Priority is from 0 to 7.
 242:Generated_Source\PSoC5/interrupcionDelPWM.c **** *             PSoC 4: Priority is from 0 to 3.
 243:Generated_Source\PSoC5/interrupcionDelPWM.c **** *
 244:Generated_Source\PSoC5/interrupcionDelPWM.c **** * Return:
 245:Generated_Source\PSoC5/interrupcionDelPWM.c **** *   None
 246:Generated_Source\PSoC5/interrupcionDelPWM.c **** *
 247:Generated_Source\PSoC5/interrupcionDelPWM.c **** *******************************************************************************/
 248:Generated_Source\PSoC5/interrupcionDelPWM.c **** void interrupcionDelPWM_SetPriority(uint8 priority)
 249:Generated_Source\PSoC5/interrupcionDelPWM.c **** {
  82              		.loc 1 249 0
  83              		.cfi_startproc
  84              		@ args = 0, pretend = 0, frame = 0
  85              		@ frame_needed = 0, uses_anonymous_args = 0
  86              		@ link register save eliminated.
  87              	.LVL3:
 250:Generated_Source\PSoC5/interrupcionDelPWM.c ****     *interrupcionDelPWM_INTC_PRIOR = priority << 5;
  88              		.loc 1 250 0
  89 0000 4001     		lsls	r0, r0, #5
  90              	.LVL4:
  91 0002 C0B2     		uxtb	r0, r0
  92 0004 014B     		ldr	r3, .L8
ARM GAS  C:\Users\JOSANT~1\AppData\Local\Temp\cc5q5Ooe.s 			page 7


  93 0006 1870     		strb	r0, [r3]
  94 0008 7047     		bx	lr
  95              	.L9:
  96 000a 00BF     		.align	2
  97              	.L8:
  98 000c 00E400E0 		.word	-536812544
  99              		.cfi_endproc
 100              	.LFE5:
 101              		.size	interrupcionDelPWM_SetPriority, .-interrupcionDelPWM_SetPriority
 102              		.section	.text.interrupcionDelPWM_GetPriority,"ax",%progbits
 103              		.align	2
 104              		.global	interrupcionDelPWM_GetPriority
 105              		.thumb
 106              		.thumb_func
 107              		.type	interrupcionDelPWM_GetPriority, %function
 108              	interrupcionDelPWM_GetPriority:
 109              	.LFB6:
 251:Generated_Source\PSoC5/interrupcionDelPWM.c **** }
 252:Generated_Source\PSoC5/interrupcionDelPWM.c **** 
 253:Generated_Source\PSoC5/interrupcionDelPWM.c **** 
 254:Generated_Source\PSoC5/interrupcionDelPWM.c **** /*******************************************************************************
 255:Generated_Source\PSoC5/interrupcionDelPWM.c **** * Function Name: interrupcionDelPWM_GetPriority
 256:Generated_Source\PSoC5/interrupcionDelPWM.c **** ********************************************************************************
 257:Generated_Source\PSoC5/interrupcionDelPWM.c **** *
 258:Generated_Source\PSoC5/interrupcionDelPWM.c **** * Summary:
 259:Generated_Source\PSoC5/interrupcionDelPWM.c **** *   Gets the Priority of the Interrupt.
 260:Generated_Source\PSoC5/interrupcionDelPWM.c **** *
 261:Generated_Source\PSoC5/interrupcionDelPWM.c **** * Parameters:
 262:Generated_Source\PSoC5/interrupcionDelPWM.c **** *   None
 263:Generated_Source\PSoC5/interrupcionDelPWM.c **** *
 264:Generated_Source\PSoC5/interrupcionDelPWM.c **** * Return:
 265:Generated_Source\PSoC5/interrupcionDelPWM.c **** *   Priority of the interrupt, 0 being the highest priority
 266:Generated_Source\PSoC5/interrupcionDelPWM.c **** *    PSoC 3 and PSoC 5LP: Priority is from 0 to 7.
 267:Generated_Source\PSoC5/interrupcionDelPWM.c **** *    PSoC 4: Priority is from 0 to 3.
 268:Generated_Source\PSoC5/interrupcionDelPWM.c **** *
 269:Generated_Source\PSoC5/interrupcionDelPWM.c **** *******************************************************************************/
 270:Generated_Source\PSoC5/interrupcionDelPWM.c **** uint8 interrupcionDelPWM_GetPriority(void)
 271:Generated_Source\PSoC5/interrupcionDelPWM.c **** {
 110              		.loc 1 271 0
 111              		.cfi_startproc
 112              		@ args = 0, pretend = 0, frame = 0
 113              		@ frame_needed = 0, uses_anonymous_args = 0
 114              		@ link register save eliminated.
 272:Generated_Source\PSoC5/interrupcionDelPWM.c ****     uint8 priority;
 273:Generated_Source\PSoC5/interrupcionDelPWM.c **** 
 274:Generated_Source\PSoC5/interrupcionDelPWM.c **** 
 275:Generated_Source\PSoC5/interrupcionDelPWM.c ****     priority = *interrupcionDelPWM_INTC_PRIOR >> 5;
 115              		.loc 1 275 0
 116 0000 014B     		ldr	r3, .L11
 117 0002 1878     		ldrb	r0, [r3]	@ zero_extendqisi2
 118              	.LVL5:
 276:Generated_Source\PSoC5/interrupcionDelPWM.c **** 
 277:Generated_Source\PSoC5/interrupcionDelPWM.c ****     return priority;
 278:Generated_Source\PSoC5/interrupcionDelPWM.c **** }
 119              		.loc 1 278 0
 120 0004 4009     		lsrs	r0, r0, #5
 121              	.LVL6:
ARM GAS  C:\Users\JOSANT~1\AppData\Local\Temp\cc5q5Ooe.s 			page 8


 122 0006 7047     		bx	lr
 123              	.L12:
 124              		.align	2
 125              	.L11:
 126 0008 00E400E0 		.word	-536812544
 127              		.cfi_endproc
 128              	.LFE6:
 129              		.size	interrupcionDelPWM_GetPriority, .-interrupcionDelPWM_GetPriority
 130              		.section	.text.interrupcionDelPWM_Enable,"ax",%progbits
 131              		.align	2
 132              		.global	interrupcionDelPWM_Enable
 133              		.thumb
 134              		.thumb_func
 135              		.type	interrupcionDelPWM_Enable, %function
 136              	interrupcionDelPWM_Enable:
 137              	.LFB7:
 279:Generated_Source\PSoC5/interrupcionDelPWM.c **** 
 280:Generated_Source\PSoC5/interrupcionDelPWM.c **** 
 281:Generated_Source\PSoC5/interrupcionDelPWM.c **** /*******************************************************************************
 282:Generated_Source\PSoC5/interrupcionDelPWM.c **** * Function Name: interrupcionDelPWM_Enable
 283:Generated_Source\PSoC5/interrupcionDelPWM.c **** ********************************************************************************
 284:Generated_Source\PSoC5/interrupcionDelPWM.c **** *
 285:Generated_Source\PSoC5/interrupcionDelPWM.c **** * Summary:
 286:Generated_Source\PSoC5/interrupcionDelPWM.c **** *   Enables the interrupt to the interrupt controller. Do not call this function
 287:Generated_Source\PSoC5/interrupcionDelPWM.c **** *   unless ISR_Start() has been called or the functionality of the ISR_Start() 
 288:Generated_Source\PSoC5/interrupcionDelPWM.c **** *   function, which sets the vector and the priority, has been called.
 289:Generated_Source\PSoC5/interrupcionDelPWM.c **** *
 290:Generated_Source\PSoC5/interrupcionDelPWM.c **** * Parameters:
 291:Generated_Source\PSoC5/interrupcionDelPWM.c **** *   None
 292:Generated_Source\PSoC5/interrupcionDelPWM.c **** *
 293:Generated_Source\PSoC5/interrupcionDelPWM.c **** * Return:
 294:Generated_Source\PSoC5/interrupcionDelPWM.c **** *   None
 295:Generated_Source\PSoC5/interrupcionDelPWM.c **** *
 296:Generated_Source\PSoC5/interrupcionDelPWM.c **** *******************************************************************************/
 297:Generated_Source\PSoC5/interrupcionDelPWM.c **** void interrupcionDelPWM_Enable(void)
 298:Generated_Source\PSoC5/interrupcionDelPWM.c **** {
 138              		.loc 1 298 0
 139              		.cfi_startproc
 140              		@ args = 0, pretend = 0, frame = 0
 141              		@ frame_needed = 0, uses_anonymous_args = 0
 142              		@ link register save eliminated.
 299:Generated_Source\PSoC5/interrupcionDelPWM.c ****     /* Enable the general interrupt. */
 300:Generated_Source\PSoC5/interrupcionDelPWM.c ****     *interrupcionDelPWM_INTC_SET_EN = interrupcionDelPWM__INTC_MASK;
 143              		.loc 1 300 0
 144 0000 0122     		movs	r2, #1
 145 0002 014B     		ldr	r3, .L14
 146 0004 1A60     		str	r2, [r3]
 147 0006 7047     		bx	lr
 148              	.L15:
 149              		.align	2
 150              	.L14:
 151 0008 00E100E0 		.word	-536813312
 152              		.cfi_endproc
 153              	.LFE7:
 154              		.size	interrupcionDelPWM_Enable, .-interrupcionDelPWM_Enable
 155              		.section	.text.interrupcionDelPWM_GetState,"ax",%progbits
 156              		.align	2
ARM GAS  C:\Users\JOSANT~1\AppData\Local\Temp\cc5q5Ooe.s 			page 9


 157              		.global	interrupcionDelPWM_GetState
 158              		.thumb
 159              		.thumb_func
 160              		.type	interrupcionDelPWM_GetState, %function
 161              	interrupcionDelPWM_GetState:
 162              	.LFB8:
 301:Generated_Source\PSoC5/interrupcionDelPWM.c **** }
 302:Generated_Source\PSoC5/interrupcionDelPWM.c **** 
 303:Generated_Source\PSoC5/interrupcionDelPWM.c **** 
 304:Generated_Source\PSoC5/interrupcionDelPWM.c **** /*******************************************************************************
 305:Generated_Source\PSoC5/interrupcionDelPWM.c **** * Function Name: interrupcionDelPWM_GetState
 306:Generated_Source\PSoC5/interrupcionDelPWM.c **** ********************************************************************************
 307:Generated_Source\PSoC5/interrupcionDelPWM.c **** *
 308:Generated_Source\PSoC5/interrupcionDelPWM.c **** * Summary:
 309:Generated_Source\PSoC5/interrupcionDelPWM.c **** *   Gets the state (enabled, disabled) of the Interrupt.
 310:Generated_Source\PSoC5/interrupcionDelPWM.c **** *
 311:Generated_Source\PSoC5/interrupcionDelPWM.c **** * Parameters:
 312:Generated_Source\PSoC5/interrupcionDelPWM.c **** *   None
 313:Generated_Source\PSoC5/interrupcionDelPWM.c **** *
 314:Generated_Source\PSoC5/interrupcionDelPWM.c **** * Return:
 315:Generated_Source\PSoC5/interrupcionDelPWM.c **** *   1 if enabled, 0 if disabled.
 316:Generated_Source\PSoC5/interrupcionDelPWM.c **** *
 317:Generated_Source\PSoC5/interrupcionDelPWM.c **** *******************************************************************************/
 318:Generated_Source\PSoC5/interrupcionDelPWM.c **** uint8 interrupcionDelPWM_GetState(void)
 319:Generated_Source\PSoC5/interrupcionDelPWM.c **** {
 163              		.loc 1 319 0
 164              		.cfi_startproc
 165              		@ args = 0, pretend = 0, frame = 0
 166              		@ frame_needed = 0, uses_anonymous_args = 0
 167              		@ link register save eliminated.
 320:Generated_Source\PSoC5/interrupcionDelPWM.c ****     /* Get the state of the general interrupt. */
 321:Generated_Source\PSoC5/interrupcionDelPWM.c ****     return ((*interrupcionDelPWM_INTC_SET_EN & (uint32)interrupcionDelPWM__INTC_MASK) != 0u) ? 1u:0
 168              		.loc 1 321 0
 169 0000 024B     		ldr	r3, .L17
 170 0002 1868     		ldr	r0, [r3]
 322:Generated_Source\PSoC5/interrupcionDelPWM.c **** }
 171              		.loc 1 322 0
 172 0004 00F00100 		and	r0, r0, #1
 173 0008 7047     		bx	lr
 174              	.L18:
 175 000a 00BF     		.align	2
 176              	.L17:
 177 000c 00E100E0 		.word	-536813312
 178              		.cfi_endproc
 179              	.LFE8:
 180              		.size	interrupcionDelPWM_GetState, .-interrupcionDelPWM_GetState
 181              		.section	.text.interrupcionDelPWM_Disable,"ax",%progbits
 182              		.align	2
 183              		.global	interrupcionDelPWM_Disable
 184              		.thumb
 185              		.thumb_func
 186              		.type	interrupcionDelPWM_Disable, %function
 187              	interrupcionDelPWM_Disable:
 188              	.LFB9:
 323:Generated_Source\PSoC5/interrupcionDelPWM.c **** 
 324:Generated_Source\PSoC5/interrupcionDelPWM.c **** 
 325:Generated_Source\PSoC5/interrupcionDelPWM.c **** /*******************************************************************************
ARM GAS  C:\Users\JOSANT~1\AppData\Local\Temp\cc5q5Ooe.s 			page 10


 326:Generated_Source\PSoC5/interrupcionDelPWM.c **** * Function Name: interrupcionDelPWM_Disable
 327:Generated_Source\PSoC5/interrupcionDelPWM.c **** ********************************************************************************
 328:Generated_Source\PSoC5/interrupcionDelPWM.c **** *
 329:Generated_Source\PSoC5/interrupcionDelPWM.c **** * Summary:
 330:Generated_Source\PSoC5/interrupcionDelPWM.c **** *   Disables the Interrupt in the interrupt controller.
 331:Generated_Source\PSoC5/interrupcionDelPWM.c **** *
 332:Generated_Source\PSoC5/interrupcionDelPWM.c **** * Parameters:
 333:Generated_Source\PSoC5/interrupcionDelPWM.c **** *   None
 334:Generated_Source\PSoC5/interrupcionDelPWM.c **** *
 335:Generated_Source\PSoC5/interrupcionDelPWM.c **** * Return:
 336:Generated_Source\PSoC5/interrupcionDelPWM.c **** *   None
 337:Generated_Source\PSoC5/interrupcionDelPWM.c **** *
 338:Generated_Source\PSoC5/interrupcionDelPWM.c **** *******************************************************************************/
 339:Generated_Source\PSoC5/interrupcionDelPWM.c **** void interrupcionDelPWM_Disable(void)
 340:Generated_Source\PSoC5/interrupcionDelPWM.c **** {
 189              		.loc 1 340 0
 190              		.cfi_startproc
 191              		@ args = 0, pretend = 0, frame = 0
 192              		@ frame_needed = 0, uses_anonymous_args = 0
 193              		@ link register save eliminated.
 341:Generated_Source\PSoC5/interrupcionDelPWM.c ****     /* Disable the general interrupt. */
 342:Generated_Source\PSoC5/interrupcionDelPWM.c ****     *interrupcionDelPWM_INTC_CLR_EN = interrupcionDelPWM__INTC_MASK;
 194              		.loc 1 342 0
 195 0000 0122     		movs	r2, #1
 196 0002 014B     		ldr	r3, .L20
 197 0004 1A60     		str	r2, [r3]
 198 0006 7047     		bx	lr
 199              	.L21:
 200              		.align	2
 201              	.L20:
 202 0008 80E100E0 		.word	-536813184
 203              		.cfi_endproc
 204              	.LFE9:
 205              		.size	interrupcionDelPWM_Disable, .-interrupcionDelPWM_Disable
 206              		.section	.text.interrupcionDelPWM_Start,"ax",%progbits
 207              		.align	2
 208              		.global	interrupcionDelPWM_Start
 209              		.thumb
 210              		.thumb_func
 211              		.type	interrupcionDelPWM_Start, %function
 212              	interrupcionDelPWM_Start:
 213              	.LFB0:
  62:Generated_Source\PSoC5/interrupcionDelPWM.c ****     /* For all we know the interrupt is active. */
 214              		.loc 1 62 0
 215              		.cfi_startproc
 216              		@ args = 0, pretend = 0, frame = 0
 217              		@ frame_needed = 0, uses_anonymous_args = 0
 218 0000 08B5     		push	{r3, lr}
 219              		.cfi_def_cfa_offset 8
 220              		.cfi_offset 3, -8
 221              		.cfi_offset 14, -4
  64:Generated_Source\PSoC5/interrupcionDelPWM.c **** 
 222              		.loc 1 64 0
 223 0002 FFF7FEFF 		bl	interrupcionDelPWM_Disable
 224              	.LVL7:
  67:Generated_Source\PSoC5/interrupcionDelPWM.c **** 
 225              		.loc 1 67 0
ARM GAS  C:\Users\JOSANT~1\AppData\Local\Temp\cc5q5Ooe.s 			page 11


 226 0006 0448     		ldr	r0, .L24
 227 0008 FFF7FEFF 		bl	interrupcionDelPWM_SetVector
 228              	.LVL8:
  70:Generated_Source\PSoC5/interrupcionDelPWM.c **** 
 229              		.loc 1 70 0
 230 000c 0720     		movs	r0, #7
 231 000e FFF7FEFF 		bl	interrupcionDelPWM_SetPriority
 232              	.LVL9:
  73:Generated_Source\PSoC5/interrupcionDelPWM.c **** }
 233              		.loc 1 73 0
 234 0012 FFF7FEFF 		bl	interrupcionDelPWM_Enable
 235              	.LVL10:
 236 0016 08BD     		pop	{r3, pc}
 237              	.L25:
 238              		.align	2
 239              	.L24:
 240 0018 00000000 		.word	interrupcionDelPWM_Interrupt
 241              		.cfi_endproc
 242              	.LFE0:
 243              		.size	interrupcionDelPWM_Start, .-interrupcionDelPWM_Start
 244              		.section	.text.interrupcionDelPWM_StartEx,"ax",%progbits
 245              		.align	2
 246              		.global	interrupcionDelPWM_StartEx
 247              		.thumb
 248              		.thumb_func
 249              		.type	interrupcionDelPWM_StartEx, %function
 250              	interrupcionDelPWM_StartEx:
 251              	.LFB1:
 105:Generated_Source\PSoC5/interrupcionDelPWM.c ****     /* For all we know the interrupt is active. */
 252              		.loc 1 105 0
 253              		.cfi_startproc
 254              		@ args = 0, pretend = 0, frame = 0
 255              		@ frame_needed = 0, uses_anonymous_args = 0
 256              	.LVL11:
 257 0000 10B5     		push	{r4, lr}
 258              		.cfi_def_cfa_offset 8
 259              		.cfi_offset 4, -8
 260              		.cfi_offset 14, -4
 261 0002 0446     		mov	r4, r0
 107:Generated_Source\PSoC5/interrupcionDelPWM.c **** 
 262              		.loc 1 107 0
 263 0004 FFF7FEFF 		bl	interrupcionDelPWM_Disable
 264              	.LVL12:
 110:Generated_Source\PSoC5/interrupcionDelPWM.c **** 
 265              		.loc 1 110 0
 266 0008 2046     		mov	r0, r4
 267 000a FFF7FEFF 		bl	interrupcionDelPWM_SetVector
 268              	.LVL13:
 113:Generated_Source\PSoC5/interrupcionDelPWM.c **** 
 269              		.loc 1 113 0
 270 000e 0720     		movs	r0, #7
 271 0010 FFF7FEFF 		bl	interrupcionDelPWM_SetPriority
 272              	.LVL14:
 116:Generated_Source\PSoC5/interrupcionDelPWM.c **** }
 273              		.loc 1 116 0
 274 0014 FFF7FEFF 		bl	interrupcionDelPWM_Enable
 275              	.LVL15:
ARM GAS  C:\Users\JOSANT~1\AppData\Local\Temp\cc5q5Ooe.s 			page 12


 276 0018 10BD     		pop	{r4, pc}
 277              		.cfi_endproc
 278              	.LFE1:
 279              		.size	interrupcionDelPWM_StartEx, .-interrupcionDelPWM_StartEx
 280 001a 00BF     		.section	.text.interrupcionDelPWM_Stop,"ax",%progbits
 281              		.align	2
 282              		.global	interrupcionDelPWM_Stop
 283              		.thumb
 284              		.thumb_func
 285              		.type	interrupcionDelPWM_Stop, %function
 286              	interrupcionDelPWM_Stop:
 287              	.LFB2:
 135:Generated_Source\PSoC5/interrupcionDelPWM.c ****     /* Disable this interrupt. */
 288              		.loc 1 135 0
 289              		.cfi_startproc
 290              		@ args = 0, pretend = 0, frame = 0
 291              		@ frame_needed = 0, uses_anonymous_args = 0
 292 0000 08B5     		push	{r3, lr}
 293              		.cfi_def_cfa_offset 8
 294              		.cfi_offset 3, -8
 295              		.cfi_offset 14, -4
 137:Generated_Source\PSoC5/interrupcionDelPWM.c **** 
 296              		.loc 1 137 0
 297 0002 FFF7FEFF 		bl	interrupcionDelPWM_Disable
 298              	.LVL16:
 140:Generated_Source\PSoC5/interrupcionDelPWM.c **** }
 299              		.loc 1 140 0
 300 0006 0248     		ldr	r0, .L30
 301 0008 FFF7FEFF 		bl	interrupcionDelPWM_SetVector
 302              	.LVL17:
 303 000c 08BD     		pop	{r3, pc}
 304              	.L31:
 305 000e 00BF     		.align	2
 306              	.L30:
 307 0010 00000000 		.word	IntDefaultHandler
 308              		.cfi_endproc
 309              	.LFE2:
 310              		.size	interrupcionDelPWM_Stop, .-interrupcionDelPWM_Stop
 311              		.section	.text.interrupcionDelPWM_SetPending,"ax",%progbits
 312              		.align	2
 313              		.global	interrupcionDelPWM_SetPending
 314              		.thumb
 315              		.thumb_func
 316              		.type	interrupcionDelPWM_SetPending, %function
 317              	interrupcionDelPWM_SetPending:
 318              	.LFB10:
 343:Generated_Source\PSoC5/interrupcionDelPWM.c **** }
 344:Generated_Source\PSoC5/interrupcionDelPWM.c **** 
 345:Generated_Source\PSoC5/interrupcionDelPWM.c **** 
 346:Generated_Source\PSoC5/interrupcionDelPWM.c **** /*******************************************************************************
 347:Generated_Source\PSoC5/interrupcionDelPWM.c **** * Function Name: interrupcionDelPWM_SetPending
 348:Generated_Source\PSoC5/interrupcionDelPWM.c **** ********************************************************************************
 349:Generated_Source\PSoC5/interrupcionDelPWM.c **** *
 350:Generated_Source\PSoC5/interrupcionDelPWM.c **** * Summary:
 351:Generated_Source\PSoC5/interrupcionDelPWM.c **** *   Causes the Interrupt to enter the pending state, a software method of
 352:Generated_Source\PSoC5/interrupcionDelPWM.c **** *   generating the interrupt.
 353:Generated_Source\PSoC5/interrupcionDelPWM.c **** *
ARM GAS  C:\Users\JOSANT~1\AppData\Local\Temp\cc5q5Ooe.s 			page 13


 354:Generated_Source\PSoC5/interrupcionDelPWM.c **** * Parameters:
 355:Generated_Source\PSoC5/interrupcionDelPWM.c **** *   None
 356:Generated_Source\PSoC5/interrupcionDelPWM.c **** *
 357:Generated_Source\PSoC5/interrupcionDelPWM.c **** * Return:
 358:Generated_Source\PSoC5/interrupcionDelPWM.c **** *   None
 359:Generated_Source\PSoC5/interrupcionDelPWM.c **** *
 360:Generated_Source\PSoC5/interrupcionDelPWM.c **** * Side Effects:
 361:Generated_Source\PSoC5/interrupcionDelPWM.c **** *   If interrupts are enabled and the interrupt is set up properly, the ISR is
 362:Generated_Source\PSoC5/interrupcionDelPWM.c **** *   entered (depending on the priority of this interrupt and other pending 
 363:Generated_Source\PSoC5/interrupcionDelPWM.c **** *   interrupts).
 364:Generated_Source\PSoC5/interrupcionDelPWM.c **** *
 365:Generated_Source\PSoC5/interrupcionDelPWM.c **** *******************************************************************************/
 366:Generated_Source\PSoC5/interrupcionDelPWM.c **** void interrupcionDelPWM_SetPending(void)
 367:Generated_Source\PSoC5/interrupcionDelPWM.c **** {
 319              		.loc 1 367 0
 320              		.cfi_startproc
 321              		@ args = 0, pretend = 0, frame = 0
 322              		@ frame_needed = 0, uses_anonymous_args = 0
 323              		@ link register save eliminated.
 368:Generated_Source\PSoC5/interrupcionDelPWM.c ****     *interrupcionDelPWM_INTC_SET_PD = interrupcionDelPWM__INTC_MASK;
 324              		.loc 1 368 0
 325 0000 0122     		movs	r2, #1
 326 0002 014B     		ldr	r3, .L33
 327 0004 1A60     		str	r2, [r3]
 328 0006 7047     		bx	lr
 329              	.L34:
 330              		.align	2
 331              	.L33:
 332 0008 00E200E0 		.word	-536813056
 333              		.cfi_endproc
 334              	.LFE10:
 335              		.size	interrupcionDelPWM_SetPending, .-interrupcionDelPWM_SetPending
 336              		.section	.text.interrupcionDelPWM_ClearPending,"ax",%progbits
 337              		.align	2
 338              		.global	interrupcionDelPWM_ClearPending
 339              		.thumb
 340              		.thumb_func
 341              		.type	interrupcionDelPWM_ClearPending, %function
 342              	interrupcionDelPWM_ClearPending:
 343              	.LFB11:
 369:Generated_Source\PSoC5/interrupcionDelPWM.c **** }
 370:Generated_Source\PSoC5/interrupcionDelPWM.c **** 
 371:Generated_Source\PSoC5/interrupcionDelPWM.c **** 
 372:Generated_Source\PSoC5/interrupcionDelPWM.c **** /*******************************************************************************
 373:Generated_Source\PSoC5/interrupcionDelPWM.c **** * Function Name: interrupcionDelPWM_ClearPending
 374:Generated_Source\PSoC5/interrupcionDelPWM.c **** ********************************************************************************
 375:Generated_Source\PSoC5/interrupcionDelPWM.c **** *
 376:Generated_Source\PSoC5/interrupcionDelPWM.c **** * Summary:
 377:Generated_Source\PSoC5/interrupcionDelPWM.c **** *   Clears a pending interrupt in the interrupt controller.
 378:Generated_Source\PSoC5/interrupcionDelPWM.c **** *
 379:Generated_Source\PSoC5/interrupcionDelPWM.c **** *   Note Some interrupt sources are clear-on-read and require the block 
 380:Generated_Source\PSoC5/interrupcionDelPWM.c **** *   interrupt/status register to be read/cleared with the appropriate block API 
 381:Generated_Source\PSoC5/interrupcionDelPWM.c **** *   (GPIO, UART, and so on). Otherwise the ISR will continue to remain in 
 382:Generated_Source\PSoC5/interrupcionDelPWM.c **** *   pending state even though the interrupt itself is cleared using this API.
 383:Generated_Source\PSoC5/interrupcionDelPWM.c **** *
 384:Generated_Source\PSoC5/interrupcionDelPWM.c **** * Parameters:
 385:Generated_Source\PSoC5/interrupcionDelPWM.c **** *   None
ARM GAS  C:\Users\JOSANT~1\AppData\Local\Temp\cc5q5Ooe.s 			page 14


 386:Generated_Source\PSoC5/interrupcionDelPWM.c **** *
 387:Generated_Source\PSoC5/interrupcionDelPWM.c **** * Return:
 388:Generated_Source\PSoC5/interrupcionDelPWM.c **** *   None
 389:Generated_Source\PSoC5/interrupcionDelPWM.c **** *
 390:Generated_Source\PSoC5/interrupcionDelPWM.c **** *******************************************************************************/
 391:Generated_Source\PSoC5/interrupcionDelPWM.c **** void interrupcionDelPWM_ClearPending(void)
 392:Generated_Source\PSoC5/interrupcionDelPWM.c **** {
 344              		.loc 1 392 0
 345              		.cfi_startproc
 346              		@ args = 0, pretend = 0, frame = 0
 347              		@ frame_needed = 0, uses_anonymous_args = 0
 348              		@ link register save eliminated.
 393:Generated_Source\PSoC5/interrupcionDelPWM.c ****     *interrupcionDelPWM_INTC_CLR_PD = interrupcionDelPWM__INTC_MASK;
 349              		.loc 1 393 0
 350 0000 0122     		movs	r2, #1
 351 0002 014B     		ldr	r3, .L36
 352 0004 1A60     		str	r2, [r3]
 353 0006 7047     		bx	lr
 354              	.L37:
 355              		.align	2
 356              	.L36:
 357 0008 80E200E0 		.word	-536812928
 358              		.cfi_endproc
 359              	.LFE11:
 360              		.size	interrupcionDelPWM_ClearPending, .-interrupcionDelPWM_ClearPending
 361              		.text
 362              	.Letext0:
 363              		.file 2 "Generated_Source\\PSoC5/cytypes.h"
 364              		.section	.debug_info,"",%progbits
 365              	.Ldebug_info0:
 366 0000 A6020000 		.4byte	0x2a6
 367 0004 0400     		.2byte	0x4
 368 0006 00000000 		.4byte	.Ldebug_abbrev0
 369 000a 04       		.byte	0x4
 370 000b 01       		.uleb128 0x1
 371 000c 50010000 		.4byte	.LASF32
 372 0010 01       		.byte	0x1
 373 0011 AE000000 		.4byte	.LASF33
 374 0015 B5020000 		.4byte	.LASF34
 375 0019 00000000 		.4byte	.Ldebug_ranges0+0
 376 001d 00000000 		.4byte	0
 377 0021 00000000 		.4byte	.Ldebug_line0
 378 0025 02       		.uleb128 0x2
 379 0026 04       		.byte	0x4
 380 0027 05       		.byte	0x5
 381 0028 696E7400 		.ascii	"int\000"
 382 002c 03       		.uleb128 0x3
 383 002d 04       		.byte	0x4
 384 002e 07       		.byte	0x7
 385 002f DE010000 		.4byte	.LASF0
 386 0033 03       		.uleb128 0x3
 387 0034 01       		.byte	0x1
 388 0035 06       		.byte	0x6
 389 0036 91020000 		.4byte	.LASF1
 390 003a 03       		.uleb128 0x3
 391 003b 01       		.byte	0x1
 392 003c 08       		.byte	0x8
ARM GAS  C:\Users\JOSANT~1\AppData\Local\Temp\cc5q5Ooe.s 			page 15


 393 003d DA000000 		.4byte	.LASF2
 394 0041 03       		.uleb128 0x3
 395 0042 02       		.byte	0x2
 396 0043 05       		.byte	0x5
 397 0044 7E020000 		.4byte	.LASF3
 398 0048 03       		.uleb128 0x3
 399 0049 02       		.byte	0x2
 400 004a 07       		.byte	0x7
 401 004b 59000000 		.4byte	.LASF4
 402 004f 03       		.uleb128 0x3
 403 0050 04       		.byte	0x4
 404 0051 05       		.byte	0x5
 405 0052 88020000 		.4byte	.LASF5
 406 0056 03       		.uleb128 0x3
 407 0057 04       		.byte	0x4
 408 0058 07       		.byte	0x7
 409 0059 ED000000 		.4byte	.LASF6
 410 005d 03       		.uleb128 0x3
 411 005e 08       		.byte	0x8
 412 005f 05       		.byte	0x5
 413 0060 5C020000 		.4byte	.LASF7
 414 0064 03       		.uleb128 0x3
 415 0065 08       		.byte	0x8
 416 0066 07       		.byte	0x7
 417 0067 F3010000 		.4byte	.LASF8
 418 006b 03       		.uleb128 0x3
 419 006c 04       		.byte	0x4
 420 006d 07       		.byte	0x7
 421 006e 53020000 		.4byte	.LASF9
 422 0072 04       		.uleb128 0x4
 423 0073 04       		.byte	0x4
 424 0074 78000000 		.4byte	0x78
 425 0078 05       		.uleb128 0x5
 426 0079 03       		.uleb128 0x3
 427 007a 01       		.byte	0x1
 428 007b 08       		.byte	0x8
 429 007c 6A020000 		.4byte	.LASF10
 430 0080 06       		.uleb128 0x6
 431 0081 FF000000 		.4byte	.LASF11
 432 0085 02       		.byte	0x2
 433 0086 9201     		.2byte	0x192
 434 0088 3A000000 		.4byte	0x3a
 435 008c 06       		.uleb128 0x6
 436 008d 49010000 		.4byte	.LASF12
 437 0091 02       		.byte	0x2
 438 0092 9401     		.2byte	0x194
 439 0094 56000000 		.4byte	0x56
 440 0098 03       		.uleb128 0x3
 441 0099 04       		.byte	0x4
 442 009a 04       		.byte	0x4
 443 009b A8000000 		.4byte	.LASF13
 444 009f 03       		.uleb128 0x3
 445 00a0 08       		.byte	0x8
 446 00a1 04       		.byte	0x4
 447 00a2 29010000 		.4byte	.LASF14
 448 00a6 06       		.uleb128 0x6
 449 00a7 E8000000 		.4byte	.LASF15
ARM GAS  C:\Users\JOSANT~1\AppData\Local\Temp\cc5q5Ooe.s 			page 16


 450 00ab 02       		.byte	0x2
 451 00ac 3C02     		.2byte	0x23c
 452 00ae B2000000 		.4byte	0xb2
 453 00b2 07       		.uleb128 0x7
 454 00b3 80000000 		.4byte	0x80
 455 00b7 06       		.uleb128 0x6
 456 00b8 1A000000 		.4byte	.LASF16
 457 00bc 02       		.byte	0x2
 458 00bd 3E02     		.2byte	0x23e
 459 00bf C3000000 		.4byte	0xc3
 460 00c3 07       		.uleb128 0x7
 461 00c4 8C000000 		.4byte	0x8c
 462 00c8 06       		.uleb128 0x6
 463 00c9 27020000 		.4byte	.LASF17
 464 00cd 02       		.byte	0x2
 465 00ce 4E02     		.2byte	0x24e
 466 00d0 72000000 		.4byte	0x72
 467 00d4 08       		.uleb128 0x8
 468 00d5 0A020000 		.4byte	.LASF19
 469 00d9 01       		.byte	0x1
 470 00da BE       		.byte	0xbe
 471 00db 00000000 		.4byte	.LFB3
 472 00df 0C000000 		.4byte	.LFE3-.LFB3
 473 00e3 01       		.uleb128 0x1
 474 00e4 9C       		.byte	0x9c
 475 00e5 04010000 		.4byte	0x104
 476 00e9 09       		.uleb128 0x9
 477 00ea EB010000 		.4byte	.LASF21
 478 00ee 01       		.byte	0x1
 479 00ef BE       		.byte	0xbe
 480 00f0 C8000000 		.4byte	0xc8
 481 00f4 01       		.uleb128 0x1
 482 00f5 50       		.byte	0x50
 483 00f6 0A       		.uleb128 0xa
 484 00f7 6F020000 		.4byte	.LASF18
 485 00fb 01       		.byte	0x1
 486 00fc C0       		.byte	0xc0
 487 00fd 04010000 		.4byte	0x104
 488 0101 01       		.uleb128 0x1
 489 0102 53       		.byte	0x53
 490 0103 00       		.byte	0
 491 0104 04       		.uleb128 0x4
 492 0105 04       		.byte	0x4
 493 0106 C8000000 		.4byte	0xc8
 494 010a 0B       		.uleb128 0xb
 495 010b FC020000 		.4byte	.LASF23
 496 010f 01       		.byte	0x1
 497 0110 D6       		.byte	0xd6
 498 0111 C8000000 		.4byte	0xc8
 499 0115 00000000 		.4byte	.LFB4
 500 0119 0C000000 		.4byte	.LFE4-.LFB4
 501 011d 01       		.uleb128 0x1
 502 011e 9C       		.byte	0x9c
 503 011f 31010000 		.4byte	0x131
 504 0123 0A       		.uleb128 0xa
 505 0124 6F020000 		.4byte	.LASF18
 506 0128 01       		.byte	0x1
ARM GAS  C:\Users\JOSANT~1\AppData\Local\Temp\cc5q5Ooe.s 			page 17


 507 0129 D8       		.byte	0xd8
 508 012a 04010000 		.4byte	0x104
 509 012e 01       		.uleb128 0x1
 510 012f 53       		.byte	0x53
 511 0130 00       		.byte	0
 512 0131 08       		.uleb128 0x8
 513 0132 DD020000 		.4byte	.LASF20
 514 0136 01       		.byte	0x1
 515 0137 F8       		.byte	0xf8
 516 0138 00000000 		.4byte	.LFB5
 517 013c 10000000 		.4byte	.LFE5-.LFB5
 518 0140 01       		.uleb128 0x1
 519 0141 9C       		.byte	0x9c
 520 0142 56010000 		.4byte	0x156
 521 0146 0C       		.uleb128 0xc
 522 0147 20010000 		.4byte	.LASF22
 523 014b 01       		.byte	0x1
 524 014c F8       		.byte	0xf8
 525 014d 80000000 		.4byte	0x80
 526 0151 00000000 		.4byte	.LLST0
 527 0155 00       		.byte	0
 528 0156 0D       		.uleb128 0xd
 529 0157 34020000 		.4byte	.LASF24
 530 015b 01       		.byte	0x1
 531 015c 0E01     		.2byte	0x10e
 532 015e 80000000 		.4byte	0x80
 533 0162 00000000 		.4byte	.LFB6
 534 0166 0C000000 		.4byte	.LFE6-.LFB6
 535 016a 01       		.uleb128 0x1
 536 016b 9C       		.byte	0x9c
 537 016c 81010000 		.4byte	0x181
 538 0170 0E       		.uleb128 0xe
 539 0171 20010000 		.4byte	.LASF22
 540 0175 01       		.byte	0x1
 541 0176 1001     		.2byte	0x110
 542 0178 80000000 		.4byte	0x80
 543 017c 21000000 		.4byte	.LLST1
 544 0180 00       		.byte	0
 545 0181 0F       		.uleb128 0xf
 546 0182 00000000 		.4byte	.LASF25
 547 0186 01       		.byte	0x1
 548 0187 2901     		.2byte	0x129
 549 0189 00000000 		.4byte	.LFB7
 550 018d 0C000000 		.4byte	.LFE7-.LFB7
 551 0191 01       		.uleb128 0x1
 552 0192 9C       		.byte	0x9c
 553 0193 10       		.uleb128 0x10
 554 0194 8C000000 		.4byte	.LASF35
 555 0198 01       		.byte	0x1
 556 0199 3E01     		.2byte	0x13e
 557 019b 80000000 		.4byte	0x80
 558 019f 00000000 		.4byte	.LFB8
 559 01a3 10000000 		.4byte	.LFE8-.LFB8
 560 01a7 01       		.uleb128 0x1
 561 01a8 9C       		.byte	0x9c
 562 01a9 0F       		.uleb128 0xf
 563 01aa 05010000 		.4byte	.LASF26
ARM GAS  C:\Users\JOSANT~1\AppData\Local\Temp\cc5q5Ooe.s 			page 18


 564 01ae 01       		.byte	0x1
 565 01af 5301     		.2byte	0x153
 566 01b1 00000000 		.4byte	.LFB9
 567 01b5 0C000000 		.4byte	.LFE9-.LFB9
 568 01b9 01       		.uleb128 0x1
 569 01ba 9C       		.byte	0x9c
 570 01bb 08       		.uleb128 0x8
 571 01bc 30010000 		.4byte	.LASF27
 572 01c0 01       		.byte	0x1
 573 01c1 3D       		.byte	0x3d
 574 01c2 00000000 		.4byte	.LFB0
 575 01c6 1C000000 		.4byte	.LFE0-.LFB0
 576 01ca 01       		.uleb128 0x1
 577 01cb 9C       		.byte	0x9c
 578 01cc FF010000 		.4byte	0x1ff
 579 01d0 11       		.uleb128 0x11
 580 01d1 06000000 		.4byte	.LVL7
 581 01d5 A9010000 		.4byte	0x1a9
 582 01d9 11       		.uleb128 0x11
 583 01da 0C000000 		.4byte	.LVL8
 584 01de D4000000 		.4byte	0xd4
 585 01e2 12       		.uleb128 0x12
 586 01e3 12000000 		.4byte	.LVL9
 587 01e7 31010000 		.4byte	0x131
 588 01eb F5010000 		.4byte	0x1f5
 589 01ef 13       		.uleb128 0x13
 590 01f0 01       		.uleb128 0x1
 591 01f1 50       		.byte	0x50
 592 01f2 01       		.uleb128 0x1
 593 01f3 37       		.byte	0x37
 594 01f4 00       		.byte	0
 595 01f5 11       		.uleb128 0x11
 596 01f6 16000000 		.4byte	.LVL10
 597 01fa 81010000 		.4byte	0x181
 598 01fe 00       		.byte	0
 599 01ff 08       		.uleb128 0x8
 600 0200 3E000000 		.4byte	.LASF28
 601 0204 01       		.byte	0x1
 602 0205 68       		.byte	0x68
 603 0206 00000000 		.4byte	.LFB1
 604 020a 1A000000 		.4byte	.LFE1-.LFB1
 605 020e 01       		.uleb128 0x1
 606 020f 9C       		.byte	0x9c
 607 0210 5D020000 		.4byte	0x25d
 608 0214 0C       		.uleb128 0xc
 609 0215 EB010000 		.4byte	.LASF21
 610 0219 01       		.byte	0x1
 611 021a 68       		.byte	0x68
 612 021b C8000000 		.4byte	0xc8
 613 021f 38000000 		.4byte	.LLST2
 614 0223 11       		.uleb128 0x11
 615 0224 08000000 		.4byte	.LVL12
 616 0228 A9010000 		.4byte	0x1a9
 617 022c 12       		.uleb128 0x12
 618 022d 0E000000 		.4byte	.LVL13
 619 0231 D4000000 		.4byte	0xd4
 620 0235 40020000 		.4byte	0x240
ARM GAS  C:\Users\JOSANT~1\AppData\Local\Temp\cc5q5Ooe.s 			page 19


 621 0239 13       		.uleb128 0x13
 622 023a 01       		.uleb128 0x1
 623 023b 50       		.byte	0x50
 624 023c 02       		.uleb128 0x2
 625 023d 74       		.byte	0x74
 626 023e 00       		.sleb128 0
 627 023f 00       		.byte	0
 628 0240 12       		.uleb128 0x12
 629 0241 14000000 		.4byte	.LVL14
 630 0245 31010000 		.4byte	0x131
 631 0249 53020000 		.4byte	0x253
 632 024d 13       		.uleb128 0x13
 633 024e 01       		.uleb128 0x1
 634 024f 50       		.byte	0x50
 635 0250 01       		.uleb128 0x1
 636 0251 37       		.byte	0x37
 637 0252 00       		.byte	0
 638 0253 11       		.uleb128 0x11
 639 0254 18000000 		.4byte	.LVL15
 640 0258 81010000 		.4byte	0x181
 641 025c 00       		.byte	0
 642 025d 08       		.uleb128 0x8
 643 025e 9D020000 		.4byte	.LASF29
 644 0262 01       		.byte	0x1
 645 0263 86       		.byte	0x86
 646 0264 00000000 		.4byte	.LFB2
 647 0268 14000000 		.4byte	.LFE2-.LFB2
 648 026c 01       		.uleb128 0x1
 649 026d 9C       		.byte	0x9c
 650 026e 85020000 		.4byte	0x285
 651 0272 11       		.uleb128 0x11
 652 0273 06000000 		.4byte	.LVL16
 653 0277 A9010000 		.4byte	0x1a9
 654 027b 11       		.uleb128 0x11
 655 027c 0C000000 		.4byte	.LVL17
 656 0280 D4000000 		.4byte	0xd4
 657 0284 00       		.byte	0
 658 0285 0F       		.uleb128 0xf
 659 0286 20000000 		.4byte	.LASF30
 660 028a 01       		.byte	0x1
 661 028b 6E01     		.2byte	0x16e
 662 028d 00000000 		.4byte	.LFB10
 663 0291 0C000000 		.4byte	.LFE10-.LFB10
 664 0295 01       		.uleb128 0x1
 665 0296 9C       		.byte	0x9c
 666 0297 0F       		.uleb128 0xf
 667 0298 6C000000 		.4byte	.LASF31
 668 029c 01       		.byte	0x1
 669 029d 8701     		.2byte	0x187
 670 029f 00000000 		.4byte	.LFB11
 671 02a3 0C000000 		.4byte	.LFE11-.LFB11
 672 02a7 01       		.uleb128 0x1
 673 02a8 9C       		.byte	0x9c
 674 02a9 00       		.byte	0
 675              		.section	.debug_abbrev,"",%progbits
 676              	.Ldebug_abbrev0:
 677 0000 01       		.uleb128 0x1
ARM GAS  C:\Users\JOSANT~1\AppData\Local\Temp\cc5q5Ooe.s 			page 20


 678 0001 11       		.uleb128 0x11
 679 0002 01       		.byte	0x1
 680 0003 25       		.uleb128 0x25
 681 0004 0E       		.uleb128 0xe
 682 0005 13       		.uleb128 0x13
 683 0006 0B       		.uleb128 0xb
 684 0007 03       		.uleb128 0x3
 685 0008 0E       		.uleb128 0xe
 686 0009 1B       		.uleb128 0x1b
 687 000a 0E       		.uleb128 0xe
 688 000b 55       		.uleb128 0x55
 689 000c 17       		.uleb128 0x17
 690 000d 11       		.uleb128 0x11
 691 000e 01       		.uleb128 0x1
 692 000f 10       		.uleb128 0x10
 693 0010 17       		.uleb128 0x17
 694 0011 00       		.byte	0
 695 0012 00       		.byte	0
 696 0013 02       		.uleb128 0x2
 697 0014 24       		.uleb128 0x24
 698 0015 00       		.byte	0
 699 0016 0B       		.uleb128 0xb
 700 0017 0B       		.uleb128 0xb
 701 0018 3E       		.uleb128 0x3e
 702 0019 0B       		.uleb128 0xb
 703 001a 03       		.uleb128 0x3
 704 001b 08       		.uleb128 0x8
 705 001c 00       		.byte	0
 706 001d 00       		.byte	0
 707 001e 03       		.uleb128 0x3
 708 001f 24       		.uleb128 0x24
 709 0020 00       		.byte	0
 710 0021 0B       		.uleb128 0xb
 711 0022 0B       		.uleb128 0xb
 712 0023 3E       		.uleb128 0x3e
 713 0024 0B       		.uleb128 0xb
 714 0025 03       		.uleb128 0x3
 715 0026 0E       		.uleb128 0xe
 716 0027 00       		.byte	0
 717 0028 00       		.byte	0
 718 0029 04       		.uleb128 0x4
 719 002a 0F       		.uleb128 0xf
 720 002b 00       		.byte	0
 721 002c 0B       		.uleb128 0xb
 722 002d 0B       		.uleb128 0xb
 723 002e 49       		.uleb128 0x49
 724 002f 13       		.uleb128 0x13
 725 0030 00       		.byte	0
 726 0031 00       		.byte	0
 727 0032 05       		.uleb128 0x5
 728 0033 15       		.uleb128 0x15
 729 0034 00       		.byte	0
 730 0035 27       		.uleb128 0x27
 731 0036 19       		.uleb128 0x19
 732 0037 00       		.byte	0
 733 0038 00       		.byte	0
 734 0039 06       		.uleb128 0x6
ARM GAS  C:\Users\JOSANT~1\AppData\Local\Temp\cc5q5Ooe.s 			page 21


 735 003a 16       		.uleb128 0x16
 736 003b 00       		.byte	0
 737 003c 03       		.uleb128 0x3
 738 003d 0E       		.uleb128 0xe
 739 003e 3A       		.uleb128 0x3a
 740 003f 0B       		.uleb128 0xb
 741 0040 3B       		.uleb128 0x3b
 742 0041 05       		.uleb128 0x5
 743 0042 49       		.uleb128 0x49
 744 0043 13       		.uleb128 0x13
 745 0044 00       		.byte	0
 746 0045 00       		.byte	0
 747 0046 07       		.uleb128 0x7
 748 0047 35       		.uleb128 0x35
 749 0048 00       		.byte	0
 750 0049 49       		.uleb128 0x49
 751 004a 13       		.uleb128 0x13
 752 004b 00       		.byte	0
 753 004c 00       		.byte	0
 754 004d 08       		.uleb128 0x8
 755 004e 2E       		.uleb128 0x2e
 756 004f 01       		.byte	0x1
 757 0050 3F       		.uleb128 0x3f
 758 0051 19       		.uleb128 0x19
 759 0052 03       		.uleb128 0x3
 760 0053 0E       		.uleb128 0xe
 761 0054 3A       		.uleb128 0x3a
 762 0055 0B       		.uleb128 0xb
 763 0056 3B       		.uleb128 0x3b
 764 0057 0B       		.uleb128 0xb
 765 0058 27       		.uleb128 0x27
 766 0059 19       		.uleb128 0x19
 767 005a 11       		.uleb128 0x11
 768 005b 01       		.uleb128 0x1
 769 005c 12       		.uleb128 0x12
 770 005d 06       		.uleb128 0x6
 771 005e 40       		.uleb128 0x40
 772 005f 18       		.uleb128 0x18
 773 0060 9742     		.uleb128 0x2117
 774 0062 19       		.uleb128 0x19
 775 0063 01       		.uleb128 0x1
 776 0064 13       		.uleb128 0x13
 777 0065 00       		.byte	0
 778 0066 00       		.byte	0
 779 0067 09       		.uleb128 0x9
 780 0068 05       		.uleb128 0x5
 781 0069 00       		.byte	0
 782 006a 03       		.uleb128 0x3
 783 006b 0E       		.uleb128 0xe
 784 006c 3A       		.uleb128 0x3a
 785 006d 0B       		.uleb128 0xb
 786 006e 3B       		.uleb128 0x3b
 787 006f 0B       		.uleb128 0xb
 788 0070 49       		.uleb128 0x49
 789 0071 13       		.uleb128 0x13
 790 0072 02       		.uleb128 0x2
 791 0073 18       		.uleb128 0x18
ARM GAS  C:\Users\JOSANT~1\AppData\Local\Temp\cc5q5Ooe.s 			page 22


 792 0074 00       		.byte	0
 793 0075 00       		.byte	0
 794 0076 0A       		.uleb128 0xa
 795 0077 34       		.uleb128 0x34
 796 0078 00       		.byte	0
 797 0079 03       		.uleb128 0x3
 798 007a 0E       		.uleb128 0xe
 799 007b 3A       		.uleb128 0x3a
 800 007c 0B       		.uleb128 0xb
 801 007d 3B       		.uleb128 0x3b
 802 007e 0B       		.uleb128 0xb
 803 007f 49       		.uleb128 0x49
 804 0080 13       		.uleb128 0x13
 805 0081 02       		.uleb128 0x2
 806 0082 18       		.uleb128 0x18
 807 0083 00       		.byte	0
 808 0084 00       		.byte	0
 809 0085 0B       		.uleb128 0xb
 810 0086 2E       		.uleb128 0x2e
 811 0087 01       		.byte	0x1
 812 0088 3F       		.uleb128 0x3f
 813 0089 19       		.uleb128 0x19
 814 008a 03       		.uleb128 0x3
 815 008b 0E       		.uleb128 0xe
 816 008c 3A       		.uleb128 0x3a
 817 008d 0B       		.uleb128 0xb
 818 008e 3B       		.uleb128 0x3b
 819 008f 0B       		.uleb128 0xb
 820 0090 27       		.uleb128 0x27
 821 0091 19       		.uleb128 0x19
 822 0092 49       		.uleb128 0x49
 823 0093 13       		.uleb128 0x13
 824 0094 11       		.uleb128 0x11
 825 0095 01       		.uleb128 0x1
 826 0096 12       		.uleb128 0x12
 827 0097 06       		.uleb128 0x6
 828 0098 40       		.uleb128 0x40
 829 0099 18       		.uleb128 0x18
 830 009a 9742     		.uleb128 0x2117
 831 009c 19       		.uleb128 0x19
 832 009d 01       		.uleb128 0x1
 833 009e 13       		.uleb128 0x13
 834 009f 00       		.byte	0
 835 00a0 00       		.byte	0
 836 00a1 0C       		.uleb128 0xc
 837 00a2 05       		.uleb128 0x5
 838 00a3 00       		.byte	0
 839 00a4 03       		.uleb128 0x3
 840 00a5 0E       		.uleb128 0xe
 841 00a6 3A       		.uleb128 0x3a
 842 00a7 0B       		.uleb128 0xb
 843 00a8 3B       		.uleb128 0x3b
 844 00a9 0B       		.uleb128 0xb
 845 00aa 49       		.uleb128 0x49
 846 00ab 13       		.uleb128 0x13
 847 00ac 02       		.uleb128 0x2
 848 00ad 17       		.uleb128 0x17
ARM GAS  C:\Users\JOSANT~1\AppData\Local\Temp\cc5q5Ooe.s 			page 23


 849 00ae 00       		.byte	0
 850 00af 00       		.byte	0
 851 00b0 0D       		.uleb128 0xd
 852 00b1 2E       		.uleb128 0x2e
 853 00b2 01       		.byte	0x1
 854 00b3 3F       		.uleb128 0x3f
 855 00b4 19       		.uleb128 0x19
 856 00b5 03       		.uleb128 0x3
 857 00b6 0E       		.uleb128 0xe
 858 00b7 3A       		.uleb128 0x3a
 859 00b8 0B       		.uleb128 0xb
 860 00b9 3B       		.uleb128 0x3b
 861 00ba 05       		.uleb128 0x5
 862 00bb 27       		.uleb128 0x27
 863 00bc 19       		.uleb128 0x19
 864 00bd 49       		.uleb128 0x49
 865 00be 13       		.uleb128 0x13
 866 00bf 11       		.uleb128 0x11
 867 00c0 01       		.uleb128 0x1
 868 00c1 12       		.uleb128 0x12
 869 00c2 06       		.uleb128 0x6
 870 00c3 40       		.uleb128 0x40
 871 00c4 18       		.uleb128 0x18
 872 00c5 9742     		.uleb128 0x2117
 873 00c7 19       		.uleb128 0x19
 874 00c8 01       		.uleb128 0x1
 875 00c9 13       		.uleb128 0x13
 876 00ca 00       		.byte	0
 877 00cb 00       		.byte	0
 878 00cc 0E       		.uleb128 0xe
 879 00cd 34       		.uleb128 0x34
 880 00ce 00       		.byte	0
 881 00cf 03       		.uleb128 0x3
 882 00d0 0E       		.uleb128 0xe
 883 00d1 3A       		.uleb128 0x3a
 884 00d2 0B       		.uleb128 0xb
 885 00d3 3B       		.uleb128 0x3b
 886 00d4 05       		.uleb128 0x5
 887 00d5 49       		.uleb128 0x49
 888 00d6 13       		.uleb128 0x13
 889 00d7 02       		.uleb128 0x2
 890 00d8 17       		.uleb128 0x17
 891 00d9 00       		.byte	0
 892 00da 00       		.byte	0
 893 00db 0F       		.uleb128 0xf
 894 00dc 2E       		.uleb128 0x2e
 895 00dd 00       		.byte	0
 896 00de 3F       		.uleb128 0x3f
 897 00df 19       		.uleb128 0x19
 898 00e0 03       		.uleb128 0x3
 899 00e1 0E       		.uleb128 0xe
 900 00e2 3A       		.uleb128 0x3a
 901 00e3 0B       		.uleb128 0xb
 902 00e4 3B       		.uleb128 0x3b
 903 00e5 05       		.uleb128 0x5
 904 00e6 27       		.uleb128 0x27
 905 00e7 19       		.uleb128 0x19
ARM GAS  C:\Users\JOSANT~1\AppData\Local\Temp\cc5q5Ooe.s 			page 24


 906 00e8 11       		.uleb128 0x11
 907 00e9 01       		.uleb128 0x1
 908 00ea 12       		.uleb128 0x12
 909 00eb 06       		.uleb128 0x6
 910 00ec 40       		.uleb128 0x40
 911 00ed 18       		.uleb128 0x18
 912 00ee 9742     		.uleb128 0x2117
 913 00f0 19       		.uleb128 0x19
 914 00f1 00       		.byte	0
 915 00f2 00       		.byte	0
 916 00f3 10       		.uleb128 0x10
 917 00f4 2E       		.uleb128 0x2e
 918 00f5 00       		.byte	0
 919 00f6 3F       		.uleb128 0x3f
 920 00f7 19       		.uleb128 0x19
 921 00f8 03       		.uleb128 0x3
 922 00f9 0E       		.uleb128 0xe
 923 00fa 3A       		.uleb128 0x3a
 924 00fb 0B       		.uleb128 0xb
 925 00fc 3B       		.uleb128 0x3b
 926 00fd 05       		.uleb128 0x5
 927 00fe 27       		.uleb128 0x27
 928 00ff 19       		.uleb128 0x19
 929 0100 49       		.uleb128 0x49
 930 0101 13       		.uleb128 0x13
 931 0102 11       		.uleb128 0x11
 932 0103 01       		.uleb128 0x1
 933 0104 12       		.uleb128 0x12
 934 0105 06       		.uleb128 0x6
 935 0106 40       		.uleb128 0x40
 936 0107 18       		.uleb128 0x18
 937 0108 9742     		.uleb128 0x2117
 938 010a 19       		.uleb128 0x19
 939 010b 00       		.byte	0
 940 010c 00       		.byte	0
 941 010d 11       		.uleb128 0x11
 942 010e 898201   		.uleb128 0x4109
 943 0111 00       		.byte	0
 944 0112 11       		.uleb128 0x11
 945 0113 01       		.uleb128 0x1
 946 0114 31       		.uleb128 0x31
 947 0115 13       		.uleb128 0x13
 948 0116 00       		.byte	0
 949 0117 00       		.byte	0
 950 0118 12       		.uleb128 0x12
 951 0119 898201   		.uleb128 0x4109
 952 011c 01       		.byte	0x1
 953 011d 11       		.uleb128 0x11
 954 011e 01       		.uleb128 0x1
 955 011f 31       		.uleb128 0x31
 956 0120 13       		.uleb128 0x13
 957 0121 01       		.uleb128 0x1
 958 0122 13       		.uleb128 0x13
 959 0123 00       		.byte	0
 960 0124 00       		.byte	0
 961 0125 13       		.uleb128 0x13
 962 0126 8A8201   		.uleb128 0x410a
ARM GAS  C:\Users\JOSANT~1\AppData\Local\Temp\cc5q5Ooe.s 			page 25


 963 0129 00       		.byte	0
 964 012a 02       		.uleb128 0x2
 965 012b 18       		.uleb128 0x18
 966 012c 9142     		.uleb128 0x2111
 967 012e 18       		.uleb128 0x18
 968 012f 00       		.byte	0
 969 0130 00       		.byte	0
 970 0131 00       		.byte	0
 971              		.section	.debug_loc,"",%progbits
 972              	.Ldebug_loc0:
 973              	.LLST0:
 974 0000 00000000 		.4byte	.LVL3
 975 0004 02000000 		.4byte	.LVL4
 976 0008 0100     		.2byte	0x1
 977 000a 50       		.byte	0x50
 978 000b 02000000 		.4byte	.LVL4
 979 000f 10000000 		.4byte	.LFE5
 980 0013 0400     		.2byte	0x4
 981 0015 F3       		.byte	0xf3
 982 0016 01       		.uleb128 0x1
 983 0017 50       		.byte	0x50
 984 0018 9F       		.byte	0x9f
 985 0019 00000000 		.4byte	0
 986 001d 00000000 		.4byte	0
 987              	.LLST1:
 988 0021 04000000 		.4byte	.LVL5
 989 0025 06000000 		.4byte	.LVL6
 990 0029 0500     		.2byte	0x5
 991 002b 70       		.byte	0x70
 992 002c 00       		.sleb128 0
 993 002d 35       		.byte	0x35
 994 002e 25       		.byte	0x25
 995 002f 9F       		.byte	0x9f
 996 0030 00000000 		.4byte	0
 997 0034 00000000 		.4byte	0
 998              	.LLST2:
 999 0038 00000000 		.4byte	.LVL11
 1000 003c 07000000 		.4byte	.LVL12-1
 1001 0040 0100     		.2byte	0x1
 1002 0042 50       		.byte	0x50
 1003 0043 07000000 		.4byte	.LVL12-1
 1004 0047 1A000000 		.4byte	.LFE1
 1005 004b 0100     		.2byte	0x1
 1006 004d 54       		.byte	0x54
 1007 004e 00000000 		.4byte	0
 1008 0052 00000000 		.4byte	0
 1009              		.section	.debug_aranges,"",%progbits
 1010 0000 74000000 		.4byte	0x74
 1011 0004 0200     		.2byte	0x2
 1012 0006 00000000 		.4byte	.Ldebug_info0
 1013 000a 04       		.byte	0x4
 1014 000b 00       		.byte	0
 1015 000c 0000     		.2byte	0
 1016 000e 0000     		.2byte	0
 1017 0010 00000000 		.4byte	.LFB3
 1018 0014 0C000000 		.4byte	.LFE3-.LFB3
 1019 0018 00000000 		.4byte	.LFB4
ARM GAS  C:\Users\JOSANT~1\AppData\Local\Temp\cc5q5Ooe.s 			page 26


 1020 001c 0C000000 		.4byte	.LFE4-.LFB4
 1021 0020 00000000 		.4byte	.LFB5
 1022 0024 10000000 		.4byte	.LFE5-.LFB5
 1023 0028 00000000 		.4byte	.LFB6
 1024 002c 0C000000 		.4byte	.LFE6-.LFB6
 1025 0030 00000000 		.4byte	.LFB7
 1026 0034 0C000000 		.4byte	.LFE7-.LFB7
 1027 0038 00000000 		.4byte	.LFB8
 1028 003c 10000000 		.4byte	.LFE8-.LFB8
 1029 0040 00000000 		.4byte	.LFB9
 1030 0044 0C000000 		.4byte	.LFE9-.LFB9
 1031 0048 00000000 		.4byte	.LFB0
 1032 004c 1C000000 		.4byte	.LFE0-.LFB0
 1033 0050 00000000 		.4byte	.LFB1
 1034 0054 1A000000 		.4byte	.LFE1-.LFB1
 1035 0058 00000000 		.4byte	.LFB2
 1036 005c 14000000 		.4byte	.LFE2-.LFB2
 1037 0060 00000000 		.4byte	.LFB10
 1038 0064 0C000000 		.4byte	.LFE10-.LFB10
 1039 0068 00000000 		.4byte	.LFB11
 1040 006c 0C000000 		.4byte	.LFE11-.LFB11
 1041 0070 00000000 		.4byte	0
 1042 0074 00000000 		.4byte	0
 1043              		.section	.debug_ranges,"",%progbits
 1044              	.Ldebug_ranges0:
 1045 0000 00000000 		.4byte	.LFB3
 1046 0004 0C000000 		.4byte	.LFE3
 1047 0008 00000000 		.4byte	.LFB4
 1048 000c 0C000000 		.4byte	.LFE4
 1049 0010 00000000 		.4byte	.LFB5
 1050 0014 10000000 		.4byte	.LFE5
 1051 0018 00000000 		.4byte	.LFB6
 1052 001c 0C000000 		.4byte	.LFE6
 1053 0020 00000000 		.4byte	.LFB7
 1054 0024 0C000000 		.4byte	.LFE7
 1055 0028 00000000 		.4byte	.LFB8
 1056 002c 10000000 		.4byte	.LFE8
 1057 0030 00000000 		.4byte	.LFB9
 1058 0034 0C000000 		.4byte	.LFE9
 1059 0038 00000000 		.4byte	.LFB0
 1060 003c 1C000000 		.4byte	.LFE0
 1061 0040 00000000 		.4byte	.LFB1
 1062 0044 1A000000 		.4byte	.LFE1
 1063 0048 00000000 		.4byte	.LFB2
 1064 004c 14000000 		.4byte	.LFE2
 1065 0050 00000000 		.4byte	.LFB10
 1066 0054 0C000000 		.4byte	.LFE10
 1067 0058 00000000 		.4byte	.LFB11
 1068 005c 0C000000 		.4byte	.LFE11
 1069 0060 00000000 		.4byte	0
 1070 0064 00000000 		.4byte	0
 1071              		.section	.debug_line,"",%progbits
 1072              	.Ldebug_line0:
 1073 0000 2B010000 		.section	.debug_str,"MS",%progbits,1
 1073      02004F00 
 1073      00000201 
 1073      FB0E0D00 
ARM GAS  C:\Users\JOSANT~1\AppData\Local\Temp\cc5q5Ooe.s 			page 27


 1073      01010101 
 1074              	.LASF25:
 1075 0000 696E7465 		.ascii	"interrupcionDelPWM_Enable\000"
 1075      72727570 
 1075      63696F6E 
 1075      44656C50 
 1075      574D5F45 
 1076              	.LASF16:
 1077 001a 72656733 		.ascii	"reg32\000"
 1077      3200
 1078              	.LASF30:
 1079 0020 696E7465 		.ascii	"interrupcionDelPWM_SetPending\000"
 1079      72727570 
 1079      63696F6E 
 1079      44656C50 
 1079      574D5F53 
 1080              	.LASF28:
 1081 003e 696E7465 		.ascii	"interrupcionDelPWM_StartEx\000"
 1081      72727570 
 1081      63696F6E 
 1081      44656C50 
 1081      574D5F53 
 1082              	.LASF4:
 1083 0059 73686F72 		.ascii	"short unsigned int\000"
 1083      7420756E 
 1083      7369676E 
 1083      65642069 
 1083      6E7400
 1084              	.LASF31:
 1085 006c 696E7465 		.ascii	"interrupcionDelPWM_ClearPending\000"
 1085      72727570 
 1085      63696F6E 
 1085      44656C50 
 1085      574D5F43 
 1086              	.LASF35:
 1087 008c 696E7465 		.ascii	"interrupcionDelPWM_GetState\000"
 1087      72727570 
 1087      63696F6E 
 1087      44656C50 
 1087      574D5F47 
 1088              	.LASF13:
 1089 00a8 666C6F61 		.ascii	"float\000"
 1089      7400
 1090              	.LASF33:
 1091 00ae 47656E65 		.ascii	"Generated_Source\\PSoC5\\interrupcionDelPWM.c\000"
 1091      72617465 
 1091      645F536F 
 1091      75726365 
 1091      5C50536F 
 1092              	.LASF2:
 1093 00da 756E7369 		.ascii	"unsigned char\000"
 1093      676E6564 
 1093      20636861 
 1093      7200
 1094              	.LASF15:
 1095 00e8 72656738 		.ascii	"reg8\000"
 1095      00
ARM GAS  C:\Users\JOSANT~1\AppData\Local\Temp\cc5q5Ooe.s 			page 28


 1096              	.LASF6:
 1097 00ed 6C6F6E67 		.ascii	"long unsigned int\000"
 1097      20756E73 
 1097      69676E65 
 1097      6420696E 
 1097      7400
 1098              	.LASF11:
 1099 00ff 75696E74 		.ascii	"uint8\000"
 1099      3800
 1100              	.LASF26:
 1101 0105 696E7465 		.ascii	"interrupcionDelPWM_Disable\000"
 1101      72727570 
 1101      63696F6E 
 1101      44656C50 
 1101      574D5F44 
 1102              	.LASF22:
 1103 0120 7072696F 		.ascii	"priority\000"
 1103      72697479 
 1103      00
 1104              	.LASF14:
 1105 0129 646F7562 		.ascii	"double\000"
 1105      6C6500
 1106              	.LASF27:
 1107 0130 696E7465 		.ascii	"interrupcionDelPWM_Start\000"
 1107      72727570 
 1107      63696F6E 
 1107      44656C50 
 1107      574D5F53 
 1108              	.LASF12:
 1109 0149 75696E74 		.ascii	"uint32\000"
 1109      333200
 1110              	.LASF32:
 1111 0150 474E5520 		.ascii	"GNU C 4.9.3 20150303 (release) [ARM/embedded-4_9-br"
 1111      4320342E 
 1111      392E3320 
 1111      32303135 
 1111      30333033 
 1112 0183 616E6368 		.ascii	"anch revision 221220] -mcpu=cortex-m3 -mthumb -g -O"
 1112      20726576 
 1112      6973696F 
 1112      6E203232 
 1112      31323230 
 1113 01b6 67202D66 		.ascii	"g -ffunction-sections -ffat-lto-objects\000"
 1113      66756E63 
 1113      74696F6E 
 1113      2D736563 
 1113      74696F6E 
 1114              	.LASF0:
 1115 01de 756E7369 		.ascii	"unsigned int\000"
 1115      676E6564 
 1115      20696E74 
 1115      00
 1116              	.LASF21:
 1117 01eb 61646472 		.ascii	"address\000"
 1117      65737300 
 1118              	.LASF8:
 1119 01f3 6C6F6E67 		.ascii	"long long unsigned int\000"
ARM GAS  C:\Users\JOSANT~1\AppData\Local\Temp\cc5q5Ooe.s 			page 29


 1119      206C6F6E 
 1119      6720756E 
 1119      7369676E 
 1119      65642069 
 1120              	.LASF19:
 1121 020a 696E7465 		.ascii	"interrupcionDelPWM_SetVector\000"
 1121      72727570 
 1121      63696F6E 
 1121      44656C50 
 1121      574D5F53 
 1122              	.LASF17:
 1123 0227 63796973 		.ascii	"cyisraddress\000"
 1123      72616464 
 1123      72657373 
 1123      00
 1124              	.LASF24:
 1125 0234 696E7465 		.ascii	"interrupcionDelPWM_GetPriority\000"
 1125      72727570 
 1125      63696F6E 
 1125      44656C50 
 1125      574D5F47 
 1126              	.LASF9:
 1127 0253 73697A65 		.ascii	"sizetype\000"
 1127      74797065 
 1127      00
 1128              	.LASF7:
 1129 025c 6C6F6E67 		.ascii	"long long int\000"
 1129      206C6F6E 
 1129      6720696E 
 1129      7400
 1130              	.LASF10:
 1131 026a 63686172 		.ascii	"char\000"
 1131      00
 1132              	.LASF18:
 1133 026f 72616D56 		.ascii	"ramVectorTable\000"
 1133      6563746F 
 1133      72546162 
 1133      6C6500
 1134              	.LASF3:
 1135 027e 73686F72 		.ascii	"short int\000"
 1135      7420696E 
 1135      7400
 1136              	.LASF5:
 1137 0288 6C6F6E67 		.ascii	"long int\000"
 1137      20696E74 
 1137      00
 1138              	.LASF1:
 1139 0291 7369676E 		.ascii	"signed char\000"
 1139      65642063 
 1139      68617200 
 1140              	.LASF29:
 1141 029d 696E7465 		.ascii	"interrupcionDelPWM_Stop\000"
 1141      72727570 
 1141      63696F6E 
 1141      44656C50 
 1141      574D5F53 
 1142              	.LASF34:
ARM GAS  C:\Users\JOSANT~1\AppData\Local\Temp\cc5q5Ooe.s 			page 30


 1143 02b5 433A5C50 		.ascii	"C:\\Practicas\\LedJoselito\\Design01.cydsn\000"
 1143      72616374 
 1143      69636173 
 1143      5C4C6564 
 1143      4A6F7365 
 1144              	.LASF20:
 1145 02dd 696E7465 		.ascii	"interrupcionDelPWM_SetPriority\000"
 1145      72727570 
 1145      63696F6E 
 1145      44656C50 
 1145      574D5F53 
 1146              	.LASF23:
 1147 02fc 696E7465 		.ascii	"interrupcionDelPWM_GetVector\000"
 1147      72727570 
 1147      63696F6E 
 1147      44656C50 
 1147      574D5F47 
 1148              		.ident	"GCC: (GNU Tools for ARM Embedded Processors) 4.9.3 20150303 (release) [ARM/embedded-4_9-br
