ARM GAS  C:\Users\JOSANT~1\AppData\Local\Temp\ccKKJXnb.s 			page 1


   1              		.syntax unified
   2              		.cpu cortex-m3
   3              		.fpu softvfp
   4              		.eabi_attribute 20, 1
   5              		.eabi_attribute 21, 1
   6              		.eabi_attribute 23, 3
   7              		.eabi_attribute 24, 1
   8              		.eabi_attribute 25, 1
   9              		.eabi_attribute 26, 1
  10              		.eabi_attribute 30, 1
  11              		.eabi_attribute 34, 1
  12              		.eabi_attribute 18, 4
  13              		.thumb
  14              		.file	"main.c"
  15              		.text
  16              	.Ltext0:
  17              		.cfi_sections	.debug_frame
  18              		.section	.text.GPIOIsrHandler,"ax",%progbits
  19              		.align	2
  20              		.global	GPIOIsrHandler
  21              		.thumb
  22              		.thumb_func
  23              		.type	GPIOIsrHandler, %function
  24              	GPIOIsrHandler:
  25              	.LFB64:
  26              		.file 1 "main.c"
   1:main.c        **** /* ========================================
   2:main.c        ****  *
   3:main.c        ****  * Copyright YOUR COMPANY, THE YEAR
   4:main.c        ****  * All Rights Reserved
   5:main.c        ****  * UNPUBLISHED, LICENSED SOFTWARE.
   6:main.c        ****  *
   7:main.c        ****  * CONFIDENTIAL AND PROPRIETARY INFORMATION
   8:main.c        ****  * WHICH IS THE PROPERTY OF your company.
   9:main.c        ****  *
  10:main.c        ****  * ========================================
  11:main.c        **** */
  12:main.c        **** #include "project.h"
  13:main.c        **** 
  14:main.c        **** 
  15:main.c        **** 
  16:main.c        **** int flagInterrupcionPWM = 0;
  17:main.c        **** 
  18:main.c        **** CY_ISR_PROTO(GPIOIsrHandler);
  19:main.c        **** 
  20:main.c        **** int main(void)
  21:main.c        **** {
  22:main.c        ****     
  23:main.c        ****     //interrupcionDelPWM_Start();
  24:main.c        ****     //interrupcionDelPWM_SetVector(&interrupcionDelPWM_Interrupt);
  25:main.c        ****     
  26:main.c        ****     
  27:main.c        ****     isr_GPIO_StartEx(GPIOIsrHandler);
  28:main.c        ****     isr_GPIO_SetPriority(0);
  29:main.c        ****     
  30:main.c        ****     generadorPulsosPWM_Start();
  31:main.c        ****     Timer_1_Start();
ARM GAS  C:\Users\JOSANT~1\AppData\Local\Temp\ccKKJXnb.s 			page 2


  32:main.c        ****     
  33:main.c        ****     CyGlobalIntEnable; /* Enable global interrupts. */
  34:main.c        ****    
  35:main.c        ****     generadorPulsosPWM_WriteCompare(90);
  36:main.c        ****     
  37:main.c        ****     ledSoftwareInterrupcionPWM_Write(1);
  38:main.c        ****     /* Place your initialization/startup code here (e.g. MyInst_Start()) */
  39:main.c        ****     for(;;)
  40:main.c        ****     {
  41:main.c        ****         
  42:main.c        ****         
  43:main.c        ****         generadorPulsosPWM_WriteCompare(40);
  44:main.c        ****         
  45:main.c        ****         
  46:main.c        ****         
  47:main.c        ****         
  48:main.c        ****         /* Place your application code here. */
  49:main.c        ****     }
  50:main.c        **** }
  51:main.c        **** 
  52:main.c        **** 
  53:main.c        **** 
  54:main.c        **** CY_ISR(GPIOIsrHandler)
  55:main.c        **** {
  27              		.loc 1 55 0
  28              		.cfi_startproc
  29              		@ args = 0, pretend = 0, frame = 0
  30              		@ frame_needed = 0, uses_anonymous_args = 0
  31 0000 08B5     		push	{r3, lr}
  32              		.cfi_def_cfa_offset 8
  33              		.cfi_offset 3, -8
  34              		.cfi_offset 14, -4
  56:main.c        ****     /* Clear pending Interrupt */
  57:main.c        ****     //isr_GPIO_ClearPending();
  58:main.c        ****    
  59:main.c        ****     /* Cause nested software interrupt after 1000 ms */
  60:main.c        ****     //CyDelay(1000u);
  61:main.c        ****     ledSoftwareInterrupcionPWM_Write(~ledSoftwareInterrupcionPWM_Read());
  35              		.loc 1 61 0
  36 0002 FFF7FEFF 		bl	ledSoftwareInterrupcionPWM_Read
  37              	.LVL0:
  38 0006 C043     		mvns	r0, r0
  39 0008 C0B2     		uxtb	r0, r0
  40 000a FFF7FEFF 		bl	ledSoftwareInterrupcionPWM_Write
  41              	.LVL1:
  42 000e 08BD     		pop	{r3, pc}
  43              		.cfi_endproc
  44              	.LFE64:
  45              		.size	GPIOIsrHandler, .-GPIOIsrHandler
  46              		.section	.text.main,"ax",%progbits
  47              		.align	2
  48              		.global	main
  49              		.thumb
  50              		.thumb_func
  51              		.type	main, %function
  52              	main:
  53              	.LFB63:
ARM GAS  C:\Users\JOSANT~1\AppData\Local\Temp\ccKKJXnb.s 			page 3


  21:main.c        ****     
  54              		.loc 1 21 0
  55              		.cfi_startproc
  56              		@ Volatile: function does not return.
  57              		@ args = 0, pretend = 0, frame = 0
  58              		@ frame_needed = 0, uses_anonymous_args = 0
  59 0000 08B5     		push	{r3, lr}
  60              		.cfi_def_cfa_offset 8
  61              		.cfi_offset 3, -8
  62              		.cfi_offset 14, -4
  27:main.c        ****     isr_GPIO_SetPriority(0);
  63              		.loc 1 27 0
  64 0002 0A48     		ldr	r0, .L6
  65 0004 FFF7FEFF 		bl	isr_GPIO_StartEx
  66              	.LVL2:
  28:main.c        ****     
  67              		.loc 1 28 0
  68 0008 0020     		movs	r0, #0
  69 000a FFF7FEFF 		bl	isr_GPIO_SetPriority
  70              	.LVL3:
  30:main.c        ****     Timer_1_Start();
  71              		.loc 1 30 0
  72 000e FFF7FEFF 		bl	generadorPulsosPWM_Start
  73              	.LVL4:
  31:main.c        ****     
  74              		.loc 1 31 0
  75 0012 FFF7FEFF 		bl	Timer_1_Start
  76              	.LVL5:
  33:main.c        ****    
  77              		.loc 1 33 0
  78              	@ 33 "main.c" 1
  79 0016 62B6     		CPSIE   i
  80              	@ 0 "" 2
  35:main.c        ****     
  81              		.loc 1 35 0
  82              		.thumb
  83 0018 5A20     		movs	r0, #90
  84 001a FFF7FEFF 		bl	generadorPulsosPWM_WriteCompare
  85              	.LVL6:
  37:main.c        ****     /* Place your initialization/startup code here (e.g. MyInst_Start()) */
  86              		.loc 1 37 0
  87 001e 0120     		movs	r0, #1
  88 0020 FFF7FEFF 		bl	ledSoftwareInterrupcionPWM_Write
  89              	.LVL7:
  90              	.L4:
  43:main.c        ****         
  91              		.loc 1 43 0 discriminator 1
  92 0024 2820     		movs	r0, #40
  93 0026 FFF7FEFF 		bl	generadorPulsosPWM_WriteCompare
  94              	.LVL8:
  49:main.c        **** }
  95              		.loc 1 49 0 discriminator 1
  96 002a FBE7     		b	.L4
  97              	.L7:
  98              		.align	2
  99              	.L6:
 100 002c 00000000 		.word	GPIOIsrHandler
ARM GAS  C:\Users\JOSANT~1\AppData\Local\Temp\ccKKJXnb.s 			page 4


 101              		.cfi_endproc
 102              	.LFE63:
 103              		.size	main, .-main
 104              		.global	flagInterrupcionPWM
 105              		.bss
 106              		.align	2
 107              		.type	flagInterrupcionPWM, %object
 108              		.size	flagInterrupcionPWM, 4
 109              	flagInterrupcionPWM:
 110 0000 00000000 		.space	4
 111              		.text
 112              	.Letext0:
 113              		.file 2 "c:\\program files (x86)\\cypress\\psoc creator\\4.0\\psoc creator\\import\\gnu\\arm\\4.9.
 114              		.file 3 "c:\\program files (x86)\\cypress\\psoc creator\\4.0\\psoc creator\\import\\gnu\\arm\\4.9.
 115              		.file 4 "Generated_Source\\PSoC5/cytypes.h"
 116              		.file 5 "Generated_Source\\PSoC5/core_cm3.h"
 117              		.file 6 "Generated_Source\\PSoC5/ledSoftwareInterrupcionPWM.h"
 118              		.file 7 "Generated_Source\\PSoC5/isr_GPIO.h"
 119              		.file 8 "Generated_Source\\PSoC5/generadorPulsosPWM.h"
 120              		.file 9 "Generated_Source\\PSoC5/Timer_1.h"
 121              		.section	.debug_info,"",%progbits
 122              	.Ldebug_info0:
 123 0000 E9010000 		.4byte	0x1e9
 124 0004 0400     		.2byte	0x4
 125 0006 00000000 		.4byte	.Ldebug_abbrev0
 126 000a 04       		.byte	0x4
 127 000b 01       		.uleb128 0x1
 128 000c 35010000 		.4byte	.LASF24
 129 0010 01       		.byte	0x1
 130 0011 34020000 		.4byte	.LASF25
 131 0015 51000000 		.4byte	.LASF26
 132 0019 00000000 		.4byte	.Ldebug_ranges0+0
 133 001d 00000000 		.4byte	0
 134 0021 00000000 		.4byte	.Ldebug_line0
 135 0025 02       		.uleb128 0x2
 136 0026 01       		.byte	0x1
 137 0027 06       		.byte	0x6
 138 0028 68020000 		.4byte	.LASF0
 139 002c 02       		.uleb128 0x2
 140 002d 01       		.byte	0x1
 141 002e 08       		.byte	0x8
 142 002f A3000000 		.4byte	.LASF1
 143 0033 02       		.uleb128 0x2
 144 0034 02       		.byte	0x2
 145 0035 05       		.byte	0x5
 146 0036 4F020000 		.4byte	.LASF2
 147 003a 02       		.uleb128 0x2
 148 003b 02       		.byte	0x2
 149 003c 07       		.byte	0x7
 150 003d E9000000 		.4byte	.LASF3
 151 0041 03       		.uleb128 0x3
 152 0042 27000000 		.4byte	.LASF9
 153 0046 02       		.byte	0x2
 154 0047 3F       		.byte	0x3f
 155 0048 4C000000 		.4byte	0x4c
 156 004c 02       		.uleb128 0x2
 157 004d 04       		.byte	0x4
ARM GAS  C:\Users\JOSANT~1\AppData\Local\Temp\ccKKJXnb.s 			page 5


 158 004e 05       		.byte	0x5
 159 004f 5F020000 		.4byte	.LASF4
 160 0053 02       		.uleb128 0x2
 161 0054 04       		.byte	0x4
 162 0055 07       		.byte	0x7
 163 0056 D7000000 		.4byte	.LASF5
 164 005a 02       		.uleb128 0x2
 165 005b 08       		.byte	0x8
 166 005c 05       		.byte	0x5
 167 005d 26020000 		.4byte	.LASF6
 168 0061 02       		.uleb128 0x2
 169 0062 08       		.byte	0x8
 170 0063 07       		.byte	0x7
 171 0064 D0010000 		.4byte	.LASF7
 172 0068 04       		.uleb128 0x4
 173 0069 04       		.byte	0x4
 174 006a 05       		.byte	0x5
 175 006b 696E7400 		.ascii	"int\000"
 176 006f 02       		.uleb128 0x2
 177 0070 04       		.byte	0x4
 178 0071 07       		.byte	0x7
 179 0072 C3010000 		.4byte	.LASF8
 180 0076 03       		.uleb128 0x3
 181 0077 15020000 		.4byte	.LASF10
 182 007b 03       		.byte	0x3
 183 007c 2C       		.byte	0x2c
 184 007d 41000000 		.4byte	0x41
 185 0081 05       		.uleb128 0x5
 186 0082 59020000 		.4byte	.LASF11
 187 0086 04       		.byte	0x4
 188 0087 9201     		.2byte	0x192
 189 0089 2C000000 		.4byte	0x2c
 190 008d 02       		.uleb128 0x2
 191 008e 04       		.byte	0x4
 192 008f 04       		.byte	0x4
 193 0090 89000000 		.4byte	.LASF12
 194 0094 02       		.uleb128 0x2
 195 0095 08       		.byte	0x8
 196 0096 04       		.byte	0x4
 197 0097 09010000 		.4byte	.LASF13
 198 009b 02       		.uleb128 0x2
 199 009c 01       		.byte	0x1
 200 009d 08       		.byte	0x8
 201 009e 3B020000 		.4byte	.LASF14
 202 00a2 05       		.uleb128 0x5
 203 00a3 E7010000 		.4byte	.LASF15
 204 00a7 04       		.byte	0x4
 205 00a8 4E02     		.2byte	0x24e
 206 00aa AE000000 		.4byte	0xae
 207 00ae 06       		.uleb128 0x6
 208 00af 04       		.byte	0x4
 209 00b0 B4000000 		.4byte	0xb4
 210 00b4 07       		.uleb128 0x7
 211 00b5 02       		.uleb128 0x2
 212 00b6 04       		.byte	0x4
 213 00b7 07       		.byte	0x7
 214 00b8 1D020000 		.4byte	.LASF16
ARM GAS  C:\Users\JOSANT~1\AppData\Local\Temp\ccKKJXnb.s 			page 6


 215 00bc 08       		.uleb128 0x8
 216 00bd 40020000 		.4byte	.LASF27
 217 00c1 01       		.byte	0x1
 218 00c2 36       		.byte	0x36
 219 00c3 00000000 		.4byte	.LFB64
 220 00c7 10000000 		.4byte	.LFE64-.LFB64
 221 00cb 01       		.uleb128 0x1
 222 00cc 9C       		.byte	0x9c
 223 00cd E4000000 		.4byte	0xe4
 224 00d1 09       		.uleb128 0x9
 225 00d2 06000000 		.4byte	.LVL0
 226 00d6 93010000 		.4byte	0x193
 227 00da 09       		.uleb128 0x9
 228 00db 0E000000 		.4byte	.LVL1
 229 00df 9E010000 		.4byte	0x19e
 230 00e3 00       		.byte	0
 231 00e4 0A       		.uleb128 0xa
 232 00e5 10010000 		.4byte	.LASF28
 233 00e9 01       		.byte	0x1
 234 00ea 14       		.byte	0x14
 235 00eb 68000000 		.4byte	0x68
 236 00ef 00000000 		.4byte	.LFB63
 237 00f3 30000000 		.4byte	.LFE63-.LFB63
 238 00f7 01       		.uleb128 0x1
 239 00f8 9C       		.byte	0x9c
 240 00f9 71010000 		.4byte	0x171
 241 00fd 0B       		.uleb128 0xb
 242 00fe 08000000 		.4byte	.LVL2
 243 0102 AF010000 		.4byte	0x1af
 244 0106 14010000 		.4byte	0x114
 245 010a 0C       		.uleb128 0xc
 246 010b 01       		.uleb128 0x1
 247 010c 50       		.byte	0x50
 248 010d 05       		.uleb128 0x5
 249 010e 03       		.byte	0x3
 250 010f 00000000 		.4byte	GPIOIsrHandler
 251 0113 00       		.byte	0
 252 0114 0B       		.uleb128 0xb
 253 0115 0E000000 		.4byte	.LVL3
 254 0119 C0010000 		.4byte	0x1c0
 255 011d 27010000 		.4byte	0x127
 256 0121 0C       		.uleb128 0xc
 257 0122 01       		.uleb128 0x1
 258 0123 50       		.byte	0x50
 259 0124 01       		.uleb128 0x1
 260 0125 30       		.byte	0x30
 261 0126 00       		.byte	0
 262 0127 09       		.uleb128 0x9
 263 0128 12000000 		.4byte	.LVL4
 264 012c D1010000 		.4byte	0x1d1
 265 0130 09       		.uleb128 0x9
 266 0131 16000000 		.4byte	.LVL5
 267 0135 D8010000 		.4byte	0x1d8
 268 0139 0B       		.uleb128 0xb
 269 013a 1E000000 		.4byte	.LVL6
 270 013e DF010000 		.4byte	0x1df
 271 0142 4D010000 		.4byte	0x14d
ARM GAS  C:\Users\JOSANT~1\AppData\Local\Temp\ccKKJXnb.s 			page 7


 272 0146 0C       		.uleb128 0xc
 273 0147 01       		.uleb128 0x1
 274 0148 50       		.byte	0x50
 275 0149 02       		.uleb128 0x2
 276 014a 08       		.byte	0x8
 277 014b 5A       		.byte	0x5a
 278 014c 00       		.byte	0
 279 014d 0B       		.uleb128 0xb
 280 014e 24000000 		.4byte	.LVL7
 281 0152 9E010000 		.4byte	0x19e
 282 0156 60010000 		.4byte	0x160
 283 015a 0C       		.uleb128 0xc
 284 015b 01       		.uleb128 0x1
 285 015c 50       		.byte	0x50
 286 015d 01       		.uleb128 0x1
 287 015e 31       		.byte	0x31
 288 015f 00       		.byte	0
 289 0160 0D       		.uleb128 0xd
 290 0161 2A000000 		.4byte	.LVL8
 291 0165 DF010000 		.4byte	0x1df
 292 0169 0C       		.uleb128 0xc
 293 016a 01       		.uleb128 0x1
 294 016b 50       		.byte	0x50
 295 016c 02       		.uleb128 0x2
 296 016d 08       		.byte	0x8
 297 016e 28       		.byte	0x28
 298 016f 00       		.byte	0
 299 0170 00       		.byte	0
 300 0171 0E       		.uleb128 0xe
 301 0172 FC000000 		.4byte	.LASF17
 302 0176 05       		.byte	0x5
 303 0177 9606     		.2byte	0x696
 304 0179 7D010000 		.4byte	0x17d
 305 017d 0F       		.uleb128 0xf
 306 017e 76000000 		.4byte	0x76
 307 0182 10       		.uleb128 0x10
 308 0183 8F000000 		.4byte	.LASF18
 309 0187 01       		.byte	0x1
 310 0188 10       		.byte	0x10
 311 0189 68000000 		.4byte	0x68
 312 018d 05       		.uleb128 0x5
 313 018e 03       		.byte	0x3
 314 018f 00000000 		.4byte	flagInterrupcionPWM
 315 0193 11       		.uleb128 0x11
 316 0194 31000000 		.4byte	.LASF29
 317 0198 06       		.byte	0x6
 318 0199 29       		.byte	0x29
 319 019a 81000000 		.4byte	0x81
 320 019e 12       		.uleb128 0x12
 321 019f F4010000 		.4byte	.LASF19
 322 01a3 06       		.byte	0x6
 323 01a4 26       		.byte	0x26
 324 01a5 AF010000 		.4byte	0x1af
 325 01a9 13       		.uleb128 0x13
 326 01aa 81000000 		.4byte	0x81
 327 01ae 00       		.byte	0
 328 01af 12       		.uleb128 0x12
ARM GAS  C:\Users\JOSANT~1\AppData\Local\Temp\ccKKJXnb.s 			page 8


 329 01b0 C6000000 		.4byte	.LASF20
 330 01b4 07       		.byte	0x7
 331 01b5 18       		.byte	0x18
 332 01b6 C0010000 		.4byte	0x1c0
 333 01ba 13       		.uleb128 0x13
 334 01bb A2000000 		.4byte	0xa2
 335 01bf 00       		.byte	0
 336 01c0 12       		.uleb128 0x12
 337 01c1 B1000000 		.4byte	.LASF21
 338 01c5 07       		.byte	0x7
 339 01c6 20       		.byte	0x20
 340 01c7 D1010000 		.4byte	0x1d1
 341 01cb 13       		.uleb128 0x13
 342 01cc 81000000 		.4byte	0x81
 343 01d0 00       		.byte	0
 344 01d1 14       		.uleb128 0x14
 345 01d2 00000000 		.4byte	.LASF22
 346 01d6 08       		.byte	0x8
 347 01d7 92       		.byte	0x92
 348 01d8 14       		.uleb128 0x14
 349 01d9 19000000 		.4byte	.LASF23
 350 01dd 09       		.byte	0x9
 351 01de 5A       		.byte	0x5a
 352 01df 15       		.uleb128 0x15
 353 01e0 15010000 		.4byte	.LASF30
 354 01e4 08       		.byte	0x8
 355 01e5 C3       		.byte	0xc3
 356 01e6 13       		.uleb128 0x13
 357 01e7 81000000 		.4byte	0x81
 358 01eb 00       		.byte	0
 359 01ec 00       		.byte	0
 360              		.section	.debug_abbrev,"",%progbits
 361              	.Ldebug_abbrev0:
 362 0000 01       		.uleb128 0x1
 363 0001 11       		.uleb128 0x11
 364 0002 01       		.byte	0x1
 365 0003 25       		.uleb128 0x25
 366 0004 0E       		.uleb128 0xe
 367 0005 13       		.uleb128 0x13
 368 0006 0B       		.uleb128 0xb
 369 0007 03       		.uleb128 0x3
 370 0008 0E       		.uleb128 0xe
 371 0009 1B       		.uleb128 0x1b
 372 000a 0E       		.uleb128 0xe
 373 000b 55       		.uleb128 0x55
 374 000c 17       		.uleb128 0x17
 375 000d 11       		.uleb128 0x11
 376 000e 01       		.uleb128 0x1
 377 000f 10       		.uleb128 0x10
 378 0010 17       		.uleb128 0x17
 379 0011 00       		.byte	0
 380 0012 00       		.byte	0
 381 0013 02       		.uleb128 0x2
 382 0014 24       		.uleb128 0x24
 383 0015 00       		.byte	0
 384 0016 0B       		.uleb128 0xb
 385 0017 0B       		.uleb128 0xb
ARM GAS  C:\Users\JOSANT~1\AppData\Local\Temp\ccKKJXnb.s 			page 9


 386 0018 3E       		.uleb128 0x3e
 387 0019 0B       		.uleb128 0xb
 388 001a 03       		.uleb128 0x3
 389 001b 0E       		.uleb128 0xe
 390 001c 00       		.byte	0
 391 001d 00       		.byte	0
 392 001e 03       		.uleb128 0x3
 393 001f 16       		.uleb128 0x16
 394 0020 00       		.byte	0
 395 0021 03       		.uleb128 0x3
 396 0022 0E       		.uleb128 0xe
 397 0023 3A       		.uleb128 0x3a
 398 0024 0B       		.uleb128 0xb
 399 0025 3B       		.uleb128 0x3b
 400 0026 0B       		.uleb128 0xb
 401 0027 49       		.uleb128 0x49
 402 0028 13       		.uleb128 0x13
 403 0029 00       		.byte	0
 404 002a 00       		.byte	0
 405 002b 04       		.uleb128 0x4
 406 002c 24       		.uleb128 0x24
 407 002d 00       		.byte	0
 408 002e 0B       		.uleb128 0xb
 409 002f 0B       		.uleb128 0xb
 410 0030 3E       		.uleb128 0x3e
 411 0031 0B       		.uleb128 0xb
 412 0032 03       		.uleb128 0x3
 413 0033 08       		.uleb128 0x8
 414 0034 00       		.byte	0
 415 0035 00       		.byte	0
 416 0036 05       		.uleb128 0x5
 417 0037 16       		.uleb128 0x16
 418 0038 00       		.byte	0
 419 0039 03       		.uleb128 0x3
 420 003a 0E       		.uleb128 0xe
 421 003b 3A       		.uleb128 0x3a
 422 003c 0B       		.uleb128 0xb
 423 003d 3B       		.uleb128 0x3b
 424 003e 05       		.uleb128 0x5
 425 003f 49       		.uleb128 0x49
 426 0040 13       		.uleb128 0x13
 427 0041 00       		.byte	0
 428 0042 00       		.byte	0
 429 0043 06       		.uleb128 0x6
 430 0044 0F       		.uleb128 0xf
 431 0045 00       		.byte	0
 432 0046 0B       		.uleb128 0xb
 433 0047 0B       		.uleb128 0xb
 434 0048 49       		.uleb128 0x49
 435 0049 13       		.uleb128 0x13
 436 004a 00       		.byte	0
 437 004b 00       		.byte	0
 438 004c 07       		.uleb128 0x7
 439 004d 15       		.uleb128 0x15
 440 004e 00       		.byte	0
 441 004f 27       		.uleb128 0x27
 442 0050 19       		.uleb128 0x19
ARM GAS  C:\Users\JOSANT~1\AppData\Local\Temp\ccKKJXnb.s 			page 10


 443 0051 00       		.byte	0
 444 0052 00       		.byte	0
 445 0053 08       		.uleb128 0x8
 446 0054 2E       		.uleb128 0x2e
 447 0055 01       		.byte	0x1
 448 0056 3F       		.uleb128 0x3f
 449 0057 19       		.uleb128 0x19
 450 0058 03       		.uleb128 0x3
 451 0059 0E       		.uleb128 0xe
 452 005a 3A       		.uleb128 0x3a
 453 005b 0B       		.uleb128 0xb
 454 005c 3B       		.uleb128 0x3b
 455 005d 0B       		.uleb128 0xb
 456 005e 27       		.uleb128 0x27
 457 005f 19       		.uleb128 0x19
 458 0060 11       		.uleb128 0x11
 459 0061 01       		.uleb128 0x1
 460 0062 12       		.uleb128 0x12
 461 0063 06       		.uleb128 0x6
 462 0064 40       		.uleb128 0x40
 463 0065 18       		.uleb128 0x18
 464 0066 9742     		.uleb128 0x2117
 465 0068 19       		.uleb128 0x19
 466 0069 01       		.uleb128 0x1
 467 006a 13       		.uleb128 0x13
 468 006b 00       		.byte	0
 469 006c 00       		.byte	0
 470 006d 09       		.uleb128 0x9
 471 006e 898201   		.uleb128 0x4109
 472 0071 00       		.byte	0
 473 0072 11       		.uleb128 0x11
 474 0073 01       		.uleb128 0x1
 475 0074 31       		.uleb128 0x31
 476 0075 13       		.uleb128 0x13
 477 0076 00       		.byte	0
 478 0077 00       		.byte	0
 479 0078 0A       		.uleb128 0xa
 480 0079 2E       		.uleb128 0x2e
 481 007a 01       		.byte	0x1
 482 007b 3F       		.uleb128 0x3f
 483 007c 19       		.uleb128 0x19
 484 007d 03       		.uleb128 0x3
 485 007e 0E       		.uleb128 0xe
 486 007f 3A       		.uleb128 0x3a
 487 0080 0B       		.uleb128 0xb
 488 0081 3B       		.uleb128 0x3b
 489 0082 0B       		.uleb128 0xb
 490 0083 27       		.uleb128 0x27
 491 0084 19       		.uleb128 0x19
 492 0085 49       		.uleb128 0x49
 493 0086 13       		.uleb128 0x13
 494 0087 11       		.uleb128 0x11
 495 0088 01       		.uleb128 0x1
 496 0089 12       		.uleb128 0x12
 497 008a 06       		.uleb128 0x6
 498 008b 40       		.uleb128 0x40
 499 008c 18       		.uleb128 0x18
ARM GAS  C:\Users\JOSANT~1\AppData\Local\Temp\ccKKJXnb.s 			page 11


 500 008d 9742     		.uleb128 0x2117
 501 008f 19       		.uleb128 0x19
 502 0090 01       		.uleb128 0x1
 503 0091 13       		.uleb128 0x13
 504 0092 00       		.byte	0
 505 0093 00       		.byte	0
 506 0094 0B       		.uleb128 0xb
 507 0095 898201   		.uleb128 0x4109
 508 0098 01       		.byte	0x1
 509 0099 11       		.uleb128 0x11
 510 009a 01       		.uleb128 0x1
 511 009b 31       		.uleb128 0x31
 512 009c 13       		.uleb128 0x13
 513 009d 01       		.uleb128 0x1
 514 009e 13       		.uleb128 0x13
 515 009f 00       		.byte	0
 516 00a0 00       		.byte	0
 517 00a1 0C       		.uleb128 0xc
 518 00a2 8A8201   		.uleb128 0x410a
 519 00a5 00       		.byte	0
 520 00a6 02       		.uleb128 0x2
 521 00a7 18       		.uleb128 0x18
 522 00a8 9142     		.uleb128 0x2111
 523 00aa 18       		.uleb128 0x18
 524 00ab 00       		.byte	0
 525 00ac 00       		.byte	0
 526 00ad 0D       		.uleb128 0xd
 527 00ae 898201   		.uleb128 0x4109
 528 00b1 01       		.byte	0x1
 529 00b2 11       		.uleb128 0x11
 530 00b3 01       		.uleb128 0x1
 531 00b4 31       		.uleb128 0x31
 532 00b5 13       		.uleb128 0x13
 533 00b6 00       		.byte	0
 534 00b7 00       		.byte	0
 535 00b8 0E       		.uleb128 0xe
 536 00b9 34       		.uleb128 0x34
 537 00ba 00       		.byte	0
 538 00bb 03       		.uleb128 0x3
 539 00bc 0E       		.uleb128 0xe
 540 00bd 3A       		.uleb128 0x3a
 541 00be 0B       		.uleb128 0xb
 542 00bf 3B       		.uleb128 0x3b
 543 00c0 05       		.uleb128 0x5
 544 00c1 49       		.uleb128 0x49
 545 00c2 13       		.uleb128 0x13
 546 00c3 3F       		.uleb128 0x3f
 547 00c4 19       		.uleb128 0x19
 548 00c5 3C       		.uleb128 0x3c
 549 00c6 19       		.uleb128 0x19
 550 00c7 00       		.byte	0
 551 00c8 00       		.byte	0
 552 00c9 0F       		.uleb128 0xf
 553 00ca 35       		.uleb128 0x35
 554 00cb 00       		.byte	0
 555 00cc 49       		.uleb128 0x49
 556 00cd 13       		.uleb128 0x13
ARM GAS  C:\Users\JOSANT~1\AppData\Local\Temp\ccKKJXnb.s 			page 12


 557 00ce 00       		.byte	0
 558 00cf 00       		.byte	0
 559 00d0 10       		.uleb128 0x10
 560 00d1 34       		.uleb128 0x34
 561 00d2 00       		.byte	0
 562 00d3 03       		.uleb128 0x3
 563 00d4 0E       		.uleb128 0xe
 564 00d5 3A       		.uleb128 0x3a
 565 00d6 0B       		.uleb128 0xb
 566 00d7 3B       		.uleb128 0x3b
 567 00d8 0B       		.uleb128 0xb
 568 00d9 49       		.uleb128 0x49
 569 00da 13       		.uleb128 0x13
 570 00db 3F       		.uleb128 0x3f
 571 00dc 19       		.uleb128 0x19
 572 00dd 02       		.uleb128 0x2
 573 00de 18       		.uleb128 0x18
 574 00df 00       		.byte	0
 575 00e0 00       		.byte	0
 576 00e1 11       		.uleb128 0x11
 577 00e2 2E       		.uleb128 0x2e
 578 00e3 00       		.byte	0
 579 00e4 3F       		.uleb128 0x3f
 580 00e5 19       		.uleb128 0x19
 581 00e6 03       		.uleb128 0x3
 582 00e7 0E       		.uleb128 0xe
 583 00e8 3A       		.uleb128 0x3a
 584 00e9 0B       		.uleb128 0xb
 585 00ea 3B       		.uleb128 0x3b
 586 00eb 0B       		.uleb128 0xb
 587 00ec 27       		.uleb128 0x27
 588 00ed 19       		.uleb128 0x19
 589 00ee 49       		.uleb128 0x49
 590 00ef 13       		.uleb128 0x13
 591 00f0 3C       		.uleb128 0x3c
 592 00f1 19       		.uleb128 0x19
 593 00f2 00       		.byte	0
 594 00f3 00       		.byte	0
 595 00f4 12       		.uleb128 0x12
 596 00f5 2E       		.uleb128 0x2e
 597 00f6 01       		.byte	0x1
 598 00f7 3F       		.uleb128 0x3f
 599 00f8 19       		.uleb128 0x19
 600 00f9 03       		.uleb128 0x3
 601 00fa 0E       		.uleb128 0xe
 602 00fb 3A       		.uleb128 0x3a
 603 00fc 0B       		.uleb128 0xb
 604 00fd 3B       		.uleb128 0x3b
 605 00fe 0B       		.uleb128 0xb
 606 00ff 27       		.uleb128 0x27
 607 0100 19       		.uleb128 0x19
 608 0101 3C       		.uleb128 0x3c
 609 0102 19       		.uleb128 0x19
 610 0103 01       		.uleb128 0x1
 611 0104 13       		.uleb128 0x13
 612 0105 00       		.byte	0
 613 0106 00       		.byte	0
ARM GAS  C:\Users\JOSANT~1\AppData\Local\Temp\ccKKJXnb.s 			page 13


 614 0107 13       		.uleb128 0x13
 615 0108 05       		.uleb128 0x5
 616 0109 00       		.byte	0
 617 010a 49       		.uleb128 0x49
 618 010b 13       		.uleb128 0x13
 619 010c 00       		.byte	0
 620 010d 00       		.byte	0
 621 010e 14       		.uleb128 0x14
 622 010f 2E       		.uleb128 0x2e
 623 0110 00       		.byte	0
 624 0111 3F       		.uleb128 0x3f
 625 0112 19       		.uleb128 0x19
 626 0113 03       		.uleb128 0x3
 627 0114 0E       		.uleb128 0xe
 628 0115 3A       		.uleb128 0x3a
 629 0116 0B       		.uleb128 0xb
 630 0117 3B       		.uleb128 0x3b
 631 0118 0B       		.uleb128 0xb
 632 0119 27       		.uleb128 0x27
 633 011a 19       		.uleb128 0x19
 634 011b 3C       		.uleb128 0x3c
 635 011c 19       		.uleb128 0x19
 636 011d 00       		.byte	0
 637 011e 00       		.byte	0
 638 011f 15       		.uleb128 0x15
 639 0120 2E       		.uleb128 0x2e
 640 0121 01       		.byte	0x1
 641 0122 3F       		.uleb128 0x3f
 642 0123 19       		.uleb128 0x19
 643 0124 03       		.uleb128 0x3
 644 0125 0E       		.uleb128 0xe
 645 0126 3A       		.uleb128 0x3a
 646 0127 0B       		.uleb128 0xb
 647 0128 3B       		.uleb128 0x3b
 648 0129 0B       		.uleb128 0xb
 649 012a 27       		.uleb128 0x27
 650 012b 19       		.uleb128 0x19
 651 012c 3C       		.uleb128 0x3c
 652 012d 19       		.uleb128 0x19
 653 012e 00       		.byte	0
 654 012f 00       		.byte	0
 655 0130 00       		.byte	0
 656              		.section	.debug_aranges,"",%progbits
 657 0000 24000000 		.4byte	0x24
 658 0004 0200     		.2byte	0x2
 659 0006 00000000 		.4byte	.Ldebug_info0
 660 000a 04       		.byte	0x4
 661 000b 00       		.byte	0
 662 000c 0000     		.2byte	0
 663 000e 0000     		.2byte	0
 664 0010 00000000 		.4byte	.LFB64
 665 0014 10000000 		.4byte	.LFE64-.LFB64
 666 0018 00000000 		.4byte	.LFB63
 667 001c 30000000 		.4byte	.LFE63-.LFB63
 668 0020 00000000 		.4byte	0
 669 0024 00000000 		.4byte	0
 670              		.section	.debug_ranges,"",%progbits
ARM GAS  C:\Users\JOSANT~1\AppData\Local\Temp\ccKKJXnb.s 			page 14


 671              	.Ldebug_ranges0:
 672 0000 00000000 		.4byte	.LFB64
 673 0004 10000000 		.4byte	.LFE64
 674 0008 00000000 		.4byte	.LFB63
 675 000c 30000000 		.4byte	.LFE63
 676 0010 00000000 		.4byte	0
 677 0014 00000000 		.4byte	0
 678              		.section	.debug_line,"",%progbits
 679              	.Ldebug_line0:
 680 0000 D0010000 		.section	.debug_str,"MS",%progbits,1
 680      02009A01 
 680      00000201 
 680      FB0E0D00 
 680      01010101 
 681              	.LASF22:
 682 0000 67656E65 		.ascii	"generadorPulsosPWM_Start\000"
 682      7261646F 
 682      7250756C 
 682      736F7350 
 682      574D5F53 
 683              	.LASF23:
 684 0019 54696D65 		.ascii	"Timer_1_Start\000"
 684      725F315F 
 684      53746172 
 684      7400
 685              	.LASF9:
 686 0027 5F5F696E 		.ascii	"__int32_t\000"
 686      7433325F 
 686      7400
 687              	.LASF29:
 688 0031 6C656453 		.ascii	"ledSoftwareInterrupcionPWM_Read\000"
 688      6F667477 
 688      61726549 
 688      6E746572 
 688      72757063 
 689              	.LASF26:
 690 0051 433A5C50 		.ascii	"C:\\Practicas\\PracticasDSECompleto\\Practica1Parte"
 690      72616374 
 690      69636173 
 690      5C507261 
 690      63746963 
 691 0081 332E6379 		.ascii	"3.cydsn\000"
 691      64736E00 
 692              	.LASF12:
 693 0089 666C6F61 		.ascii	"float\000"
 693      7400
 694              	.LASF18:
 695 008f 666C6167 		.ascii	"flagInterrupcionPWM\000"
 695      496E7465 
 695      72727570 
 695      63696F6E 
 695      50574D00 
 696              	.LASF1:
 697 00a3 756E7369 		.ascii	"unsigned char\000"
 697      676E6564 
 697      20636861 
 697      7200
ARM GAS  C:\Users\JOSANT~1\AppData\Local\Temp\ccKKJXnb.s 			page 15


 698              	.LASF21:
 699 00b1 6973725F 		.ascii	"isr_GPIO_SetPriority\000"
 699      4750494F 
 699      5F536574 
 699      5072696F 
 699      72697479 
 700              	.LASF20:
 701 00c6 6973725F 		.ascii	"isr_GPIO_StartEx\000"
 701      4750494F 
 701      5F537461 
 701      72744578 
 701      00
 702              	.LASF5:
 703 00d7 6C6F6E67 		.ascii	"long unsigned int\000"
 703      20756E73 
 703      69676E65 
 703      6420696E 
 703      7400
 704              	.LASF3:
 705 00e9 73686F72 		.ascii	"short unsigned int\000"
 705      7420756E 
 705      7369676E 
 705      65642069 
 705      6E7400
 706              	.LASF17:
 707 00fc 49544D5F 		.ascii	"ITM_RxBuffer\000"
 707      52784275 
 707      66666572 
 707      00
 708              	.LASF13:
 709 0109 646F7562 		.ascii	"double\000"
 709      6C6500
 710              	.LASF28:
 711 0110 6D61696E 		.ascii	"main\000"
 711      00
 712              	.LASF30:
 713 0115 67656E65 		.ascii	"generadorPulsosPWM_WriteCompare\000"
 713      7261646F 
 713      7250756C 
 713      736F7350 
 713      574D5F57 
 714              	.LASF24:
 715 0135 474E5520 		.ascii	"GNU C 4.9.3 20150303 (release) [ARM/embedded-4_9-br"
 715      4320342E 
 715      392E3320 
 715      32303135 
 715      30333033 
 716 0168 616E6368 		.ascii	"anch revision 221220] -mcpu=cortex-m3 -mthumb -g -O"
 716      20726576 
 716      6973696F 
 716      6E203232 
 716      31323230 
 717 019b 67202D66 		.ascii	"g -ffunction-sections -ffat-lto-objects\000"
 717      66756E63 
 717      74696F6E 
 717      2D736563 
 717      74696F6E 
ARM GAS  C:\Users\JOSANT~1\AppData\Local\Temp\ccKKJXnb.s 			page 16


 718              	.LASF8:
 719 01c3 756E7369 		.ascii	"unsigned int\000"
 719      676E6564 
 719      20696E74 
 719      00
 720              	.LASF7:
 721 01d0 6C6F6E67 		.ascii	"long long unsigned int\000"
 721      206C6F6E 
 721      6720756E 
 721      7369676E 
 721      65642069 
 722              	.LASF15:
 723 01e7 63796973 		.ascii	"cyisraddress\000"
 723      72616464 
 723      72657373 
 723      00
 724              	.LASF19:
 725 01f4 6C656453 		.ascii	"ledSoftwareInterrupcionPWM_Write\000"
 725      6F667477 
 725      61726549 
 725      6E746572 
 725      72757063 
 726              	.LASF10:
 727 0215 696E7433 		.ascii	"int32_t\000"
 727      325F7400 
 728              	.LASF16:
 729 021d 73697A65 		.ascii	"sizetype\000"
 729      74797065 
 729      00
 730              	.LASF6:
 731 0226 6C6F6E67 		.ascii	"long long int\000"
 731      206C6F6E 
 731      6720696E 
 731      7400
 732              	.LASF25:
 733 0234 6D61696E 		.ascii	"main.c\000"
 733      2E6300
 734              	.LASF14:
 735 023b 63686172 		.ascii	"char\000"
 735      00
 736              	.LASF27:
 737 0240 4750494F 		.ascii	"GPIOIsrHandler\000"
 737      49737248 
 737      616E646C 
 737      657200
 738              	.LASF2:
 739 024f 73686F72 		.ascii	"short int\000"
 739      7420696E 
 739      7400
 740              	.LASF11:
 741 0259 75696E74 		.ascii	"uint8\000"
 741      3800
 742              	.LASF4:
 743 025f 6C6F6E67 		.ascii	"long int\000"
 743      20696E74 
 743      00
 744              	.LASF0:
ARM GAS  C:\Users\JOSANT~1\AppData\Local\Temp\ccKKJXnb.s 			page 17


 745 0268 7369676E 		.ascii	"signed char\000"
 745      65642063 
 745      68617200 
 746              		.ident	"GCC: (GNU Tools for ARM Embedded Processors) 4.9.3 20150303 (release) [ARM/embedded-4_9-br
