ARM GAS  C:\Users\JOSANT~1\AppData\Local\Temp\ccX8Irba.s 			page 1


   1              		.syntax unified
   2              		.cpu cortex-m3
   3              		.fpu softvfp
   4              		.eabi_attribute 20, 1
   5              		.eabi_attribute 21, 1
   6              		.eabi_attribute 23, 3
   7              		.eabi_attribute 24, 1
   8              		.eabi_attribute 25, 1
   9              		.eabi_attribute 26, 1
  10              		.eabi_attribute 30, 6
  11              		.eabi_attribute 34, 1
  12              		.eabi_attribute 18, 4
  13              		.thumb
  14              		.file	"UART_1_PM.c"
  15              		.text
  16              	.Ltext0:
  17              		.cfi_sections	.debug_frame
  18              		.bss
  19              		.align	2
  20              	UART_1_backup:
  21 0000 00       		.space	1
  22 0001 000000   		.section	.text.UART_1_SaveConfig,"ax",%progbits
  23              		.align	2
  24              		.global	UART_1_SaveConfig
  25              		.thumb
  26              		.thumb_func
  27              		.type	UART_1_SaveConfig, %function
  28              	UART_1_SaveConfig:
  29              	.LFB0:
  30              		.file 1 "Generated_Source\\PSoC5\\UART_1_PM.c"
   1:Generated_Source\PSoC5/UART_1_PM.c **** /*******************************************************************************
   2:Generated_Source\PSoC5/UART_1_PM.c **** * File Name: UART_1_PM.c
   3:Generated_Source\PSoC5/UART_1_PM.c **** * Version 2.50
   4:Generated_Source\PSoC5/UART_1_PM.c **** *
   5:Generated_Source\PSoC5/UART_1_PM.c **** * Description:
   6:Generated_Source\PSoC5/UART_1_PM.c **** *  This file provides Sleep/WakeUp APIs functionality.
   7:Generated_Source\PSoC5/UART_1_PM.c **** *
   8:Generated_Source\PSoC5/UART_1_PM.c **** * Note:
   9:Generated_Source\PSoC5/UART_1_PM.c **** *
  10:Generated_Source\PSoC5/UART_1_PM.c **** ********************************************************************************
  11:Generated_Source\PSoC5/UART_1_PM.c **** * Copyright 2008-2015, Cypress Semiconductor Corporation.  All rights reserved.
  12:Generated_Source\PSoC5/UART_1_PM.c **** * You may use this file only in accordance with the license, terms, conditions,
  13:Generated_Source\PSoC5/UART_1_PM.c **** * disclaimers, and limitations in the end user license agreement accompanying
  14:Generated_Source\PSoC5/UART_1_PM.c **** * the software package with which this file was provided.
  15:Generated_Source\PSoC5/UART_1_PM.c **** *******************************************************************************/
  16:Generated_Source\PSoC5/UART_1_PM.c **** 
  17:Generated_Source\PSoC5/UART_1_PM.c **** #include "UART_1.h"
  18:Generated_Source\PSoC5/UART_1_PM.c **** 
  19:Generated_Source\PSoC5/UART_1_PM.c **** 
  20:Generated_Source\PSoC5/UART_1_PM.c **** /***************************************
  21:Generated_Source\PSoC5/UART_1_PM.c **** * Local data allocation
  22:Generated_Source\PSoC5/UART_1_PM.c **** ***************************************/
  23:Generated_Source\PSoC5/UART_1_PM.c **** 
  24:Generated_Source\PSoC5/UART_1_PM.c **** static UART_1_BACKUP_STRUCT  UART_1_backup =
  25:Generated_Source\PSoC5/UART_1_PM.c **** {
  26:Generated_Source\PSoC5/UART_1_PM.c ****     /* enableState - disabled */
  27:Generated_Source\PSoC5/UART_1_PM.c ****     0u,
ARM GAS  C:\Users\JOSANT~1\AppData\Local\Temp\ccX8Irba.s 			page 2


  28:Generated_Source\PSoC5/UART_1_PM.c **** };
  29:Generated_Source\PSoC5/UART_1_PM.c **** 
  30:Generated_Source\PSoC5/UART_1_PM.c **** 
  31:Generated_Source\PSoC5/UART_1_PM.c **** 
  32:Generated_Source\PSoC5/UART_1_PM.c **** /*******************************************************************************
  33:Generated_Source\PSoC5/UART_1_PM.c **** * Function Name: UART_1_SaveConfig
  34:Generated_Source\PSoC5/UART_1_PM.c **** ********************************************************************************
  35:Generated_Source\PSoC5/UART_1_PM.c **** *
  36:Generated_Source\PSoC5/UART_1_PM.c **** * Summary:
  37:Generated_Source\PSoC5/UART_1_PM.c **** *  This function saves the component nonretention control register.
  38:Generated_Source\PSoC5/UART_1_PM.c **** *  Does not save the FIFO which is a set of nonretention registers.
  39:Generated_Source\PSoC5/UART_1_PM.c **** *  This function is called by the UART_1_Sleep() function.
  40:Generated_Source\PSoC5/UART_1_PM.c **** *
  41:Generated_Source\PSoC5/UART_1_PM.c **** * Parameters:
  42:Generated_Source\PSoC5/UART_1_PM.c **** *  None.
  43:Generated_Source\PSoC5/UART_1_PM.c **** *
  44:Generated_Source\PSoC5/UART_1_PM.c **** * Return:
  45:Generated_Source\PSoC5/UART_1_PM.c **** *  None.
  46:Generated_Source\PSoC5/UART_1_PM.c **** *
  47:Generated_Source\PSoC5/UART_1_PM.c **** * Global Variables:
  48:Generated_Source\PSoC5/UART_1_PM.c **** *  UART_1_backup - modified when non-retention registers are saved.
  49:Generated_Source\PSoC5/UART_1_PM.c **** *
  50:Generated_Source\PSoC5/UART_1_PM.c **** * Reentrant:
  51:Generated_Source\PSoC5/UART_1_PM.c **** *  No.
  52:Generated_Source\PSoC5/UART_1_PM.c **** *
  53:Generated_Source\PSoC5/UART_1_PM.c **** *******************************************************************************/
  54:Generated_Source\PSoC5/UART_1_PM.c **** void UART_1_SaveConfig(void)
  55:Generated_Source\PSoC5/UART_1_PM.c **** {
  31              		.loc 1 55 0
  32              		.cfi_startproc
  33              		@ args = 0, pretend = 0, frame = 0
  34              		@ frame_needed = 1, uses_anonymous_args = 0
  35              		@ link register save eliminated.
  36 0000 80B4     		push	{r7}
  37              		.cfi_def_cfa_offset 4
  38              		.cfi_offset 7, -4
  39 0002 00AF     		add	r7, sp, #0
  40              		.cfi_def_cfa_register 7
  56:Generated_Source\PSoC5/UART_1_PM.c ****     #if(UART_1_CONTROL_REG_REMOVED == 0u)
  57:Generated_Source\PSoC5/UART_1_PM.c ****         UART_1_backup.cr = UART_1_CONTROL_REG;
  58:Generated_Source\PSoC5/UART_1_PM.c ****     #endif /* End UART_1_CONTROL_REG_REMOVED */
  59:Generated_Source\PSoC5/UART_1_PM.c **** }
  41              		.loc 1 59 0
  42 0004 BD46     		mov	sp, r7
  43              		.cfi_def_cfa_register 13
  44              		@ sp needed
  45 0006 5DF8047B 		ldr	r7, [sp], #4
  46              		.cfi_restore 7
  47              		.cfi_def_cfa_offset 0
  48 000a 7047     		bx	lr
  49              		.cfi_endproc
  50              	.LFE0:
  51              		.size	UART_1_SaveConfig, .-UART_1_SaveConfig
  52              		.section	.text.UART_1_RestoreConfig,"ax",%progbits
  53              		.align	2
  54              		.global	UART_1_RestoreConfig
  55              		.thumb
ARM GAS  C:\Users\JOSANT~1\AppData\Local\Temp\ccX8Irba.s 			page 3


  56              		.thumb_func
  57              		.type	UART_1_RestoreConfig, %function
  58              	UART_1_RestoreConfig:
  59              	.LFB1:
  60:Generated_Source\PSoC5/UART_1_PM.c **** 
  61:Generated_Source\PSoC5/UART_1_PM.c **** 
  62:Generated_Source\PSoC5/UART_1_PM.c **** /*******************************************************************************
  63:Generated_Source\PSoC5/UART_1_PM.c **** * Function Name: UART_1_RestoreConfig
  64:Generated_Source\PSoC5/UART_1_PM.c **** ********************************************************************************
  65:Generated_Source\PSoC5/UART_1_PM.c **** *
  66:Generated_Source\PSoC5/UART_1_PM.c **** * Summary:
  67:Generated_Source\PSoC5/UART_1_PM.c **** *  Restores the nonretention control register except FIFO.
  68:Generated_Source\PSoC5/UART_1_PM.c **** *  Does not restore the FIFO which is a set of nonretention registers.
  69:Generated_Source\PSoC5/UART_1_PM.c **** *
  70:Generated_Source\PSoC5/UART_1_PM.c **** * Parameters:
  71:Generated_Source\PSoC5/UART_1_PM.c **** *  None.
  72:Generated_Source\PSoC5/UART_1_PM.c **** *
  73:Generated_Source\PSoC5/UART_1_PM.c **** * Return:
  74:Generated_Source\PSoC5/UART_1_PM.c **** *  None.
  75:Generated_Source\PSoC5/UART_1_PM.c **** *
  76:Generated_Source\PSoC5/UART_1_PM.c **** * Global Variables:
  77:Generated_Source\PSoC5/UART_1_PM.c **** *  UART_1_backup - used when non-retention registers are restored.
  78:Generated_Source\PSoC5/UART_1_PM.c **** *
  79:Generated_Source\PSoC5/UART_1_PM.c **** * Reentrant:
  80:Generated_Source\PSoC5/UART_1_PM.c **** *  No.
  81:Generated_Source\PSoC5/UART_1_PM.c **** *
  82:Generated_Source\PSoC5/UART_1_PM.c **** * Notes:
  83:Generated_Source\PSoC5/UART_1_PM.c **** *  If this function is called without calling UART_1_SaveConfig() 
  84:Generated_Source\PSoC5/UART_1_PM.c **** *  first, the data loaded may be incorrect.
  85:Generated_Source\PSoC5/UART_1_PM.c **** *
  86:Generated_Source\PSoC5/UART_1_PM.c **** *******************************************************************************/
  87:Generated_Source\PSoC5/UART_1_PM.c **** void UART_1_RestoreConfig(void)
  88:Generated_Source\PSoC5/UART_1_PM.c **** {
  60              		.loc 1 88 0
  61              		.cfi_startproc
  62              		@ args = 0, pretend = 0, frame = 0
  63              		@ frame_needed = 1, uses_anonymous_args = 0
  64              		@ link register save eliminated.
  65 0000 80B4     		push	{r7}
  66              		.cfi_def_cfa_offset 4
  67              		.cfi_offset 7, -4
  68 0002 00AF     		add	r7, sp, #0
  69              		.cfi_def_cfa_register 7
  89:Generated_Source\PSoC5/UART_1_PM.c ****     #if(UART_1_CONTROL_REG_REMOVED == 0u)
  90:Generated_Source\PSoC5/UART_1_PM.c ****         UART_1_CONTROL_REG = UART_1_backup.cr;
  91:Generated_Source\PSoC5/UART_1_PM.c ****     #endif /* End UART_1_CONTROL_REG_REMOVED */
  92:Generated_Source\PSoC5/UART_1_PM.c **** }
  70              		.loc 1 92 0
  71 0004 BD46     		mov	sp, r7
  72              		.cfi_def_cfa_register 13
  73              		@ sp needed
  74 0006 5DF8047B 		ldr	r7, [sp], #4
  75              		.cfi_restore 7
  76              		.cfi_def_cfa_offset 0
  77 000a 7047     		bx	lr
  78              		.cfi_endproc
  79              	.LFE1:
ARM GAS  C:\Users\JOSANT~1\AppData\Local\Temp\ccX8Irba.s 			page 4


  80              		.size	UART_1_RestoreConfig, .-UART_1_RestoreConfig
  81              		.section	.text.UART_1_Sleep,"ax",%progbits
  82              		.align	2
  83              		.global	UART_1_Sleep
  84              		.thumb
  85              		.thumb_func
  86              		.type	UART_1_Sleep, %function
  87              	UART_1_Sleep:
  88              	.LFB2:
  93:Generated_Source\PSoC5/UART_1_PM.c **** 
  94:Generated_Source\PSoC5/UART_1_PM.c **** 
  95:Generated_Source\PSoC5/UART_1_PM.c **** /*******************************************************************************
  96:Generated_Source\PSoC5/UART_1_PM.c **** * Function Name: UART_1_Sleep
  97:Generated_Source\PSoC5/UART_1_PM.c **** ********************************************************************************
  98:Generated_Source\PSoC5/UART_1_PM.c **** *
  99:Generated_Source\PSoC5/UART_1_PM.c **** * Summary:
 100:Generated_Source\PSoC5/UART_1_PM.c **** *  This is the preferred API to prepare the component for sleep. 
 101:Generated_Source\PSoC5/UART_1_PM.c **** *  The UART_1_Sleep() API saves the current component state. Then it
 102:Generated_Source\PSoC5/UART_1_PM.c **** *  calls the UART_1_Stop() function and calls 
 103:Generated_Source\PSoC5/UART_1_PM.c **** *  UART_1_SaveConfig() to save the hardware configuration.
 104:Generated_Source\PSoC5/UART_1_PM.c **** *  Call the UART_1_Sleep() function before calling the CyPmSleep() 
 105:Generated_Source\PSoC5/UART_1_PM.c **** *  or the CyPmHibernate() function. 
 106:Generated_Source\PSoC5/UART_1_PM.c **** *
 107:Generated_Source\PSoC5/UART_1_PM.c **** * Parameters:
 108:Generated_Source\PSoC5/UART_1_PM.c **** *  None.
 109:Generated_Source\PSoC5/UART_1_PM.c **** *
 110:Generated_Source\PSoC5/UART_1_PM.c **** * Return:
 111:Generated_Source\PSoC5/UART_1_PM.c **** *  None.
 112:Generated_Source\PSoC5/UART_1_PM.c **** *
 113:Generated_Source\PSoC5/UART_1_PM.c **** * Global Variables:
 114:Generated_Source\PSoC5/UART_1_PM.c **** *  UART_1_backup - modified when non-retention registers are saved.
 115:Generated_Source\PSoC5/UART_1_PM.c **** *
 116:Generated_Source\PSoC5/UART_1_PM.c **** * Reentrant:
 117:Generated_Source\PSoC5/UART_1_PM.c **** *  No.
 118:Generated_Source\PSoC5/UART_1_PM.c **** *
 119:Generated_Source\PSoC5/UART_1_PM.c **** *******************************************************************************/
 120:Generated_Source\PSoC5/UART_1_PM.c **** void UART_1_Sleep(void)
 121:Generated_Source\PSoC5/UART_1_PM.c **** {
  89              		.loc 1 121 0
  90              		.cfi_startproc
  91              		@ args = 0, pretend = 0, frame = 0
  92              		@ frame_needed = 1, uses_anonymous_args = 0
  93 0000 80B5     		push	{r7, lr}
  94              		.cfi_def_cfa_offset 8
  95              		.cfi_offset 7, -8
  96              		.cfi_offset 14, -4
  97 0002 00AF     		add	r7, sp, #0
  98              		.cfi_def_cfa_register 7
 122:Generated_Source\PSoC5/UART_1_PM.c ****     #if(UART_1_RX_ENABLED || UART_1_HD_ENABLED)
 123:Generated_Source\PSoC5/UART_1_PM.c ****         if((UART_1_RXSTATUS_ACTL_REG  & UART_1_INT_ENABLE) != 0u)
  99              		.loc 1 123 0
 100 0004 094B     		ldr	r3, .L6
 101 0006 1B78     		ldrb	r3, [r3]
 102 0008 DBB2     		uxtb	r3, r3
 103 000a 03F01003 		and	r3, r3, #16
 104 000e 002B     		cmp	r3, #0
 105 0010 03D0     		beq	.L4
ARM GAS  C:\Users\JOSANT~1\AppData\Local\Temp\ccX8Irba.s 			page 5


 124:Generated_Source\PSoC5/UART_1_PM.c ****         {
 125:Generated_Source\PSoC5/UART_1_PM.c ****             UART_1_backup.enableState = 1u;
 106              		.loc 1 125 0
 107 0012 074B     		ldr	r3, .L6+4
 108 0014 0122     		movs	r2, #1
 109 0016 1A70     		strb	r2, [r3]
 110 0018 02E0     		b	.L5
 111              	.L4:
 126:Generated_Source\PSoC5/UART_1_PM.c ****         }
 127:Generated_Source\PSoC5/UART_1_PM.c ****         else
 128:Generated_Source\PSoC5/UART_1_PM.c ****         {
 129:Generated_Source\PSoC5/UART_1_PM.c ****             UART_1_backup.enableState = 0u;
 112              		.loc 1 129 0
 113 001a 054B     		ldr	r3, .L6+4
 114 001c 0022     		movs	r2, #0
 115 001e 1A70     		strb	r2, [r3]
 116              	.L5:
 130:Generated_Source\PSoC5/UART_1_PM.c ****         }
 131:Generated_Source\PSoC5/UART_1_PM.c ****     #else
 132:Generated_Source\PSoC5/UART_1_PM.c ****         if((UART_1_TXSTATUS_ACTL_REG  & UART_1_INT_ENABLE) !=0u)
 133:Generated_Source\PSoC5/UART_1_PM.c ****         {
 134:Generated_Source\PSoC5/UART_1_PM.c ****             UART_1_backup.enableState = 1u;
 135:Generated_Source\PSoC5/UART_1_PM.c ****         }
 136:Generated_Source\PSoC5/UART_1_PM.c ****         else
 137:Generated_Source\PSoC5/UART_1_PM.c ****         {
 138:Generated_Source\PSoC5/UART_1_PM.c ****             UART_1_backup.enableState = 0u;
 139:Generated_Source\PSoC5/UART_1_PM.c ****         }
 140:Generated_Source\PSoC5/UART_1_PM.c ****     #endif /* End UART_1_RX_ENABLED || UART_1_HD_ENABLED*/
 141:Generated_Source\PSoC5/UART_1_PM.c **** 
 142:Generated_Source\PSoC5/UART_1_PM.c ****     UART_1_Stop();
 117              		.loc 1 142 0
 118 0020 FFF7FEFF 		bl	UART_1_Stop
 143:Generated_Source\PSoC5/UART_1_PM.c ****     UART_1_SaveConfig();
 119              		.loc 1 143 0
 120 0024 FFF7FEFF 		bl	UART_1_SaveConfig
 144:Generated_Source\PSoC5/UART_1_PM.c **** }
 121              		.loc 1 144 0
 122 0028 80BD     		pop	{r7, pc}
 123              	.L7:
 124 002a 00BF     		.align	2
 125              	.L6:
 126 002c 9F640040 		.word	1073767583
 127 0030 00000000 		.word	UART_1_backup
 128              		.cfi_endproc
 129              	.LFE2:
 130              		.size	UART_1_Sleep, .-UART_1_Sleep
 131              		.section	.text.UART_1_Wakeup,"ax",%progbits
 132              		.align	2
 133              		.global	UART_1_Wakeup
 134              		.thumb
 135              		.thumb_func
 136              		.type	UART_1_Wakeup, %function
 137              	UART_1_Wakeup:
 138              	.LFB3:
 145:Generated_Source\PSoC5/UART_1_PM.c **** 
 146:Generated_Source\PSoC5/UART_1_PM.c **** 
 147:Generated_Source\PSoC5/UART_1_PM.c **** /*******************************************************************************
ARM GAS  C:\Users\JOSANT~1\AppData\Local\Temp\ccX8Irba.s 			page 6


 148:Generated_Source\PSoC5/UART_1_PM.c **** * Function Name: UART_1_Wakeup
 149:Generated_Source\PSoC5/UART_1_PM.c **** ********************************************************************************
 150:Generated_Source\PSoC5/UART_1_PM.c **** *
 151:Generated_Source\PSoC5/UART_1_PM.c **** * Summary:
 152:Generated_Source\PSoC5/UART_1_PM.c **** *  This is the preferred API to restore the component to the state when 
 153:Generated_Source\PSoC5/UART_1_PM.c **** *  UART_1_Sleep() was called. The UART_1_Wakeup() function
 154:Generated_Source\PSoC5/UART_1_PM.c **** *  calls the UART_1_RestoreConfig() function to restore the 
 155:Generated_Source\PSoC5/UART_1_PM.c **** *  configuration. If the component was enabled before the 
 156:Generated_Source\PSoC5/UART_1_PM.c **** *  UART_1_Sleep() function was called, the UART_1_Wakeup()
 157:Generated_Source\PSoC5/UART_1_PM.c **** *  function will also re-enable the component.
 158:Generated_Source\PSoC5/UART_1_PM.c **** *
 159:Generated_Source\PSoC5/UART_1_PM.c **** * Parameters:
 160:Generated_Source\PSoC5/UART_1_PM.c **** *  None.
 161:Generated_Source\PSoC5/UART_1_PM.c **** *
 162:Generated_Source\PSoC5/UART_1_PM.c **** * Return:
 163:Generated_Source\PSoC5/UART_1_PM.c **** *  None.
 164:Generated_Source\PSoC5/UART_1_PM.c **** *
 165:Generated_Source\PSoC5/UART_1_PM.c **** * Global Variables:
 166:Generated_Source\PSoC5/UART_1_PM.c **** *  UART_1_backup - used when non-retention registers are restored.
 167:Generated_Source\PSoC5/UART_1_PM.c **** *
 168:Generated_Source\PSoC5/UART_1_PM.c **** * Reentrant:
 169:Generated_Source\PSoC5/UART_1_PM.c **** *  No.
 170:Generated_Source\PSoC5/UART_1_PM.c **** *
 171:Generated_Source\PSoC5/UART_1_PM.c **** *******************************************************************************/
 172:Generated_Source\PSoC5/UART_1_PM.c **** void UART_1_Wakeup(void)
 173:Generated_Source\PSoC5/UART_1_PM.c **** {
 139              		.loc 1 173 0
 140              		.cfi_startproc
 141              		@ args = 0, pretend = 0, frame = 0
 142              		@ frame_needed = 1, uses_anonymous_args = 0
 143 0000 80B5     		push	{r7, lr}
 144              		.cfi_def_cfa_offset 8
 145              		.cfi_offset 7, -8
 146              		.cfi_offset 14, -4
 147 0002 00AF     		add	r7, sp, #0
 148              		.cfi_def_cfa_register 7
 174:Generated_Source\PSoC5/UART_1_PM.c ****     UART_1_RestoreConfig();
 149              		.loc 1 174 0
 150 0004 FFF7FEFF 		bl	UART_1_RestoreConfig
 175:Generated_Source\PSoC5/UART_1_PM.c ****     #if( (UART_1_RX_ENABLED) || (UART_1_HD_ENABLED) )
 176:Generated_Source\PSoC5/UART_1_PM.c ****         UART_1_ClearRxBuffer();
 151              		.loc 1 176 0
 152 0008 FFF7FEFF 		bl	UART_1_ClearRxBuffer
 177:Generated_Source\PSoC5/UART_1_PM.c ****     #endif /* End (UART_1_RX_ENABLED) || (UART_1_HD_ENABLED) */
 178:Generated_Source\PSoC5/UART_1_PM.c ****     #if(UART_1_TX_ENABLED || UART_1_HD_ENABLED)
 179:Generated_Source\PSoC5/UART_1_PM.c ****         UART_1_ClearTxBuffer();
 180:Generated_Source\PSoC5/UART_1_PM.c ****     #endif /* End UART_1_TX_ENABLED || UART_1_HD_ENABLED */
 181:Generated_Source\PSoC5/UART_1_PM.c **** 
 182:Generated_Source\PSoC5/UART_1_PM.c ****     if(UART_1_backup.enableState != 0u)
 153              		.loc 1 182 0
 154 000c 034B     		ldr	r3, .L10
 155 000e 1B78     		ldrb	r3, [r3]	@ zero_extendqisi2
 156 0010 002B     		cmp	r3, #0
 157 0012 01D0     		beq	.L8
 183:Generated_Source\PSoC5/UART_1_PM.c ****     {
 184:Generated_Source\PSoC5/UART_1_PM.c ****         UART_1_Enable();
 158              		.loc 1 184 0
ARM GAS  C:\Users\JOSANT~1\AppData\Local\Temp\ccX8Irba.s 			page 7


 159 0014 FFF7FEFF 		bl	UART_1_Enable
 160              	.L8:
 185:Generated_Source\PSoC5/UART_1_PM.c ****     }
 186:Generated_Source\PSoC5/UART_1_PM.c **** }
 161              		.loc 1 186 0
 162 0018 80BD     		pop	{r7, pc}
 163              	.L11:
 164 001a 00BF     		.align	2
 165              	.L10:
 166 001c 00000000 		.word	UART_1_backup
 167              		.cfi_endproc
 168              	.LFE3:
 169              		.size	UART_1_Wakeup, .-UART_1_Wakeup
 170              		.text
 171              	.Letext0:
 172              		.file 2 "Generated_Source\\PSoC5\\cytypes.h"
 173              		.file 3 "Generated_Source\\PSoC5\\UART_1.h"
 174              		.section	.debug_info,"",%progbits
 175              	.Ldebug_info0:
 176 0000 18010000 		.4byte	0x118
 177 0004 0400     		.2byte	0x4
 178 0006 00000000 		.4byte	.Ldebug_abbrev0
 179 000a 04       		.byte	0x4
 180 000b 01       		.uleb128 0x1
 181 000c DA000000 		.4byte	.LASF20
 182 0010 01       		.byte	0x1
 183 0011 A9000000 		.4byte	.LASF21
 184 0015 34000000 		.4byte	.LASF22
 185 0019 00000000 		.4byte	.Ldebug_ranges0+0
 186 001d 00000000 		.4byte	0
 187 0021 00000000 		.4byte	.Ldebug_line0
 188 0025 02       		.uleb128 0x2
 189 0026 01       		.byte	0x1
 190 0027 06       		.byte	0x6
 191 0028 90010000 		.4byte	.LASF0
 192 002c 02       		.uleb128 0x2
 193 002d 01       		.byte	0x1
 194 002e 08       		.byte	0x8
 195 002f 9B000000 		.4byte	.LASF1
 196 0033 02       		.uleb128 0x2
 197 0034 02       		.byte	0x2
 198 0035 05       		.byte	0x5
 199 0036 B7010000 		.4byte	.LASF2
 200 003a 02       		.uleb128 0x2
 201 003b 02       		.byte	0x2
 202 003c 07       		.byte	0x7
 203 003d 7D010000 		.4byte	.LASF3
 204 0041 02       		.uleb128 0x2
 205 0042 04       		.byte	0x4
 206 0043 05       		.byte	0x5
 207 0044 D1000000 		.4byte	.LASF4
 208 0048 02       		.uleb128 0x2
 209 0049 04       		.byte	0x4
 210 004a 07       		.byte	0x7
 211 004b 4B000000 		.4byte	.LASF5
 212 004f 02       		.uleb128 0x2
 213 0050 08       		.byte	0x8
ARM GAS  C:\Users\JOSANT~1\AppData\Local\Temp\ccX8Irba.s 			page 8


 214 0051 05       		.byte	0x5
 215 0052 00000000 		.4byte	.LASF6
 216 0056 02       		.uleb128 0x2
 217 0057 08       		.byte	0x8
 218 0058 07       		.byte	0x7
 219 0059 6F000000 		.4byte	.LASF7
 220 005d 03       		.uleb128 0x3
 221 005e 04       		.byte	0x4
 222 005f 05       		.byte	0x5
 223 0060 696E7400 		.ascii	"int\000"
 224 0064 02       		.uleb128 0x2
 225 0065 04       		.byte	0x4
 226 0066 07       		.byte	0x7
 227 0067 1A000000 		.4byte	.LASF8
 228 006b 04       		.uleb128 0x4
 229 006c 45000000 		.4byte	.LASF12
 230 0070 02       		.byte	0x2
 231 0071 5B       		.byte	0x5b
 232 0072 2C000000 		.4byte	0x2c
 233 0076 02       		.uleb128 0x2
 234 0077 04       		.byte	0x4
 235 0078 04       		.byte	0x4
 236 0079 B1010000 		.4byte	.LASF9
 237 007d 02       		.uleb128 0x2
 238 007e 08       		.byte	0x8
 239 007f 04       		.byte	0x4
 240 0080 68010000 		.4byte	.LASF10
 241 0084 02       		.uleb128 0x2
 242 0085 01       		.byte	0x1
 243 0086 08       		.byte	0x8
 244 0087 CC000000 		.4byte	.LASF11
 245 008b 04       		.uleb128 0x4
 246 008c C1010000 		.4byte	.LASF13
 247 0090 02       		.byte	0x2
 248 0091 F0       		.byte	0xf0
 249 0092 96000000 		.4byte	0x96
 250 0096 05       		.uleb128 0x5
 251 0097 6B000000 		.4byte	0x6b
 252 009b 02       		.uleb128 0x2
 253 009c 04       		.byte	0x4
 254 009d 07       		.byte	0x7
 255 009e D4010000 		.4byte	.LASF14
 256 00a2 06       		.uleb128 0x6
 257 00a3 86000000 		.4byte	.LASF23
 258 00a7 01       		.byte	0x1
 259 00a8 03       		.byte	0x3
 260 00a9 45       		.byte	0x45
 261 00aa BB000000 		.4byte	0xbb
 262 00ae 07       		.uleb128 0x7
 263 00af 0E000000 		.4byte	.LASF24
 264 00b3 03       		.byte	0x3
 265 00b4 47       		.byte	0x47
 266 00b5 6B000000 		.4byte	0x6b
 267 00b9 00       		.byte	0
 268 00ba 00       		.byte	0
 269 00bb 04       		.uleb128 0x4
 270 00bc DD010000 		.4byte	.LASF15
ARM GAS  C:\Users\JOSANT~1\AppData\Local\Temp\ccX8Irba.s 			page 9


 271 00c0 03       		.byte	0x3
 272 00c1 4D       		.byte	0x4d
 273 00c2 A2000000 		.4byte	0xa2
 274 00c6 08       		.uleb128 0x8
 275 00c7 5D000000 		.4byte	.LASF16
 276 00cb 01       		.byte	0x1
 277 00cc 36       		.byte	0x36
 278 00cd 00000000 		.4byte	.LFB0
 279 00d1 0C000000 		.4byte	.LFE0-.LFB0
 280 00d5 01       		.uleb128 0x1
 281 00d6 9C       		.byte	0x9c
 282 00d7 08       		.uleb128 0x8
 283 00d8 9C010000 		.4byte	.LASF17
 284 00dc 01       		.byte	0x1
 285 00dd 57       		.byte	0x57
 286 00de 00000000 		.4byte	.LFB1
 287 00e2 0C000000 		.4byte	.LFE1-.LFB1
 288 00e6 01       		.uleb128 0x1
 289 00e7 9C       		.byte	0x9c
 290 00e8 09       		.uleb128 0x9
 291 00e9 27000000 		.4byte	.LASF18
 292 00ed 01       		.byte	0x1
 293 00ee 78       		.byte	0x78
 294 00ef 00000000 		.4byte	.LFB2
 295 00f3 34000000 		.4byte	.LFE2-.LFB2
 296 00f7 01       		.uleb128 0x1
 297 00f8 9C       		.byte	0x9c
 298 00f9 09       		.uleb128 0x9
 299 00fa C6010000 		.4byte	.LASF19
 300 00fe 01       		.byte	0x1
 301 00ff AC       		.byte	0xac
 302 0100 00000000 		.4byte	.LFB3
 303 0104 20000000 		.4byte	.LFE3-.LFB3
 304 0108 01       		.uleb128 0x1
 305 0109 9C       		.byte	0x9c
 306 010a 0A       		.uleb128 0xa
 307 010b 6F010000 		.4byte	.LASF25
 308 010f 01       		.byte	0x1
 309 0110 18       		.byte	0x18
 310 0111 BB000000 		.4byte	0xbb
 311 0115 05       		.uleb128 0x5
 312 0116 03       		.byte	0x3
 313 0117 00000000 		.4byte	UART_1_backup
 314 011b 00       		.byte	0
 315              		.section	.debug_abbrev,"",%progbits
 316              	.Ldebug_abbrev0:
 317 0000 01       		.uleb128 0x1
 318 0001 11       		.uleb128 0x11
 319 0002 01       		.byte	0x1
 320 0003 25       		.uleb128 0x25
 321 0004 0E       		.uleb128 0xe
 322 0005 13       		.uleb128 0x13
 323 0006 0B       		.uleb128 0xb
 324 0007 03       		.uleb128 0x3
 325 0008 0E       		.uleb128 0xe
 326 0009 1B       		.uleb128 0x1b
 327 000a 0E       		.uleb128 0xe
ARM GAS  C:\Users\JOSANT~1\AppData\Local\Temp\ccX8Irba.s 			page 10


 328 000b 55       		.uleb128 0x55
 329 000c 17       		.uleb128 0x17
 330 000d 11       		.uleb128 0x11
 331 000e 01       		.uleb128 0x1
 332 000f 10       		.uleb128 0x10
 333 0010 17       		.uleb128 0x17
 334 0011 00       		.byte	0
 335 0012 00       		.byte	0
 336 0013 02       		.uleb128 0x2
 337 0014 24       		.uleb128 0x24
 338 0015 00       		.byte	0
 339 0016 0B       		.uleb128 0xb
 340 0017 0B       		.uleb128 0xb
 341 0018 3E       		.uleb128 0x3e
 342 0019 0B       		.uleb128 0xb
 343 001a 03       		.uleb128 0x3
 344 001b 0E       		.uleb128 0xe
 345 001c 00       		.byte	0
 346 001d 00       		.byte	0
 347 001e 03       		.uleb128 0x3
 348 001f 24       		.uleb128 0x24
 349 0020 00       		.byte	0
 350 0021 0B       		.uleb128 0xb
 351 0022 0B       		.uleb128 0xb
 352 0023 3E       		.uleb128 0x3e
 353 0024 0B       		.uleb128 0xb
 354 0025 03       		.uleb128 0x3
 355 0026 08       		.uleb128 0x8
 356 0027 00       		.byte	0
 357 0028 00       		.byte	0
 358 0029 04       		.uleb128 0x4
 359 002a 16       		.uleb128 0x16
 360 002b 00       		.byte	0
 361 002c 03       		.uleb128 0x3
 362 002d 0E       		.uleb128 0xe
 363 002e 3A       		.uleb128 0x3a
 364 002f 0B       		.uleb128 0xb
 365 0030 3B       		.uleb128 0x3b
 366 0031 0B       		.uleb128 0xb
 367 0032 49       		.uleb128 0x49
 368 0033 13       		.uleb128 0x13
 369 0034 00       		.byte	0
 370 0035 00       		.byte	0
 371 0036 05       		.uleb128 0x5
 372 0037 35       		.uleb128 0x35
 373 0038 00       		.byte	0
 374 0039 49       		.uleb128 0x49
 375 003a 13       		.uleb128 0x13
 376 003b 00       		.byte	0
 377 003c 00       		.byte	0
 378 003d 06       		.uleb128 0x6
 379 003e 13       		.uleb128 0x13
 380 003f 01       		.byte	0x1
 381 0040 03       		.uleb128 0x3
 382 0041 0E       		.uleb128 0xe
 383 0042 0B       		.uleb128 0xb
 384 0043 0B       		.uleb128 0xb
ARM GAS  C:\Users\JOSANT~1\AppData\Local\Temp\ccX8Irba.s 			page 11


 385 0044 3A       		.uleb128 0x3a
 386 0045 0B       		.uleb128 0xb
 387 0046 3B       		.uleb128 0x3b
 388 0047 0B       		.uleb128 0xb
 389 0048 01       		.uleb128 0x1
 390 0049 13       		.uleb128 0x13
 391 004a 00       		.byte	0
 392 004b 00       		.byte	0
 393 004c 07       		.uleb128 0x7
 394 004d 0D       		.uleb128 0xd
 395 004e 00       		.byte	0
 396 004f 03       		.uleb128 0x3
 397 0050 0E       		.uleb128 0xe
 398 0051 3A       		.uleb128 0x3a
 399 0052 0B       		.uleb128 0xb
 400 0053 3B       		.uleb128 0x3b
 401 0054 0B       		.uleb128 0xb
 402 0055 49       		.uleb128 0x49
 403 0056 13       		.uleb128 0x13
 404 0057 38       		.uleb128 0x38
 405 0058 0B       		.uleb128 0xb
 406 0059 00       		.byte	0
 407 005a 00       		.byte	0
 408 005b 08       		.uleb128 0x8
 409 005c 2E       		.uleb128 0x2e
 410 005d 00       		.byte	0
 411 005e 3F       		.uleb128 0x3f
 412 005f 19       		.uleb128 0x19
 413 0060 03       		.uleb128 0x3
 414 0061 0E       		.uleb128 0xe
 415 0062 3A       		.uleb128 0x3a
 416 0063 0B       		.uleb128 0xb
 417 0064 3B       		.uleb128 0x3b
 418 0065 0B       		.uleb128 0xb
 419 0066 27       		.uleb128 0x27
 420 0067 19       		.uleb128 0x19
 421 0068 11       		.uleb128 0x11
 422 0069 01       		.uleb128 0x1
 423 006a 12       		.uleb128 0x12
 424 006b 06       		.uleb128 0x6
 425 006c 40       		.uleb128 0x40
 426 006d 18       		.uleb128 0x18
 427 006e 9742     		.uleb128 0x2117
 428 0070 19       		.uleb128 0x19
 429 0071 00       		.byte	0
 430 0072 00       		.byte	0
 431 0073 09       		.uleb128 0x9
 432 0074 2E       		.uleb128 0x2e
 433 0075 00       		.byte	0
 434 0076 3F       		.uleb128 0x3f
 435 0077 19       		.uleb128 0x19
 436 0078 03       		.uleb128 0x3
 437 0079 0E       		.uleb128 0xe
 438 007a 3A       		.uleb128 0x3a
 439 007b 0B       		.uleb128 0xb
 440 007c 3B       		.uleb128 0x3b
 441 007d 0B       		.uleb128 0xb
ARM GAS  C:\Users\JOSANT~1\AppData\Local\Temp\ccX8Irba.s 			page 12


 442 007e 27       		.uleb128 0x27
 443 007f 19       		.uleb128 0x19
 444 0080 11       		.uleb128 0x11
 445 0081 01       		.uleb128 0x1
 446 0082 12       		.uleb128 0x12
 447 0083 06       		.uleb128 0x6
 448 0084 40       		.uleb128 0x40
 449 0085 18       		.uleb128 0x18
 450 0086 9642     		.uleb128 0x2116
 451 0088 19       		.uleb128 0x19
 452 0089 00       		.byte	0
 453 008a 00       		.byte	0
 454 008b 0A       		.uleb128 0xa
 455 008c 34       		.uleb128 0x34
 456 008d 00       		.byte	0
 457 008e 03       		.uleb128 0x3
 458 008f 0E       		.uleb128 0xe
 459 0090 3A       		.uleb128 0x3a
 460 0091 0B       		.uleb128 0xb
 461 0092 3B       		.uleb128 0x3b
 462 0093 0B       		.uleb128 0xb
 463 0094 49       		.uleb128 0x49
 464 0095 13       		.uleb128 0x13
 465 0096 02       		.uleb128 0x2
 466 0097 18       		.uleb128 0x18
 467 0098 00       		.byte	0
 468 0099 00       		.byte	0
 469 009a 00       		.byte	0
 470              		.section	.debug_aranges,"",%progbits
 471 0000 34000000 		.4byte	0x34
 472 0004 0200     		.2byte	0x2
 473 0006 00000000 		.4byte	.Ldebug_info0
 474 000a 04       		.byte	0x4
 475 000b 00       		.byte	0
 476 000c 0000     		.2byte	0
 477 000e 0000     		.2byte	0
 478 0010 00000000 		.4byte	.LFB0
 479 0014 0C000000 		.4byte	.LFE0-.LFB0
 480 0018 00000000 		.4byte	.LFB1
 481 001c 0C000000 		.4byte	.LFE1-.LFB1
 482 0020 00000000 		.4byte	.LFB2
 483 0024 34000000 		.4byte	.LFE2-.LFB2
 484 0028 00000000 		.4byte	.LFB3
 485 002c 20000000 		.4byte	.LFE3-.LFB3
 486 0030 00000000 		.4byte	0
 487 0034 00000000 		.4byte	0
 488              		.section	.debug_ranges,"",%progbits
 489              	.Ldebug_ranges0:
 490 0000 00000000 		.4byte	.LFB0
 491 0004 0C000000 		.4byte	.LFE0
 492 0008 00000000 		.4byte	.LFB1
 493 000c 0C000000 		.4byte	.LFE1
 494 0010 00000000 		.4byte	.LFB2
 495 0014 34000000 		.4byte	.LFE2
 496 0018 00000000 		.4byte	.LFB3
 497 001c 20000000 		.4byte	.LFE3
 498 0020 00000000 		.4byte	0
ARM GAS  C:\Users\JOSANT~1\AppData\Local\Temp\ccX8Irba.s 			page 13


 499 0024 00000000 		.4byte	0
 500              		.section	.debug_line,"",%progbits
 501              	.Ldebug_line0:
 502 0000 A6000000 		.section	.debug_str,"MS",%progbits,1
 502      02005200 
 502      00000201 
 502      FB0E0D00 
 502      01010101 
 503              	.LASF6:
 504 0000 6C6F6E67 		.ascii	"long long int\000"
 504      206C6F6E 
 504      6720696E 
 504      7400
 505              	.LASF24:
 506 000e 656E6162 		.ascii	"enableState\000"
 506      6C655374 
 506      61746500 
 507              	.LASF8:
 508 001a 756E7369 		.ascii	"unsigned int\000"
 508      676E6564 
 508      20696E74 
 508      00
 509              	.LASF18:
 510 0027 55415254 		.ascii	"UART_1_Sleep\000"
 510      5F315F53 
 510      6C656570 
 510      00
 511              	.LASF22:
 512 0034 433A5C43 		.ascii	"C:\\CE95390.cydsn\000"
 512      45393533 
 512      39302E63 
 512      7964736E 
 512      00
 513              	.LASF12:
 514 0045 75696E74 		.ascii	"uint8\000"
 514      3800
 515              	.LASF5:
 516 004b 6C6F6E67 		.ascii	"long unsigned int\000"
 516      20756E73 
 516      69676E65 
 516      6420696E 
 516      7400
 517              	.LASF16:
 518 005d 55415254 		.ascii	"UART_1_SaveConfig\000"
 518      5F315F53 
 518      61766543 
 518      6F6E6669 
 518      6700
 519              	.LASF7:
 520 006f 6C6F6E67 		.ascii	"long long unsigned int\000"
 520      206C6F6E 
 520      6720756E 
 520      7369676E 
 520      65642069 
 521              	.LASF23:
 522 0086 55415254 		.ascii	"UART_1_backupStruct_\000"
 522      5F315F62 
ARM GAS  C:\Users\JOSANT~1\AppData\Local\Temp\ccX8Irba.s 			page 14


 522      61636B75 
 522      70537472 
 522      7563745F 
 523              	.LASF1:
 524 009b 756E7369 		.ascii	"unsigned char\000"
 524      676E6564 
 524      20636861 
 524      7200
 525              	.LASF21:
 526 00a9 47656E65 		.ascii	"Generated_Source\\PSoC5\\UART_1_PM.c\000"
 526      72617465 
 526      645F536F 
 526      75726365 
 526      5C50536F 
 527              	.LASF11:
 528 00cc 63686172 		.ascii	"char\000"
 528      00
 529              	.LASF4:
 530 00d1 6C6F6E67 		.ascii	"long int\000"
 530      20696E74 
 530      00
 531              	.LASF20:
 532 00da 474E5520 		.ascii	"GNU C 4.9.3 20150303 (release) [ARM/embedded-4_9-br"
 532      4320342E 
 532      392E3320 
 532      32303135 
 532      30333033 
 533 010d 616E6368 		.ascii	"anch revision 221220] -mcpu=cortex-m3 -mthumb -g -O"
 533      20726576 
 533      6973696F 
 533      6E203232 
 533      31323230 
 534 0140 30202D66 		.ascii	"0 -ffunction-sections -ffat-lto-objects\000"
 534      66756E63 
 534      74696F6E 
 534      2D736563 
 534      74696F6E 
 535              	.LASF10:
 536 0168 646F7562 		.ascii	"double\000"
 536      6C6500
 537              	.LASF25:
 538 016f 55415254 		.ascii	"UART_1_backup\000"
 538      5F315F62 
 538      61636B75 
 538      7000
 539              	.LASF3:
 540 017d 73686F72 		.ascii	"short unsigned int\000"
 540      7420756E 
 540      7369676E 
 540      65642069 
 540      6E7400
 541              	.LASF0:
 542 0190 7369676E 		.ascii	"signed char\000"
 542      65642063 
 542      68617200 
 543              	.LASF17:
 544 019c 55415254 		.ascii	"UART_1_RestoreConfig\000"
ARM GAS  C:\Users\JOSANT~1\AppData\Local\Temp\ccX8Irba.s 			page 15


 544      5F315F52 
 544      6573746F 
 544      7265436F 
 544      6E666967 
 545              	.LASF9:
 546 01b1 666C6F61 		.ascii	"float\000"
 546      7400
 547              	.LASF2:
 548 01b7 73686F72 		.ascii	"short int\000"
 548      7420696E 
 548      7400
 549              	.LASF13:
 550 01c1 72656738 		.ascii	"reg8\000"
 550      00
 551              	.LASF19:
 552 01c6 55415254 		.ascii	"UART_1_Wakeup\000"
 552      5F315F57 
 552      616B6575 
 552      7000
 553              	.LASF14:
 554 01d4 73697A65 		.ascii	"sizetype\000"
 554      74797065 
 554      00
 555              	.LASF15:
 556 01dd 55415254 		.ascii	"UART_1_BACKUP_STRUCT\000"
 556      5F315F42 
 556      41434B55 
 556      505F5354 
 556      52554354 
 557              		.ident	"GCC: (GNU Tools for ARM Embedded Processors) 4.9.3 20150303 (release) [ARM/embedded-4_9-br
